::1 - - [24/Apr/2020:09:11:19 +0000] "GET /rationEvent HTTP/1.1" 304 - "http://localhost:3000/" "Mozilla/5.0 (Macintosh; Intel Mac OS X 10_15_2) AppleWebKit/537.36 (KHTML, like Gecko) Chrome/80.0.3987.163 Safari/537.36"
::1 - - [24/Apr/2020:09:11:27 +0000] "GET /rationEvent HTTP/1.1" 304 - "http://localhost:3000/" "Mozilla/5.0 (Macintosh; Intel Mac OS X 10_15_2) AppleWebKit/537.36 (KHTML, like Gecko) Chrome/80.0.3987.163 Safari/537.36"
::1 - - [24/Apr/2020:09:18:49 +0000] "GET /rationEvent HTTP/1.1" 304 - "http://localhost:3000/" "Mozilla/5.0 (Macintosh; Intel Mac OS X 10_15_2) AppleWebKit/537.36 (KHTML, like Gecko) Chrome/80.0.3987.163 Safari/537.36"
::1 - - [24/Apr/2020:09:21:34 +0000] "GET /rationEvent HTTP/1.1" 304 - "http://localhost:3000/" "Mozilla/5.0 (Macintosh; Intel Mac OS X 10_15_2) AppleWebKit/537.36 (KHTML, like Gecko) Chrome/80.0.3987.163 Safari/537.36"
::1 - - [24/Apr/2020:09:24:05 +0000] "GET /rationEvent HTTP/1.1" 304 - "http://localhost:3000/" "Mozilla/5.0 (Macintosh; Intel Mac OS X 10_15_2) AppleWebKit/537.36 (KHTML, like Gecko) Chrome/80.0.3987.163 Safari/537.36"
::1 - - [24/Apr/2020:09:24:19 +0000] "GET /rationEvent HTTP/1.1" 304 - "http://localhost:3000/" "Mozilla/5.0 (Macintosh; Intel Mac OS X 10_15_2) AppleWebKit/537.36 (KHTML, like Gecko) Chrome/80.0.3987.163 Safari/537.36"
::1 - - [24/Apr/2020:09:24:28 +0000] "POST /auth/login HTTP/1.1" 200 195 "http://localhost:3000/" "Mozilla/5.0 (Macintosh; Intel Mac OS X 10_15_2) AppleWebKit/537.36 (KHTML, like Gecko) Chrome/80.0.3987.163 Safari/537.36"
::1 - - [24/Apr/2020:09:24:29 +0000] "GET /auth/me HTTP/1.1" 304 - "http://localhost:3000/" "Mozilla/5.0 (Macintosh; Intel Mac OS X 10_15_2) AppleWebKit/537.36 (KHTML, like Gecko) Chrome/80.0.3987.163 Safari/537.36"
::1 - - [24/Apr/2020:09:24:37 +0000] "GET /rationEvent HTTP/1.1" 304 - "http://localhost:3000/" "Mozilla/5.0 (Macintosh; Intel Mac OS X 10_15_2) AppleWebKit/537.36 (KHTML, like Gecko) Chrome/80.0.3987.163 Safari/537.36"
::1 - - [24/Apr/2020:09:24:40 +0000] "GET /rationEvent HTTP/1.1" 304 - "http://localhost:3000/" "Mozilla/5.0 (Macintosh; Intel Mac OS X 10_15_2) AppleWebKit/537.36 (KHTML, like Gecko) Chrome/80.0.3987.163 Safari/537.36"
::1 - - [24/Apr/2020:09:24:47 +0000] "GET /rationEvent HTTP/1.1" 304 - "http://localhost:3000/" "Mozilla/5.0 (Macintosh; Intel Mac OS X 10_15_2) AppleWebKit/537.36 (KHTML, like Gecko) Chrome/80.0.3987.163 Safari/537.36"
::1 - - [24/Apr/2020:09:24:58 +0000] "GET /rationEvent HTTP/1.1" 304 - "http://localhost:3000/" "Mozilla/5.0 (Macintosh; Intel Mac OS X 10_15_2) AppleWebKit/537.36 (KHTML, like Gecko) Chrome/80.0.3987.163 Safari/537.36"
::1 - - [24/Apr/2020:09:25:31 +0000] "GET /rationEvent HTTP/1.1" 304 - "http://localhost:3000/" "Mozilla/5.0 (Macintosh; Intel Mac OS X 10_15_2) AppleWebKit/537.36 (KHTML, like Gecko) Chrome/80.0.3987.163 Safari/537.36"
::1 - - [24/Apr/2020:09:25:46 +0000] "GET /rationEvent HTTP/1.1" 304 - "http://localhost:3000/" "Mozilla/5.0 (Macintosh; Intel Mac OS X 10_15_2) AppleWebKit/537.36 (KHTML, like Gecko) Chrome/80.0.3987.163 Safari/537.36"
::1 - - [24/Apr/2020:09:25:58 +0000] "GET /rationEvent HTTP/1.1" 304 - "http://localhost:3000/" "Mozilla/5.0 (Macintosh; Intel Mac OS X 10_15_2) AppleWebKit/537.36 (KHTML, like Gecko) Chrome/80.0.3987.163 Safari/537.36"
::1 - - [24/Apr/2020:09:26:24 +0000] "GET /rationEvent HTTP/1.1" 304 - "http://localhost:3000/" "Mozilla/5.0 (Macintosh; Intel Mac OS X 10_15_2) AppleWebKit/537.36 (KHTML, like Gecko) Chrome/80.0.3987.163 Safari/537.36"
::1 - - [24/Apr/2020:13:41:34 +0000] "GET /supplier/ HTTP/1.1" 304 - "http://localhost:3000/organisations" "Mozilla/5.0 (Macintosh; Intel Mac OS X 10_15_2) AppleWebKit/537.36 (KHTML, like Gecko) Chrome/80.0.3987.163 Safari/537.36"
::1 - - [24/Apr/2020:14:00:42 +0000] "GET /supplier/ HTTP/1.1" 304 - "http://localhost:3000/organisations" "Mozilla/5.0 (Macintosh; Intel Mac OS X 10_15_2) AppleWebKit/537.36 (KHTML, like Gecko) Chrome/80.0.3987.163 Safari/537.36"
::1 - - [24/Apr/2020:14:01:56 +0000] "GET /supplier/ HTTP/1.1" 304 - "http://localhost:3000/organisations" "Mozilla/5.0 (Macintosh; Intel Mac OS X 10_15_2) AppleWebKit/537.36 (KHTML, like Gecko) Chrome/80.0.3987.163 Safari/537.36"
::1 - - [24/Apr/2020:14:02:14 +0000] "GET /supplier/ HTTP/1.1" 304 - "http://localhost:3000/organisations" "Mozilla/5.0 (Macintosh; Intel Mac OS X 10_15_2) AppleWebKit/537.36 (KHTML, like Gecko) Chrome/80.0.3987.163 Safari/537.36"
::1 - - [24/Apr/2020:14:03:08 +0000] "GET /supplier/ HTTP/1.1" 304 - "http://localhost:3000/organisations" "Mozilla/5.0 (Macintosh; Intel Mac OS X 10_15_2) AppleWebKit/537.36 (KHTML, like Gecko) Chrome/80.0.3987.163 Safari/537.36"
::1 - - [24/Apr/2020:14:08:41 +0000] "GET /supplier/ HTTP/1.1" 200 20348 "http://localhost:3000/organisations" "Mozilla/5.0 (Macintosh; Intel Mac OS X 10_15_2) AppleWebKit/537.36 (KHTML, like Gecko) Chrome/80.0.3987.163 Safari/537.36"
::1 - - [24/Apr/2020:14:09:10 +0000] "GET /supplier/ HTTP/1.1" 200 20348 "http://localhost:3000/organisations" "Mozilla/5.0 (Macintosh; Intel Mac OS X 10_15_2) AppleWebKit/537.36 (KHTML, like Gecko) Chrome/80.0.3987.163 Safari/537.36"
::1 - - [24/Apr/2020:14:10:45 +0000] "GET /supplier/ HTTP/1.1" 200 20348 "http://localhost:3000/organisations" "Mozilla/5.0 (Macintosh; Intel Mac OS X 10_15_2) AppleWebKit/537.36 (KHTML, like Gecko) Chrome/80.0.3987.163 Safari/537.36"
::1 - - [24/Apr/2020:14:11:24 +0000] "GET /supplier/ HTTP/1.1" 200 20348 "http://localhost:3000/organisations" "Mozilla/5.0 (Macintosh; Intel Mac OS X 10_15_2) AppleWebKit/537.36 (KHTML, like Gecko) Chrome/80.0.3987.163 Safari/537.36"
::1 - - [24/Apr/2020:14:12:35 +0000] "GET /supplier/ HTTP/1.1" 200 20348 "http://localhost:3000/organisations" "Mozilla/5.0 (Macintosh; Intel Mac OS X 10_15_2) AppleWebKit/537.36 (KHTML, like Gecko) Chrome/80.0.3987.163 Safari/537.36"
::1 - - [24/Apr/2020:14:12:57 +0000] "GET /supplier/ HTTP/1.1" 200 20348 "http://localhost:3000/organisations" "Mozilla/5.0 (Macintosh; Intel Mac OS X 10_15_2) AppleWebKit/537.36 (KHTML, like Gecko) Chrome/80.0.3987.163 Safari/537.36"
::1 - - [24/Apr/2020:14:13:45 +0000] "GET /supplier/ HTTP/1.1" 200 20348 "http://localhost:3000/organisations" "Mozilla/5.0 (Macintosh; Intel Mac OS X 10_15_2) AppleWebKit/537.36 (KHTML, like Gecko) Chrome/80.0.3987.163 Safari/537.36"
::1 - - [24/Apr/2020:14:14:44 +0000] "GET /supplier/ HTTP/1.1" 200 20348 "http://localhost:3000/organisations" "Mozilla/5.0 (Macintosh; Intel Mac OS X 10_15_2) AppleWebKit/537.36 (KHTML, like Gecko) Chrome/80.0.3987.163 Safari/537.36"
::1 - - [24/Apr/2020:14:15:00 +0000] "GET /supplier/ HTTP/1.1" 200 20348 "http://localhost:3000/organisations" "Mozilla/5.0 (Macintosh; Intel Mac OS X 10_15_2) AppleWebKit/537.36 (KHTML, like Gecko) Chrome/80.0.3987.163 Safari/537.36"
::1 - - [24/Apr/2020:14:16:33 +0000] "GET /supplier/ HTTP/1.1" 200 20348 "http://localhost:3000/organisations" "Mozilla/5.0 (Macintosh; Intel Mac OS X 10_15_2) AppleWebKit/537.36 (KHTML, like Gecko) Chrome/80.0.3987.163 Safari/537.36"
::1 - - [24/Apr/2020:14:20:50 +0000] "GET /supplier/ HTTP/1.1" 200 20348 "http://localhost:3000/organisations" "Mozilla/5.0 (Macintosh; Intel Mac OS X 10_15_2) AppleWebKit/537.36 (KHTML, like Gecko) Chrome/80.0.3987.163 Safari/537.36"
::1 - - [24/Apr/2020:14:21:45 +0000] "GET /supplier/ HTTP/1.1" 200 20348 "http://localhost:3000/organisations" "Mozilla/5.0 (Macintosh; Intel Mac OS X 10_15_2) AppleWebKit/537.36 (KHTML, like Gecko) Chrome/80.0.3987.163 Safari/537.36"
::1 - - [24/Apr/2020:14:21:55 +0000] "GET /supplier/ HTTP/1.1" 200 20348 "http://localhost:3000/organisations" "Mozilla/5.0 (Macintosh; Intel Mac OS X 10_15_2) AppleWebKit/537.36 (KHTML, like Gecko) Chrome/80.0.3987.163 Safari/537.36"
::1 - - [24/Apr/2020:14:24:02 +0000] "GET /supplier/ HTTP/1.1" 200 20348 "http://localhost:3000/organisations" "Mozilla/5.0 (Macintosh; Intel Mac OS X 10_15_2) AppleWebKit/537.36 (KHTML, like Gecko) Chrome/80.0.3987.163 Safari/537.36"
::1 - - [24/Apr/2020:14:25:05 +0000] "GET /supplier/ HTTP/1.1" 200 20348 "http://localhost:3000/organisations" "Mozilla/5.0 (Macintosh; Intel Mac OS X 10_15_2) AppleWebKit/537.36 (KHTML, like Gecko) Chrome/80.0.3987.163 Safari/537.36"
::1 - - [24/Apr/2020:14:27:05 +0000] "GET /supplier/ HTTP/1.1" 200 20348 "http://localhost:3000/organisations" "Mozilla/5.0 (Macintosh; Intel Mac OS X 10_15_2) AppleWebKit/537.36 (KHTML, like Gecko) Chrome/80.0.3987.163 Safari/537.36"
::1 - - [24/Apr/2020:14:29:04 +0000] "GET /supplier/ HTTP/1.1" 200 20348 "http://localhost:3000/organisations" "Mozilla/5.0 (Macintosh; Intel Mac OS X 10_15_2) AppleWebKit/537.36 (KHTML, like Gecko) Chrome/80.0.3987.163 Safari/537.36"
::1 - - [24/Apr/2020:14:29:44 +0000] "GET /supplier/ HTTP/1.1" 200 20348 "http://localhost:3000/organisations" "Mozilla/5.0 (Macintosh; Intel Mac OS X 10_15_2) AppleWebKit/537.36 (KHTML, like Gecko) Chrome/80.0.3987.163 Safari/537.36"
::1 - - [24/Apr/2020:14:31:37 +0000] "GET /supplier/ HTTP/1.1" 200 20348 "http://localhost:3000/organisations" "Mozilla/5.0 (Macintosh; Intel Mac OS X 10_15_2) AppleWebKit/537.36 (KHTML, like Gecko) Chrome/80.0.3987.163 Safari/537.36"
::1 - - [24/Apr/2020:14:32:01 +0000] "GET /supplier/ HTTP/1.1" 200 20348 "http://localhost:3000/organisations" "Mozilla/5.0 (Macintosh; Intel Mac OS X 10_15_2) AppleWebKit/537.36 (KHTML, like Gecko) Chrome/80.0.3987.163 Safari/537.36"
::1 - - [24/Apr/2020:14:32:28 +0000] "GET /supplier/ HTTP/1.1" 200 20348 "http://localhost:3000/organisations" "Mozilla/5.0 (Macintosh; Intel Mac OS X 10_15_2) AppleWebKit/537.36 (KHTML, like Gecko) Chrome/80.0.3987.163 Safari/537.36"
::1 - - [24/Apr/2020:14:33:21 +0000] "GET /supplier/ HTTP/1.1" 200 20348 "http://localhost:3000/organisations" "Mozilla/5.0 (Macintosh; Intel Mac OS X 10_15_2) AppleWebKit/537.36 (KHTML, like Gecko) Chrome/80.0.3987.163 Safari/537.36"
::1 - - [24/Apr/2020:14:33:29 +0000] "GET /supplier/ HTTP/1.1" 200 20348 "http://localhost:3000/organisations" "Mozilla/5.0 (Macintosh; Intel Mac OS X 10_15_2) AppleWebKit/537.36 (KHTML, like Gecko) Chrome/80.0.3987.163 Safari/537.36"
::1 - - [24/Apr/2020:14:33:40 +0000] "GET /supplier/ HTTP/1.1" 200 20348 "http://localhost:3000/organisations" "Mozilla/5.0 (Macintosh; Intel Mac OS X 10_15_2) AppleWebKit/537.36 (KHTML, like Gecko) Chrome/80.0.3987.163 Safari/537.36"
::1 - - [24/Apr/2020:14:33:46 +0000] "GET /supplier/ HTTP/1.1" 200 20348 "http://localhost:3000/organisations" "Mozilla/5.0 (Macintosh; Intel Mac OS X 10_15_2) AppleWebKit/537.36 (KHTML, like Gecko) Chrome/80.0.3987.163 Safari/537.36"
::1 - - [24/Apr/2020:14:33:50 +0000] "GET /supplier/ HTTP/1.1" 200 20348 "http://localhost:3000/organisations" "Mozilla/5.0 (Macintosh; Intel Mac OS X 10_15_2) AppleWebKit/537.36 (KHTML, like Gecko) Chrome/80.0.3987.163 Safari/537.36"
::1 - - [24/Apr/2020:14:35:05 +0000] "GET /supplier/ HTTP/1.1" 200 20348 "http://localhost:3000/organisations" "Mozilla/5.0 (Macintosh; Intel Mac OS X 10_15_2) AppleWebKit/537.36 (KHTML, like Gecko) Chrome/80.0.3987.163 Safari/537.36"
::1 - - [24/Apr/2020:14:35:26 +0000] "GET /supplier/ HTTP/1.1" 200 20348 "http://localhost:3000/organisations" "Mozilla/5.0 (Macintosh; Intel Mac OS X 10_15_2) AppleWebKit/537.36 (KHTML, like Gecko) Chrome/80.0.3987.163 Safari/537.36"
::1 - - [24/Apr/2020:14:41:35 +0000] "GET /supplier/ HTTP/1.1" 200 20348 "http://localhost:3000/organisations" "Mozilla/5.0 (Macintosh; Intel Mac OS X 10_15_2) AppleWebKit/537.36 (KHTML, like Gecko) Chrome/80.0.3987.163 Safari/537.36"
::1 - - [24/Apr/2020:14:43:23 +0000] "GET /supplier/ HTTP/1.1" 200 20348 "http://localhost:3000/organisations" "Mozilla/5.0 (Macintosh; Intel Mac OS X 10_15_2) AppleWebKit/537.36 (KHTML, like Gecko) Chrome/80.0.3987.163 Safari/537.36"
::1 - - [24/Apr/2020:14:43:45 +0000] "GET /supplier/ HTTP/1.1" 200 20348 "http://localhost:3000/organisations" "Mozilla/5.0 (Macintosh; Intel Mac OS X 10_15_2) AppleWebKit/537.36 (KHTML, like Gecko) Chrome/80.0.3987.163 Safari/537.36"
::1 - - [24/Apr/2020:14:44:11 +0000] "GET /supplier/ HTTP/1.1" 200 20348 "http://localhost:3000/organisations" "Mozilla/5.0 (Macintosh; Intel Mac OS X 10_15_2) AppleWebKit/537.36 (KHTML, like Gecko) Chrome/80.0.3987.163 Safari/537.36"
::1 - - [24/Apr/2020:14:46:36 +0000] "GET /supplier/ HTTP/1.1" 200 20348 "http://localhost:3000/organisations" "Mozilla/5.0 (Macintosh; Intel Mac OS X 10_15_2) AppleWebKit/537.36 (KHTML, like Gecko) Chrome/80.0.3987.163 Safari/537.36"
::1 - - [24/Apr/2020:14:53:32 +0000] "GET /supplier/ HTTP/1.1" 200 20348 "http://localhost:3000/organisations" "Mozilla/5.0 (Macintosh; Intel Mac OS X 10_15_2) AppleWebKit/537.36 (KHTML, like Gecko) Chrome/80.0.3987.163 Safari/537.36"
::1 - - [24/Apr/2020:14:57:53 +0000] "GET /supplier/ HTTP/1.1" 200 20348 "http://localhost:3000/organisations" "Mozilla/5.0 (Macintosh; Intel Mac OS X 10_15_2) AppleWebKit/537.36 (KHTML, like Gecko) Chrome/80.0.3987.163 Safari/537.36"
::1 - - [24/Apr/2020:14:58:28 +0000] "GET /supplier/ HTTP/1.1" 200 20348 "http://localhost:3000/organisations" "Mozilla/5.0 (Macintosh; Intel Mac OS X 10_15_2) AppleWebKit/537.36 (KHTML, like Gecko) Chrome/80.0.3987.163 Safari/537.36"
::1 - - [24/Apr/2020:14:59:41 +0000] "GET /supplier/ HTTP/1.1" 200 20348 "http://localhost:3000/organisations" "Mozilla/5.0 (Macintosh; Intel Mac OS X 10_15_2) AppleWebKit/537.36 (KHTML, like Gecko) Chrome/80.0.3987.163 Safari/537.36"
::1 - - [24/Apr/2020:15:01:02 +0000] "GET /supplier/ HTTP/1.1" 200 20348 "http://localhost:3000/organisations" "Mozilla/5.0 (Macintosh; Intel Mac OS X 10_15_2) AppleWebKit/537.36 (KHTML, like Gecko) Chrome/80.0.3987.163 Safari/537.36"
::1 - - [24/Apr/2020:15:01:21 +0000] "GET /supplier/ HTTP/1.1" 200 20348 "http://localhost:3000/organisations" "Mozilla/5.0 (Macintosh; Intel Mac OS X 10_15_2) AppleWebKit/537.36 (KHTML, like Gecko) Chrome/80.0.3987.163 Safari/537.36"
::1 - - [24/Apr/2020:15:02:03 +0000] "GET /supplier/ HTTP/1.1" 200 20348 "http://localhost:3000/organisations" "Mozilla/5.0 (Macintosh; Intel Mac OS X 10_15_2) AppleWebKit/537.36 (KHTML, like Gecko) Chrome/80.0.3987.163 Safari/537.36"
::1 - - [24/Apr/2020:15:03:11 +0000] "GET /supplier/ HTTP/1.1" 200 20348 "http://localhost:3000/organisations" "Mozilla/5.0 (Macintosh; Intel Mac OS X 10_15_2) AppleWebKit/537.36 (KHTML, like Gecko) Chrome/80.0.3987.163 Safari/537.36"
::1 - - [24/Apr/2020:15:03:31 +0000] "GET /supplier/ HTTP/1.1" 200 20348 "http://localhost:3000/organisations" "Mozilla/5.0 (Macintosh; Intel Mac OS X 10_15_2) AppleWebKit/537.36 (KHTML, like Gecko) Chrome/80.0.3987.163 Safari/537.36"
::1 - - [24/Apr/2020:15:04:37 +0000] "GET /supplier/ HTTP/1.1" 200 20348 "http://localhost:3000/organisations" "Mozilla/5.0 (Macintosh; Intel Mac OS X 10_15_2) AppleWebKit/537.36 (KHTML, like Gecko) Chrome/80.0.3987.163 Safari/537.36"
::1 - - [24/Apr/2020:15:04:55 +0000] "GET /supplier/ HTTP/1.1" 200 20348 "http://localhost:3000/organisations" "Mozilla/5.0 (Macintosh; Intel Mac OS X 10_15_2) AppleWebKit/537.36 (KHTML, like Gecko) Chrome/80.0.3987.163 Safari/537.36"
::1 - - [24/Apr/2020:15:10:12 +0000] "GET /supplier/ HTTP/1.1" 200 20348 "http://localhost:3000/organisations" "Mozilla/5.0 (Macintosh; Intel Mac OS X 10_15_2) AppleWebKit/537.36 (KHTML, like Gecko) Chrome/80.0.3987.163 Safari/537.36"
::1 - - [24/Apr/2020:15:11:10 +0000] "GET /supplier/ HTTP/1.1" 200 20348 "http://localhost:3000/organisations" "Mozilla/5.0 (Macintosh; Intel Mac OS X 10_15_2) AppleWebKit/537.36 (KHTML, like Gecko) Chrome/80.0.3987.163 Safari/537.36"
::1 - - [24/Apr/2020:15:12:05 +0000] "GET /supplier/ HTTP/1.1" 200 20348 "http://localhost:3000/organisations" "Mozilla/5.0 (Macintosh; Intel Mac OS X 10_15_2) AppleWebKit/537.36 (KHTML, like Gecko) Chrome/80.0.3987.163 Safari/537.36"
::1 - - [24/Apr/2020:15:19:00 +0000] "GET /supplier/ HTTP/1.1" 200 20348 "http://localhost:3000/organisations" "Mozilla/5.0 (Macintosh; Intel Mac OS X 10_15_2) AppleWebKit/537.36 (KHTML, like Gecko) Chrome/80.0.3987.163 Safari/537.36"
::1 - - [24/Apr/2020:15:19:11 +0000] "GET /supplier/ HTTP/1.1" 200 20348 "http://localhost:3000/organisations" "Mozilla/5.0 (Macintosh; Intel Mac OS X 10_15_2) AppleWebKit/537.36 (KHTML, like Gecko) Chrome/80.0.3987.163 Safari/537.36"
::1 - - [24/Apr/2020:15:20:22 +0000] "GET /supplier/ HTTP/1.1" 200 20348 "http://localhost:3000/organisations" "Mozilla/5.0 (Macintosh; Intel Mac OS X 10_15_2) AppleWebKit/537.36 (KHTML, like Gecko) Chrome/80.0.3987.163 Safari/537.36"
::1 - - [24/Apr/2020:15:22:18 +0000] "GET /supplier/ HTTP/1.1" 200 20348 "http://localhost:3000/organisations" "Mozilla/5.0 (iPhone; CPU iPhone OS 13_2_3 like Mac OS X) AppleWebKit/605.1.15 (KHTML, like Gecko) Version/13.0.3 Mobile/15E148 Safari/604.1"
::1 - - [24/Apr/2020:15:22:32 +0000] "GET /supplier/ HTTP/1.1" 200 20348 "http://localhost:3000/organisations" "Mozilla/5.0 (iPhone; CPU iPhone OS 13_2_3 like Mac OS X) AppleWebKit/605.1.15 (KHTML, like Gecko) Version/13.0.3 Mobile/15E148 Safari/604.1"
::1 - - [24/Apr/2020:15:23:10 +0000] "GET /supplier/ HTTP/1.1" 200 20348 "http://localhost:3000/organisations" "Mozilla/5.0 (iPhone; CPU iPhone OS 13_2_3 like Mac OS X) AppleWebKit/605.1.15 (KHTML, like Gecko) Version/13.0.3 Mobile/15E148 Safari/604.1"
::1 - - [24/Apr/2020:15:25:08 +0000] "GET /supplier/ HTTP/1.1" 200 20348 "http://localhost:3000/organisations" "Mozilla/5.0 (Macintosh; Intel Mac OS X 10_15_2) AppleWebKit/537.36 (KHTML, like Gecko) Chrome/80.0.3987.163 Safari/537.36"
::1 - - [24/Apr/2020:15:47:37 +0000] "GET /supplier/ HTTP/1.1" 304 - "http://localhost:3000/organisations" "Mozilla/5.0 (Macintosh; Intel Mac OS X 10_15_2) AppleWebKit/537.36 (KHTML, like Gecko) Chrome/80.0.3987.163 Safari/537.36"
::1 - - [24/Apr/2020:15:54:16 +0000] "GET /supplier/ HTTP/1.1" 304 - "http://localhost:3000/organisations" "Mozilla/5.0 (Macintosh; Intel Mac OS X 10_15_2) AppleWebKit/537.36 (KHTML, like Gecko) Chrome/80.0.3987.163 Safari/537.36"
::1 - - [24/Apr/2020:15:56:42 +0000] "GET /supplier/ HTTP/1.1" 304 - "http://localhost:3000/organisations" "Mozilla/5.0 (Macintosh; Intel Mac OS X 10_15_2) AppleWebKit/537.36 (KHTML, like Gecko) Chrome/80.0.3987.163 Safari/537.36"
::1 - - [24/Apr/2020:18:03:21 +0000] "GET /supplier/ HTTP/1.1" 304 - "http://localhost:3000/organisations" "Mozilla/5.0 (Macintosh; Intel Mac OS X 10_15_2) AppleWebKit/537.36 (KHTML, like Gecko) Chrome/80.0.3987.163 Safari/537.36"
::1 - - [24/Apr/2020:18:04:10 +0000] "GET /supplier/ HTTP/1.1" 304 - "http://localhost:3000/organisations" "Mozilla/5.0 (Macintosh; Intel Mac OS X 10_15_2) AppleWebKit/537.36 (KHTML, like Gecko) Chrome/80.0.3987.163 Safari/537.36"
::1 - - [24/Apr/2020:18:04:23 +0000] "GET /supplier/ HTTP/1.1" 304 - "http://localhost:3000/organisations" "Mozilla/5.0 (Macintosh; Intel Mac OS X 10_15_2) AppleWebKit/537.36 (KHTML, like Gecko) Chrome/80.0.3987.163 Safari/537.36"
::1 - - [24/Apr/2020:18:15:39 +0000] "GET /supplier/ HTTP/1.1" 304 - "http://localhost:3000/organisations" "Mozilla/5.0 (Macintosh; Intel Mac OS X 10_15_2) AppleWebKit/537.36 (KHTML, like Gecko) Chrome/80.0.3987.163 Safari/537.36"
::1 - - [24/Apr/2020:18:18:05 +0000] "GET /supplier/ HTTP/1.1" 304 - "http://localhost:3000/organisations" "Mozilla/5.0 (Macintosh; Intel Mac OS X 10_15_2) AppleWebKit/537.36 (KHTML, like Gecko) Chrome/80.0.3987.163 Safari/537.36"
::1 - - [24/Apr/2020:18:18:13 +0000] "GET /supplier/ HTTP/1.1" 304 - "http://localhost:3000/organisations" "Mozilla/5.0 (Macintosh; Intel Mac OS X 10_15_2) AppleWebKit/537.36 (KHTML, like Gecko) Chrome/80.0.3987.163 Safari/537.36"
::1 - - [24/Apr/2020:18:23:31 +0000] "GET /supplier/ HTTP/1.1" 304 - "http://localhost:3000/organisations" "Mozilla/5.0 (Macintosh; Intel Mac OS X 10_15_2) AppleWebKit/537.36 (KHTML, like Gecko) Chrome/80.0.3987.163 Safari/537.36"
::1 - - [24/Apr/2020:18:29:34 +0000] "GET /supplier/ HTTP/1.1" 304 - "http://localhost:3000/organisations" "Mozilla/5.0 (Macintosh; Intel Mac OS X 10_15_2) AppleWebKit/537.36 (KHTML, like Gecko) Chrome/80.0.3987.163 Safari/537.36"
::1 - - [24/Apr/2020:18:31:05 +0000] "GET /supplier/ HTTP/1.1" 304 - "http://localhost:3000/organisations" "Mozilla/5.0 (Macintosh; Intel Mac OS X 10_15_2) AppleWebKit/537.36 (KHTML, like Gecko) Chrome/80.0.3987.163 Safari/537.36"
::1 - - [24/Apr/2020:18:32:38 +0000] "GET /supplier/ HTTP/1.1" 304 - "http://localhost:3000/organisations" "Mozilla/5.0 (Macintosh; Intel Mac OS X 10_15_2) AppleWebKit/537.36 (KHTML, like Gecko) Chrome/80.0.3987.163 Safari/537.36"
::1 - - [24/Apr/2020:18:32:53 +0000] "GET /supplier/ HTTP/1.1" 304 - "http://localhost:3000/organisations" "Mozilla/5.0 (Macintosh; Intel Mac OS X 10_15_2) AppleWebKit/537.36 (KHTML, like Gecko) Chrome/80.0.3987.163 Safari/537.36"
::1 - - [24/Apr/2020:18:33:03 +0000] "GET /supplier/ HTTP/1.1" 200 20348 "http://localhost:3000/organisations" "Mozilla/5.0 (iPhone; CPU iPhone OS 13_2_3 like Mac OS X) AppleWebKit/605.1.15 (KHTML, like Gecko) Version/13.0.3 Mobile/15E148 Safari/604.1"
::1 - - [24/Apr/2020:18:33:40 +0000] "GET /supplier/ HTTP/1.1" 200 20348 "http://localhost:3000/organisations" "Mozilla/5.0 (iPhone; CPU iPhone OS 13_2_3 like Mac OS X) AppleWebKit/605.1.15 (KHTML, like Gecko) Version/13.0.3 Mobile/15E148 Safari/604.1"
::1 - - [24/Apr/2020:18:34:34 +0000] "GET /supplier/ HTTP/1.1" 200 20348 "http://localhost:3000/organisations" "Mozilla/5.0 (iPhone; CPU iPhone OS 13_2_3 like Mac OS X) AppleWebKit/605.1.15 (KHTML, like Gecko) Version/13.0.3 Mobile/15E148 Safari/604.1"
::1 - - [24/Apr/2020:18:36:47 +0000] "GET /supplier/ HTTP/1.1" 200 20348 "http://localhost:3000/organisations" "Mozilla/5.0 (iPhone; CPU iPhone OS 13_2_3 like Mac OS X) AppleWebKit/605.1.15 (KHTML, like Gecko) Version/13.0.3 Mobile/15E148 Safari/604.1"
::1 - - [24/Apr/2020:18:37:13 +0000] "GET /supplier/ HTTP/1.1" 200 20348 "http://localhost:3000/organisations" "Mozilla/5.0 (iPhone; CPU iPhone OS 13_2_3 like Mac OS X) AppleWebKit/605.1.15 (KHTML, like Gecko) Version/13.0.3 Mobile/15E148 Safari/604.1"
::1 - - [24/Apr/2020:18:38:22 +0000] "GET /supplier/ HTTP/1.1" 200 20348 "http://localhost:3000/organisations" "Mozilla/5.0 (Macintosh; Intel Mac OS X 10_15_2) AppleWebKit/537.36 (KHTML, like Gecko) Chrome/80.0.3987.163 Safari/537.36"
::1 - - [24/Apr/2020:18:39:09 +0000] "GET /supplier/ HTTP/1.1" 200 20348 "http://localhost:3000/organisations" "Mozilla/5.0 (Macintosh; Intel Mac OS X 10_15_2) AppleWebKit/537.36 (KHTML, like Gecko) Chrome/80.0.3987.163 Safari/537.36"
::1 - - [24/Apr/2020:18:39:36 +0000] "GET /supplier/ HTTP/1.1" 200 20348 "http://localhost:3000/organisations" "Mozilla/5.0 (Macintosh; Intel Mac OS X 10_15_2) AppleWebKit/537.36 (KHTML, like Gecko) Chrome/80.0.3987.163 Safari/537.36"
::1 - - [24/Apr/2020:18:40:06 +0000] "GET /supplier/ HTTP/1.1" 200 20348 "http://localhost:3000/organisations" "Mozilla/5.0 (Macintosh; Intel Mac OS X 10_15_2) AppleWebKit/537.36 (KHTML, like Gecko) Chrome/80.0.3987.163 Safari/537.36"
::1 - - [24/Apr/2020:18:42:47 +0000] "GET /rationEvent HTTP/1.1" 200 15746 "http://localhost:3000/" "Mozilla/5.0 (Macintosh; Intel Mac OS X 10_15_2) AppleWebKit/537.36 (KHTML, like Gecko) Chrome/80.0.3987.163 Safari/537.36"
::1 - - [24/Apr/2020:18:43:47 +0000] "GET /rationEvent HTTP/1.1" 200 15746 "http://localhost:3000/" "Mozilla/5.0 (Macintosh; Intel Mac OS X 10_15_2) AppleWebKit/537.36 (KHTML, like Gecko) Chrome/80.0.3987.163 Safari/537.36"
::1 - - [24/Apr/2020:18:45:23 +0000] "POST /auth/login HTTP/1.1" 200 195 "http://localhost:3000/" "Mozilla/5.0 (Macintosh; Intel Mac OS X 10_15_2) AppleWebKit/537.36 (KHTML, like Gecko) Chrome/80.0.3987.163 Safari/537.36"
::1 - - [24/Apr/2020:18:45:23 +0000] "GET /auth/me HTTP/1.1" 200 3209 "http://localhost:3000/" "Mozilla/5.0 (Macintosh; Intel Mac OS X 10_15_2) AppleWebKit/537.36 (KHTML, like Gecko) Chrome/80.0.3987.163 Safari/537.36"
::1 - - [24/Apr/2020:18:47:12 +0000] "GET /rationEvent HTTP/1.1" 200 15746 "http://localhost:3000/" "Mozilla/5.0 (Macintosh; Intel Mac OS X 10_15_2) AppleWebKit/537.36 (KHTML, like Gecko) Chrome/80.0.3987.163 Safari/537.36"
::1 - - [24/Apr/2020:18:47:19 +0000] "POST /auth/login HTTP/1.1" 200 195 "http://localhost:3000/" "Mozilla/5.0 (Macintosh; Intel Mac OS X 10_15_2) AppleWebKit/537.36 (KHTML, like Gecko) Chrome/80.0.3987.163 Safari/537.36"
::1 - - [24/Apr/2020:18:47:19 +0000] "GET /auth/me HTTP/1.1" 200 3209 "http://localhost:3000/" "Mozilla/5.0 (Macintosh; Intel Mac OS X 10_15_2) AppleWebKit/537.36 (KHTML, like Gecko) Chrome/80.0.3987.163 Safari/537.36"
::1 - - [24/Apr/2020:18:51:02 +0000] "POST /imageUpload HTTP/1.1" 200 502 "http://localhost:3000/createRation" "Mozilla/5.0 (Macintosh; Intel Mac OS X 10_15_2) AppleWebKit/537.36 (KHTML, like Gecko) Chrome/80.0.3987.163 Safari/537.36"
::1 - - [24/Apr/2020:18:51:02 +0000] "POST /imageUpload HTTP/1.1" 200 498 "http://localhost:3000/createRation" "Mozilla/5.0 (Macintosh; Intel Mac OS X 10_15_2) AppleWebKit/537.36 (KHTML, like Gecko) Chrome/80.0.3987.163 Safari/537.36"
::1 - - [24/Apr/2020:18:51:05 +0000] "POST /rationEvent/create HTTP/1.1" 200 26 "http://localhost:3000/createRation" "Mozilla/5.0 (Macintosh; Intel Mac OS X 10_15_2) AppleWebKit/537.36 (KHTML, like Gecko) Chrome/80.0.3987.163 Safari/537.36"
::1 - - [24/Apr/2020:18:52:09 +0000] "GET /rationEvent HTTP/1.1" 200 17739 "http://localhost:3000/" "Mozilla/5.0 (Macintosh; Intel Mac OS X 10_15_2) AppleWebKit/537.36 (KHTML, like Gecko) Chrome/80.0.3987.163 Safari/537.36"
::1 - - [24/Apr/2020:18:52:17 +0000] "POST /auth/login HTTP/1.1" 200 195 "http://localhost:3000/" "Mozilla/5.0 (Macintosh; Intel Mac OS X 10_15_2) AppleWebKit/537.36 (KHTML, like Gecko) Chrome/80.0.3987.163 Safari/537.36"
::1 - - [24/Apr/2020:18:52:18 +0000] "GET /auth/me HTTP/1.1" 200 3802 "http://localhost:3000/" "Mozilla/5.0 (Macintosh; Intel Mac OS X 10_15_2) AppleWebKit/537.36 (KHTML, like Gecko) Chrome/80.0.3987.163 Safari/537.36"
::1 - - [24/Apr/2020:18:56:00 +0000] "GET /rationEvent HTTP/1.1" 200 17738 "http://localhost:3000/" "Mozilla/5.0 (Macintosh; Intel Mac OS X 10_15_2) AppleWebKit/537.36 (KHTML, like Gecko) Chrome/80.0.3987.163 Safari/537.36"
::1 - - [24/Apr/2020:21:36:59 +0000] "GET /supplier/ HTTP/1.1" 200 20940 "http://localhost:3000/organisations" "Mozilla/5.0 (Macintosh; Intel Mac OS X 10_15_2) AppleWebKit/537.36 (KHTML, like Gecko) Chrome/80.0.3987.163 Safari/537.36"
::1 - - [24/Apr/2020:21:39:08 +0000] "GET /supplier/ HTTP/1.1" 200 20940 "http://localhost:3000/organisations" "Mozilla/5.0 (Macintosh; Intel Mac OS X 10_15_2) AppleWebKit/537.36 (KHTML, like Gecko) Chrome/80.0.3987.163 Safari/537.36"
::1 - - [24/Apr/2020:21:40:28 +0000] "GET /supplier/ HTTP/1.1" 200 20940 "http://localhost:3000/organisations" "Mozilla/5.0 (Macintosh; Intel Mac OS X 10_15_2) AppleWebKit/537.36 (KHTML, like Gecko) Chrome/80.0.3987.163 Safari/537.36"
::1 - - [24/Apr/2020:21:41:06 +0000] "GET /supplier/ HTTP/1.1" 200 20940 "http://localhost:3000/organisations" "Mozilla/5.0 (Macintosh; Intel Mac OS X 10_15_2) AppleWebKit/537.36 (KHTML, like Gecko) Chrome/80.0.3987.163 Safari/537.36"
::1 - - [24/Apr/2020:21:41:29 +0000] "GET /supplier/ HTTP/1.1" 200 20940 "http://localhost:3000/organisations" "Mozilla/5.0 (Macintosh; Intel Mac OS X 10_15_2) AppleWebKit/537.36 (KHTML, like Gecko) Chrome/80.0.3987.163 Safari/537.36"
::1 - - [24/Apr/2020:21:43:57 +0000] "GET /supplier/ HTTP/1.1" 200 20940 "http://localhost:3000/organisations" "Mozilla/5.0 (Macintosh; Intel Mac OS X 10_15_2) AppleWebKit/537.36 (KHTML, like Gecko) Chrome/80.0.3987.163 Safari/537.36"
::1 - - [24/Apr/2020:21:45:31 +0000] "GET /supplier/ HTTP/1.1" 200 20940 "http://localhost:3000/organisations" "Mozilla/5.0 (Macintosh; Intel Mac OS X 10_15_2) AppleWebKit/537.36 (KHTML, like Gecko) Chrome/80.0.3987.163 Safari/537.36"
::1 - - [24/Apr/2020:21:46:09 +0000] "GET /supplier/ HTTP/1.1" 200 20940 "http://localhost:3000/organisations" "Mozilla/5.0 (Macintosh; Intel Mac OS X 10_15_2) AppleWebKit/537.36 (KHTML, like Gecko) Chrome/80.0.3987.163 Safari/537.36"
::1 - - [24/Apr/2020:21:46:29 +0000] "GET /supplier/ HTTP/1.1" 200 20940 "http://localhost:3000/organisations" "Mozilla/5.0 (Macintosh; Intel Mac OS X 10_15_2) AppleWebKit/537.36 (KHTML, like Gecko) Chrome/80.0.3987.163 Safari/537.36"
::1 - - [24/Apr/2020:21:46:48 +0000] "GET /supplier/ HTTP/1.1" 200 20940 "http://localhost:3000/organisations" "Mozilla/5.0 (Macintosh; Intel Mac OS X 10_15_2) AppleWebKit/537.36 (KHTML, like Gecko) Chrome/80.0.3987.163 Safari/537.36"
::1 - - [24/Apr/2020:21:47:06 +0000] "GET /supplier/ HTTP/1.1" 200 20940 "http://localhost:3000/organisations" "Mozilla/5.0 (Macintosh; Intel Mac OS X 10_15_2) AppleWebKit/537.36 (KHTML, like Gecko) Chrome/80.0.3987.163 Safari/537.36"
::1 - - [24/Apr/2020:21:49:09 +0000] "GET /supplier/ HTTP/1.1" 200 20940 "http://localhost:3000/organisations" "Mozilla/5.0 (Macintosh; Intel Mac OS X 10_15_2) AppleWebKit/537.36 (KHTML, like Gecko) Chrome/80.0.3987.163 Safari/537.36"
::1 - - [24/Apr/2020:21:49:24 +0000] "GET /supplier/ HTTP/1.1" 200 20940 "http://localhost:3000/organisations" "Mozilla/5.0 (Macintosh; Intel Mac OS X 10_15_2) AppleWebKit/537.36 (KHTML, like Gecko) Chrome/80.0.3987.163 Safari/537.36"
::1 - - [24/Apr/2020:21:51:08 +0000] "GET /supplier/ HTTP/1.1" 200 20940 "http://localhost:3000/organisations" "Mozilla/5.0 (Macintosh; Intel Mac OS X 10_15_2) AppleWebKit/537.36 (KHTML, like Gecko) Chrome/80.0.3987.163 Safari/537.36"
::1 - - [24/Apr/2020:21:52:09 +0000] "GET /supplier/ HTTP/1.1" 200 20940 "http://localhost:3000/organisations" "Mozilla/5.0 (Macintosh; Intel Mac OS X 10_15_2) AppleWebKit/537.36 (KHTML, like Gecko) Chrome/80.0.3987.163 Safari/537.36"
::1 - - [24/Apr/2020:21:52:24 +0000] "GET /supplier/ HTTP/1.1" 200 20940 "http://localhost:3000/organisations" "Mozilla/5.0 (Macintosh; Intel Mac OS X 10_15_2) AppleWebKit/537.36 (KHTML, like Gecko) Chrome/80.0.3987.163 Safari/537.36"
::1 - - [24/Apr/2020:21:53:04 +0000] "GET /supplier/ HTTP/1.1" 200 20940 "http://localhost:3000/organisations" "Mozilla/5.0 (Macintosh; Intel Mac OS X 10_15_2) AppleWebKit/537.36 (KHTML, like Gecko) Chrome/80.0.3987.163 Safari/537.36"
::1 - - [24/Apr/2020:21:54:32 +0000] "GET /supplier/ HTTP/1.1" 200 20940 "http://localhost:3000/organisations" "Mozilla/5.0 (Macintosh; Intel Mac OS X 10_15_2) AppleWebKit/537.36 (KHTML, like Gecko) Chrome/80.0.3987.163 Safari/537.36"
::1 - - [24/Apr/2020:21:55:24 +0000] "GET /supplier/ HTTP/1.1" 200 20940 "http://localhost:3000/organisations" "Mozilla/5.0 (Macintosh; Intel Mac OS X 10_15_2) AppleWebKit/537.36 (KHTML, like Gecko) Chrome/80.0.3987.163 Safari/537.36"
::1 - - [24/Apr/2020:21:56:00 +0000] "GET /supplier/ HTTP/1.1" 200 20940 "http://localhost:3000/organisations" "Mozilla/5.0 (Macintosh; Intel Mac OS X 10_15_2) AppleWebKit/537.36 (KHTML, like Gecko) Chrome/80.0.3987.163 Safari/537.36"
::1 - - [24/Apr/2020:21:56:07 +0000] "GET /supplier/ HTTP/1.1" 200 20940 "http://localhost:3000/organisations" "Mozilla/5.0 (Macintosh; Intel Mac OS X 10_15_2) AppleWebKit/537.36 (KHTML, like Gecko) Chrome/80.0.3987.163 Safari/537.36"
::1 - - [24/Apr/2020:21:56:33 +0000] "GET /supplier/ HTTP/1.1" 200 20940 "http://localhost:3000/organisations" "Mozilla/5.0 (Macintosh; Intel Mac OS X 10_15_2) AppleWebKit/537.36 (KHTML, like Gecko) Chrome/80.0.3987.163 Safari/537.36"
::1 - - [24/Apr/2020:21:56:52 +0000] "GET /supplier/ HTTP/1.1" 304 - "http://localhost:3000/organisations" "Mozilla/5.0 (Macintosh; Intel Mac OS X 10_15_2) AppleWebKit/537.36 (KHTML, like Gecko) Chrome/80.0.3987.163 Safari/537.36"
::1 - - [24/Apr/2020:21:57:03 +0000] "GET /supplier/ HTTP/1.1" 304 - "http://localhost:3000/organisations" "Mozilla/5.0 (Macintosh; Intel Mac OS X 10_15_2) AppleWebKit/537.36 (KHTML, like Gecko) Chrome/80.0.3987.163 Safari/537.36"
::1 - - [24/Apr/2020:21:57:19 +0000] "GET /supplier/ HTTP/1.1" 304 - "http://localhost:3000/organisations" "Mozilla/5.0 (Macintosh; Intel Mac OS X 10_15_2) AppleWebKit/537.36 (KHTML, like Gecko) Chrome/80.0.3987.163 Safari/537.36"
::1 - - [24/Apr/2020:21:58:03 +0000] "GET /supplier/ HTTP/1.1" 304 - "http://localhost:3000/organisations" "Mozilla/5.0 (Macintosh; Intel Mac OS X 10_15_2) AppleWebKit/537.36 (KHTML, like Gecko) Chrome/80.0.3987.163 Safari/537.36"
::1 - - [24/Apr/2020:21:59:03 +0000] "GET /supplier/ HTTP/1.1" 200 20940 "http://localhost:3000/organisations" "Mozilla/5.0 (Macintosh; Intel Mac OS X 10_15_2) AppleWebKit/537.36 (KHTML, like Gecko) Chrome/80.0.3987.163 Safari/537.36"
