::1 - - [15/May/2020:19:00:12 +0000] "POST /api/auth/checkCookie HTTP/1.1" 200 13 "http://localhost:3000/cnic" "Mozilla/5.0 (Macintosh; Intel Mac OS X 10_15_2) AppleWebKit/537.36 (KHTML, like Gecko) Chrome/81.0.4044.138 Safari/537.36"
::1 - - [15/May/2020:19:00:12 +0000] "GET /api/auth/me HTTP/1.1" 200 2703 "http://localhost:3000/cnic" "Mozilla/5.0 (Macintosh; Intel Mac OS X 10_15_2) AppleWebKit/537.36 (KHTML, like Gecko) Chrome/81.0.4044.138 Safari/537.36"
::1 - - [15/May/2020:19:00:12 +0000] "GET /api/auth/me HTTP/1.1" 200 2703 "http://localhost:3000/cnic" "Mozilla/5.0 (Macintosh; Intel Mac OS X 10_15_2) AppleWebKit/537.36 (KHTML, like Gecko) Chrome/81.0.4044.138 Safari/537.36"
::1 - - [15/May/2020:19:01:25 +0000] "POST /api/auth/checkCookie HTTP/1.1" 200 13 "http://localhost:3000/cnic" "Mozilla/5.0 (Macintosh; Intel Mac OS X 10_15_2) AppleWebKit/537.36 (KHTML, like Gecko) Chrome/81.0.4044.138 Safari/537.36"
::1 - - [15/May/2020:19:01:26 +0000] "GET /api/auth/me HTTP/1.1" 200 2703 "http://localhost:3000/cnic" "Mozilla/5.0 (Macintosh; Intel Mac OS X 10_15_2) AppleWebKit/537.36 (KHTML, like Gecko) Chrome/81.0.4044.138 Safari/537.36"
::1 - - [15/May/2020:19:01:26 +0000] "GET /api/auth/me HTTP/1.1" 200 2703 "http://localhost:3000/cnic" "Mozilla/5.0 (Macintosh; Intel Mac OS X 10_15_2) AppleWebKit/537.36 (KHTML, like Gecko) Chrome/81.0.4044.138 Safari/537.36"
::1 - - [15/May/2020:19:04:26 +0000] "POST /api/auth/checkCookie HTTP/1.1" 200 13 "http://localhost:3000/cnic" "Mozilla/5.0 (Macintosh; Intel Mac OS X 10_15_2) AppleWebKit/537.36 (KHTML, like Gecko) Chrome/81.0.4044.138 Safari/537.36"
::1 - - [15/May/2020:19:04:26 +0000] "GET /api/auth/me HTTP/1.1" 200 2703 "http://localhost:3000/cnic" "Mozilla/5.0 (Macintosh; Intel Mac OS X 10_15_2) AppleWebKit/537.36 (KHTML, like Gecko) Chrome/81.0.4044.138 Safari/537.36"
::1 - - [15/May/2020:19:04:26 +0000] "GET /api/auth/me HTTP/1.1" 200 2703 "http://localhost:3000/cnic" "Mozilla/5.0 (Macintosh; Intel Mac OS X 10_15_2) AppleWebKit/537.36 (KHTML, like Gecko) Chrome/81.0.4044.138 Safari/537.36"
::1 - - [15/May/2020:19:04:31 +0000] "POST /api/auth/checkCookie HTTP/1.1" 200 13 "http://localhost:3000/cnic" "Mozilla/5.0 (Macintosh; Intel Mac OS X 10_15_2) AppleWebKit/537.36 (KHTML, like Gecko) Chrome/81.0.4044.138 Safari/537.36"
::1 - - [15/May/2020:19:04:32 +0000] "GET /api/auth/me HTTP/1.1" 200 2703 "http://localhost:3000/cnic" "Mozilla/5.0 (Macintosh; Intel Mac OS X 10_15_2) AppleWebKit/537.36 (KHTML, like Gecko) Chrome/81.0.4044.138 Safari/537.36"
::1 - - [15/May/2020:19:04:32 +0000] "GET /api/auth/me HTTP/1.1" 200 2703 "http://localhost:3000/cnic" "Mozilla/5.0 (Macintosh; Intel Mac OS X 10_15_2) AppleWebKit/537.36 (KHTML, like Gecko) Chrome/81.0.4044.138 Safari/537.36"
::1 - - [15/May/2020:19:04:56 +0000] "POST /api/auth/checkCookie HTTP/1.1" 200 13 "http://localhost:3000/cnic" "Mozilla/5.0 (Macintosh; Intel Mac OS X 10_15_2) AppleWebKit/537.36 (KHTML, like Gecko) Chrome/81.0.4044.138 Safari/537.36"
::1 - - [15/May/2020:19:04:57 +0000] "GET /api/auth/me HTTP/1.1" 200 2703 "http://localhost:3000/cnic" "Mozilla/5.0 (Macintosh; Intel Mac OS X 10_15_2) AppleWebKit/537.36 (KHTML, like Gecko) Chrome/81.0.4044.138 Safari/537.36"
::1 - - [15/May/2020:19:04:57 +0000] "GET /api/auth/me HTTP/1.1" 200 2703 "http://localhost:3000/cnic" "Mozilla/5.0 (Macintosh; Intel Mac OS X 10_15_2) AppleWebKit/537.36 (KHTML, like Gecko) Chrome/81.0.4044.138 Safari/537.36"
::1 - - [15/May/2020:19:04:58 +0000] "GET /api/auth/me HTTP/1.1" 200 2703 "http://localhost:3000/cnic" "Mozilla/5.0 (Macintosh; Intel Mac OS X 10_15_2) AppleWebKit/537.36 (KHTML, like Gecko) Chrome/81.0.4044.138 Safari/537.36"
::1 - - [15/May/2020:19:05:20 +0000] "POST /api/auth/checkCookie HTTP/1.1" 200 13 "http://localhost:3000/cnic" "Mozilla/5.0 (Macintosh; Intel Mac OS X 10_15_2) AppleWebKit/537.36 (KHTML, like Gecko) Chrome/81.0.4044.138 Safari/537.36"
::1 - - [15/May/2020:19:05:21 +0000] "GET /api/auth/me HTTP/1.1" 200 2703 "http://localhost:3000/cnic" "Mozilla/5.0 (Macintosh; Intel Mac OS X 10_15_2) AppleWebKit/537.36 (KHTML, like Gecko) Chrome/81.0.4044.138 Safari/537.36"
::1 - - [15/May/2020:19:05:21 +0000] "GET /api/auth/me HTTP/1.1" 200 2703 "http://localhost:3000/cnic" "Mozilla/5.0 (Macintosh; Intel Mac OS X 10_15_2) AppleWebKit/537.36 (KHTML, like Gecko) Chrome/81.0.4044.138 Safari/537.36"
::1 - - [15/May/2020:19:05:21 +0000] "GET /api/auth/me HTTP/1.1" 200 2703 "http://localhost:3000/cnic" "Mozilla/5.0 (Macintosh; Intel Mac OS X 10_15_2) AppleWebKit/537.36 (KHTML, like Gecko) Chrome/81.0.4044.138 Safari/537.36"
::1 - - [15/May/2020:19:07:24 +0000] "POST /api/auth/checkCookie HTTP/1.1" 200 13 "http://localhost:3000/cnic" "Mozilla/5.0 (Macintosh; Intel Mac OS X 10_15_2) AppleWebKit/537.36 (KHTML, like Gecko) Chrome/81.0.4044.138 Safari/537.36"
::1 - - [15/May/2020:19:07:25 +0000] "GET /api/auth/me HTTP/1.1" 200 2703 "http://localhost:3000/cnic" "Mozilla/5.0 (Macintosh; Intel Mac OS X 10_15_2) AppleWebKit/537.36 (KHTML, like Gecko) Chrome/81.0.4044.138 Safari/537.36"
::1 - - [15/May/2020:19:07:25 +0000] "GET /api/auth/me HTTP/1.1" 200 2703 "http://localhost:3000/cnic" "Mozilla/5.0 (Macintosh; Intel Mac OS X 10_15_2) AppleWebKit/537.36 (KHTML, like Gecko) Chrome/81.0.4044.138 Safari/537.36"
::1 - - [15/May/2020:19:07:26 +0000] "GET /api/auth/me HTTP/1.1" 200 2703 "http://localhost:3000/cnic" "Mozilla/5.0 (Macintosh; Intel Mac OS X 10_15_2) AppleWebKit/537.36 (KHTML, like Gecko) Chrome/81.0.4044.138 Safari/537.36"
::1 - - [15/May/2020:19:08:49 +0000] "POST /api/auth/checkCookie HTTP/1.1" 200 13 "http://localhost:3000/cnic" "Mozilla/5.0 (Macintosh; Intel Mac OS X 10_15_2) AppleWebKit/537.36 (KHTML, like Gecko) Chrome/81.0.4044.138 Safari/537.36"
::1 - - [15/May/2020:19:08:50 +0000] "GET /api/auth/me HTTP/1.1" 200 2703 "http://localhost:3000/cnic" "Mozilla/5.0 (Macintosh; Intel Mac OS X 10_15_2) AppleWebKit/537.36 (KHTML, like Gecko) Chrome/81.0.4044.138 Safari/537.36"
::1 - - [15/May/2020:19:08:50 +0000] "GET /api/auth/me HTTP/1.1" 200 2703 "http://localhost:3000/cnic" "Mozilla/5.0 (Macintosh; Intel Mac OS X 10_15_2) AppleWebKit/537.36 (KHTML, like Gecko) Chrome/81.0.4044.138 Safari/537.36"
::1 - - [15/May/2020:19:08:50 +0000] "GET /api/auth/me HTTP/1.1" 200 2703 "http://localhost:3000/cnic" "Mozilla/5.0 (Macintosh; Intel Mac OS X 10_15_2) AppleWebKit/537.36 (KHTML, like Gecko) Chrome/81.0.4044.138 Safari/537.36"
::1 - - [15/May/2020:19:12:11 +0000] "POST /api/auth/checkCookie HTTP/1.1" 200 13 "http://localhost:3000/cnic" "Mozilla/5.0 (Macintosh; Intel Mac OS X 10_15_2) AppleWebKit/537.36 (KHTML, like Gecko) Chrome/81.0.4044.138 Safari/537.36"
::1 - - [15/May/2020:19:12:12 +0000] "GET /api/auth/me HTTP/1.1" 200 2703 "http://localhost:3000/cnic" "Mozilla/5.0 (Macintosh; Intel Mac OS X 10_15_2) AppleWebKit/537.36 (KHTML, like Gecko) Chrome/81.0.4044.138 Safari/537.36"
::1 - - [15/May/2020:19:12:12 +0000] "GET /api/auth/me HTTP/1.1" 200 2703 "http://localhost:3000/cnic" "Mozilla/5.0 (Macintosh; Intel Mac OS X 10_15_2) AppleWebKit/537.36 (KHTML, like Gecko) Chrome/81.0.4044.138 Safari/537.36"
::1 - - [15/May/2020:19:12:12 +0000] "GET /api/auth/me HTTP/1.1" 200 2703 "http://localhost:3000/cnic" "Mozilla/5.0 (Macintosh; Intel Mac OS X 10_15_2) AppleWebKit/537.36 (KHTML, like Gecko) Chrome/81.0.4044.138 Safari/537.36"
::1 - - [15/May/2020:19:13:36 +0000] "POST /api/auth/checkCookie HTTP/1.1" 200 13 "http://localhost:3000/cnic" "Mozilla/5.0 (Macintosh; Intel Mac OS X 10_15_2) AppleWebKit/537.36 (KHTML, like Gecko) Chrome/81.0.4044.138 Safari/537.36"
::1 - - [15/May/2020:19:13:37 +0000] "GET /api/auth/me HTTP/1.1" 200 2703 "http://localhost:3000/cnic" "Mozilla/5.0 (Macintosh; Intel Mac OS X 10_15_2) AppleWebKit/537.36 (KHTML, like Gecko) Chrome/81.0.4044.138 Safari/537.36"
::1 - - [15/May/2020:19:13:37 +0000] "GET /api/auth/me HTTP/1.1" 200 2703 "http://localhost:3000/cnic" "Mozilla/5.0 (Macintosh; Intel Mac OS X 10_15_2) AppleWebKit/537.36 (KHTML, like Gecko) Chrome/81.0.4044.138 Safari/537.36"
::1 - - [15/May/2020:19:13:38 +0000] "GET /api/auth/me HTTP/1.1" 200 2703 "http://localhost:3000/cnic" "Mozilla/5.0 (Macintosh; Intel Mac OS X 10_15_2) AppleWebKit/537.36 (KHTML, like Gecko) Chrome/81.0.4044.138 Safari/537.36"
::1 - - [15/May/2020:19:14:47 +0000] "GET /api/supplier/ HTTP/1.1" 200 2492 "http://localhost:3000/organisations" "Mozilla/5.0 (Macintosh; Intel Mac OS X 10_15_2) AppleWebKit/537.36 (KHTML, like Gecko) Chrome/81.0.4044.138 Safari/537.36"
::1 - - [15/May/2020:19:15:53 +0000] "POST /api/auth/checkCookie HTTP/1.1" 200 13 "http://localhost:3000/organisations" "Mozilla/5.0 (Macintosh; Intel Mac OS X 10_15_2) AppleWebKit/537.36 (KHTML, like Gecko) Chrome/81.0.4044.138 Safari/537.36"
::1 - - [15/May/2020:19:15:54 +0000] "GET /api/supplier/ HTTP/1.1" 200 2492 "http://localhost:3000/organisations" "Mozilla/5.0 (Macintosh; Intel Mac OS X 10_15_2) AppleWebKit/537.36 (KHTML, like Gecko) Chrome/81.0.4044.138 Safari/537.36"
::1 - - [15/May/2020:19:15:54 +0000] "GET /api/auth/me HTTP/1.1" 200 2703 "http://localhost:3000/organisations" "Mozilla/5.0 (Macintosh; Intel Mac OS X 10_15_2) AppleWebKit/537.36 (KHTML, like Gecko) Chrome/81.0.4044.138 Safari/537.36"
::1 - - [15/May/2020:19:16:28 +0000] "POST /api/auth/checkCookie HTTP/1.1" 200 13 "http://localhost:3000/organisations" "Mozilla/5.0 (Macintosh; Intel Mac OS X 10_15_2) AppleWebKit/537.36 (KHTML, like Gecko) Chrome/81.0.4044.138 Safari/537.36"
::1 - - [15/May/2020:19:16:29 +0000] "GET /api/supplier/ HTTP/1.1" 200 2492 "http://localhost:3000/organisations" "Mozilla/5.0 (Macintosh; Intel Mac OS X 10_15_2) AppleWebKit/537.36 (KHTML, like Gecko) Chrome/81.0.4044.138 Safari/537.36"
::1 - - [15/May/2020:19:16:31 +0000] "GET /api/auth/me HTTP/1.1" 200 2703 "http://localhost:3000/organisations" "Mozilla/5.0 (Macintosh; Intel Mac OS X 10_15_2) AppleWebKit/537.36 (KHTML, like Gecko) Chrome/81.0.4044.138 Safari/537.36"
::1 - - [15/May/2020:19:18:05 +0000] "POST /api/auth/checkCookie HTTP/1.1" 200 13 "http://localhost:3000/organisations" "Mozilla/5.0 (Macintosh; Intel Mac OS X 10_15_2) AppleWebKit/537.36 (KHTML, like Gecko) Chrome/81.0.4044.138 Safari/537.36"
::1 - - [15/May/2020:19:18:06 +0000] "GET /api/supplier/ HTTP/1.1" 200 2492 "http://localhost:3000/organisations" "Mozilla/5.0 (Macintosh; Intel Mac OS X 10_15_2) AppleWebKit/537.36 (KHTML, like Gecko) Chrome/81.0.4044.138 Safari/537.36"
::1 - - [15/May/2020:19:18:07 +0000] "GET /api/auth/me HTTP/1.1" 200 2703 "http://localhost:3000/organisations" "Mozilla/5.0 (Macintosh; Intel Mac OS X 10_15_2) AppleWebKit/537.36 (KHTML, like Gecko) Chrome/81.0.4044.138 Safari/537.36"
::1 - - [15/May/2020:19:21:01 +0000] "POST /api/auth/checkCookie HTTP/1.1" 200 13 "http://localhost:3000/" "Mozilla/5.0 (Macintosh; Intel Mac OS X 10_15_2) AppleWebKit/537.36 (KHTML, like Gecko) Chrome/81.0.4044.138 Safari/537.36"
::1 - - [15/May/2020:19:21:01 +0000] "GET /api/info HTTP/1.1" 200 89 "http://localhost:3000/" "Mozilla/5.0 (Macintosh; Intel Mac OS X 10_15_2) AppleWebKit/537.36 (KHTML, like Gecko) Chrome/81.0.4044.138 Safari/537.36"
::1 - - [15/May/2020:19:21:01 +0000] "GET /api/info/featured HTTP/1.1" 200 813 "http://localhost:3000/" "Mozilla/5.0 (Macintosh; Intel Mac OS X 10_15_2) AppleWebKit/537.36 (KHTML, like Gecko) Chrome/81.0.4044.138 Safari/537.36"
::1 - - [15/May/2020:19:21:02 +0000] "GET /api/auth/me HTTP/1.1" 200 2703 "http://localhost:3000/" "Mozilla/5.0 (Macintosh; Intel Mac OS X 10_15_2) AppleWebKit/537.36 (KHTML, like Gecko) Chrome/81.0.4044.138 Safari/537.36"
::1 - - [15/May/2020:19:21:30 +0000] "POST /api/auth/checkCookie HTTP/1.1" 200 13 "http://localhost:3000/" "Mozilla/5.0 (Macintosh; Intel Mac OS X 10_15_2) AppleWebKit/537.36 (KHTML, like Gecko) Chrome/81.0.4044.138 Safari/537.36"
::1 - - [15/May/2020:19:21:30 +0000] "GET /api/info HTTP/1.1" 200 89 "http://localhost:3000/" "Mozilla/5.0 (Macintosh; Intel Mac OS X 10_15_2) AppleWebKit/537.36 (KHTML, like Gecko) Chrome/81.0.4044.138 Safari/537.36"
::1 - - [15/May/2020:19:21:30 +0000] "GET /api/info/featured HTTP/1.1" 200 813 "http://localhost:3000/" "Mozilla/5.0 (Macintosh; Intel Mac OS X 10_15_2) AppleWebKit/537.36 (KHTML, like Gecko) Chrome/81.0.4044.138 Safari/537.36"
::1 - - [15/May/2020:19:21:31 +0000] "GET /api/auth/me HTTP/1.1" 200 2703 "http://localhost:3000/" "Mozilla/5.0 (Macintosh; Intel Mac OS X 10_15_2) AppleWebKit/537.36 (KHTML, like Gecko) Chrome/81.0.4044.138 Safari/537.36"
::1 - - [15/May/2020:19:21:48 +0000] "POST /api/auth/logout HTTP/1.1" 200 14 "http://localhost:3000/" "Mozilla/5.0 (Macintosh; Intel Mac OS X 10_15_2) AppleWebKit/537.36 (KHTML, like Gecko) Chrome/81.0.4044.138 Safari/537.36"
::1 - - [15/May/2020:19:21:48 +0000] "GET /api/auth/me HTTP/1.1" 401 44 "http://localhost:3000/" "Mozilla/5.0 (Macintosh; Intel Mac OS X 10_15_2) AppleWebKit/537.36 (KHTML, like Gecko) Chrome/81.0.4044.138 Safari/537.36"
::1 - - [15/May/2020:19:22:33 +0000] "GET /api/auth/me HTTP/1.1" 401 44 "http://localhost:3000/" "Mozilla/5.0 (Macintosh; Intel Mac OS X 10_15_2) AppleWebKit/537.36 (KHTML, like Gecko) Chrome/81.0.4044.138 Safari/537.36"
::1 - - [15/May/2020:19:22:33 +0000] "POST /api/auth/checkCookie HTTP/1.1" 401 44 "http://localhost:3000/" "Mozilla/5.0 (Macintosh; Intel Mac OS X 10_15_2) AppleWebKit/537.36 (KHTML, like Gecko) Chrome/81.0.4044.138 Safari/537.36"
::1 - - [15/May/2020:19:22:33 +0000] "GET /api/info/featured HTTP/1.1" 200 813 "http://localhost:3000/" "Mozilla/5.0 (Macintosh; Intel Mac OS X 10_15_2) AppleWebKit/537.36 (KHTML, like Gecko) Chrome/81.0.4044.138 Safari/537.36"
::1 - - [15/May/2020:19:22:33 +0000] "GET /api/info HTTP/1.1" 200 89 "http://localhost:3000/" "Mozilla/5.0 (Macintosh; Intel Mac OS X 10_15_2) AppleWebKit/537.36 (KHTML, like Gecko) Chrome/81.0.4044.138 Safari/537.36"
::1 - - [15/May/2020:19:25:24 +0000] "POST /api/auth/checkCookie HTTP/1.1" 401 44 "http://localhost:3000/" "Mozilla/5.0 (Macintosh; Intel Mac OS X 10_15_2) AppleWebKit/537.36 (KHTML, like Gecko) Chrome/81.0.4044.138 Safari/537.36"
::1 - - [15/May/2020:19:25:24 +0000] "GET /api/auth/me HTTP/1.1" 401 44 "http://localhost:3000/" "Mozilla/5.0 (Macintosh; Intel Mac OS X 10_15_2) AppleWebKit/537.36 (KHTML, like Gecko) Chrome/81.0.4044.138 Safari/537.36"
::1 - - [15/May/2020:19:25:24 +0000] "GET /api/info HTTP/1.1" 200 89 "http://localhost:3000/" "Mozilla/5.0 (Macintosh; Intel Mac OS X 10_15_2) AppleWebKit/537.36 (KHTML, like Gecko) Chrome/81.0.4044.138 Safari/537.36"
::1 - - [15/May/2020:19:25:24 +0000] "GET /api/info/featured HTTP/1.1" 200 813 "http://localhost:3000/" "Mozilla/5.0 (Macintosh; Intel Mac OS X 10_15_2) AppleWebKit/537.36 (KHTML, like Gecko) Chrome/81.0.4044.138 Safari/537.36"
::1 - - [15/May/2020:19:26:20 +0000] "GET /api/auth/me HTTP/1.1" 401 44 "http://localhost:3000/" "Mozilla/5.0 (Macintosh; Intel Mac OS X 10_15_2) AppleWebKit/537.36 (KHTML, like Gecko) Chrome/81.0.4044.138 Safari/537.36"
::1 - - [15/May/2020:19:26:20 +0000] "POST /api/auth/checkCookie HTTP/1.1" 401 44 "http://localhost:3000/" "Mozilla/5.0 (Macintosh; Intel Mac OS X 10_15_2) AppleWebKit/537.36 (KHTML, like Gecko) Chrome/81.0.4044.138 Safari/537.36"
::1 - - [15/May/2020:19:26:21 +0000] "GET /api/info HTTP/1.1" 200 89 "http://localhost:3000/" "Mozilla/5.0 (Macintosh; Intel Mac OS X 10_15_2) AppleWebKit/537.36 (KHTML, like Gecko) Chrome/81.0.4044.138 Safari/537.36"
::1 - - [15/May/2020:19:26:21 +0000] "GET /api/info/featured HTTP/1.1" 200 813 "http://localhost:3000/" "Mozilla/5.0 (Macintosh; Intel Mac OS X 10_15_2) AppleWebKit/537.36 (KHTML, like Gecko) Chrome/81.0.4044.138 Safari/537.36"
::1 - - [15/May/2020:19:26:28 +0000] "GET /api/auth/me HTTP/1.1" 401 44 "http://localhost:3000/" "Mozilla/5.0 (Macintosh; Intel Mac OS X 10_15_2) AppleWebKit/537.36 (KHTML, like Gecko) Chrome/81.0.4044.138 Safari/537.36"
::1 - - [15/May/2020:19:26:28 +0000] "POST /api/auth/checkCookie HTTP/1.1" 401 44 "http://localhost:3000/" "Mozilla/5.0 (Macintosh; Intel Mac OS X 10_15_2) AppleWebKit/537.36 (KHTML, like Gecko) Chrome/81.0.4044.138 Safari/537.36"
::1 - - [15/May/2020:19:26:29 +0000] "GET /api/info HTTP/1.1" 200 89 "http://localhost:3000/" "Mozilla/5.0 (Macintosh; Intel Mac OS X 10_15_2) AppleWebKit/537.36 (KHTML, like Gecko) Chrome/81.0.4044.138 Safari/537.36"
::1 - - [15/May/2020:19:26:29 +0000] "GET /api/info/featured HTTP/1.1" 200 813 "http://localhost:3000/" "Mozilla/5.0 (Macintosh; Intel Mac OS X 10_15_2) AppleWebKit/537.36 (KHTML, like Gecko) Chrome/81.0.4044.138 Safari/537.36"
::1 - - [15/May/2020:19:26:35 +0000] "GET /api/auth/me HTTP/1.1" 401 44 "http://localhost:3000/" "Mozilla/5.0 (Macintosh; Intel Mac OS X 10_15_2) AppleWebKit/537.36 (KHTML, like Gecko) Chrome/81.0.4044.138 Safari/537.36"
::1 - - [15/May/2020:19:26:35 +0000] "POST /api/auth/checkCookie HTTP/1.1" 401 44 "http://localhost:3000/" "Mozilla/5.0 (Macintosh; Intel Mac OS X 10_15_2) AppleWebKit/537.36 (KHTML, like Gecko) Chrome/81.0.4044.138 Safari/537.36"
::1 - - [15/May/2020:19:26:35 +0000] "GET /api/info HTTP/1.1" 200 89 "http://localhost:3000/" "Mozilla/5.0 (Macintosh; Intel Mac OS X 10_15_2) AppleWebKit/537.36 (KHTML, like Gecko) Chrome/81.0.4044.138 Safari/537.36"
::1 - - [15/May/2020:19:26:35 +0000] "GET /api/info/featured HTTP/1.1" 200 813 "http://localhost:3000/" "Mozilla/5.0 (Macintosh; Intel Mac OS X 10_15_2) AppleWebKit/537.36 (KHTML, like Gecko) Chrome/81.0.4044.138 Safari/537.36"
::1 - - [15/May/2020:19:30:12 +0000] "POST /api/auth/login HTTP/1.1" 200 13 "http://localhost:3000/cnic" "Mozilla/5.0 (Macintosh; Intel Mac OS X 10_15_2) AppleWebKit/537.36 (KHTML, like Gecko) Chrome/81.0.4044.138 Safari/537.36"
::1 - - [15/May/2020:19:30:12 +0000] "POST /api/auth/checkCookie HTTP/1.1" 200 13 "http://localhost:3000/cnic" "Mozilla/5.0 (Macintosh; Intel Mac OS X 10_15_2) AppleWebKit/537.36 (KHTML, like Gecko) Chrome/81.0.4044.138 Safari/537.36"
::1 - - [15/May/2020:19:30:13 +0000] "GET /api/auth/me HTTP/1.1" 200 2703 "http://localhost:3000/cnic" "Mozilla/5.0 (Macintosh; Intel Mac OS X 10_15_2) AppleWebKit/537.36 (KHTML, like Gecko) Chrome/81.0.4044.138 Safari/537.36"
::1 - - [15/May/2020:19:30:13 +0000] "GET /api/auth/me HTTP/1.1" 200 2703 "http://localhost:3000/cnic" "Mozilla/5.0 (Macintosh; Intel Mac OS X 10_15_2) AppleWebKit/537.36 (KHTML, like Gecko) Chrome/81.0.4044.138 Safari/537.36"
::1 - - [15/May/2020:19:30:13 +0000] "GET /api/auth/me HTTP/1.1" 200 2703 "http://localhost:3000/cnic" "Mozilla/5.0 (Macintosh; Intel Mac OS X 10_15_2) AppleWebKit/537.36 (KHTML, like Gecko) Chrome/81.0.4044.138 Safari/537.36"
::1 - - [15/May/2020:19:30:40 +0000] "POST /api/auth/logout HTTP/1.1" 200 14 "http://localhost:3000/cnic" "Mozilla/5.0 (Macintosh; Intel Mac OS X 10_15_2) AppleWebKit/537.36 (KHTML, like Gecko) Chrome/81.0.4044.138 Safari/537.36"
::1 - - [15/May/2020:19:32:32 +0000] "POST /api/auth/checkCookie HTTP/1.1" 401 44 "http://localhost:3000/cnic" "Mozilla/5.0 (Macintosh; Intel Mac OS X 10_15_2) AppleWebKit/537.36 (KHTML, like Gecko) Chrome/81.0.4044.138 Safari/537.36"
::1 - - [15/May/2020:19:37:00 +0000] "POST /api/auth/checkCookie HTTP/1.1" 401 44 "http://localhost:3000/cnic" "Mozilla/5.0 (Macintosh; Intel Mac OS X 10_15_2) AppleWebKit/537.36 (KHTML, like Gecko) Chrome/81.0.4044.138 Safari/537.36"
::1 - - [15/May/2020:19:38:43 +0000] "POST /api/auth/checkCookie HTTP/1.1" 401 44 "http://localhost:3000/cnic" "Mozilla/5.0 (Macintosh; Intel Mac OS X 10_15_2) AppleWebKit/537.36 (KHTML, like Gecko) Chrome/81.0.4044.138 Safari/537.36"
::1 - - [15/May/2020:19:39:34 +0000] "POST /api/auth/checkCookie HTTP/1.1" 401 44 "http://localhost:3000/cnic" "Mozilla/5.0 (Macintosh; Intel Mac OS X 10_15_2) AppleWebKit/537.36 (KHTML, like Gecko) Chrome/81.0.4044.138 Safari/537.36"
::1 - - [15/May/2020:19:39:58 +0000] "GET /api/event HTTP/1.1" 200 1818 "http://localhost:3000/map" "Mozilla/5.0 (Macintosh; Intel Mac OS X 10_15_2) AppleWebKit/537.36 (KHTML, like Gecko) Chrome/81.0.4044.138 Safari/537.36"
::1 - - [15/May/2020:19:40:00 +0000] "GET /api/auth/me HTTP/1.1" 401 44 "http://localhost:3000/" "Mozilla/5.0 (Macintosh; Intel Mac OS X 10_15_2) AppleWebKit/537.36 (KHTML, like Gecko) Chrome/81.0.4044.138 Safari/537.36"
::1 - - [15/May/2020:19:40:01 +0000] "GET /api/info HTTP/1.1" 200 89 "http://localhost:3000/" "Mozilla/5.0 (Macintosh; Intel Mac OS X 10_15_2) AppleWebKit/537.36 (KHTML, like Gecko) Chrome/81.0.4044.138 Safari/537.36"
::1 - - [15/May/2020:19:40:01 +0000] "GET /api/info/featured HTTP/1.1" 200 813 "http://localhost:3000/" "Mozilla/5.0 (Macintosh; Intel Mac OS X 10_15_2) AppleWebKit/537.36 (KHTML, like Gecko) Chrome/81.0.4044.138 Safari/537.36"
::1 - - [15/May/2020:19:40:16 +0000] "GET /api/supplier/ HTTP/1.1" 200 2492 "http://localhost:3000/organisations" "Mozilla/5.0 (Macintosh; Intel Mac OS X 10_15_2) AppleWebKit/537.36 (KHTML, like Gecko) Chrome/81.0.4044.138 Safari/537.36"
::1 - - [15/May/2020:19:41:48 +0000] "POST /api/auth/checkCookie HTTP/1.1" 401 44 "http://localhost:3000/about" "Mozilla/5.0 (Macintosh; Intel Mac OS X 10_15_2) AppleWebKit/537.36 (KHTML, like Gecko) Chrome/81.0.4044.138 Safari/537.36"
::1 - - [15/May/2020:19:42:57 +0000] "POST /api/auth/checkCookie HTTP/1.1" 401 44 "http://localhost:3000/signup" "Mozilla/5.0 (Macintosh; Intel Mac OS X 10_15_2) AppleWebKit/537.36 (KHTML, like Gecko) Chrome/81.0.4044.138 Safari/537.36"
::1 - - [15/May/2020:19:43:19 +0000] "POST /api/auth/checkCookie HTTP/1.1" 401 44 "http://localhost:3000/signup" "Mozilla/5.0 (Macintosh; Intel Mac OS X 10_15_2) AppleWebKit/537.36 (KHTML, like Gecko) Chrome/81.0.4044.138 Safari/537.36"
::1 - - [15/May/2020:19:43:35 +0000] "POST /api/auth/login HTTP/1.1" 200 13 "http://localhost:3000/signup" "Mozilla/5.0 (Macintosh; Intel Mac OS X 10_15_2) AppleWebKit/537.36 (KHTML, like Gecko) Chrome/81.0.4044.138 Safari/537.36"
::1 - - [15/May/2020:19:43:35 +0000] "POST /api/auth/checkCookie HTTP/1.1" 200 13 "http://localhost:3000/" "Mozilla/5.0 (Macintosh; Intel Mac OS X 10_15_2) AppleWebKit/537.36 (KHTML, like Gecko) Chrome/81.0.4044.138 Safari/537.36"
::1 - - [15/May/2020:19:43:36 +0000] "GET /api/info HTTP/1.1" 200 89 "http://localhost:3000/" "Mozilla/5.0 (Macintosh; Intel Mac OS X 10_15_2) AppleWebKit/537.36 (KHTML, like Gecko) Chrome/81.0.4044.138 Safari/537.36"
::1 - - [15/May/2020:19:43:36 +0000] "GET /api/info/featured HTTP/1.1" 200 813 "http://localhost:3000/" "Mozilla/5.0 (Macintosh; Intel Mac OS X 10_15_2) AppleWebKit/537.36 (KHTML, like Gecko) Chrome/81.0.4044.138 Safari/537.36"
::1 - - [15/May/2020:19:43:36 +0000] "GET /api/auth/me HTTP/1.1" 200 2703 "http://localhost:3000/" "Mozilla/5.0 (Macintosh; Intel Mac OS X 10_15_2) AppleWebKit/537.36 (KHTML, like Gecko) Chrome/81.0.4044.138 Safari/537.36"
::1 - - [15/May/2020:19:44:46 +0000] "POST /api/auth/checkCookie HTTP/1.1" 200 13 "http://localhost:3000/" "Mozilla/5.0 (Macintosh; Intel Mac OS X 10_15_2) AppleWebKit/537.36 (KHTML, like Gecko) Chrome/81.0.4044.138 Safari/537.36"
::1 - - [15/May/2020:19:44:46 +0000] "GET /api/info/featured HTTP/1.1" 200 813 "http://localhost:3000/" "Mozilla/5.0 (Macintosh; Intel Mac OS X 10_15_2) AppleWebKit/537.36 (KHTML, like Gecko) Chrome/81.0.4044.138 Safari/537.36"
::1 - - [15/May/2020:19:44:46 +0000] "GET /api/info HTTP/1.1" 200 89 "http://localhost:3000/" "Mozilla/5.0 (Macintosh; Intel Mac OS X 10_15_2) AppleWebKit/537.36 (KHTML, like Gecko) Chrome/81.0.4044.138 Safari/537.36"
::1 - - [15/May/2020:19:44:47 +0000] "GET /api/auth/me HTTP/1.1" 200 2703 "http://localhost:3000/" "Mozilla/5.0 (Macintosh; Intel Mac OS X 10_15_2) AppleWebKit/537.36 (KHTML, like Gecko) Chrome/81.0.4044.138 Safari/537.36"
::1 - - [15/May/2020:19:45:26 +0000] "POST /api/auth/checkCookie HTTP/1.1" 200 13 "http://localhost:3000/" "Mozilla/5.0 (Macintosh; Intel Mac OS X 10_15_2) AppleWebKit/537.36 (KHTML, like Gecko) Chrome/81.0.4044.138 Safari/537.36"
::1 - - [15/May/2020:19:45:27 +0000] "GET /api/info HTTP/1.1" 200 89 "http://localhost:3000/" "Mozilla/5.0 (Macintosh; Intel Mac OS X 10_15_2) AppleWebKit/537.36 (KHTML, like Gecko) Chrome/81.0.4044.138 Safari/537.36"
::1 - - [15/May/2020:19:45:27 +0000] "GET /api/info/featured HTTP/1.1" 200 813 "http://localhost:3000/" "Mozilla/5.0 (Macintosh; Intel Mac OS X 10_15_2) AppleWebKit/537.36 (KHTML, like Gecko) Chrome/81.0.4044.138 Safari/537.36"
::1 - - [15/May/2020:19:45:27 +0000] "GET /api/auth/me HTTP/1.1" 200 2703 "http://localhost:3000/" "Mozilla/5.0 (Macintosh; Intel Mac OS X 10_15_2) AppleWebKit/537.36 (KHTML, like Gecko) Chrome/81.0.4044.138 Safari/537.36"
::1 - - [15/May/2020:19:46:31 +0000] "POST /api/auth/checkCookie HTTP/1.1" 200 13 "http://localhost:3000/" "Mozilla/5.0 (Macintosh; Intel Mac OS X 10_15_2) AppleWebKit/537.36 (KHTML, like Gecko) Chrome/81.0.4044.138 Safari/537.36"
::1 - - [15/May/2020:19:46:31 +0000] "GET /api/info HTTP/1.1" 200 89 "http://localhost:3000/" "Mozilla/5.0 (Macintosh; Intel Mac OS X 10_15_2) AppleWebKit/537.36 (KHTML, like Gecko) Chrome/81.0.4044.138 Safari/537.36"
::1 - - [15/May/2020:19:46:31 +0000] "GET /api/info/featured HTTP/1.1" 200 813 "http://localhost:3000/" "Mozilla/5.0 (Macintosh; Intel Mac OS X 10_15_2) AppleWebKit/537.36 (KHTML, like Gecko) Chrome/81.0.4044.138 Safari/537.36"
::1 - - [15/May/2020:19:46:31 +0000] "GET /api/auth/me HTTP/1.1" 200 2703 "http://localhost:3000/" "Mozilla/5.0 (Macintosh; Intel Mac OS X 10_15_2) AppleWebKit/537.36 (KHTML, like Gecko) Chrome/81.0.4044.138 Safari/537.36"
::1 - - [15/May/2020:19:47:04 +0000] "POST /api/auth/checkCookie HTTP/1.1" 200 13 "http://localhost:3000/" "Mozilla/5.0 (Macintosh; Intel Mac OS X 10_15_2) AppleWebKit/537.36 (KHTML, like Gecko) Chrome/81.0.4044.138 Safari/537.36"
::1 - - [15/May/2020:19:47:04 +0000] "GET /api/info HTTP/1.1" 200 89 "http://localhost:3000/" "Mozilla/5.0 (Macintosh; Intel Mac OS X 10_15_2) AppleWebKit/537.36 (KHTML, like Gecko) Chrome/81.0.4044.138 Safari/537.36"
::1 - - [15/May/2020:19:47:04 +0000] "GET /api/info/featured HTTP/1.1" 200 813 "http://localhost:3000/" "Mozilla/5.0 (Macintosh; Intel Mac OS X 10_15_2) AppleWebKit/537.36 (KHTML, like Gecko) Chrome/81.0.4044.138 Safari/537.36"
::1 - - [15/May/2020:19:47:04 +0000] "GET /api/auth/me HTTP/1.1" 200 2703 "http://localhost:3000/" "Mozilla/5.0 (Macintosh; Intel Mac OS X 10_15_2) AppleWebKit/537.36 (KHTML, like Gecko) Chrome/81.0.4044.138 Safari/537.36"
::1 - - [15/May/2020:19:48:42 +0000] "GET /api/supplier/ HTTP/1.1" 200 2492 "http://localhost:3000/organisations" "Mozilla/5.0 (Macintosh; Intel Mac OS X 10_15_2) AppleWebKit/537.36 (KHTML, like Gecko) Chrome/81.0.4044.138 Safari/537.36"
::1 - - [15/May/2020:19:49:50 +0000] "POST /api/auth/checkCookie HTTP/1.1" 200 13 "http://localhost:3000/about" "Mozilla/5.0 (Macintosh; Intel Mac OS X 10_15_2) AppleWebKit/537.36 (KHTML, like Gecko) Chrome/81.0.4044.138 Safari/537.36"
::1 - - [15/May/2020:19:50:08 +0000] "POST /api/auth/checkCookie HTTP/1.1" 200 13 "http://localhost:3000/about" "Mozilla/5.0 (Macintosh; Intel Mac OS X 10_15_2) AppleWebKit/537.36 (KHTML, like Gecko) Chrome/81.0.4044.138 Safari/537.36"
::1 - - [15/May/2020:20:35:39 +0000] "GET /api/info/featured HTTP/1.1" 304 - "http://localhost:3000/" "Mozilla/5.0 (Macintosh; Intel Mac OS X 10_15_2) AppleWebKit/537.36 (KHTML, like Gecko) Chrome/81.0.4044.138 Safari/537.36"
::1 - - [15/May/2020:20:35:39 +0000] "GET /api/info HTTP/1.1" 304 - "http://localhost:3000/" "Mozilla/5.0 (Macintosh; Intel Mac OS X 10_15_2) AppleWebKit/537.36 (KHTML, like Gecko) Chrome/81.0.4044.138 Safari/537.36"
::1 - - [15/May/2020:20:35:39 +0000] "GET /api/auth/me HTTP/1.1" 304 - "http://localhost:3000/" "Mozilla/5.0 (Macintosh; Intel Mac OS X 10_15_2) AppleWebKit/537.36 (KHTML, like Gecko) Chrome/81.0.4044.138 Safari/537.36"
::1 - - [15/May/2020:20:36:17 +0000] "GET /api/event HTTP/1.1" 304 - "http://localhost:3000/map" "Mozilla/5.0 (Macintosh; Intel Mac OS X 10_15_2) AppleWebKit/537.36 (KHTML, like Gecko) Chrome/81.0.4044.138 Safari/537.36"
::1 - - [15/May/2020:20:36:30 +0000] "GET /api/supplier/ HTTP/1.1" 304 - "http://localhost:3000/organisations" "Mozilla/5.0 (Macintosh; Intel Mac OS X 10_15_2) AppleWebKit/537.36 (KHTML, like Gecko) Chrome/81.0.4044.138 Safari/537.36"
::1 - - [15/May/2020:20:37:26 +0000] "GET /api/cnic/65465465 HTTP/1.1" 500 101 "http://localhost:3000/cnic" "Mozilla/5.0 (Macintosh; Intel Mac OS X 10_15_2) AppleWebKit/537.36 (KHTML, like Gecko) Chrome/81.0.4044.138 Safari/537.36"
::1 - - [15/May/2020:20:37:27 +0000] "GET /api/cnic/65465465 HTTP/1.1" 500 101 "http://localhost:3000/cnic" "Mozilla/5.0 (Macintosh; Intel Mac OS X 10_15_2) AppleWebKit/537.36 (KHTML, like Gecko) Chrome/81.0.4044.138 Safari/537.36"
::1 - - [15/May/2020:20:37:28 +0000] "GET /api/cnic/65465465 HTTP/1.1" 500 101 "http://localhost:3000/cnic" "Mozilla/5.0 (Macintosh; Intel Mac OS X 10_15_2) AppleWebKit/537.36 (KHTML, like Gecko) Chrome/81.0.4044.138 Safari/537.36"
::1 - - [15/May/2020:20:37:28 +0000] "GET /api/cnic/65465465 HTTP/1.1" 500 101 "http://localhost:3000/cnic" "Mozilla/5.0 (Macintosh; Intel Mac OS X 10_15_2) AppleWebKit/537.36 (KHTML, like Gecko) Chrome/81.0.4044.138 Safari/537.36"
::1 - - [15/May/2020:20:37:29 +0000] "GET /api/cnic/65465465 HTTP/1.1" 500 101 "http://localhost:3000/cnic" "Mozilla/5.0 (Macintosh; Intel Mac OS X 10_15_2) AppleWebKit/537.36 (KHTML, like Gecko) Chrome/81.0.4044.138 Safari/537.36"
::1 - - [15/May/2020:20:37:29 +0000] "GET /api/cnic/65465465 HTTP/1.1" 500 101 "http://localhost:3000/cnic" "Mozilla/5.0 (Macintosh; Intel Mac OS X 10_15_2) AppleWebKit/537.36 (KHTML, like Gecko) Chrome/81.0.4044.138 Safari/537.36"
::1 - - [15/May/2020:20:37:30 +0000] "GET /api/cnic/65465465 HTTP/1.1" 500 101 "http://localhost:3000/cnic" "Mozilla/5.0 (Macintosh; Intel Mac OS X 10_15_2) AppleWebKit/537.36 (KHTML, like Gecko) Chrome/81.0.4044.138 Safari/537.36"
::1 - - [15/May/2020:20:37:30 +0000] "GET /api/cnic/65465465 HTTP/1.1" 500 101 "http://localhost:3000/cnic" "Mozilla/5.0 (Macintosh; Intel Mac OS X 10_15_2) AppleWebKit/537.36 (KHTML, like Gecko) Chrome/81.0.4044.138 Safari/537.36"
::1 - - [15/May/2020:20:37:31 +0000] "GET /api/cnic/65465465 HTTP/1.1" 500 101 "http://localhost:3000/cnic" "Mozilla/5.0 (Macintosh; Intel Mac OS X 10_15_2) AppleWebKit/537.36 (KHTML, like Gecko) Chrome/81.0.4044.138 Safari/537.36"
::1 - - [15/May/2020:20:37:31 +0000] "GET /api/cnic/65465465 HTTP/1.1" 500 101 "http://localhost:3000/cnic" "Mozilla/5.0 (Macintosh; Intel Mac OS X 10_15_2) AppleWebKit/537.36 (KHTML, like Gecko) Chrome/81.0.4044.138 Safari/537.36"
::1 - - [15/May/2020:20:37:32 +0000] "GET /api/cnic/65465465 HTTP/1.1" 500 101 "http://localhost:3000/cnic" "Mozilla/5.0 (Macintosh; Intel Mac OS X 10_15_2) AppleWebKit/537.36 (KHTML, like Gecko) Chrome/81.0.4044.138 Safari/537.36"
::1 - - [15/May/2020:20:37:32 +0000] "GET /api/cnic/65465465 HTTP/1.1" 500 101 "http://localhost:3000/cnic" "Mozilla/5.0 (Macintosh; Intel Mac OS X 10_15_2) AppleWebKit/537.36 (KHTML, like Gecko) Chrome/81.0.4044.138 Safari/537.36"
::1 - - [15/May/2020:20:37:32 +0000] "GET /api/cnic/65465465 HTTP/1.1" 500 101 "http://localhost:3000/cnic" "Mozilla/5.0 (Macintosh; Intel Mac OS X 10_15_2) AppleWebKit/537.36 (KHTML, like Gecko) Chrome/81.0.4044.138 Safari/537.36"
::1 - - [15/May/2020:20:37:33 +0000] "GET /api/cnic/65465465 HTTP/1.1" 500 101 "http://localhost:3000/cnic" "Mozilla/5.0 (Macintosh; Intel Mac OS X 10_15_2) AppleWebKit/537.36 (KHTML, like Gecko) Chrome/81.0.4044.138 Safari/537.36"
::1 - - [15/May/2020:20:37:33 +0000] "GET /api/cnic/65465465 HTTP/1.1" 500 101 "http://localhost:3000/cnic" "Mozilla/5.0 (Macintosh; Intel Mac OS X 10_15_2) AppleWebKit/537.36 (KHTML, like Gecko) Chrome/81.0.4044.138 Safari/537.36"
::1 - - [15/May/2020:20:37:33 +0000] "GET /api/cnic/65465465 HTTP/1.1" 500 101 "http://localhost:3000/cnic" "Mozilla/5.0 (Macintosh; Intel Mac OS X 10_15_2) AppleWebKit/537.36 (KHTML, like Gecko) Chrome/81.0.4044.138 Safari/537.36"
::1 - - [15/May/2020:20:37:34 +0000] "GET /api/cnic/65465465 HTTP/1.1" 500 101 "http://localhost:3000/cnic" "Mozilla/5.0 (Macintosh; Intel Mac OS X 10_15_2) AppleWebKit/537.36 (KHTML, like Gecko) Chrome/81.0.4044.138 Safari/537.36"
::1 - - [15/May/2020:20:37:34 +0000] "GET /api/cnic/65465465 HTTP/1.1" 500 101 "http://localhost:3000/cnic" "Mozilla/5.0 (Macintosh; Intel Mac OS X 10_15_2) AppleWebKit/537.36 (KHTML, like Gecko) Chrome/81.0.4044.138 Safari/537.36"
::1 - - [15/May/2020:20:37:34 +0000] "GET /api/cnic/65465465 HTTP/1.1" 500 101 "http://localhost:3000/cnic" "Mozilla/5.0 (Macintosh; Intel Mac OS X 10_15_2) AppleWebKit/537.36 (KHTML, like Gecko) Chrome/81.0.4044.138 Safari/537.36"
::1 - - [15/May/2020:20:37:35 +0000] "GET /api/cnic/65465465 HTTP/1.1" 500 101 "http://localhost:3000/cnic" "Mozilla/5.0 (Macintosh; Intel Mac OS X 10_15_2) AppleWebKit/537.36 (KHTML, like Gecko) Chrome/81.0.4044.138 Safari/537.36"
::1 - - [15/May/2020:20:37:35 +0000] "GET /api/cnic/65465465 HTTP/1.1" 500 101 "http://localhost:3000/cnic" "Mozilla/5.0 (Macintosh; Intel Mac OS X 10_15_2) AppleWebKit/537.36 (KHTML, like Gecko) Chrome/81.0.4044.138 Safari/537.36"
::1 - - [15/May/2020:20:37:35 +0000] "GET /api/cnic/65465465 HTTP/1.1" 500 101 "http://localhost:3000/cnic" "Mozilla/5.0 (Macintosh; Intel Mac OS X 10_15_2) AppleWebKit/537.36 (KHTML, like Gecko) Chrome/81.0.4044.138 Safari/537.36"
::1 - - [15/May/2020:20:37:36 +0000] "GET /api/cnic/65465465 HTTP/1.1" 500 101 "http://localhost:3000/cnic" "Mozilla/5.0 (Macintosh; Intel Mac OS X 10_15_2) AppleWebKit/537.36 (KHTML, like Gecko) Chrome/81.0.4044.138 Safari/537.36"
::1 - - [15/May/2020:20:37:36 +0000] "GET /api/cnic/65465465 HTTP/1.1" 500 101 "http://localhost:3000/cnic" "Mozilla/5.0 (Macintosh; Intel Mac OS X 10_15_2) AppleWebKit/537.36 (KHTML, like Gecko) Chrome/81.0.4044.138 Safari/537.36"
::1 - - [15/May/2020:21:15:56 +0000] "POST /api/auth/checkCookie HTTP/1.1" 200 13 "http://localhost:3000/organisations" "Mozilla/5.0 (Macintosh; Intel Mac OS X 10_15_2) AppleWebKit/537.36 (KHTML, like Gecko) Chrome/81.0.4044.138 Safari/537.36"
::1 - - [15/May/2020:21:16:01 +0000] "GET /api/supplier/ HTTP/1.1" 304 - "http://localhost:3000/organisations" "Mozilla/5.0 (Macintosh; Intel Mac OS X 10_15_2) AppleWebKit/537.36 (KHTML, like Gecko) Chrome/81.0.4044.138 Safari/537.36"
::1 - - [15/May/2020:21:21:04 +0000] "POST /api/auth/checkCookie HTTP/1.1" 200 13 "http://localhost:3000/organisations" "Mozilla/5.0 (Macintosh; Intel Mac OS X 10_15_2) AppleWebKit/537.36 (KHTML, like Gecko) Chrome/81.0.4044.138 Safari/537.36"
::1 - - [15/May/2020:21:21:05 +0000] "GET /api/supplier/ HTTP/1.1" 304 - "http://localhost:3000/organisations" "Mozilla/5.0 (Macintosh; Intel Mac OS X 10_15_2) AppleWebKit/537.36 (KHTML, like Gecko) Chrome/81.0.4044.138 Safari/537.36"
::1 - - [15/May/2020:21:21:28 +0000] "POST /api/auth/checkCookie HTTP/1.1" 200 13 "http://localhost:3000/organisations" "Mozilla/5.0 (Macintosh; Intel Mac OS X 10_15_2) AppleWebKit/537.36 (KHTML, like Gecko) Chrome/81.0.4044.138 Safari/537.36"
::1 - - [15/May/2020:21:21:28 +0000] "GET /api/supplier/ HTTP/1.1" 304 - "http://localhost:3000/organisations" "Mozilla/5.0 (Macintosh; Intel Mac OS X 10_15_2) AppleWebKit/537.36 (KHTML, like Gecko) Chrome/81.0.4044.138 Safari/537.36"
::1 - - [15/May/2020:21:21:52 +0000] "POST /api/auth/checkCookie HTTP/1.1" 200 13 "http://localhost:3000/about" "Mozilla/5.0 (Macintosh; Intel Mac OS X 10_15_2) AppleWebKit/537.36 (KHTML, like Gecko) Chrome/81.0.4044.138 Safari/537.36"
::1 - - [15/May/2020:21:22:04 +0000] "POST /api/auth/checkCookie HTTP/1.1" 200 13 "http://localhost:3000/about" "Mozilla/5.0 (Macintosh; Intel Mac OS X 10_15_2) AppleWebKit/537.36 (KHTML, like Gecko) Chrome/81.0.4044.138 Safari/537.36"
::1 - - [15/May/2020:21:23:30 +0000] "POST /api/auth/checkCookie HTTP/1.1" 200 13 "http://localhost:3000/about" "Mozilla/5.0 (Macintosh; Intel Mac OS X 10_15_2) AppleWebKit/537.36 (KHTML, like Gecko) Chrome/81.0.4044.138 Safari/537.36"
::1 - - [15/May/2020:21:24:03 +0000] "POST /api/auth/checkCookie HTTP/1.1" 200 13 "http://localhost:3000/about" "Mozilla/5.0 (Macintosh; Intel Mac OS X 10_15_2) AppleWebKit/537.36 (KHTML, like Gecko) Chrome/81.0.4044.138 Safari/537.36"
::1 - - [15/May/2020:21:24:25 +0000] "POST /api/auth/checkCookie HTTP/1.1" 200 13 "http://localhost:3000/about" "Mozilla/5.0 (Macintosh; Intel Mac OS X 10_15_2) AppleWebKit/537.36 (KHTML, like Gecko) Chrome/81.0.4044.138 Safari/537.36"
::1 - - [15/May/2020:21:25:44 +0000] "POST /api/auth/checkCookie HTTP/1.1" 200 13 "http://localhost:3000/about" "Mozilla/5.0 (Macintosh; Intel Mac OS X 10_15_2) AppleWebKit/537.36 (KHTML, like Gecko) Chrome/81.0.4044.138 Safari/537.36"
::1 - - [15/May/2020:21:28:36 +0000] "POST /api/auth/checkCookie HTTP/1.1" 200 13 "http://localhost:3000/about" "Mozilla/5.0 (Macintosh; Intel Mac OS X 10_15_2) AppleWebKit/537.36 (KHTML, like Gecko) Chrome/81.0.4044.138 Safari/537.36"
::1 - - [15/May/2020:21:28:52 +0000] "POST /api/auth/checkCookie HTTP/1.1" 200 13 "http://localhost:3000/about" "Mozilla/5.0 (Macintosh; Intel Mac OS X 10_15_2) AppleWebKit/537.36 (KHTML, like Gecko) Chrome/81.0.4044.138 Safari/537.36"
::1 - - [15/May/2020:21:30:22 +0000] "POST /api/auth/checkCookie HTTP/1.1" 200 13 "http://localhost:3000/about" "Mozilla/5.0 (Macintosh; Intel Mac OS X 10_15_2) AppleWebKit/537.36 (KHTML, like Gecko) Chrome/81.0.4044.138 Safari/537.36"
::1 - - [15/May/2020:21:30:47 +0000] "POST /api/auth/checkCookie HTTP/1.1" 200 13 "http://localhost:3000/about" "Mozilla/5.0 (Macintosh; Intel Mac OS X 10_15_2) AppleWebKit/537.36 (KHTML, like Gecko) Chrome/81.0.4044.138 Safari/537.36"
::1 - - [15/May/2020:21:40:05 +0000] "POST /api/auth/checkCookie HTTP/1.1" 200 13 "http://localhost:3000/about" "Mozilla/5.0 (Macintosh; Intel Mac OS X 10_15_2) AppleWebKit/537.36 (KHTML, like Gecko) Chrome/81.0.4044.138 Safari/537.36"
::1 - - [16/May/2020:15:56:08 +0000] "POST /api/auth/checkCookie HTTP/1.1" 200 13 "http://localhost:3000/about" "Mozilla/5.0 (Macintosh; Intel Mac OS X 10_15_4) AppleWebKit/537.36 (KHTML, like Gecko) Chrome/81.0.4044.138 Safari/537.36"
::1 - - [16/May/2020:15:56:57 +0000] "POST /api/auth/checkCookie HTTP/1.1" 200 13 "http://localhost:3000/about" "Mozilla/5.0 (Macintosh; Intel Mac OS X 10_15_4) AppleWebKit/537.36 (KHTML, like Gecko) Chrome/81.0.4044.138 Safari/537.36"
::1 - - [16/May/2020:16:01:24 +0000] "GET /api/auth/me HTTP/1.1" 200 2703 "http://localhost:3000/cnic" "Mozilla/5.0 (Macintosh; Intel Mac OS X 10_15_4) AppleWebKit/537.36 (KHTML, like Gecko) Chrome/81.0.4044.138 Safari/537.36"
::1 - - [16/May/2020:16:01:24 +0000] "GET /api/auth/me HTTP/1.1" 200 2703 "http://localhost:3000/cnic" "Mozilla/5.0 (Macintosh; Intel Mac OS X 10_15_4) AppleWebKit/537.36 (KHTML, like Gecko) Chrome/81.0.4044.138 Safari/537.36"
::1 - - [16/May/2020:16:01:39 +0000] "POST /api/auth/checkCookie HTTP/1.1" 200 13 "http://localhost:3000/cnic" "Mozilla/5.0 (Macintosh; Intel Mac OS X 10_15_4) AppleWebKit/537.36 (KHTML, like Gecko) Chrome/81.0.4044.138 Safari/537.36"
::1 - - [16/May/2020:16:01:39 +0000] "GET /api/auth/me HTTP/1.1" 200 2703 "http://localhost:3000/cnic" "Mozilla/5.0 (Macintosh; Intel Mac OS X 10_15_4) AppleWebKit/537.36 (KHTML, like Gecko) Chrome/81.0.4044.138 Safari/537.36"
::1 - - [16/May/2020:16:01:39 +0000] "GET /api/auth/me HTTP/1.1" 200 2703 "http://localhost:3000/cnic" "Mozilla/5.0 (Macintosh; Intel Mac OS X 10_15_4) AppleWebKit/537.36 (KHTML, like Gecko) Chrome/81.0.4044.138 Safari/537.36"
::1 - - [16/May/2020:16:02:04 +0000] "POST /api/auth/checkCookie HTTP/1.1" 200 13 "http://localhost:3000/cnic" "Mozilla/5.0 (Macintosh; Intel Mac OS X 10_15_4) AppleWebKit/537.36 (KHTML, like Gecko) Chrome/81.0.4044.138 Safari/537.36"
::1 - - [16/May/2020:16:02:05 +0000] "GET /api/auth/me HTTP/1.1" 200 2703 "http://localhost:3000/cnic" "Mozilla/5.0 (Macintosh; Intel Mac OS X 10_15_4) AppleWebKit/537.36 (KHTML, like Gecko) Chrome/81.0.4044.138 Safari/537.36"
::1 - - [16/May/2020:16:02:05 +0000] "GET /api/auth/me HTTP/1.1" 200 2703 "http://localhost:3000/cnic" "Mozilla/5.0 (Macintosh; Intel Mac OS X 10_15_4) AppleWebKit/537.36 (KHTML, like Gecko) Chrome/81.0.4044.138 Safari/537.36"
::1 - - [16/May/2020:18:04:46 +0000] "GET /api/event HTTP/1.1" 200 1818 "http://localhost:3000/map" "Mozilla/5.0 (Macintosh; Intel Mac OS X 10_15_4) AppleWebKit/537.36 (KHTML, like Gecko) Chrome/81.0.4044.138 Safari/537.36"
::1 - - [16/May/2020:18:04:48 +0000] "GET /api/supplier/ HTTP/1.1" 200 2492 "http://localhost:3000/organisations" "Mozilla/5.0 (Macintosh; Intel Mac OS X 10_15_4) AppleWebKit/537.36 (KHTML, like Gecko) Chrome/81.0.4044.138 Safari/537.36"
::1 - - [16/May/2020:18:04:51 +0000] "GET /api/info HTTP/1.1" 200 89 "http://localhost:3000/" "Mozilla/5.0 (Macintosh; Intel Mac OS X 10_15_4) AppleWebKit/537.36 (KHTML, like Gecko) Chrome/81.0.4044.138 Safari/537.36"
::1 - - [16/May/2020:18:04:51 +0000] "GET /api/info/featured HTTP/1.1" 200 813 "http://localhost:3000/" "Mozilla/5.0 (Macintosh; Intel Mac OS X 10_15_4) AppleWebKit/537.36 (KHTML, like Gecko) Chrome/81.0.4044.138 Safari/537.36"
