::1 - - [01/May/2020:20:54:44 +0000] "GET /api/info HTTP/1.1" 404 147 "-" "PostmanRuntime/7.6.0"
::1 - - [01/May/2020:20:54:55 +0000] "GET /api/info HTTP/1.1" 404 147 "-" "PostmanRuntime/7.6.0"
::1 - - [01/May/2020:20:54:57 +0000] "GET /api/info HTTP/1.1" 404 147 "-" "PostmanRuntime/7.6.0"
::1 - - [01/May/2020:20:55:48 +0000] "GET /api/info HTTP/1.1" 200 40 "-" "PostmanRuntime/7.6.0"
::1 - - [01/May/2020:21:21:02 +0000] "GET /api/info HTTP/1.1" 200 40 "http://localhost:3000/" "Mozilla/5.0 (Macintosh; Intel Mac OS X 10_15_2) AppleWebKit/537.36 (KHTML, like Gecko) Chrome/81.0.4044.129 Safari/537.36"
::1 - - [01/May/2020:21:21:24 +0000] "GET /api/info HTTP/1.1" 200 40 "http://localhost:3000/" "Mozilla/5.0 (Macintosh; Intel Mac OS X 10_15_2) AppleWebKit/537.36 (KHTML, like Gecko) Chrome/81.0.4044.129 Safari/537.36"
::1 - - [01/May/2020:21:22:00 +0000] "GET /api/info HTTP/1.1" 200 40 "http://localhost:3000/" "Mozilla/5.0 (Macintosh; Intel Mac OS X 10_15_2) AppleWebKit/537.36 (KHTML, like Gecko) Chrome/81.0.4044.129 Safari/537.36"
::1 - - [01/May/2020:21:22:16 +0000] "GET /api/info HTTP/1.1" 200 40 "http://localhost:3000/" "Mozilla/5.0 (Macintosh; Intel Mac OS X 10_15_2) AppleWebKit/537.36 (KHTML, like Gecko) Chrome/81.0.4044.129 Safari/537.36"
::1 - - [01/May/2020:21:24:55 +0000] "GET /api/info HTTP/1.1" 200 40 "http://localhost:3000/" "Mozilla/5.0 (Macintosh; Intel Mac OS X 10_15_2) AppleWebKit/537.36 (KHTML, like Gecko) Chrome/81.0.4044.129 Safari/537.36"
::1 - - [01/May/2020:21:25:46 +0000] "GET /api/info HTTP/1.1" 200 40 "http://localhost:3000/" "Mozilla/5.0 (Macintosh; Intel Mac OS X 10_15_2) AppleWebKit/537.36 (KHTML, like Gecko) Chrome/81.0.4044.129 Safari/537.36"
::1 - - [01/May/2020:21:26:40 +0000] "GET /api/info HTTP/1.1" 200 40 "http://localhost:3000/" "Mozilla/5.0 (Macintosh; Intel Mac OS X 10_15_2) AppleWebKit/537.36 (KHTML, like Gecko) Chrome/81.0.4044.129 Safari/537.36"
::1 - - [01/May/2020:21:27:30 +0000] "GET /api/info HTTP/1.1" 200 40 "http://localhost:3000/" "Mozilla/5.0 (Macintosh; Intel Mac OS X 10_15_2) AppleWebKit/537.36 (KHTML, like Gecko) Chrome/81.0.4044.129 Safari/537.36"
::1 - - [01/May/2020:21:27:39 +0000] "GET /api/info HTTP/1.1" 200 40 "http://localhost:3000/" "Mozilla/5.0 (Macintosh; Intel Mac OS X 10_15_2) AppleWebKit/537.36 (KHTML, like Gecko) Chrome/81.0.4044.129 Safari/537.36"
::1 - - [01/May/2020:21:27:44 +0000] "GET /api/info HTTP/1.1" 200 40 "http://localhost:3000/" "Mozilla/5.0 (Macintosh; Intel Mac OS X 10_15_2) AppleWebKit/537.36 (KHTML, like Gecko) Chrome/81.0.4044.129 Safari/537.36"
::1 - - [01/May/2020:21:29:21 +0000] "GET /api/info HTTP/1.1" 200 40 "http://localhost:3000/" "Mozilla/5.0 (Macintosh; Intel Mac OS X 10_15_2) AppleWebKit/537.36 (KHTML, like Gecko) Chrome/81.0.4044.129 Safari/537.36"
::1 - - [01/May/2020:21:30:49 +0000] "GET /api/info HTTP/1.1" 200 40 "http://localhost:3000/" "Mozilla/5.0 (Macintosh; Intel Mac OS X 10_15_2) AppleWebKit/537.36 (KHTML, like Gecko) Chrome/81.0.4044.129 Safari/537.36"
::1 - - [01/May/2020:21:31:13 +0000] "GET /api/info HTTP/1.1" 200 40 "http://localhost:3000/" "Mozilla/5.0 (Macintosh; Intel Mac OS X 10_15_2) AppleWebKit/537.36 (KHTML, like Gecko) Chrome/81.0.4044.129 Safari/537.36"
::1 - - [01/May/2020:21:31:34 +0000] "GET /api/info HTTP/1.1" 200 40 "http://localhost:3000/" "Mozilla/5.0 (Macintosh; Intel Mac OS X 10_15_2) AppleWebKit/537.36 (KHTML, like Gecko) Chrome/81.0.4044.129 Safari/537.36"
::1 - - [01/May/2020:21:31:48 +0000] "GET /api/info HTTP/1.1" 200 40 "http://localhost:3000/" "Mozilla/5.0 (Macintosh; Intel Mac OS X 10_15_2) AppleWebKit/537.36 (KHTML, like Gecko) Chrome/81.0.4044.129 Safari/537.36"
::1 - - [01/May/2020:21:31:58 +0000] "GET /api/info HTTP/1.1" 200 40 "http://localhost:3000/" "Mozilla/5.0 (Macintosh; Intel Mac OS X 10_15_2) AppleWebKit/537.36 (KHTML, like Gecko) Chrome/81.0.4044.129 Safari/537.36"
::1 - - [01/May/2020:21:32:22 +0000] "GET /api/info HTTP/1.1" 200 40 "http://localhost:3000/" "Mozilla/5.0 (Macintosh; Intel Mac OS X 10_15_2) AppleWebKit/537.36 (KHTML, like Gecko) Chrome/81.0.4044.129 Safari/537.36"
::1 - - [01/May/2020:21:33:09 +0000] "GET /api/info HTTP/1.1" 200 40 "http://localhost:3000/" "Mozilla/5.0 (Macintosh; Intel Mac OS X 10_15_2) AppleWebKit/537.36 (KHTML, like Gecko) Chrome/81.0.4044.129 Safari/537.36"
::1 - - [01/May/2020:21:33:42 +0000] "GET /api/info HTTP/1.1" 200 40 "http://localhost:3000/" "Mozilla/5.0 (Macintosh; Intel Mac OS X 10_15_2) AppleWebKit/537.36 (KHTML, like Gecko) Chrome/81.0.4044.129 Safari/537.36"
::1 - - [01/May/2020:21:33:54 +0000] "GET /api/info HTTP/1.1" 200 40 "http://localhost:3000/" "Mozilla/5.0 (Macintosh; Intel Mac OS X 10_15_2) AppleWebKit/537.36 (KHTML, like Gecko) Chrome/81.0.4044.129 Safari/537.36"
::1 - - [01/May/2020:21:34:07 +0000] "GET /api/info HTTP/1.1" 200 40 "http://localhost:3000/" "Mozilla/5.0 (Macintosh; Intel Mac OS X 10_15_2) AppleWebKit/537.36 (KHTML, like Gecko) Chrome/81.0.4044.129 Safari/537.36"
::1 - - [01/May/2020:21:35:46 +0000] "GET /api/info HTTP/1.1" 200 40 "http://localhost:3000/" "Mozilla/5.0 (Macintosh; Intel Mac OS X 10_15_2) AppleWebKit/537.36 (KHTML, like Gecko) Chrome/81.0.4044.129 Safari/537.36"
::1 - - [01/May/2020:21:36:14 +0000] "GET /api/info HTTP/1.1" 200 40 "http://localhost:3000/" "Mozilla/5.0 (Macintosh; Intel Mac OS X 10_15_2) AppleWebKit/537.36 (KHTML, like Gecko) Chrome/81.0.4044.129 Safari/537.36"
::1 - - [01/May/2020:21:36:28 +0000] "GET /api/info HTTP/1.1" 200 40 "http://localhost:3000/" "Mozilla/5.0 (Macintosh; Intel Mac OS X 10_15_2) AppleWebKit/537.36 (KHTML, like Gecko) Chrome/81.0.4044.129 Safari/537.36"
::1 - - [01/May/2020:21:37:46 +0000] "GET /api/info HTTP/1.1" 200 40 "http://localhost:3000/" "Mozilla/5.0 (Macintosh; Intel Mac OS X 10_15_2) AppleWebKit/537.36 (KHTML, like Gecko) Chrome/81.0.4044.129 Safari/537.36"
::1 - - [01/May/2020:21:37:57 +0000] "GET /api/info HTTP/1.1" 200 40 "http://localhost:3000/" "Mozilla/5.0 (Macintosh; Intel Mac OS X 10_15_2) AppleWebKit/537.36 (KHTML, like Gecko) Chrome/81.0.4044.129 Safari/537.36"
::1 - - [01/May/2020:21:39:51 +0000] "GET /api/info HTTP/1.1" - - "http://localhost:3000/" "Mozilla/5.0 (Macintosh; Intel Mac OS X 10_15_2) AppleWebKit/537.36 (KHTML, like Gecko) Chrome/81.0.4044.129 Safari/537.36"
::1 - - [01/May/2020:21:39:54 +0000] "GET /api/info HTTP/1.1" 200 40 "http://localhost:3000/" "Mozilla/5.0 (Macintosh; Intel Mac OS X 10_15_2) AppleWebKit/537.36 (KHTML, like Gecko) Chrome/81.0.4044.129 Safari/537.36"
::1 - - [01/May/2020:21:40:45 +0000] "GET /api/info HTTP/1.1" 200 40 "http://localhost:3000/" "Mozilla/5.0 (Macintosh; Intel Mac OS X 10_15_2) AppleWebKit/537.36 (KHTML, like Gecko) Chrome/81.0.4044.129 Safari/537.36"
::1 - - [01/May/2020:21:43:39 +0000] "GET /api/info HTTP/1.1" 200 40 "http://localhost:3000/" "Mozilla/5.0 (Macintosh; Intel Mac OS X 10_15_2) AppleWebKit/537.36 (KHTML, like Gecko) Chrome/81.0.4044.129 Safari/537.36"
::1 - - [01/May/2020:21:44:14 +0000] "GET /api/info HTTP/1.1" 200 40 "http://localhost:3000/" "Mozilla/5.0 (Macintosh; Intel Mac OS X 10_15_2) AppleWebKit/537.36 (KHTML, like Gecko) Chrome/81.0.4044.129 Safari/537.36"
::1 - - [01/May/2020:21:57:54 +0000] "GET /api/info HTTP/1.1" 200 39 "-" "PostmanRuntime/7.6.0"
::1 - - [01/May/2020:21:57:56 +0000] "GET /api/info HTTP/1.1" 200 39 "-" "PostmanRuntime/7.6.0"
::1 - - [01/May/2020:21:57:57 +0000] "GET /api/info HTTP/1.1" 200 39 "-" "PostmanRuntime/7.6.0"
::1 - - [01/May/2020:21:57:58 +0000] "GET /api/info HTTP/1.1" 200 39 "-" "PostmanRuntime/7.6.0"
::1 - - [01/May/2020:21:58:18 +0000] "GET /api/info HTTP/1.1" 200 40 "-" "PostmanRuntime/7.6.0"
::1 - - [01/May/2020:21:58:19 +0000] "GET /api/info HTTP/1.1" 200 40 "-" "PostmanRuntime/7.6.0"
::1 - - [01/May/2020:21:58:21 +0000] "GET /api/info HTTP/1.1" 200 40 "-" "PostmanRuntime/7.6.0"
::1 - - [01/May/2020:21:58:22 +0000] "GET /api/info HTTP/1.1" 200 40 "-" "PostmanRuntime/7.6.0"
::1 - - [01/May/2020:21:58:23 +0000] "GET /api/info HTTP/1.1" 200 40 "-" "PostmanRuntime/7.6.0"
::1 - - [01/May/2020:21:58:24 +0000] "GET /api/info HTTP/1.1" 200 40 "-" "PostmanRuntime/7.6.0"
::1 - - [01/May/2020:21:58:25 +0000] "GET /api/info HTTP/1.1" 200 40 "-" "PostmanRuntime/7.6.0"
::1 - - [01/May/2020:21:58:26 +0000] "GET /api/info HTTP/1.1" 200 40 "-" "PostmanRuntime/7.6.0"
::1 - - [01/May/2020:21:58:27 +0000] "GET /api/info HTTP/1.1" 200 40 "-" "PostmanRuntime/7.6.0"
::1 - - [01/May/2020:22:02:15 +0000] "GET /api/info HTTP/1.1" 200 3321 "-" "PostmanRuntime/7.6.0"
::1 - - [01/May/2020:22:02:50 +0000] "GET /api/info HTTP/1.1" 200 3321 "-" "PostmanRuntime/7.6.0"
::1 - - [01/May/2020:22:09:00 +0000] "GET /api/info HTTP/1.1" 200 2350 "-" "PostmanRuntime/7.6.0"
::1 - - [01/May/2020:22:09:18 +0000] "GET /api/info HTTP/1.1" 200 1737 "-" "PostmanRuntime/7.6.0"
::1 - - [01/May/2020:22:10:28 +0000] "GET /api/info HTTP/1.1" 200 1737 "http://localhost:3000/" "Mozilla/5.0 (Macintosh; Intel Mac OS X 10_15_2) AppleWebKit/537.36 (KHTML, like Gecko) Chrome/81.0.4044.129 Safari/537.36"
::1 - - [01/May/2020:22:10:36 +0000] "GET /api/info HTTP/1.1" 200 1737 "http://localhost:3000/" "Mozilla/5.0 (Macintosh; Intel Mac OS X 10_15_2) AppleWebKit/537.36 (KHTML, like Gecko) Chrome/81.0.4044.129 Safari/537.36"
::1 - - [01/May/2020:22:10:50 +0000] "GET /api/info HTTP/1.1" 200 1737 "http://localhost:3000/" "Mozilla/5.0 (Macintosh; Intel Mac OS X 10_15_2) AppleWebKit/537.36 (KHTML, like Gecko) Chrome/81.0.4044.129 Safari/537.36"
::1 - - [01/May/2020:22:11:01 +0000] "GET /api/info HTTP/1.1" 200 1737 "http://localhost:3000/" "Mozilla/5.0 (Macintosh; Intel Mac OS X 10_15_2) AppleWebKit/537.36 (KHTML, like Gecko) Chrome/81.0.4044.129 Safari/537.36"
::1 - - [01/May/2020:22:11:13 +0000] "GET /api/info HTTP/1.1" 200 1737 "http://localhost:3000/" "Mozilla/5.0 (Macintosh; Intel Mac OS X 10_15_2) AppleWebKit/537.36 (KHTML, like Gecko) Chrome/81.0.4044.129 Safari/537.36"
::1 - - [01/May/2020:22:11:21 +0000] "GET /api/info HTTP/1.1" 200 1737 "http://localhost:3000/" "Mozilla/5.0 (Macintosh; Intel Mac OS X 10_15_2) AppleWebKit/537.36 (KHTML, like Gecko) Chrome/81.0.4044.129 Safari/537.36"
::1 - - [01/May/2020:22:12:07 +0000] "GET /api/info HTTP/1.1" 200 1737 "http://localhost:3000/" "Mozilla/5.0 (Macintosh; Intel Mac OS X 10_15_2) AppleWebKit/537.36 (KHTML, like Gecko) Chrome/81.0.4044.129 Safari/537.36"
::1 - - [01/May/2020:22:12:28 +0000] "GET /api/rationEvent HTTP/1.1" 304 - "http://localhost:3000/map" "Mozilla/5.0 (Macintosh; Intel Mac OS X 10_15_2) AppleWebKit/537.36 (KHTML, like Gecko) Chrome/81.0.4044.129 Safari/537.36"
::1 - - [01/May/2020:22:12:39 +0000] "GET /api/info HTTP/1.1" 304 - "http://localhost:3000/" "Mozilla/5.0 (Macintosh; Intel Mac OS X 10_15_2) AppleWebKit/537.36 (KHTML, like Gecko) Chrome/81.0.4044.129 Safari/537.36"
::1 - - [01/May/2020:22:13:14 +0000] "GET /api/rationEvent HTTP/1.1" 304 - "http://localhost:3000/map" "Mozilla/5.0 (Macintosh; Intel Mac OS X 10_15_2) AppleWebKit/537.36 (KHTML, like Gecko) Chrome/81.0.4044.129 Safari/537.36"
::1 - - [01/May/2020:22:13:17 +0000] "GET /api/supplier/ HTTP/1.1" 304 - "http://localhost:3000/organisations" "Mozilla/5.0 (Macintosh; Intel Mac OS X 10_15_2) AppleWebKit/537.36 (KHTML, like Gecko) Chrome/81.0.4044.129 Safari/537.36"
::1 - - [01/May/2020:22:13:58 +0000] "GET /api/info HTTP/1.1" 304 - "http://localhost:3000/" "Mozilla/5.0 (Macintosh; Intel Mac OS X 10_15_2) AppleWebKit/537.36 (KHTML, like Gecko) Chrome/81.0.4044.129 Safari/537.36"
::1 - - [01/May/2020:22:14:04 +0000] "GET /api/supplier/ HTTP/1.1" 304 - "http://localhost:3000/organisations" "Mozilla/5.0 (Macintosh; Intel Mac OS X 10_15_2) AppleWebKit/537.36 (KHTML, like Gecko) Chrome/81.0.4044.129 Safari/537.36"
::1 - - [01/May/2020:22:14:08 +0000] "GET /api/info HTTP/1.1" 304 - "http://localhost:3000/" "Mozilla/5.0 (Macintosh; Intel Mac OS X 10_15_2) AppleWebKit/537.36 (KHTML, like Gecko) Chrome/81.0.4044.129 Safari/537.36"
::1 - - [01/May/2020:22:14:16 +0000] "GET /api/rationEvent HTTP/1.1" - - "http://localhost:3000/map" "Mozilla/5.0 (Macintosh; Intel Mac OS X 10_15_2) AppleWebKit/537.36 (KHTML, like Gecko) Chrome/81.0.4044.129 Safari/537.36"
::1 - - [01/May/2020:22:14:17 +0000] "GET /api/rationEvent HTTP/1.1" 200 11663 "http://localhost:3000/map" "Mozilla/5.0 (Macintosh; Intel Mac OS X 10_15_2) AppleWebKit/537.36 (KHTML, like Gecko) Chrome/81.0.4044.129 Safari/537.36"
::1 - - [01/May/2020:22:15:04 +0000] "GET /api/rationEvent HTTP/1.1" 304 - "http://localhost:3000/map" "Mozilla/5.0 (Macintosh; Intel Mac OS X 10_15_2) AppleWebKit/537.36 (KHTML, like Gecko) Chrome/81.0.4044.129 Safari/537.36"
::1 - - [01/May/2020:22:15:08 +0000] "GET /api/info HTTP/1.1" 304 - "http://localhost:3000/" "Mozilla/5.0 (Macintosh; Intel Mac OS X 10_15_2) AppleWebKit/537.36 (KHTML, like Gecko) Chrome/81.0.4044.129 Safari/537.36"
::1 - - [01/May/2020:22:15:15 +0000] "GET /api/info HTTP/1.1" 304 - "http://localhost:3000/" "Mozilla/5.0 (Macintosh; Intel Mac OS X 10_15_2) AppleWebKit/537.36 (KHTML, like Gecko) Chrome/81.0.4044.129 Safari/537.36"
::1 - - [01/May/2020:22:15:16 +0000] "GET /api/rationEvent HTTP/1.1" 304 - "http://localhost:3000/map" "Mozilla/5.0 (Macintosh; Intel Mac OS X 10_15_2) AppleWebKit/537.36 (KHTML, like Gecko) Chrome/81.0.4044.129 Safari/537.36"
::1 - - [01/May/2020:22:15:19 +0000] "GET /api/info HTTP/1.1" 304 - "http://localhost:3000/" "Mozilla/5.0 (Macintosh; Intel Mac OS X 10_15_2) AppleWebKit/537.36 (KHTML, like Gecko) Chrome/81.0.4044.129 Safari/537.36"
::1 - - [01/May/2020:22:15:22 +0000] "GET /api/info HTTP/1.1" 304 - "http://localhost:3000/" "Mozilla/5.0 (Macintosh; Intel Mac OS X 10_15_2) AppleWebKit/537.36 (KHTML, like Gecko) Chrome/81.0.4044.129 Safari/537.36"
::1 - - [01/May/2020:22:15:24 +0000] "GET /api/rationEvent HTTP/1.1" 304 - "http://localhost:3000/map" "Mozilla/5.0 (Macintosh; Intel Mac OS X 10_15_2) AppleWebKit/537.36 (KHTML, like Gecko) Chrome/81.0.4044.129 Safari/537.36"
::1 - - [01/May/2020:22:15:46 +0000] "GET /api/info HTTP/1.1" 304 - "http://localhost:3000/" "Mozilla/5.0 (Macintosh; Intel Mac OS X 10_15_2) AppleWebKit/537.36 (KHTML, like Gecko) Chrome/81.0.4044.129 Safari/537.36"
::1 - - [01/May/2020:22:16:41 +0000] "GET /api/info HTTP/1.1" 304 - "http://localhost:3000/" "Mozilla/5.0 (Macintosh; Intel Mac OS X 10_15_2) AppleWebKit/537.36 (KHTML, like Gecko) Chrome/81.0.4044.129 Safari/537.36"
::1 - - [01/May/2020:22:17:34 +0000] "GET /api/info HTTP/1.1" 304 - "http://localhost:3000/" "Mozilla/5.0 (Macintosh; Intel Mac OS X 10_15_2) AppleWebKit/537.36 (KHTML, like Gecko) Chrome/81.0.4044.129 Safari/537.36"
::1 - - [01/May/2020:22:19:05 +0000] "GET /api/info HTTP/1.1" 304 - "http://localhost:3000/" "Mozilla/5.0 (Macintosh; Intel Mac OS X 10_15_2) AppleWebKit/537.36 (KHTML, like Gecko) Chrome/81.0.4044.129 Safari/537.36"
::1 - - [01/May/2020:22:19:25 +0000] "GET /api/info HTTP/1.1" 304 - "http://localhost:3000/" "Mozilla/5.0 (Macintosh; Intel Mac OS X 10_15_2) AppleWebKit/537.36 (KHTML, like Gecko) Chrome/81.0.4044.129 Safari/537.36"
::1 - - [01/May/2020:22:19:40 +0000] "GET /api/info HTTP/1.1" 304 - "http://localhost:3000/" "Mozilla/5.0 (Macintosh; Intel Mac OS X 10_15_2) AppleWebKit/537.36 (KHTML, like Gecko) Chrome/81.0.4044.129 Safari/537.36"
::1 - - [01/May/2020:23:12:13 +0000] "GET /api/info HTTP/1.1" 304 - "http://localhost:3000/" "Mozilla/5.0 (Macintosh; Intel Mac OS X 10_15_2) AppleWebKit/537.36 (KHTML, like Gecko) Chrome/81.0.4044.129 Safari/537.36"
::1 - - [01/May/2020:23:13:36 +0000] "GET /api/info HTTP/1.1" 304 - "http://localhost:3000/" "Mozilla/5.0 (Macintosh; Intel Mac OS X 10_15_2) AppleWebKit/537.36 (KHTML, like Gecko) Chrome/81.0.4044.129 Safari/537.36"
::1 - - [01/May/2020:23:14:05 +0000] "GET /api/info HTTP/1.1" 304 - "http://localhost:3000/" "Mozilla/5.0 (Macintosh; Intel Mac OS X 10_15_2) AppleWebKit/537.36 (KHTML, like Gecko) Chrome/81.0.4044.129 Safari/537.36"
::1 - - [01/May/2020:23:14:10 +0000] "GET /api/info HTTP/1.1" 304 - "http://localhost:3000/" "Mozilla/5.0 (Macintosh; Intel Mac OS X 10_15_2) AppleWebKit/537.36 (KHTML, like Gecko) Chrome/81.0.4044.129 Safari/537.36"
::1 - - [01/May/2020:23:14:27 +0000] "GET /api/info HTTP/1.1" 304 - "http://localhost:3000/" "Mozilla/5.0 (Macintosh; Intel Mac OS X 10_15_2) AppleWebKit/537.36 (KHTML, like Gecko) Chrome/81.0.4044.129 Safari/537.36"
::1 - - [01/May/2020:23:14:58 +0000] "GET /api/info HTTP/1.1" 304 - "http://localhost:3000/" "Mozilla/5.0 (Macintosh; Intel Mac OS X 10_15_2) AppleWebKit/537.36 (KHTML, like Gecko) Chrome/81.0.4044.129 Safari/537.36"
::1 - - [01/May/2020:23:16:58 +0000] "GET /api/info HTTP/1.1" 200 1737 "http://localhost:3000/" "Mozilla/5.0 (Macintosh; Intel Mac OS X 10_15_2) AppleWebKit/537.36 (KHTML, like Gecko) Chrome/81.0.4044.129 Safari/537.36"
::1 - - [01/May/2020:23:17:12 +0000] "GET /api/info HTTP/1.1" 200 1737 "http://localhost:3000/" "Mozilla/5.0 (Macintosh; Intel Mac OS X 10_15_2) AppleWebKit/537.36 (KHTML, like Gecko) Chrome/81.0.4044.129 Safari/537.36"
::1 - - [01/May/2020:23:17:30 +0000] "GET /api/info HTTP/1.1" 200 1737 "http://localhost:3000/" "Mozilla/5.0 (Macintosh; Intel Mac OS X 10_15_2) AppleWebKit/537.36 (KHTML, like Gecko) Chrome/81.0.4044.129 Safari/537.36"
::1 - - [01/May/2020:23:18:23 +0000] "GET /api/info HTTP/1.1" 200 1737 "http://localhost:3000/" "Mozilla/5.0 (Macintosh; Intel Mac OS X 10_15_2) AppleWebKit/537.36 (KHTML, like Gecko) Chrome/81.0.4044.129 Safari/537.36"
::1 - - [01/May/2020:23:19:47 +0000] "GET /api/info HTTP/1.1" 200 1737 "http://localhost:3000/" "Mozilla/5.0 (Macintosh; Intel Mac OS X 10_15_2) AppleWebKit/537.36 (KHTML, like Gecko) Chrome/81.0.4044.129 Safari/537.36"
::1 - - [01/May/2020:23:20:03 +0000] "GET /api/info HTTP/1.1" 200 1737 "http://localhost:3000/" "Mozilla/5.0 (Macintosh; Intel Mac OS X 10_15_2) AppleWebKit/537.36 (KHTML, like Gecko) Chrome/81.0.4044.129 Safari/537.36"
::1 - - [01/May/2020:23:20:40 +0000] "GET /api/info HTTP/1.1" 200 1737 "http://localhost:3000/" "Mozilla/5.0 (Macintosh; Intel Mac OS X 10_15_2) AppleWebKit/537.36 (KHTML, like Gecko) Chrome/81.0.4044.129 Safari/537.36"
::1 - - [01/May/2020:23:22:21 +0000] "GET /api/info HTTP/1.1" 200 1737 "http://localhost:3000/" "Mozilla/5.0 (Macintosh; Intel Mac OS X 10_15_2) AppleWebKit/537.36 (KHTML, like Gecko) Chrome/81.0.4044.129 Safari/537.36"
::1 - - [01/May/2020:23:23:06 +0000] "GET /api/info HTTP/1.1" 304 - "http://localhost:3000/" "Mozilla/5.0 (Macintosh; Intel Mac OS X 10_15_2) AppleWebKit/537.36 (KHTML, like Gecko) Chrome/81.0.4044.129 Safari/537.36"
::1 - - [01/May/2020:23:27:19 +0000] "GET /api/info HTTP/1.1" 200 2350 "http://localhost:3000/" "Mozilla/5.0 (Macintosh; Intel Mac OS X 10_15_2) AppleWebKit/537.36 (KHTML, like Gecko) Chrome/81.0.4044.129 Safari/537.36"
::1 - - [01/May/2020:23:27:49 +0000] "GET /api/info HTTP/1.1" 200 2350 "http://localhost:3000/" "Mozilla/5.0 (Macintosh; Intel Mac OS X 10_15_2) AppleWebKit/537.36 (KHTML, like Gecko) Chrome/81.0.4044.129 Safari/537.36"
::1 - - [01/May/2020:23:30:12 +0000] "GET /api/info HTTP/1.1" 200 2350 "http://localhost:3000/" "Mozilla/5.0 (Macintosh; Intel Mac OS X 10_15_2) AppleWebKit/537.36 (KHTML, like Gecko) Chrome/81.0.4044.129 Safari/537.36"
::1 - - [01/May/2020:23:31:42 +0000] "GET /api/info HTTP/1.1" 200 2350 "http://localhost:3000/" "Mozilla/5.0 (Macintosh; Intel Mac OS X 10_15_2) AppleWebKit/537.36 (KHTML, like Gecko) Chrome/81.0.4044.129 Safari/537.36"
::1 - - [01/May/2020:23:33:25 +0000] "GET /api/info HTTP/1.1" 200 2350 "http://localhost:3000/" "Mozilla/5.0 (Macintosh; Intel Mac OS X 10_15_2) AppleWebKit/537.36 (KHTML, like Gecko) Chrome/81.0.4044.129 Safari/537.36"
::1 - - [01/May/2020:23:35:33 +0000] "GET /api/info HTTP/1.1" 304 - "http://localhost:3000/" "Mozilla/5.0 (Macintosh; Intel Mac OS X 10_15_2) AppleWebKit/537.36 (KHTML, like Gecko) Chrome/81.0.4044.129 Safari/537.36"
::1 - - [01/May/2020:23:36:30 +0000] "GET /api/info HTTP/1.1" 304 - "http://localhost:3000/" "Mozilla/5.0 (Macintosh; Intel Mac OS X 10_15_2) AppleWebKit/537.36 (KHTML, like Gecko) Chrome/81.0.4044.129 Safari/537.36"
::1 - - [01/May/2020:23:37:37 +0000] "GET /api/info HTTP/1.1" 304 - "http://localhost:3000/" "Mozilla/5.0 (Macintosh; Intel Mac OS X 10_15_2) AppleWebKit/537.36 (KHTML, like Gecko) Chrome/81.0.4044.129 Safari/537.36"
::1 - - [01/May/2020:23:37:51 +0000] "GET /api/info HTTP/1.1" 304 - "http://localhost:3000/" "Mozilla/5.0 (Macintosh; Intel Mac OS X 10_15_2) AppleWebKit/537.36 (KHTML, like Gecko) Chrome/81.0.4044.129 Safari/537.36"
::1 - - [01/May/2020:23:38:06 +0000] "GET /api/info HTTP/1.1" 304 - "http://localhost:3000/" "Mozilla/5.0 (Macintosh; Intel Mac OS X 10_15_2) AppleWebKit/537.36 (KHTML, like Gecko) Chrome/81.0.4044.129 Safari/537.36"
::1 - - [01/May/2020:23:40:44 +0000] "GET /api/info HTTP/1.1" 304 - "http://localhost:3000/" "Mozilla/5.0 (Macintosh; Intel Mac OS X 10_15_2) AppleWebKit/537.36 (KHTML, like Gecko) Chrome/81.0.4044.129 Safari/537.36"
::1 - - [01/May/2020:23:41:42 +0000] "GET /api/info HTTP/1.1" 304 - "http://localhost:3000/" "Mozilla/5.0 (Macintosh; Intel Mac OS X 10_15_2) AppleWebKit/537.36 (KHTML, like Gecko) Chrome/81.0.4044.129 Safari/537.36"
::1 - - [01/May/2020:23:41:55 +0000] "GET /api/info HTTP/1.1" 304 - "http://localhost:3000/" "Mozilla/5.0 (Macintosh; Intel Mac OS X 10_15_2) AppleWebKit/537.36 (KHTML, like Gecko) Chrome/81.0.4044.129 Safari/537.36"
::1 - - [01/May/2020:23:42:40 +0000] "GET /api/info HTTP/1.1" 200 2350 "http://localhost:3000/" "Mozilla/5.0 (Macintosh; Intel Mac OS X 10_15_2) AppleWebKit/537.36 (KHTML, like Gecko) Chrome/81.0.4044.129 Safari/537.36"
::1 - - [01/May/2020:23:42:59 +0000] "GET /api/info HTTP/1.1" 200 2350 "http://localhost:3000/" "Mozilla/5.0 (Macintosh; Intel Mac OS X 10_15_2) AppleWebKit/537.36 (KHTML, like Gecko) Chrome/81.0.4044.129 Safari/537.36"
::1 - - [01/May/2020:23:43:14 +0000] "GET /api/info HTTP/1.1" 200 2350 "http://localhost:3000/" "Mozilla/5.0 (Macintosh; Intel Mac OS X 10_15_2) AppleWebKit/537.36 (KHTML, like Gecko) Chrome/81.0.4044.129 Safari/537.36"
::1 - - [01/May/2020:23:43:33 +0000] "GET /api/info HTTP/1.1" 200 2350 "http://localhost:3000/" "Mozilla/5.0 (Macintosh; Intel Mac OS X 10_15_2) AppleWebKit/537.36 (KHTML, like Gecko) Chrome/81.0.4044.129 Safari/537.36"
::1 - - [01/May/2020:23:44:03 +0000] "GET /api/info HTTP/1.1" 200 2350 "http://localhost:3000/" "Mozilla/5.0 (Macintosh; Intel Mac OS X 10_15_2) AppleWebKit/537.36 (KHTML, like Gecko) Chrome/81.0.4044.129 Safari/537.36"
::1 - - [01/May/2020:23:44:15 +0000] "GET /api/info HTTP/1.1" 200 2350 "http://localhost:3000/" "Mozilla/5.0 (Macintosh; Intel Mac OS X 10_15_2) AppleWebKit/537.36 (KHTML, like Gecko) Chrome/81.0.4044.129 Safari/537.36"
::1 - - [01/May/2020:23:44:42 +0000] "GET /api/info HTTP/1.1" 200 2350 "http://localhost:3000/" "Mozilla/5.0 (Macintosh; Intel Mac OS X 10_15_2) AppleWebKit/537.36 (KHTML, like Gecko) Chrome/81.0.4044.129 Safari/537.36"
::1 - - [01/May/2020:23:44:55 +0000] "GET /api/info HTTP/1.1" 200 2350 "http://localhost:3000/" "Mozilla/5.0 (Macintosh; Intel Mac OS X 10_15_2) AppleWebKit/537.36 (KHTML, like Gecko) Chrome/81.0.4044.129 Safari/537.36"
::1 - - [01/May/2020:23:45:19 +0000] "GET /api/info HTTP/1.1" 200 2350 "http://localhost:3000/" "Mozilla/5.0 (Macintosh; Intel Mac OS X 10_15_2) AppleWebKit/537.36 (KHTML, like Gecko) Chrome/81.0.4044.129 Safari/537.36"
::1 - - [01/May/2020:23:46:00 +0000] "GET /api/info HTTP/1.1" 200 2350 "http://localhost:3000/" "Mozilla/5.0 (Macintosh; Intel Mac OS X 10_15_2) AppleWebKit/537.36 (KHTML, like Gecko) Chrome/81.0.4044.129 Safari/537.36"
::1 - - [01/May/2020:23:46:42 +0000] "GET /api/info HTTP/1.1" 200 2350 "http://localhost:3000/" "Mozilla/5.0 (Macintosh; Intel Mac OS X 10_15_2) AppleWebKit/537.36 (KHTML, like Gecko) Chrome/81.0.4044.129 Safari/537.36"
::1 - - [01/May/2020:23:47:34 +0000] "GET /api/info HTTP/1.1" 200 2350 "http://localhost:3000/" "Mozilla/5.0 (Macintosh; Intel Mac OS X 10_15_2) AppleWebKit/537.36 (KHTML, like Gecko) Chrome/81.0.4044.129 Safari/537.36"
::1 - - [01/May/2020:23:48:10 +0000] "GET /api/info HTTP/1.1" 200 2350 "http://localhost:3000/" "Mozilla/5.0 (Macintosh; Intel Mac OS X 10_15_2) AppleWebKit/537.36 (KHTML, like Gecko) Chrome/81.0.4044.129 Safari/537.36"
::1 - - [01/May/2020:23:55:41 +0000] "GET /api/info HTTP/1.1" 200 2350 "http://localhost:3000/" "Mozilla/5.0 (Macintosh; Intel Mac OS X 10_15_2) AppleWebKit/537.36 (KHTML, like Gecko) Chrome/81.0.4044.129 Safari/537.36"
::1 - - [01/May/2020:23:57:21 +0000] "GET /api/info HTTP/1.1" 200 2350 "http://localhost:3000/" "Mozilla/5.0 (Macintosh; Intel Mac OS X 10_15_2) AppleWebKit/537.36 (KHTML, like Gecko) Chrome/81.0.4044.129 Safari/537.36"
::1 - - [01/May/2020:23:59:16 +0000] "GET /api/rationEvent HTTP/1.1" 304 - "http://localhost:3000/map" "Mozilla/5.0 (Macintosh; Intel Mac OS X 10_15_2) AppleWebKit/537.36 (KHTML, like Gecko) Chrome/81.0.4044.129 Safari/537.36"
::1 - - [01/May/2020:23:59:24 +0000] "GET /api/supplier/ HTTP/1.1" 304 - "http://localhost:3000/organisations" "Mozilla/5.0 (Macintosh; Intel Mac OS X 10_15_2) AppleWebKit/537.36 (KHTML, like Gecko) Chrome/81.0.4044.129 Safari/537.36"
::1 - - [02/May/2020:10:33:57 +0000] "GET /api/info HTTP/1.1" 304 - "http://localhost:3000/" "Mozilla/5.0 (Macintosh; Intel Mac OS X 10_15_2) AppleWebKit/537.36 (KHTML, like Gecko) Chrome/81.0.4044.129 Safari/537.36"
::1 - - [02/May/2020:10:38:32 +0000] "GET /api/info HTTP/1.1" 200 2350 "http://localhost:3000/" "Mozilla/5.0 (Macintosh; Intel Mac OS X 10_15_2) AppleWebKit/537.36 (KHTML, like Gecko) Chrome/81.0.4044.129 Safari/537.36"
::1 - - [02/May/2020:10:39:51 +0000] "GET /api/info HTTP/1.1" 200 2350 "http://localhost:3000/" "Mozilla/5.0 (Macintosh; Intel Mac OS X 10_15_2) AppleWebKit/537.36 (KHTML, like Gecko) Chrome/81.0.4044.129 Safari/537.36"
::1 - - [02/May/2020:10:39:53 +0000] "GET /api/rationEvent HTTP/1.1" 200 11663 "http://localhost:3000/map" "Mozilla/5.0 (Macintosh; Intel Mac OS X 10_15_2) AppleWebKit/537.36 (KHTML, like Gecko) Chrome/81.0.4044.129 Safari/537.36"
::1 - - [02/May/2020:10:55:43 +0000] "GET /api/supplier/ HTTP/1.1" 200 19634 "http://localhost:3000/organisations" "Mozilla/5.0 (iPhone; CPU iPhone OS 13_2_3 like Mac OS X) AppleWebKit/605.1.15 (KHTML, like Gecko) Version/13.0.3 Mobile/15E148 Safari/604.1"
::1 - - [02/May/2020:11:08:18 +0000] "GET /api/info HTTP/1.1" 304 - "http://localhost:3000/" "Mozilla/5.0 (Macintosh; Intel Mac OS X 10_15_2) AppleWebKit/537.36 (KHTML, like Gecko) Chrome/81.0.4044.129 Safari/537.36"
::1 - - [02/May/2020:11:10:00 +0000] "GET /api/info HTTP/1.1" 304 - "http://localhost:3000/" "Mozilla/5.0 (Macintosh; Intel Mac OS X 10_15_2) AppleWebKit/537.36 (KHTML, like Gecko) Chrome/81.0.4044.129 Safari/537.36"
::1 - - [02/May/2020:11:10:24 +0000] "GET /api/info HTTP/1.1" 304 - "http://localhost:3000/" "Mozilla/5.0 (Macintosh; Intel Mac OS X 10_15_2) AppleWebKit/537.36 (KHTML, like Gecko) Chrome/81.0.4044.129 Safari/537.36"
::1 - - [02/May/2020:11:12:17 +0000] "GET /api/info HTTP/1.1" - - "http://localhost:3000/" "Mozilla/5.0 (Macintosh; Intel Mac OS X 10_15_2) AppleWebKit/537.36 (KHTML, like Gecko) Chrome/81.0.4044.129 Safari/537.36"
::1 - - [02/May/2020:11:12:19 +0000] "GET /api/info HTTP/1.1" 200 2350 "http://localhost:3000/" "Mozilla/5.0 (Macintosh; Intel Mac OS X 10_15_2) AppleWebKit/537.36 (KHTML, like Gecko) Chrome/81.0.4044.129 Safari/537.36"
::1 - - [02/May/2020:11:12:44 +0000] "GET /api/info HTTP/1.1" 304 - "http://localhost:3000/" "Mozilla/5.0 (Macintosh; Intel Mac OS X 10_15_2) AppleWebKit/537.36 (KHTML, like Gecko) Chrome/81.0.4044.129 Safari/537.36"
::1 - - [02/May/2020:11:18:56 +0000] "GET /api/info HTTP/1.1" 304 - "http://localhost:3000/" "Mozilla/5.0 (Macintosh; Intel Mac OS X 10_15_2) AppleWebKit/537.36 (KHTML, like Gecko) Chrome/81.0.4044.129 Safari/537.36"
::1 - - [02/May/2020:11:19:22 +0000] "GET /api/info HTTP/1.1" 304 - "http://localhost:3000/" "Mozilla/5.0 (Macintosh; Intel Mac OS X 10_15_2) AppleWebKit/537.36 (KHTML, like Gecko) Chrome/81.0.4044.129 Safari/537.36"
::1 - - [02/May/2020:11:20:07 +0000] "GET /api/info HTTP/1.1" 304 - "http://localhost:3000/" "Mozilla/5.0 (Macintosh; Intel Mac OS X 10_15_2) AppleWebKit/537.36 (KHTML, like Gecko) Chrome/81.0.4044.129 Safari/537.36"
::1 - - [02/May/2020:11:20:42 +0000] "GET /api/info HTTP/1.1" 304 - "http://localhost:3000/" "Mozilla/5.0 (Macintosh; Intel Mac OS X 10_15_2) AppleWebKit/537.36 (KHTML, like Gecko) Chrome/81.0.4044.129 Safari/537.36"
::1 - - [02/May/2020:11:24:51 +0000] "GET /api/info HTTP/1.1" 304 - "http://localhost:3000/" "Mozilla/5.0 (Macintosh; Intel Mac OS X 10_15_2) AppleWebKit/537.36 (KHTML, like Gecko) Chrome/81.0.4044.129 Safari/537.36"
::1 - - [02/May/2020:11:26:41 +0000] "GET /api/info HTTP/1.1" 304 - "http://localhost:3000/" "Mozilla/5.0 (Macintosh; Intel Mac OS X 10_15_2) AppleWebKit/537.36 (KHTML, like Gecko) Chrome/81.0.4044.129 Safari/537.36"
::1 - - [02/May/2020:11:28:28 +0000] "GET /api/info HTTP/1.1" - - "http://localhost:3000/" "Mozilla/5.0 (Macintosh; Intel Mac OS X 10_15_2) AppleWebKit/537.36 (KHTML, like Gecko) Chrome/81.0.4044.129 Safari/537.36"
::1 - - [02/May/2020:11:28:31 +0000] "GET /api/info HTTP/1.1" 200 2350 "http://localhost:3000/" "Mozilla/5.0 (Macintosh; Intel Mac OS X 10_15_2) AppleWebKit/537.36 (KHTML, like Gecko) Chrome/81.0.4044.129 Safari/537.36"
::1 - - [02/May/2020:11:28:49 +0000] "GET /api/info HTTP/1.1" 200 2350 "http://localhost:3000/" "Mozilla/5.0 (Macintosh; Intel Mac OS X 10_15_2) AppleWebKit/537.36 (KHTML, like Gecko) Chrome/81.0.4044.129 Safari/537.36"
::1 - - [02/May/2020:11:32:02 +0000] "GET /api/info HTTP/1.1" 200 2350 "http://localhost:3000/" "Mozilla/5.0 (Macintosh; Intel Mac OS X 10_15_2) AppleWebKit/537.36 (KHTML, like Gecko) Chrome/81.0.4044.129 Safari/537.36"
::1 - - [02/May/2020:11:32:19 +0000] "GET /api/info HTTP/1.1" 200 2350 "http://localhost:3000/" "Mozilla/5.0 (Macintosh; Intel Mac OS X 10_15_2) AppleWebKit/537.36 (KHTML, like Gecko) Chrome/81.0.4044.129 Safari/537.36"
::1 - - [02/May/2020:11:33:31 +0000] "GET /api/rationEvent HTTP/1.1" 200 11663 "http://localhost:3000/map" "Mozilla/5.0 (Macintosh; Intel Mac OS X 10_15_2) AppleWebKit/537.36 (KHTML, like Gecko) Chrome/81.0.4044.129 Safari/537.36"
::1 - - [02/May/2020:11:33:34 +0000] "GET /api/supplier/ HTTP/1.1" 200 19634 "http://localhost:3000/organisations" "Mozilla/5.0 (Macintosh; Intel Mac OS X 10_15_2) AppleWebKit/537.36 (KHTML, like Gecko) Chrome/81.0.4044.129 Safari/537.36"
::1 - - [02/May/2020:11:37:10 +0000] "GET /api/rationEvent HTTP/1.1" 200 11663 "http://localhost:3000/map" "Mozilla/5.0 (Macintosh; Intel Mac OS X 10_15_2) AppleWebKit/537.36 (KHTML, like Gecko) Chrome/81.0.4044.129 Safari/537.36"
::1 - - [02/May/2020:11:37:44 +0000] "GET /api/rationEvent HTTP/1.1" 200 11663 "http://localhost:3000/map" "Mozilla/5.0 (Macintosh; Intel Mac OS X 10_15_2) AppleWebKit/537.36 (KHTML, like Gecko) Chrome/81.0.4044.129 Safari/537.36"
::1 - - [02/May/2020:11:37:55 +0000] "GET /api/rationEvent HTTP/1.1" 200 11663 "http://localhost:3000/map" "Mozilla/5.0 (Macintosh; Intel Mac OS X 10_15_2) AppleWebKit/537.36 (KHTML, like Gecko) Chrome/81.0.4044.129 Safari/537.36"
::1 - - [02/May/2020:11:38:19 +0000] "GET /api/rationEvent HTTP/1.1" 200 11663 "http://localhost:3000/map" "Mozilla/5.0 (Macintosh; Intel Mac OS X 10_15_2) AppleWebKit/537.36 (KHTML, like Gecko) Chrome/81.0.4044.129 Safari/537.36"
::1 - - [02/May/2020:11:40:27 +0000] "GET /api/rationEvent HTTP/1.1" 200 11663 "http://localhost:3000/map" "Mozilla/5.0 (Macintosh; Intel Mac OS X 10_15_2) AppleWebKit/537.36 (KHTML, like Gecko) Chrome/81.0.4044.129 Safari/537.36"
::1 - - [02/May/2020:11:40:53 +0000] "GET /api/rationEvent HTTP/1.1" 200 11663 "http://localhost:3000/map" "Mozilla/5.0 (Macintosh; Intel Mac OS X 10_15_2) AppleWebKit/537.36 (KHTML, like Gecko) Chrome/81.0.4044.129 Safari/537.36"
::1 - - [02/May/2020:11:41:02 +0000] "GET /api/rationEvent HTTP/1.1" 200 11663 "http://localhost:3000/map" "Mozilla/5.0 (Macintosh; Intel Mac OS X 10_15_2) AppleWebKit/537.36 (KHTML, like Gecko) Chrome/81.0.4044.129 Safari/537.36"
::1 - - [02/May/2020:11:41:19 +0000] "GET /api/rationEvent HTTP/1.1" 200 11663 "http://localhost:3000/map" "Mozilla/5.0 (Macintosh; Intel Mac OS X 10_15_2) AppleWebKit/537.36 (KHTML, like Gecko) Chrome/81.0.4044.129 Safari/537.36"
::1 - - [02/May/2020:11:41:54 +0000] "GET /api/rationEvent HTTP/1.1" 200 11663 "http://localhost:3000/map" "Mozilla/5.0 (Macintosh; Intel Mac OS X 10_15_2) AppleWebKit/537.36 (KHTML, like Gecko) Chrome/81.0.4044.129 Safari/537.36"
::1 - - [02/May/2020:11:42:27 +0000] "GET /api/rationEvent HTTP/1.1" 200 11663 "http://localhost:3000/map" "Mozilla/5.0 (Macintosh; Intel Mac OS X 10_15_2) AppleWebKit/537.36 (KHTML, like Gecko) Chrome/81.0.4044.129 Safari/537.36"
::1 - - [02/May/2020:11:42:37 +0000] "GET /api/rationEvent HTTP/1.1" 200 11663 "http://localhost:3000/map" "Mozilla/5.0 (Macintosh; Intel Mac OS X 10_15_2) AppleWebKit/537.36 (KHTML, like Gecko) Chrome/81.0.4044.129 Safari/537.36"
::1 - - [02/May/2020:11:52:40 +0000] "GET /api/info HTTP/1.1" 200 2350 "http://localhost:3000/" "Mozilla/5.0 (Macintosh; Intel Mac OS X 10_15_2) AppleWebKit/537.36 (KHTML, like Gecko) Chrome/81.0.4044.129 Safari/537.36"
::1 - - [02/May/2020:11:53:49 +0000] "GET /api/rationEvent HTTP/1.1" 200 11663 "http://localhost:3000/map" "Mozilla/5.0 (Macintosh; Intel Mac OS X 10_15_2) AppleWebKit/537.36 (KHTML, like Gecko) Chrome/81.0.4044.129 Safari/537.36"
::1 - - [02/May/2020:11:54:32 +0000] "GET /api/rationEvent HTTP/1.1" 304 - "http://localhost:3000/map" "Mozilla/5.0 (Macintosh; Intel Mac OS X 10_15_2) AppleWebKit/537.36 (KHTML, like Gecko) Chrome/81.0.4044.129 Safari/537.36"
::1 - - [02/May/2020:11:55:57 +0000] "GET /api/info HTTP/1.1" 304 - "http://localhost:3000/" "Mozilla/5.0 (Macintosh; Intel Mac OS X 10_15_2) AppleWebKit/537.36 (KHTML, like Gecko) Chrome/81.0.4044.129 Safari/537.36"
::1 - - [02/May/2020:11:58:10 +0000] "GET /api/info HTTP/1.1" 200 2374 "-" "PostmanRuntime/7.6.0"
::1 - - [02/May/2020:12:00:28 +0000] "GET /api/info HTTP/1.1" 200 2374 "-" "PostmanRuntime/7.6.0"
::1 - - [02/May/2020:12:00:32 +0000] "GET /api/info HTTP/1.1" 200 2374 "-" "PostmanRuntime/7.6.0"
::1 - - [02/May/2020:12:01:51 +0000] "GET /api/info HTTP/1.1" 200 2375 "-" "PostmanRuntime/7.6.0"
::1 - - [02/May/2020:12:02:27 +0000] "GET /api/info HTTP/1.1" 200 2375 "http://localhost:3000/" "Mozilla/5.0 (Macintosh; Intel Mac OS X 10_15_2) AppleWebKit/537.36 (KHTML, like Gecko) Chrome/81.0.4044.129 Safari/537.36"
::1 - - [02/May/2020:12:02:37 +0000] "GET /api/info HTTP/1.1" 304 - "http://localhost:3000/" "Mozilla/5.0 (Macintosh; Intel Mac OS X 10_15_2) AppleWebKit/537.36 (KHTML, like Gecko) Chrome/81.0.4044.129 Safari/537.36"
::1 - - [02/May/2020:12:03:13 +0000] "GET /api/info HTTP/1.1" 304 - "http://localhost:3000/" "Mozilla/5.0 (Macintosh; Intel Mac OS X 10_15_2) AppleWebKit/537.36 (KHTML, like Gecko) Chrome/81.0.4044.129 Safari/537.36"
::1 - - [02/May/2020:12:03:19 +0000] "GET /api/info HTTP/1.1" 304 - "http://localhost:3000/" "Mozilla/5.0 (Macintosh; Intel Mac OS X 10_15_2) AppleWebKit/537.36 (KHTML, like Gecko) Chrome/81.0.4044.129 Safari/537.36"
::1 - - [02/May/2020:12:04:22 +0000] "GET /api/info HTTP/1.1" 304 - "http://localhost:3000/" "Mozilla/5.0 (Macintosh; Intel Mac OS X 10_15_2) AppleWebKit/537.36 (KHTML, like Gecko) Chrome/81.0.4044.129 Safari/537.36"
::1 - - [02/May/2020:12:04:33 +0000] "GET /api/info HTTP/1.1" 304 - "http://localhost:3000/" "Mozilla/5.0 (Macintosh; Intel Mac OS X 10_15_2) AppleWebKit/537.36 (KHTML, like Gecko) Chrome/81.0.4044.129 Safari/537.36"
::1 - - [02/May/2020:12:05:07 +0000] "GET /api/info HTTP/1.1" 304 - "http://localhost:3000/" "Mozilla/5.0 (Macintosh; Intel Mac OS X 10_15_2) AppleWebKit/537.36 (KHTML, like Gecko) Chrome/81.0.4044.129 Safari/537.36"
::1 - - [02/May/2020:12:06:39 +0000] "GET /api/info HTTP/1.1" 200 2401 "http://localhost:3000/" "Mozilla/5.0 (Macintosh; Intel Mac OS X 10_15_2) AppleWebKit/537.36 (KHTML, like Gecko) Chrome/81.0.4044.129 Safari/537.36"
::1 - - [02/May/2020:12:07:00 +0000] "GET /api/info HTTP/1.1" 304 - "http://localhost:3000/" "Mozilla/5.0 (Macintosh; Intel Mac OS X 10_15_2) AppleWebKit/537.36 (KHTML, like Gecko) Chrome/81.0.4044.129 Safari/537.36"
::1 - - [02/May/2020:12:07:15 +0000] "GET /api/info HTTP/1.1" 304 - "http://localhost:3000/" "Mozilla/5.0 (Macintosh; Intel Mac OS X 10_15_2) AppleWebKit/537.36 (KHTML, like Gecko) Chrome/81.0.4044.129 Safari/537.36"
::1 - - [02/May/2020:12:07:24 +0000] "GET /api/info HTTP/1.1" 304 - "http://localhost:3000/" "Mozilla/5.0 (Macintosh; Intel Mac OS X 10_15_2) AppleWebKit/537.36 (KHTML, like Gecko) Chrome/81.0.4044.129 Safari/537.36"
::1 - - [02/May/2020:12:07:53 +0000] "GET /api/info HTTP/1.1" 304 - "http://localhost:3000/" "Mozilla/5.0 (Macintosh; Intel Mac OS X 10_15_2) AppleWebKit/537.36 (KHTML, like Gecko) Chrome/81.0.4044.129 Safari/537.36"
::1 - - [02/May/2020:12:09:25 +0000] "GET /api/info HTTP/1.1" 304 - "http://localhost:3000/" "Mozilla/5.0 (Macintosh; Intel Mac OS X 10_15_2) AppleWebKit/537.36 (KHTML, like Gecko) Chrome/81.0.4044.129 Safari/537.36"
::1 - - [02/May/2020:12:10:22 +0000] "GET /api/info HTTP/1.1" 304 - "http://localhost:3000/" "Mozilla/5.0 (Macintosh; Intel Mac OS X 10_15_2) AppleWebKit/537.36 (KHTML, like Gecko) Chrome/81.0.4044.129 Safari/537.36"
::1 - - [02/May/2020:12:10:32 +0000] "GET /api/info HTTP/1.1" 304 - "http://localhost:3000/" "Mozilla/5.0 (Macintosh; Intel Mac OS X 10_15_2) AppleWebKit/537.36 (KHTML, like Gecko) Chrome/81.0.4044.129 Safari/537.36"
::1 - - [02/May/2020:12:11:24 +0000] "GET /api/info HTTP/1.1" 200 2401 "http://localhost:3000/" "Mozilla/5.0 (Macintosh; Intel Mac OS X 10_15_2) AppleWebKit/537.36 (KHTML, like Gecko) Chrome/81.0.4044.129 Safari/537.36"
::1 - - [02/May/2020:12:11:41 +0000] "GET /api/info HTTP/1.1" 200 2401 "http://localhost:3000/" "Mozilla/5.0 (Macintosh; Intel Mac OS X 10_15_2) AppleWebKit/537.36 (KHTML, like Gecko) Chrome/81.0.4044.129 Safari/537.36"
::1 - - [02/May/2020:12:12:14 +0000] "GET /api/info HTTP/1.1" 200 2401 "http://localhost:3000/" "Mozilla/5.0 (Macintosh; Intel Mac OS X 10_15_2) AppleWebKit/537.36 (KHTML, like Gecko) Chrome/81.0.4044.129 Safari/537.36"
::1 - - [02/May/2020:12:12:18 +0000] "GET /api/info HTTP/1.1" 200 2401 "http://localhost:3000/" "Mozilla/5.0 (Macintosh; Intel Mac OS X 10_15_2) AppleWebKit/537.36 (KHTML, like Gecko) Chrome/81.0.4044.129 Safari/537.36"
::1 - - [02/May/2020:12:12:21 +0000] "GET /api/info HTTP/1.1" 200 2401 "http://localhost:3000/" "Mozilla/5.0 (Macintosh; Intel Mac OS X 10_15_2) AppleWebKit/537.36 (KHTML, like Gecko) Chrome/81.0.4044.129 Safari/537.36"
::1 - - [02/May/2020:12:12:31 +0000] "GET /api/info HTTP/1.1" 200 2401 "http://localhost:3000/" "Mozilla/5.0 (Macintosh; Intel Mac OS X 10_15_2) AppleWebKit/537.36 (KHTML, like Gecko) Chrome/81.0.4044.129 Safari/537.36"
::1 - - [02/May/2020:12:29:54 +0000] "GET /api/info HTTP/1.1" 304 - "http://localhost:3000/" "Mozilla/5.0 (Macintosh; Intel Mac OS X 10_15_2) AppleWebKit/537.36 (KHTML, like Gecko) Chrome/81.0.4044.129 Safari/537.36"
::1 - - [02/May/2020:12:34:34 +0000] "GET /api/info HTTP/1.1" 304 - "http://localhost:3000/" "Mozilla/5.0 (Macintosh; Intel Mac OS X 10_15_2) AppleWebKit/537.36 (KHTML, like Gecko) Chrome/81.0.4044.129 Safari/537.36"
::1 - - [02/May/2020:12:50:13 +0000] "GET /api/info HTTP/1.1" 304 - "http://localhost:3000/" "Mozilla/5.0 (Macintosh; Intel Mac OS X 10_15_2) AppleWebKit/537.36 (KHTML, like Gecko) Chrome/81.0.4044.129 Safari/537.36"
::1 - - [02/May/2020:12:52:59 +0000] "GET /api/info HTTP/1.1" 304 - "http://localhost:3000/" "Mozilla/5.0 (Macintosh; Intel Mac OS X 10_15_2) AppleWebKit/537.36 (KHTML, like Gecko) Chrome/81.0.4044.129 Safari/537.36"
::1 - - [02/May/2020:12:55:39 +0000] "GET /api/info HTTP/1.1" 200 2399 "http://localhost:3000/" "Mozilla/5.0 (Macintosh; Intel Mac OS X 10_15_2) AppleWebKit/537.36 (KHTML, like Gecko) Chrome/81.0.4044.129 Safari/537.36"
::1 - - [02/May/2020:12:55:47 +0000] "GET /api/supplier/ HTTP/1.1" 200 20406 "http://localhost:3000/organisations/5ea192ef5757e7d0035666c4" "Mozilla/5.0 (Macintosh; Intel Mac OS X 10_15_2) AppleWebKit/537.36 (KHTML, like Gecko) Chrome/81.0.4044.129 Safari/537.36"
::1 - - [02/May/2020:12:56:18 +0000] "GET /api/info HTTP/1.1" 304 - "http://localhost:3000/" "Mozilla/5.0 (Macintosh; Intel Mac OS X 10_15_2) AppleWebKit/537.36 (KHTML, like Gecko) Chrome/81.0.4044.129 Safari/537.36"
::1 - - [02/May/2020:12:56:26 +0000] "GET /api/info HTTP/1.1" 304 - "http://localhost:3000/" "Mozilla/5.0 (Macintosh; Intel Mac OS X 10_15_2) AppleWebKit/537.36 (KHTML, like Gecko) Chrome/81.0.4044.129 Safari/537.36"
::1 - - [02/May/2020:12:57:53 +0000] "GET /api/info HTTP/1.1" 304 - "http://localhost:3000/" "Mozilla/5.0 (Macintosh; Intel Mac OS X 10_15_2) AppleWebKit/537.36 (KHTML, like Gecko) Chrome/81.0.4044.129 Safari/537.36"
::1 - - [02/May/2020:13:00:38 +0000] "GET /api/info HTTP/1.1" 304 - "http://localhost:3000/" "Mozilla/5.0 (Macintosh; Intel Mac OS X 10_15_2) AppleWebKit/537.36 (KHTML, like Gecko) Chrome/81.0.4044.129 Safari/537.36"
::1 - - [02/May/2020:13:00:46 +0000] "GET /api/info HTTP/1.1" 304 - "http://localhost:3000/" "Mozilla/5.0 (Macintosh; Intel Mac OS X 10_15_2) AppleWebKit/537.36 (KHTML, like Gecko) Chrome/81.0.4044.129 Safari/537.36"
::1 - - [02/May/2020:13:01:04 +0000] "GET /api/info HTTP/1.1" 304 - "http://localhost:3000/" "Mozilla/5.0 (Macintosh; Intel Mac OS X 10_15_2) AppleWebKit/537.36 (KHTML, like Gecko) Chrome/81.0.4044.129 Safari/537.36"
::1 - - [02/May/2020:13:02:02 +0000] "GET /api/info HTTP/1.1" 304 - "http://localhost:3000/" "Mozilla/5.0 (Macintosh; Intel Mac OS X 10_15_2) AppleWebKit/537.36 (KHTML, like Gecko) Chrome/81.0.4044.129 Safari/537.36"
::1 - - [02/May/2020:13:02:20 +0000] "GET /api/info HTTP/1.1" 304 - "http://localhost:3000/" "Mozilla/5.0 (Macintosh; Intel Mac OS X 10_15_2) AppleWebKit/537.36 (KHTML, like Gecko) Chrome/81.0.4044.129 Safari/537.36"
::1 - - [02/May/2020:13:02:30 +0000] "GET /api/info HTTP/1.1" 304 - "http://localhost:3000/" "Mozilla/5.0 (Macintosh; Intel Mac OS X 10_15_2) AppleWebKit/537.36 (KHTML, like Gecko) Chrome/81.0.4044.129 Safari/537.36"
::1 - - [02/May/2020:13:02:37 +0000] "GET /api/info HTTP/1.1" 304 - "http://localhost:3000/" "Mozilla/5.0 (Macintosh; Intel Mac OS X 10_15_2) AppleWebKit/537.36 (KHTML, like Gecko) Chrome/81.0.4044.129 Safari/537.36"
::1 - - [02/May/2020:13:04:18 +0000] "GET /api/info HTTP/1.1" 304 - "http://localhost:3000/" "Mozilla/5.0 (Macintosh; Intel Mac OS X 10_15_2) AppleWebKit/537.36 (KHTML, like Gecko) Chrome/81.0.4044.129 Safari/537.36"
::1 - - [02/May/2020:13:07:32 +0000] "GET /api/info HTTP/1.1" 304 - "http://localhost:3000/" "Mozilla/5.0 (Macintosh; Intel Mac OS X 10_15_2) AppleWebKit/537.36 (KHTML, like Gecko) Chrome/81.0.4044.129 Safari/537.36"
::1 - - [02/May/2020:13:07:51 +0000] "GET /api/info HTTP/1.1" 304 - "http://localhost:3000/" "Mozilla/5.0 (Macintosh; Intel Mac OS X 10_15_2) AppleWebKit/537.36 (KHTML, like Gecko) Chrome/81.0.4044.129 Safari/537.36"
::1 - - [02/May/2020:13:07:56 +0000] "GET /api/info HTTP/1.1" 304 - "http://localhost:3000/" "Mozilla/5.0 (Macintosh; Intel Mac OS X 10_15_2) AppleWebKit/537.36 (KHTML, like Gecko) Chrome/81.0.4044.129 Safari/537.36"
::1 - - [02/May/2020:13:08:55 +0000] "GET /api/info HTTP/1.1" 304 - "http://localhost:3000/" "Mozilla/5.0 (Macintosh; Intel Mac OS X 10_15_2) AppleWebKit/537.36 (KHTML, like Gecko) Chrome/81.0.4044.129 Safari/537.36"
::1 - - [02/May/2020:13:09:53 +0000] "GET /api/info HTTP/1.1" 304 - "http://localhost:3000/" "Mozilla/5.0 (Macintosh; Intel Mac OS X 10_15_2) AppleWebKit/537.36 (KHTML, like Gecko) Chrome/81.0.4044.129 Safari/537.36"
::1 - - [02/May/2020:13:10:14 +0000] "GET /api/info HTTP/1.1" 304 - "http://localhost:3000/" "Mozilla/5.0 (Macintosh; Intel Mac OS X 10_15_2) AppleWebKit/537.36 (KHTML, like Gecko) Chrome/81.0.4044.129 Safari/537.36"
::1 - - [02/May/2020:13:10:47 +0000] "GET /api/supplier/ HTTP/1.1" 304 - "http://localhost:3000/organisations/5ea17969d02b18aba2294b62" "Mozilla/5.0 (Macintosh; Intel Mac OS X 10_15_2) AppleWebKit/537.36 (KHTML, like Gecko) Chrome/81.0.4044.129 Safari/537.36"
::1 - - [02/May/2020:13:11:20 +0000] "GET /api/supplier/ HTTP/1.1" 304 - "http://localhost:3000/organisations/5ea17969d02b18aba2294b62" "Mozilla/5.0 (Macintosh; Intel Mac OS X 10_15_2) AppleWebKit/537.36 (KHTML, like Gecko) Chrome/81.0.4044.129 Safari/537.36"
::1 - - [02/May/2020:13:11:24 +0000] "GET /api/supplier/ HTTP/1.1" 304 - "http://localhost:3000/organisations/5ea17969d02b18aba2294b62" "Mozilla/5.0 (Macintosh; Intel Mac OS X 10_15_2) AppleWebKit/537.36 (KHTML, like Gecko) Chrome/81.0.4044.129 Safari/537.36"
::1 - - [02/May/2020:13:12:13 +0000] "GET /api/supplier/ HTTP/1.1" 304 - "http://localhost:3000/organisations/5ea17969d02b18aba2294b62" "Mozilla/5.0 (Macintosh; Intel Mac OS X 10_15_2) AppleWebKit/537.36 (KHTML, like Gecko) Chrome/81.0.4044.129 Safari/537.36"
::1 - - [02/May/2020:13:12:39 +0000] "GET /api/supplier/ HTTP/1.1" 304 - "http://localhost:3000/organisations/5ea17969d02b18aba2294b62" "Mozilla/5.0 (Macintosh; Intel Mac OS X 10_15_2) AppleWebKit/537.36 (KHTML, like Gecko) Chrome/81.0.4044.129 Safari/537.36"
::1 - - [02/May/2020:13:12:58 +0000] "GET /api/supplier/ HTTP/1.1" 304 - "http://localhost:3000/organisations/5ea17969d02b18aba2294b62" "Mozilla/5.0 (Macintosh; Intel Mac OS X 10_15_2) AppleWebKit/537.36 (KHTML, like Gecko) Chrome/81.0.4044.129 Safari/537.36"
::1 - - [02/May/2020:13:13:11 +0000] "GET /api/supplier/ HTTP/1.1" 304 - "http://localhost:3000/organisations/5ea17969d02b18aba2294b62" "Mozilla/5.0 (Macintosh; Intel Mac OS X 10_15_2) AppleWebKit/537.36 (KHTML, like Gecko) Chrome/81.0.4044.129 Safari/537.36"
::1 - - [02/May/2020:13:13:26 +0000] "GET /api/supplier/ HTTP/1.1" 200 20406 "http://localhost:3000/organisations/5ea17969d02b18aba2294b62" "Mozilla/5.0 (Macintosh; Intel Mac OS X 10_15_2) AppleWebKit/537.36 (KHTML, like Gecko) Chrome/81.0.4044.129 Safari/537.36"
::1 - - [02/May/2020:13:15:06 +0000] "GET /api/supplier/ HTTP/1.1" 200 20406 "http://localhost:3000/organisations/5ea17969d02b18aba2294b62" "Mozilla/5.0 (Macintosh; Intel Mac OS X 10_15_2) AppleWebKit/537.36 (KHTML, like Gecko) Chrome/81.0.4044.129 Safari/537.36"
::1 - - [02/May/2020:13:18:03 +0000] "GET /api/info HTTP/1.1" 200 6803 "-" "PostmanRuntime/7.6.0"
::1 - - [02/May/2020:13:18:23 +0000] "GET /api/supplier/ HTTP/1.1" 200 20406 "http://localhost:3000/organisations/5ea17969d02b18aba2294b62" "Mozilla/5.0 (Macintosh; Intel Mac OS X 10_15_2) AppleWebKit/537.36 (KHTML, like Gecko) Chrome/81.0.4044.129 Safari/537.36"
::1 - - [02/May/2020:13:18:53 +0000] "GET /api/info HTTP/1.1" 200 6803 "http://localhost:3000/" "Mozilla/5.0 (Macintosh; Intel Mac OS X 10_15_2) AppleWebKit/537.36 (KHTML, like Gecko) Chrome/81.0.4044.129 Safari/537.36"
::1 - - [02/May/2020:13:19:35 +0000] "GET /api/info HTTP/1.1" 200 6803 "http://localhost:3000/" "Mozilla/5.0 (Macintosh; Intel Mac OS X 10_15_2) AppleWebKit/537.36 (KHTML, like Gecko) Chrome/81.0.4044.129 Safari/537.36"
::1 - - [02/May/2020:13:20:09 +0000] "GET /api/info HTTP/1.1" 200 6803 "http://localhost:3000/" "Mozilla/5.0 (Macintosh; Intel Mac OS X 10_15_2) AppleWebKit/537.36 (KHTML, like Gecko) Chrome/81.0.4044.129 Safari/537.36"
::1 - - [02/May/2020:13:20:21 +0000] "GET /api/info HTTP/1.1" 200 6803 "http://localhost:3000/" "Mozilla/5.0 (Macintosh; Intel Mac OS X 10_15_2) AppleWebKit/537.36 (KHTML, like Gecko) Chrome/81.0.4044.129 Safari/537.36"
::1 - - [02/May/2020:13:23:17 +0000] "GET /api/info HTTP/1.1" 200 6803 "http://localhost:3000/" "Mozilla/5.0 (Macintosh; Intel Mac OS X 10_15_2) AppleWebKit/537.36 (KHTML, like Gecko) Chrome/81.0.4044.129 Safari/537.36"
::1 - - [02/May/2020:13:23:40 +0000] "GET /api/supplier/ HTTP/1.1" 200 20406 "http://localhost:3000/organisations/5e9b15b3d8ff36ed4bc3bcde" "Mozilla/5.0 (Macintosh; Intel Mac OS X 10_15_2) AppleWebKit/537.36 (KHTML, like Gecko) Chrome/81.0.4044.129 Safari/537.36"
::1 - - [02/May/2020:13:23:48 +0000] "GET /api/supplier/ HTTP/1.1" 200 20406 "http://localhost:3000/organisations/5ea17969d02b18aba2294b62" "Mozilla/5.0 (Macintosh; Intel Mac OS X 10_15_2) AppleWebKit/537.36 (KHTML, like Gecko) Chrome/81.0.4044.129 Safari/537.36"
::1 - - [02/May/2020:13:24:41 +0000] "GET /api/info HTTP/1.1" 200 6803 "http://localhost:3000/" "Mozilla/5.0 (Macintosh; Intel Mac OS X 10_15_2) AppleWebKit/537.36 (KHTML, like Gecko) Chrome/81.0.4044.129 Safari/537.36"
::1 - - [02/May/2020:13:26:03 +0000] "GET /api/info HTTP/1.1" 200 6803 "http://localhost:3000/" "Mozilla/5.0 (Macintosh; Intel Mac OS X 10_15_2) AppleWebKit/537.36 (KHTML, like Gecko) Chrome/81.0.4044.129 Safari/537.36"
::1 - - [02/May/2020:13:26:09 +0000] "GET /api/supplier/ HTTP/1.1" 200 20406 "http://localhost:3000/organisations/5e8ce3f15392a826dd15232f" "Mozilla/5.0 (Macintosh; Intel Mac OS X 10_15_2) AppleWebKit/537.36 (KHTML, like Gecko) Chrome/81.0.4044.129 Safari/537.36"
::1 - - [02/May/2020:13:27:51 +0000] "GET /api/supplier/ HTTP/1.1" 200 20406 "http://localhost:3000/organisations/5e8ce3f15392a826dd15232f" "Mozilla/5.0 (Macintosh; Intel Mac OS X 10_15_2) AppleWebKit/537.36 (KHTML, like Gecko) Chrome/81.0.4044.129 Safari/537.36"
::1 - - [02/May/2020:13:28:11 +0000] "GET /api/supplier/ HTTP/1.1" 200 20406 "http://localhost:3000/organisations/5e8ce3f15392a826dd15232f" "Mozilla/5.0 (Macintosh; Intel Mac OS X 10_15_2) AppleWebKit/537.36 (KHTML, like Gecko) Chrome/81.0.4044.129 Safari/537.36"
::1 - - [02/May/2020:13:28:19 +0000] "GET /api/supplier/ HTTP/1.1" 200 20406 "http://localhost:3000/organisations/5e8ce3f15392a826dd15232f" "Mozilla/5.0 (Macintosh; Intel Mac OS X 10_15_2) AppleWebKit/537.36 (KHTML, like Gecko) Chrome/81.0.4044.129 Safari/537.36"
::1 - - [02/May/2020:13:29:38 +0000] "GET /api/supplier/ HTTP/1.1" 200 20406 "http://localhost:3000/organisations/5e8ce3f15392a826dd15232f" "Mozilla/5.0 (Macintosh; Intel Mac OS X 10_15_2) AppleWebKit/537.36 (KHTML, like Gecko) Chrome/81.0.4044.129 Safari/537.36"
::1 - - [02/May/2020:13:31:10 +0000] "GET /api/supplier/ HTTP/1.1" 200 20406 "http://localhost:3000/organisations/5e8ce3f15392a826dd15232f" "Mozilla/5.0 (Macintosh; Intel Mac OS X 10_15_2) AppleWebKit/537.36 (KHTML, like Gecko) Chrome/81.0.4044.129 Safari/537.36"
::1 - - [02/May/2020:13:31:44 +0000] "GET /api/supplier/ HTTP/1.1" 200 20406 "http://localhost:3000/organisations/5e8ce3f15392a826dd15232f" "Mozilla/5.0 (Macintosh; Intel Mac OS X 10_15_2) AppleWebKit/537.36 (KHTML, like Gecko) Chrome/81.0.4044.129 Safari/537.36"
::1 - - [02/May/2020:13:32:05 +0000] "GET /api/supplier/ HTTP/1.1" 200 20406 "http://localhost:3000/organisations/5e8ce3f15392a826dd15232f" "Mozilla/5.0 (Macintosh; Intel Mac OS X 10_15_2) AppleWebKit/537.36 (KHTML, like Gecko) Chrome/81.0.4044.129 Safari/537.36"
::1 - - [02/May/2020:13:32:09 +0000] "GET /api/supplier/ HTTP/1.1" 200 20406 "http://localhost:3000/organisations/5e8ce3f15392a826dd15232f" "Mozilla/5.0 (Macintosh; Intel Mac OS X 10_15_2) AppleWebKit/537.36 (KHTML, like Gecko) Chrome/81.0.4044.129 Safari/537.36"
::1 - - [02/May/2020:13:32:30 +0000] "GET /api/supplier/ HTTP/1.1" 200 20406 "http://localhost:3000/organisations/5e8ce3f15392a826dd15232f" "Mozilla/5.0 (Macintosh; Intel Mac OS X 10_15_2) AppleWebKit/537.36 (KHTML, like Gecko) Chrome/81.0.4044.129 Safari/537.36"
::1 - - [02/May/2020:13:32:49 +0000] "GET /api/supplier/ HTTP/1.1" 200 20406 "http://localhost:3000/organisations/5e8ce3f15392a826dd15232f" "Mozilla/5.0 (Macintosh; Intel Mac OS X 10_15_2) AppleWebKit/537.36 (KHTML, like Gecko) Chrome/81.0.4044.129 Safari/537.36"
::1 - - [02/May/2020:13:33:25 +0000] "GET /api/supplier/ HTTP/1.1" 200 20406 "http://localhost:3000/organisations/5e8ce3f15392a826dd15232f" "Mozilla/5.0 (Macintosh; Intel Mac OS X 10_15_2) AppleWebKit/537.36 (KHTML, like Gecko) Chrome/81.0.4044.129 Safari/537.36"
::1 - - [02/May/2020:13:35:21 +0000] "GET /api/supplier/ HTTP/1.1" 200 20406 "http://localhost:3000/organisations/5e8ce3f15392a826dd15232f" "Mozilla/5.0 (Macintosh; Intel Mac OS X 10_15_2) AppleWebKit/537.36 (KHTML, like Gecko) Chrome/81.0.4044.129 Safari/537.36"
::1 - - [02/May/2020:13:35:29 +0000] "GET /api/supplier/ HTTP/1.1" 200 20406 "http://localhost:3000/organisations/5e8ce3f15392a826dd15232f" "Mozilla/5.0 (Macintosh; Intel Mac OS X 10_15_2) AppleWebKit/537.36 (KHTML, like Gecko) Chrome/81.0.4044.129 Safari/537.36"
::1 - - [02/May/2020:13:35:56 +0000] "GET /api/supplier/ HTTP/1.1" 200 20406 "http://localhost:3000/organisations/5e8ce3f15392a826dd15232f" "Mozilla/5.0 (Macintosh; Intel Mac OS X 10_15_2) AppleWebKit/537.36 (KHTML, like Gecko) Chrome/81.0.4044.129 Safari/537.36"
::1 - - [02/May/2020:13:36:41 +0000] "GET /api/supplier/ HTTP/1.1" 200 20406 "http://localhost:3000/organisations/5e8ce3f15392a826dd15232f" "Mozilla/5.0 (Macintosh; Intel Mac OS X 10_15_2) AppleWebKit/537.36 (KHTML, like Gecko) Chrome/81.0.4044.129 Safari/537.36"
::1 - - [02/May/2020:13:37:49 +0000] "GET /api/supplier/ HTTP/1.1" 200 20406 "http://localhost:3000/organisations/5e8ce3f15392a826dd15232f" "Mozilla/5.0 (Macintosh; Intel Mac OS X 10_15_2) AppleWebKit/537.36 (KHTML, like Gecko) Chrome/81.0.4044.129 Safari/537.36"
::1 - - [02/May/2020:13:38:18 +0000] "GET /api/supplier/ HTTP/1.1" 200 20406 "http://localhost:3000/organisations/5e8ce3f15392a826dd15232f" "Mozilla/5.0 (Macintosh; Intel Mac OS X 10_15_2) AppleWebKit/537.36 (KHTML, like Gecko) Chrome/81.0.4044.129 Safari/537.36"
::1 - - [02/May/2020:13:39:02 +0000] "GET /api/supplier/ HTTP/1.1" 200 20406 "http://localhost:3000/organisations/5e8ce3f15392a826dd15232f" "Mozilla/5.0 (Macintosh; Intel Mac OS X 10_15_2) AppleWebKit/537.36 (KHTML, like Gecko) Chrome/81.0.4044.129 Safari/537.36"
::1 - - [02/May/2020:13:39:12 +0000] "GET /api/supplier/ HTTP/1.1" 200 20406 "http://localhost:3000/organisations/5e8ce3f15392a826dd15232f" "Mozilla/5.0 (Macintosh; Intel Mac OS X 10_15_2) AppleWebKit/537.36 (KHTML, like Gecko) Chrome/81.0.4044.129 Safari/537.36"
::1 - - [02/May/2020:13:40:16 +0000] "GET /api/supplier/ HTTP/1.1" 200 20406 "http://localhost:3000/organisations/5e8ce3f15392a826dd15232f" "Mozilla/5.0 (Macintosh; Intel Mac OS X 10_15_2) AppleWebKit/537.36 (KHTML, like Gecko) Chrome/81.0.4044.129 Safari/537.36"
::1 - - [02/May/2020:13:41:36 +0000] "GET /api/supplier/ HTTP/1.1" 200 20406 "http://localhost:3000/organisations/5e8ce3f15392a826dd15232f" "Mozilla/5.0 (Macintosh; Intel Mac OS X 10_15_2) AppleWebKit/537.36 (KHTML, like Gecko) Chrome/81.0.4044.129 Safari/537.36"
::1 - - [02/May/2020:13:42:36 +0000] "GET /api/supplier/ HTTP/1.1" 200 20406 "http://localhost:3000/organisations/5e8ce3f15392a826dd15232f" "Mozilla/5.0 (Macintosh; Intel Mac OS X 10_15_2) AppleWebKit/537.36 (KHTML, like Gecko) Chrome/81.0.4044.129 Safari/537.36"
::1 - - [02/May/2020:13:43:48 +0000] "GET /api/supplier/ HTTP/1.1" - - "http://localhost:3000/organisations/5e8ce3f15392a826dd15232f" "Mozilla/5.0 (Macintosh; Intel Mac OS X 10_15_2) AppleWebKit/537.36 (KHTML, like Gecko) Chrome/81.0.4044.129 Safari/537.36"
::1 - - [02/May/2020:13:43:56 +0000] "GET /api/supplier/ HTTP/1.1" 200 20406 "http://localhost:3000/organisations/5e8ce3f15392a826dd15232f" "Mozilla/5.0 (Macintosh; Intel Mac OS X 10_15_2) AppleWebKit/537.36 (KHTML, like Gecko) Chrome/81.0.4044.129 Safari/537.36"
::1 - - [02/May/2020:13:47:01 +0000] "GET /api/supplier/ HTTP/1.1" 200 20406 "http://localhost:3000/organisations/5e8ce3f15392a826dd15232f" "Mozilla/5.0 (Macintosh; Intel Mac OS X 10_15_2) AppleWebKit/537.36 (KHTML, like Gecko) Chrome/81.0.4044.129 Safari/537.36"
::1 - - [02/May/2020:13:47:06 +0000] "GET /api/supplier/ HTTP/1.1" 200 20406 "http://localhost:3000/organisations/5e8ce3f15392a826dd15232f" "Mozilla/5.0 (Macintosh; Intel Mac OS X 10_15_2) AppleWebKit/537.36 (KHTML, like Gecko) Chrome/81.0.4044.129 Safari/537.36"
::1 - - [02/May/2020:13:47:24 +0000] "GET /api/supplier/ HTTP/1.1" 200 20406 "http://localhost:3000/organisations/5e8ce3f15392a826dd15232f" "Mozilla/5.0 (Macintosh; Intel Mac OS X 10_15_2) AppleWebKit/537.36 (KHTML, like Gecko) Chrome/81.0.4044.129 Safari/537.36"
::1 - - [02/May/2020:13:47:44 +0000] "GET /api/supplier/ HTTP/1.1" 200 20406 "http://localhost:3000/organisations/5e8ce3f15392a826dd15232f" "Mozilla/5.0 (Macintosh; Intel Mac OS X 10_15_2) AppleWebKit/537.36 (KHTML, like Gecko) Chrome/81.0.4044.129 Safari/537.36"
::1 - - [02/May/2020:13:47:56 +0000] "GET /api/supplier/ HTTP/1.1" 200 20406 "http://localhost:3000/organisations/5e8ce3f15392a826dd15232f" "Mozilla/5.0 (Macintosh; Intel Mac OS X 10_15_2) AppleWebKit/537.36 (KHTML, like Gecko) Chrome/81.0.4044.129 Safari/537.36"
::1 - - [02/May/2020:13:48:40 +0000] "GET /api/supplier/ HTTP/1.1" 200 20406 "http://localhost:3000/organisations/5e8ce3f15392a826dd15232f" "Mozilla/5.0 (Macintosh; Intel Mac OS X 10_15_2) AppleWebKit/537.36 (KHTML, like Gecko) Chrome/81.0.4044.129 Safari/537.36"
::1 - - [02/May/2020:15:19:06 +0000] "GET /api/supplier/ HTTP/1.1" 200 20406 "http://localhost:3000/organisations/5e8ce3f15392a826dd15232f" "Mozilla/5.0 (Macintosh; Intel Mac OS X 10_15_2) AppleWebKit/537.36 (KHTML, like Gecko) Chrome/81.0.4044.129 Safari/537.36"
::1 - - [02/May/2020:15:19:19 +0000] "GET /api/supplier/ HTTP/1.1" 200 20406 "http://localhost:3000/organisations/5e8ce3f15392a826dd15232f" "Mozilla/5.0 (Macintosh; Intel Mac OS X 10_15_2) AppleWebKit/537.36 (KHTML, like Gecko) Chrome/81.0.4044.129 Safari/537.36"
::1 - - [02/May/2020:15:19:53 +0000] "GET /api/supplier/ HTTP/1.1" 200 20406 "http://localhost:3000/organisations/5e8ce3f15392a826dd15232f" "Mozilla/5.0 (Macintosh; Intel Mac OS X 10_15_2) AppleWebKit/537.36 (KHTML, like Gecko) Chrome/81.0.4044.129 Safari/537.36"
::1 - - [02/May/2020:15:20:12 +0000] "GET /api/supplier/ HTTP/1.1" 200 20406 "http://localhost:3000/organisations/5e8ce3f15392a826dd15232f" "Mozilla/5.0 (Macintosh; Intel Mac OS X 10_15_2) AppleWebKit/537.36 (KHTML, like Gecko) Chrome/81.0.4044.129 Safari/537.36"
::1 - - [02/May/2020:15:21:10 +0000] "GET /api/supplier/ HTTP/1.1" 200 20406 "http://localhost:3000/organisations/5e8ce3f15392a826dd15232f" "Mozilla/5.0 (Macintosh; Intel Mac OS X 10_15_2) AppleWebKit/537.36 (KHTML, like Gecko) Chrome/81.0.4044.129 Safari/537.36"
::1 - - [02/May/2020:15:21:18 +0000] "GET /api/supplier/ HTTP/1.1" 200 20406 "http://localhost:3000/organisations/5e8ce3f15392a826dd15232f" "Mozilla/5.0 (Macintosh; Intel Mac OS X 10_15_2) AppleWebKit/537.36 (KHTML, like Gecko) Chrome/81.0.4044.129 Safari/537.36"
::1 - - [02/May/2020:15:22:10 +0000] "GET /api/supplier/ HTTP/1.1" 200 20406 "http://localhost:3000/organisations/5e8ce3f15392a826dd15232f" "Mozilla/5.0 (Macintosh; Intel Mac OS X 10_15_2) AppleWebKit/537.36 (KHTML, like Gecko) Chrome/81.0.4044.129 Safari/537.36"
::1 - - [02/May/2020:15:22:50 +0000] "GET /api/supplier/ HTTP/1.1" 200 20406 "http://localhost:3000/organisations/5e8ce3f15392a826dd15232f" "Mozilla/5.0 (Macintosh; Intel Mac OS X 10_15_2) AppleWebKit/537.36 (KHTML, like Gecko) Chrome/81.0.4044.129 Safari/537.36"
::1 - - [02/May/2020:15:24:20 +0000] "GET /api/supplier/ HTTP/1.1" 200 20406 "http://localhost:3000/organisations/5e8ce3f15392a826dd15232f" "Mozilla/5.0 (Macintosh; Intel Mac OS X 10_15_2) AppleWebKit/537.36 (KHTML, like Gecko) Chrome/81.0.4044.129 Safari/537.36"
::1 - - [02/May/2020:15:24:25 +0000] "GET /api/info HTTP/1.1" 200 6803 "http://localhost:3000/" "Mozilla/5.0 (Macintosh; Intel Mac OS X 10_15_2) AppleWebKit/537.36 (KHTML, like Gecko) Chrome/81.0.4044.129 Safari/537.36"
::1 - - [02/May/2020:15:24:54 +0000] "GET /api/supplier/ HTTP/1.1" 200 20406 "http://localhost:3000/organisations/5e8ce3f15392a826dd15232f" "Mozilla/5.0 (Macintosh; Intel Mac OS X 10_15_2) AppleWebKit/537.36 (KHTML, like Gecko) Chrome/81.0.4044.129 Safari/537.36"
::1 - - [02/May/2020:15:26:14 +0000] "GET /api/supplier/ HTTP/1.1" 200 20406 "http://localhost:3000/organisations" "Mozilla/5.0 (Macintosh; Intel Mac OS X 10_15_2) AppleWebKit/537.36 (KHTML, like Gecko) Chrome/81.0.4044.129 Safari/537.36"
::1 - - [02/May/2020:15:26:46 +0000] "GET /api/supplier/ HTTP/1.1" 200 20406 "http://localhost:3000/organisations" "Mozilla/5.0 (Macintosh; Intel Mac OS X 10_15_2) AppleWebKit/537.36 (KHTML, like Gecko) Chrome/81.0.4044.129 Safari/537.36"
::1 - - [02/May/2020:15:29:44 +0000] "GET /api/supplier/ HTTP/1.1" 200 20406 "http://localhost:3000/organisations" "Mozilla/5.0 (Macintosh; Intel Mac OS X 10_15_2) AppleWebKit/537.36 (KHTML, like Gecko) Chrome/81.0.4044.129 Safari/537.36"
::1 - - [02/May/2020:15:30:06 +0000] "GET /api/supplier/ HTTP/1.1" 200 20406 "http://localhost:3000/organisations" "Mozilla/5.0 (Macintosh; Intel Mac OS X 10_15_2) AppleWebKit/537.36 (KHTML, like Gecko) Chrome/81.0.4044.129 Safari/537.36"
::1 - - [02/May/2020:15:30:39 +0000] "GET /api/supplier/ HTTP/1.1" 200 20406 "http://localhost:3000/organisations" "Mozilla/5.0 (Macintosh; Intel Mac OS X 10_15_2) AppleWebKit/537.36 (KHTML, like Gecko) Chrome/81.0.4044.129 Safari/537.36"
::1 - - [02/May/2020:15:31:33 +0000] "GET /api/supplier/ HTTP/1.1" 200 20406 "http://localhost:3000/organisations/5e9b1636d8ff36ed4bc3bcea" "Mozilla/5.0 (Macintosh; Intel Mac OS X 10_15_2) AppleWebKit/537.36 (KHTML, like Gecko) Chrome/81.0.4044.129 Safari/537.36"
::1 - - [02/May/2020:15:31:35 +0000] "GET /api/info HTTP/1.1" 200 6803 "http://localhost:3000/" "Mozilla/5.0 (Macintosh; Intel Mac OS X 10_15_2) AppleWebKit/537.36 (KHTML, like Gecko) Chrome/81.0.4044.129 Safari/537.36"
::1 - - [02/May/2020:15:32:00 +0000] "GET /api/info HTTP/1.1" 200 6803 "http://localhost:3000/" "Mozilla/5.0 (Macintosh; Intel Mac OS X 10_15_2) AppleWebKit/537.36 (KHTML, like Gecko) Chrome/81.0.4044.129 Safari/537.36"
::1 - - [02/May/2020:15:32:01 +0000] "GET /api/supplier/ HTTP/1.1" 200 20406 "http://localhost:3000/organisations" "Mozilla/5.0 (Macintosh; Intel Mac OS X 10_15_2) AppleWebKit/537.36 (KHTML, like Gecko) Chrome/81.0.4044.129 Safari/537.36"
::1 - - [02/May/2020:15:32:47 +0000] "GET /api/info HTTP/1.1" 200 6803 "http://localhost:3000/" "Mozilla/5.0 (Macintosh; Intel Mac OS X 10_15_2) AppleWebKit/537.36 (KHTML, like Gecko) Chrome/81.0.4044.129 Safari/537.36"
::1 - - [02/May/2020:15:32:54 +0000] "GET /api/supplier/ HTTP/1.1" 200 20406 "http://localhost:3000/organisations/5e90e44c26be2dbe340e5bd1" "Mozilla/5.0 (Macintosh; Intel Mac OS X 10_15_2) AppleWebKit/537.36 (KHTML, like Gecko) Chrome/81.0.4044.129 Safari/537.36"
::1 - - [02/May/2020:15:34:42 +0000] "GET /api/info HTTP/1.1" 200 6803 "http://localhost:3000/" "Mozilla/5.0 (Macintosh; Intel Mac OS X 10_15_2) AppleWebKit/537.36 (KHTML, like Gecko) Chrome/81.0.4044.129 Safari/537.36"
::1 - - [02/May/2020:15:38:32 +0000] "GET /api/info HTTP/1.1" 200 6803 "http://localhost:3000/" "Mozilla/5.0 (Macintosh; Intel Mac OS X 10_15_2) AppleWebKit/537.36 (KHTML, like Gecko) Chrome/81.0.4044.129 Safari/537.36"
::1 - - [02/May/2020:15:43:23 +0000] "GET /api/info HTTP/1.1" 200 6803 "http://localhost:3000/" "Mozilla/5.0 (Macintosh; Intel Mac OS X 10_15_2) AppleWebKit/537.36 (KHTML, like Gecko) Chrome/81.0.4044.129 Safari/537.36"
::1 - - [02/May/2020:15:43:29 +0000] "GET /api/info HTTP/1.1" 200 6803 "http://localhost:3000/" "Mozilla/5.0 (Macintosh; Intel Mac OS X 10_15_2) AppleWebKit/537.36 (KHTML, like Gecko) Chrome/81.0.4044.129 Safari/537.36"
::1 - - [02/May/2020:15:44:01 +0000] "GET /api/supplier/ HTTP/1.1" 200 20406 "http://localhost:3000/organisations/5e90e44c26be2dbe340e5bd1" "Mozilla/5.0 (Macintosh; Intel Mac OS X 10_15_2) AppleWebKit/537.36 (KHTML, like Gecko) Chrome/81.0.4044.129 Safari/537.36"
::1 - - [02/May/2020:15:46:03 +0000] "GET /api/info HTTP/1.1" 200 6803 "http://localhost:3000/" "Mozilla/5.0 (Macintosh; Intel Mac OS X 10_15_2) AppleWebKit/537.36 (KHTML, like Gecko) Chrome/81.0.4044.129 Safari/537.36"
::1 - - [02/May/2020:15:46:17 +0000] "GET /api/info HTTP/1.1" 200 6803 "http://localhost:3000/" "Mozilla/5.0 (Macintosh; Intel Mac OS X 10_15_2) AppleWebKit/537.36 (KHTML, like Gecko) Chrome/81.0.4044.129 Safari/537.36"
::1 - - [02/May/2020:15:46:38 +0000] "GET /api/info HTTP/1.1" 200 6803 "http://localhost:3000/" "Mozilla/5.0 (Macintosh; Intel Mac OS X 10_15_2) AppleWebKit/537.36 (KHTML, like Gecko) Chrome/81.0.4044.129 Safari/537.36"
::1 - - [02/May/2020:15:47:16 +0000] "GET /api/info HTTP/1.1" 200 6803 "http://localhost:3000/" "Mozilla/5.0 (Macintosh; Intel Mac OS X 10_15_2) AppleWebKit/537.36 (KHTML, like Gecko) Chrome/81.0.4044.129 Safari/537.36"
::1 - - [02/May/2020:15:47:35 +0000] "GET /api/info HTTP/1.1" 200 6803 "http://localhost:3000/" "Mozilla/5.0 (Macintosh; Intel Mac OS X 10_15_2) AppleWebKit/537.36 (KHTML, like Gecko) Chrome/81.0.4044.129 Safari/537.36"
::1 - - [02/May/2020:15:48:55 +0000] "GET /api/info HTTP/1.1" 200 6803 "http://localhost:3000/" "Mozilla/5.0 (Macintosh; Intel Mac OS X 10_15_2) AppleWebKit/537.36 (KHTML, like Gecko) Chrome/81.0.4044.129 Safari/537.36"
::1 - - [02/May/2020:15:50:31 +0000] "GET /api/info HTTP/1.1" 200 6803 "http://localhost:3000/" "Mozilla/5.0 (Macintosh; Intel Mac OS X 10_15_2) AppleWebKit/537.36 (KHTML, like Gecko) Chrome/81.0.4044.129 Safari/537.36"
::1 - - [02/May/2020:15:50:43 +0000] "GET /api/info HTTP/1.1" 200 6803 "http://localhost:3000/" "Mozilla/5.0 (Macintosh; Intel Mac OS X 10_15_2) AppleWebKit/537.36 (KHTML, like Gecko) Chrome/81.0.4044.129 Safari/537.36"
::1 - - [02/May/2020:15:51:24 +0000] "GET /api/info HTTP/1.1" 200 6803 "http://localhost:3000/" "Mozilla/5.0 (Macintosh; Intel Mac OS X 10_15_2) AppleWebKit/537.36 (KHTML, like Gecko) Chrome/81.0.4044.129 Safari/537.36"
::1 - - [02/May/2020:15:52:47 +0000] "GET /api/info HTTP/1.1" 200 6803 "http://localhost:3000/" "Mozilla/5.0 (Macintosh; Intel Mac OS X 10_15_2) AppleWebKit/537.36 (KHTML, like Gecko) Chrome/81.0.4044.129 Safari/537.36"
::1 - - [02/May/2020:15:53:50 +0000] "GET /api/info HTTP/1.1" 200 6803 "http://localhost:3000/" "Mozilla/5.0 (Macintosh; Intel Mac OS X 10_15_2) AppleWebKit/537.36 (KHTML, like Gecko) Chrome/81.0.4044.129 Safari/537.36"
::1 - - [02/May/2020:15:54:05 +0000] "GET /api/info HTTP/1.1" 200 6803 "http://localhost:3000/" "Mozilla/5.0 (Macintosh; Intel Mac OS X 10_15_2) AppleWebKit/537.36 (KHTML, like Gecko) Chrome/81.0.4044.129 Safari/537.36"
::1 - - [02/May/2020:15:58:43 +0000] "GET /api/supplier/ HTTP/1.1" 200 20406 "http://localhost:3000/organisations/5e9b15b3d8ff36ed4bc3bcde" "Mozilla/5.0 (Macintosh; Intel Mac OS X 10_15_2) AppleWebKit/537.36 (KHTML, like Gecko) Chrome/81.0.4044.129 Safari/537.36"
::1 - - [02/May/2020:16:01:39 +0000] "GET /api/rationEvent HTTP/1.1" 304 - "http://localhost:3000/map" "Mozilla/5.0 (Macintosh; Intel Mac OS X 10_15_2) AppleWebKit/537.36 (KHTML, like Gecko) Chrome/81.0.4044.129 Safari/537.36"
::1 - - [02/May/2020:19:04:08 +0000] "GET /api/info HTTP/1.1" 200 6803 "http://localhost:3000/" "Mozilla/5.0 (iPhone; CPU iPhone OS 13_2_3 like Mac OS X) AppleWebKit/605.1.15 (KHTML, like Gecko) Version/13.0.3 Mobile/15E148 Safari/604.1"
::1 - - [02/May/2020:19:09:06 +0000] "GET /api/supplier/ HTTP/1.1" 200 20406 "http://localhost:3000/organisations" "Mozilla/5.0 (Macintosh; Intel Mac OS X 10_15_2) AppleWebKit/537.36 (KHTML, like Gecko) Chrome/81.0.4044.129 Safari/537.36"
::1 - - [02/May/2020:19:09:09 +0000] "GET /api/rationEvent HTTP/1.1" 200 11663 "http://localhost:3000/map" "Mozilla/5.0 (Macintosh; Intel Mac OS X 10_15_2) AppleWebKit/537.36 (KHTML, like Gecko) Chrome/81.0.4044.129 Safari/537.36"
::1 - - [02/May/2020:19:09:11 +0000] "GET /api/info HTTP/1.1" 200 6803 "http://localhost:3000/" "Mozilla/5.0 (Macintosh; Intel Mac OS X 10_15_2) AppleWebKit/537.36 (KHTML, like Gecko) Chrome/81.0.4044.129 Safari/537.36"
::1 - - [02/May/2020:19:51:15 +0000] "GET /api/rationEvent HTTP/1.1" 200 11663 "http://localhost:3000/map" "Mozilla/5.0 (Macintosh; Intel Mac OS X 10_15_2) AppleWebKit/537.36 (KHTML, like Gecko) Chrome/81.0.4044.129 Safari/537.36"
::1 - - [02/May/2020:19:51:15 +0000] "GET /api/supplier/ HTTP/1.1" 200 20406 "http://localhost:3000/organisations" "Mozilla/5.0 (Macintosh; Intel Mac OS X 10_15_2) AppleWebKit/537.36 (KHTML, like Gecko) Chrome/81.0.4044.129 Safari/537.36"
::1 - - [02/May/2020:19:51:17 +0000] "GET /api/info HTTP/1.1" 200 6803 "http://localhost:3000/" "Mozilla/5.0 (Macintosh; Intel Mac OS X 10_15_2) AppleWebKit/537.36 (KHTML, like Gecko) Chrome/81.0.4044.129 Safari/537.36"
