::1 - - [11/May/2020:21:11:11 +0000] "POST /api/auth/checkCookie HTTP/1.1" 200 13 "http://localhost:3000/cnic" "Mozilla/5.0 (Macintosh; Intel Mac OS X 10_15_2) AppleWebKit/537.36 (KHTML, like Gecko) Chrome/81.0.4044.138 Safari/537.36"
::1 - - [11/May/2020:21:11:14 +0000] "GET /api/auth/me HTTP/1.1" 200 3458 "http://localhost:3000/cnic" "Mozilla/5.0 (Macintosh; Intel Mac OS X 10_15_2) AppleWebKit/537.36 (KHTML, like Gecko) Chrome/81.0.4044.138 Safari/537.36"
::1 - - [11/May/2020:21:11:14 +0000] "GET /api/auth/me HTTP/1.1" 200 3458 "http://localhost:3000/cnic" "Mozilla/5.0 (Macintosh; Intel Mac OS X 10_15_2) AppleWebKit/537.36 (KHTML, like Gecko) Chrome/81.0.4044.138 Safari/537.36"
::1 - - [11/May/2020:21:12:06 +0000] "POST /api/auth/checkCookie HTTP/1.1" 200 13 "http://localhost:3000/cnic" "Mozilla/5.0 (Macintosh; Intel Mac OS X 10_15_2) AppleWebKit/537.36 (KHTML, like Gecko) Chrome/81.0.4044.138 Safari/537.36"
::1 - - [11/May/2020:21:12:06 +0000] "GET /api/auth/me HTTP/1.1" 200 3458 "http://localhost:3000/cnic" "Mozilla/5.0 (Macintosh; Intel Mac OS X 10_15_2) AppleWebKit/537.36 (KHTML, like Gecko) Chrome/81.0.4044.138 Safari/537.36"
::1 - - [11/May/2020:21:12:10 +0000] "GET /api/auth/me HTTP/1.1" 200 3458 "http://localhost:3000/cnic" "Mozilla/5.0 (Macintosh; Intel Mac OS X 10_15_2) AppleWebKit/537.36 (KHTML, like Gecko) Chrome/81.0.4044.138 Safari/537.36"
::1 - - [11/May/2020:21:12:42 +0000] "POST /api/auth/checkCookie HTTP/1.1" 200 13 "http://localhost:3000/cnic" "Mozilla/5.0 (Macintosh; Intel Mac OS X 10_15_2) AppleWebKit/537.36 (KHTML, like Gecko) Chrome/81.0.4044.138 Safari/537.36"
::1 - - [11/May/2020:21:12:43 +0000] "GET /api/auth/me HTTP/1.1" 200 3458 "http://localhost:3000/cnic" "Mozilla/5.0 (Macintosh; Intel Mac OS X 10_15_2) AppleWebKit/537.36 (KHTML, like Gecko) Chrome/81.0.4044.138 Safari/537.36"
::1 - - [11/May/2020:21:12:43 +0000] "GET /api/auth/me HTTP/1.1" 200 3458 "http://localhost:3000/cnic" "Mozilla/5.0 (Macintosh; Intel Mac OS X 10_15_2) AppleWebKit/537.36 (KHTML, like Gecko) Chrome/81.0.4044.138 Safari/537.36"
::1 - - [11/May/2020:21:13:14 +0000] "POST /api/auth/checkCookie HTTP/1.1" 200 13 "http://localhost:3000/cnic" "Mozilla/5.0 (Macintosh; Intel Mac OS X 10_15_2) AppleWebKit/537.36 (KHTML, like Gecko) Chrome/81.0.4044.138 Safari/537.36"
::1 - - [11/May/2020:21:13:15 +0000] "GET /api/auth/me HTTP/1.1" 200 3458 "http://localhost:3000/cnic" "Mozilla/5.0 (Macintosh; Intel Mac OS X 10_15_2) AppleWebKit/537.36 (KHTML, like Gecko) Chrome/81.0.4044.138 Safari/537.36"
::1 - - [11/May/2020:21:13:16 +0000] "GET /api/auth/me HTTP/1.1" 200 3458 "http://localhost:3000/cnic" "Mozilla/5.0 (Macintosh; Intel Mac OS X 10_15_2) AppleWebKit/537.36 (KHTML, like Gecko) Chrome/81.0.4044.138 Safari/537.36"
::1 - - [11/May/2020:21:17:07 +0000] "POST /api/auth/checkCookie HTTP/1.1" 200 13 "http://localhost:3000/cnic" "Mozilla/5.0 (Macintosh; Intel Mac OS X 10_15_2) AppleWebKit/537.36 (KHTML, like Gecko) Chrome/81.0.4044.138 Safari/537.36"
::1 - - [11/May/2020:21:17:07 +0000] "GET /api/auth/me HTTP/1.1" 200 3458 "http://localhost:3000/cnic" "Mozilla/5.0 (Macintosh; Intel Mac OS X 10_15_2) AppleWebKit/537.36 (KHTML, like Gecko) Chrome/81.0.4044.138 Safari/537.36"
::1 - - [11/May/2020:21:17:07 +0000] "GET /api/auth/me HTTP/1.1" 200 3458 "http://localhost:3000/cnic" "Mozilla/5.0 (Macintosh; Intel Mac OS X 10_15_2) AppleWebKit/537.36 (KHTML, like Gecko) Chrome/81.0.4044.138 Safari/537.36"
::1 - - [11/May/2020:21:20:09 +0000] "POST /api/auth/checkCookie HTTP/1.1" 200 13 "http://localhost:3000/cnic" "Mozilla/5.0 (Macintosh; Intel Mac OS X 10_15_2) AppleWebKit/537.36 (KHTML, like Gecko) Chrome/81.0.4044.138 Safari/537.36"
::1 - - [11/May/2020:21:20:10 +0000] "GET /api/auth/me HTTP/1.1" 200 3458 "http://localhost:3000/cnic" "Mozilla/5.0 (Macintosh; Intel Mac OS X 10_15_2) AppleWebKit/537.36 (KHTML, like Gecko) Chrome/81.0.4044.138 Safari/537.36"
::1 - - [11/May/2020:21:20:10 +0000] "GET /api/auth/me HTTP/1.1" 200 3458 "http://localhost:3000/cnic" "Mozilla/5.0 (Macintosh; Intel Mac OS X 10_15_2) AppleWebKit/537.36 (KHTML, like Gecko) Chrome/81.0.4044.138 Safari/537.36"
::1 - - [11/May/2020:21:20:17 +0000] "POST /api/auth/checkCookie HTTP/1.1" 200 13 "http://localhost:3000/cnic" "Mozilla/5.0 (Macintosh; Intel Mac OS X 10_15_2) AppleWebKit/537.36 (KHTML, like Gecko) Chrome/81.0.4044.138 Safari/537.36"
::1 - - [11/May/2020:21:20:18 +0000] "GET /api/auth/me HTTP/1.1" - - "http://localhost:3000/cnic" "Mozilla/5.0 (Macintosh; Intel Mac OS X 10_15_2) AppleWebKit/537.36 (KHTML, like Gecko) Chrome/81.0.4044.138 Safari/537.36"
::1 - - [11/May/2020:21:20:18 +0000] "GET /api/auth/me HTTP/1.1" - - "http://localhost:3000/cnic" "Mozilla/5.0 (Macintosh; Intel Mac OS X 10_15_2) AppleWebKit/537.36 (KHTML, like Gecko) Chrome/81.0.4044.138 Safari/537.36"
::1 - - [11/May/2020:21:20:20 +0000] "POST /api/auth/checkCookie HTTP/1.1" 200 13 "http://localhost:3000/cnic" "Mozilla/5.0 (Macintosh; Intel Mac OS X 10_15_2) AppleWebKit/537.36 (KHTML, like Gecko) Chrome/81.0.4044.138 Safari/537.36"
::1 - - [11/May/2020:21:20:21 +0000] "GET /api/auth/me HTTP/1.1" 200 3458 "http://localhost:3000/cnic" "Mozilla/5.0 (Macintosh; Intel Mac OS X 10_15_2) AppleWebKit/537.36 (KHTML, like Gecko) Chrome/81.0.4044.138 Safari/537.36"
::1 - - [11/May/2020:21:20:21 +0000] "GET /api/auth/me HTTP/1.1" 200 3458 "http://localhost:3000/cnic" "Mozilla/5.0 (Macintosh; Intel Mac OS X 10_15_2) AppleWebKit/537.36 (KHTML, like Gecko) Chrome/81.0.4044.138 Safari/537.36"
::1 - - [11/May/2020:21:21:30 +0000] "POST /api/auth/checkCookie HTTP/1.1" 200 13 "http://localhost:3000/cnic" "Mozilla/5.0 (Macintosh; Intel Mac OS X 10_15_2) AppleWebKit/537.36 (KHTML, like Gecko) Chrome/81.0.4044.138 Safari/537.36"
::1 - - [11/May/2020:21:21:31 +0000] "GET /api/auth/me HTTP/1.1" 200 3458 "http://localhost:3000/cnic" "Mozilla/5.0 (Macintosh; Intel Mac OS X 10_15_2) AppleWebKit/537.36 (KHTML, like Gecko) Chrome/81.0.4044.138 Safari/537.36"
::1 - - [11/May/2020:21:21:31 +0000] "GET /api/auth/me HTTP/1.1" 200 3458 "http://localhost:3000/cnic" "Mozilla/5.0 (Macintosh; Intel Mac OS X 10_15_2) AppleWebKit/537.36 (KHTML, like Gecko) Chrome/81.0.4044.138 Safari/537.36"
::1 - - [11/May/2020:21:22:31 +0000] "POST /api/auth/checkCookie HTTP/1.1" 200 13 "http://localhost:3000/cnic" "Mozilla/5.0 (Macintosh; Intel Mac OS X 10_15_2) AppleWebKit/537.36 (KHTML, like Gecko) Chrome/81.0.4044.138 Safari/537.36"
::1 - - [11/May/2020:21:22:32 +0000] "GET /api/auth/me HTTP/1.1" 200 3458 "http://localhost:3000/cnic" "Mozilla/5.0 (Macintosh; Intel Mac OS X 10_15_2) AppleWebKit/537.36 (KHTML, like Gecko) Chrome/81.0.4044.138 Safari/537.36"
::1 - - [11/May/2020:21:22:32 +0000] "GET /api/auth/me HTTP/1.1" 200 3458 "http://localhost:3000/cnic" "Mozilla/5.0 (Macintosh; Intel Mac OS X 10_15_2) AppleWebKit/537.36 (KHTML, like Gecko) Chrome/81.0.4044.138 Safari/537.36"
::1 - - [11/May/2020:21:23:40 +0000] "POST /api/auth/checkCookie HTTP/1.1" 200 13 "http://localhost:3000/cnic" "Mozilla/5.0 (Macintosh; Intel Mac OS X 10_15_2) AppleWebKit/537.36 (KHTML, like Gecko) Chrome/81.0.4044.138 Safari/537.36"
::1 - - [11/May/2020:21:23:41 +0000] "GET /api/auth/me HTTP/1.1" 200 3458 "http://localhost:3000/cnic" "Mozilla/5.0 (Macintosh; Intel Mac OS X 10_15_2) AppleWebKit/537.36 (KHTML, like Gecko) Chrome/81.0.4044.138 Safari/537.36"
::1 - - [11/May/2020:21:23:41 +0000] "GET /api/auth/me HTTP/1.1" 200 3458 "http://localhost:3000/cnic" "Mozilla/5.0 (Macintosh; Intel Mac OS X 10_15_2) AppleWebKit/537.36 (KHTML, like Gecko) Chrome/81.0.4044.138 Safari/537.36"
::1 - - [11/May/2020:21:25:23 +0000] "POST /api/auth/checkCookie HTTP/1.1" 200 13 "http://localhost:3000/cnic" "Mozilla/5.0 (Macintosh; Intel Mac OS X 10_15_2) AppleWebKit/537.36 (KHTML, like Gecko) Chrome/81.0.4044.138 Safari/537.36"
::1 - - [11/May/2020:21:25:24 +0000] "GET /api/auth/me HTTP/1.1" 200 3458 "http://localhost:3000/cnic" "Mozilla/5.0 (Macintosh; Intel Mac OS X 10_15_2) AppleWebKit/537.36 (KHTML, like Gecko) Chrome/81.0.4044.138 Safari/537.36"
::1 - - [11/May/2020:21:25:24 +0000] "GET /api/auth/me HTTP/1.1" 200 3458 "http://localhost:3000/cnic" "Mozilla/5.0 (Macintosh; Intel Mac OS X 10_15_2) AppleWebKit/537.36 (KHTML, like Gecko) Chrome/81.0.4044.138 Safari/537.36"
::1 - - [11/May/2020:21:25:34 +0000] "POST /api/auth/checkCookie HTTP/1.1" 200 13 "http://localhost:3000/cnic" "Mozilla/5.0 (Macintosh; Intel Mac OS X 10_15_2) AppleWebKit/537.36 (KHTML, like Gecko) Chrome/81.0.4044.138 Safari/537.36"
::1 - - [11/May/2020:21:25:34 +0000] "GET /api/auth/me HTTP/1.1" 200 3458 "http://localhost:3000/cnic" "Mozilla/5.0 (Macintosh; Intel Mac OS X 10_15_2) AppleWebKit/537.36 (KHTML, like Gecko) Chrome/81.0.4044.138 Safari/537.36"
::1 - - [11/May/2020:21:25:34 +0000] "GET /api/auth/me HTTP/1.1" 200 3458 "http://localhost:3000/cnic" "Mozilla/5.0 (Macintosh; Intel Mac OS X 10_15_2) AppleWebKit/537.36 (KHTML, like Gecko) Chrome/81.0.4044.138 Safari/537.36"
::1 - - [11/May/2020:21:26:01 +0000] "POST /api/auth/checkCookie HTTP/1.1" 200 13 "http://localhost:3000/cnic" "Mozilla/5.0 (Macintosh; Intel Mac OS X 10_15_2) AppleWebKit/537.36 (KHTML, like Gecko) Chrome/81.0.4044.138 Safari/537.36"
::1 - - [11/May/2020:21:26:02 +0000] "GET /api/auth/me HTTP/1.1" 200 3458 "http://localhost:3000/cnic" "Mozilla/5.0 (Macintosh; Intel Mac OS X 10_15_2) AppleWebKit/537.36 (KHTML, like Gecko) Chrome/81.0.4044.138 Safari/537.36"
::1 - - [11/May/2020:21:26:02 +0000] "GET /api/auth/me HTTP/1.1" 200 3458 "http://localhost:3000/cnic" "Mozilla/5.0 (Macintosh; Intel Mac OS X 10_15_2) AppleWebKit/537.36 (KHTML, like Gecko) Chrome/81.0.4044.138 Safari/537.36"
::1 - - [11/May/2020:21:27:52 +0000] "POST /api/auth/checkCookie HTTP/1.1" 200 13 "http://localhost:3000/cnic" "Mozilla/5.0 (Macintosh; Intel Mac OS X 10_15_2) AppleWebKit/537.36 (KHTML, like Gecko) Chrome/81.0.4044.138 Safari/537.36"
::1 - - [11/May/2020:21:27:53 +0000] "GET /api/auth/me HTTP/1.1" 200 3458 "http://localhost:3000/cnic" "Mozilla/5.0 (Macintosh; Intel Mac OS X 10_15_2) AppleWebKit/537.36 (KHTML, like Gecko) Chrome/81.0.4044.138 Safari/537.36"
::1 - - [11/May/2020:21:27:53 +0000] "GET /api/auth/me HTTP/1.1" 200 3458 "http://localhost:3000/cnic" "Mozilla/5.0 (Macintosh; Intel Mac OS X 10_15_2) AppleWebKit/537.36 (KHTML, like Gecko) Chrome/81.0.4044.138 Safari/537.36"
::1 - - [11/May/2020:21:28:41 +0000] "POST /api/auth/checkCookie HTTP/1.1" 200 13 "http://localhost:3000/cnic" "Mozilla/5.0 (Macintosh; Intel Mac OS X 10_15_2) AppleWebKit/537.36 (KHTML, like Gecko) Chrome/81.0.4044.138 Safari/537.36"
::1 - - [11/May/2020:21:28:42 +0000] "GET /api/auth/me HTTP/1.1" 200 3458 "http://localhost:3000/cnic" "Mozilla/5.0 (Macintosh; Intel Mac OS X 10_15_2) AppleWebKit/537.36 (KHTML, like Gecko) Chrome/81.0.4044.138 Safari/537.36"
::1 - - [11/May/2020:21:28:42 +0000] "GET /api/auth/me HTTP/1.1" 200 3458 "http://localhost:3000/cnic" "Mozilla/5.0 (Macintosh; Intel Mac OS X 10_15_2) AppleWebKit/537.36 (KHTML, like Gecko) Chrome/81.0.4044.138 Safari/537.36"
::1 - - [11/May/2020:21:29:00 +0000] "DELETE /api/event/5eb92cc8c5f7ff5926e1906b HTTP/1.1" 200 18 "http://localhost:3000/cnic" "Mozilla/5.0 (Macintosh; Intel Mac OS X 10_15_2) AppleWebKit/537.36 (KHTML, like Gecko) Chrome/81.0.4044.138 Safari/537.36"
::1 - - [11/May/2020:21:29:05 +0000] "DELETE /api/event/5eb92cd8c5f7ff5926e19070 HTTP/1.1" 200 18 "http://localhost:3000/cnic" "Mozilla/5.0 (Macintosh; Intel Mac OS X 10_15_2) AppleWebKit/537.36 (KHTML, like Gecko) Chrome/81.0.4044.138 Safari/537.36"
::1 - - [11/May/2020:21:29:09 +0000] "DELETE /api/event/5eb92cf9c5f7ff5926e19079 HTTP/1.1" 200 18 "http://localhost:3000/cnic" "Mozilla/5.0 (Macintosh; Intel Mac OS X 10_15_2) AppleWebKit/537.36 (KHTML, like Gecko) Chrome/81.0.4044.138 Safari/537.36"
::1 - - [11/May/2020:21:29:13 +0000] "POST /api/auth/checkCookie HTTP/1.1" 200 13 "http://localhost:3000/cnic" "Mozilla/5.0 (Macintosh; Intel Mac OS X 10_15_2) AppleWebKit/537.36 (KHTML, like Gecko) Chrome/81.0.4044.138 Safari/537.36"
::1 - - [11/May/2020:21:29:13 +0000] "GET /api/auth/me HTTP/1.1" 200 2211 "http://localhost:3000/cnic" "Mozilla/5.0 (Macintosh; Intel Mac OS X 10_15_2) AppleWebKit/537.36 (KHTML, like Gecko) Chrome/81.0.4044.138 Safari/537.36"
::1 - - [11/May/2020:21:29:14 +0000] "GET /api/auth/me HTTP/1.1" 200 2211 "http://localhost:3000/cnic" "Mozilla/5.0 (Macintosh; Intel Mac OS X 10_15_2) AppleWebKit/537.36 (KHTML, like Gecko) Chrome/81.0.4044.138 Safari/537.36"
::1 - - [11/May/2020:21:29:14 +0000] "GET /api/auth/me HTTP/1.1" 200 2211 "http://localhost:3000/cnic" "Mozilla/5.0 (Macintosh; Intel Mac OS X 10_15_2) AppleWebKit/537.36 (KHTML, like Gecko) Chrome/81.0.4044.138 Safari/537.36"
::1 - - [11/May/2020:21:30:48 +0000] "POST /api/auth/checkCookie HTTP/1.1" 200 13 "http://localhost:3000/cnic" "Mozilla/5.0 (Macintosh; Intel Mac OS X 10_15_2) AppleWebKit/537.36 (KHTML, like Gecko) Chrome/81.0.4044.138 Safari/537.36"
::1 - - [11/May/2020:21:30:51 +0000] "GET /api/auth/me HTTP/1.1" 200 2211 "http://localhost:3000/cnic" "Mozilla/5.0 (Macintosh; Intel Mac OS X 10_15_2) AppleWebKit/537.36 (KHTML, like Gecko) Chrome/81.0.4044.138 Safari/537.36"
::1 - - [11/May/2020:21:30:51 +0000] "GET /api/auth/me HTTP/1.1" 200 2211 "http://localhost:3000/cnic" "Mozilla/5.0 (Macintosh; Intel Mac OS X 10_15_2) AppleWebKit/537.36 (KHTML, like Gecko) Chrome/81.0.4044.138 Safari/537.36"
::1 - - [11/May/2020:21:31:29 +0000] "POST /api/auth/checkCookie HTTP/1.1" 200 13 "http://localhost:3000/cnic" "Mozilla/5.0 (Macintosh; Intel Mac OS X 10_15_2) AppleWebKit/537.36 (KHTML, like Gecko) Chrome/81.0.4044.138 Safari/537.36"
::1 - - [11/May/2020:21:31:30 +0000] "GET /api/auth/me HTTP/1.1" 200 2211 "http://localhost:3000/cnic" "Mozilla/5.0 (Macintosh; Intel Mac OS X 10_15_2) AppleWebKit/537.36 (KHTML, like Gecko) Chrome/81.0.4044.138 Safari/537.36"
::1 - - [11/May/2020:21:31:30 +0000] "GET /api/auth/me HTTP/1.1" 200 2211 "http://localhost:3000/cnic" "Mozilla/5.0 (Macintosh; Intel Mac OS X 10_15_2) AppleWebKit/537.36 (KHTML, like Gecko) Chrome/81.0.4044.138 Safari/537.36"
::1 - - [11/May/2020:21:32:12 +0000] "POST /api/auth/checkCookie HTTP/1.1" 200 13 "http://localhost:3000/cnic" "Mozilla/5.0 (Macintosh; Intel Mac OS X 10_15_2) AppleWebKit/537.36 (KHTML, like Gecko) Chrome/81.0.4044.138 Safari/537.36"
::1 - - [11/May/2020:21:32:13 +0000] "GET /api/auth/me HTTP/1.1" 200 2211 "http://localhost:3000/cnic" "Mozilla/5.0 (Macintosh; Intel Mac OS X 10_15_2) AppleWebKit/537.36 (KHTML, like Gecko) Chrome/81.0.4044.138 Safari/537.36"
::1 - - [11/May/2020:21:32:13 +0000] "GET /api/auth/me HTTP/1.1" 200 2211 "http://localhost:3000/cnic" "Mozilla/5.0 (Macintosh; Intel Mac OS X 10_15_2) AppleWebKit/537.36 (KHTML, like Gecko) Chrome/81.0.4044.138 Safari/537.36"
::1 - - [11/May/2020:21:32:47 +0000] "POST /api/auth/checkCookie HTTP/1.1" 200 13 "http://localhost:3000/cnic" "Mozilla/5.0 (Macintosh; Intel Mac OS X 10_15_2) AppleWebKit/537.36 (KHTML, like Gecko) Chrome/81.0.4044.138 Safari/537.36"
::1 - - [11/May/2020:21:32:48 +0000] "GET /api/auth/me HTTP/1.1" 200 2211 "http://localhost:3000/cnic" "Mozilla/5.0 (Macintosh; Intel Mac OS X 10_15_2) AppleWebKit/537.36 (KHTML, like Gecko) Chrome/81.0.4044.138 Safari/537.36"
::1 - - [11/May/2020:21:32:48 +0000] "GET /api/auth/me HTTP/1.1" 200 2211 "http://localhost:3000/cnic" "Mozilla/5.0 (Macintosh; Intel Mac OS X 10_15_2) AppleWebKit/537.36 (KHTML, like Gecko) Chrome/81.0.4044.138 Safari/537.36"
::1 - - [11/May/2020:21:33:25 +0000] "POST /api/auth/checkCookie HTTP/1.1" 200 13 "http://localhost:3000/cnic" "Mozilla/5.0 (Macintosh; Intel Mac OS X 10_15_2) AppleWebKit/537.36 (KHTML, like Gecko) Chrome/81.0.4044.138 Safari/537.36"
::1 - - [11/May/2020:21:33:25 +0000] "GET /api/auth/me HTTP/1.1" 200 2211 "http://localhost:3000/cnic" "Mozilla/5.0 (Macintosh; Intel Mac OS X 10_15_2) AppleWebKit/537.36 (KHTML, like Gecko) Chrome/81.0.4044.138 Safari/537.36"
::1 - - [11/May/2020:21:33:25 +0000] "GET /api/auth/me HTTP/1.1" 200 2211 "http://localhost:3000/cnic" "Mozilla/5.0 (Macintosh; Intel Mac OS X 10_15_2) AppleWebKit/537.36 (KHTML, like Gecko) Chrome/81.0.4044.138 Safari/537.36"
::1 - - [11/May/2020:21:37:09 +0000] "POST /api/auth/checkCookie HTTP/1.1" 200 13 "http://localhost:3000/cnic" "Mozilla/5.0 (Macintosh; Intel Mac OS X 10_15_2) AppleWebKit/537.36 (KHTML, like Gecko) Chrome/81.0.4044.138 Safari/537.36"
::1 - - [11/May/2020:21:37:10 +0000] "GET /api/auth/me HTTP/1.1" 200 2211 "http://localhost:3000/cnic" "Mozilla/5.0 (Macintosh; Intel Mac OS X 10_15_2) AppleWebKit/537.36 (KHTML, like Gecko) Chrome/81.0.4044.138 Safari/537.36"
::1 - - [11/May/2020:21:37:10 +0000] "GET /api/auth/me HTTP/1.1" 200 2211 "http://localhost:3000/cnic" "Mozilla/5.0 (Macintosh; Intel Mac OS X 10_15_2) AppleWebKit/537.36 (KHTML, like Gecko) Chrome/81.0.4044.138 Safari/537.36"
::1 - - [11/May/2020:21:37:29 +0000] "POST /api/auth/checkCookie HTTP/1.1" 200 13 "http://localhost:3000/cnic" "Mozilla/5.0 (Macintosh; Intel Mac OS X 10_15_2) AppleWebKit/537.36 (KHTML, like Gecko) Chrome/81.0.4044.138 Safari/537.36"
::1 - - [11/May/2020:21:37:30 +0000] "GET /api/auth/me HTTP/1.1" 200 2211 "http://localhost:3000/cnic" "Mozilla/5.0 (Macintosh; Intel Mac OS X 10_15_2) AppleWebKit/537.36 (KHTML, like Gecko) Chrome/81.0.4044.138 Safari/537.36"
::1 - - [11/May/2020:21:37:30 +0000] "GET /api/auth/me HTTP/1.1" 200 2211 "http://localhost:3000/cnic" "Mozilla/5.0 (Macintosh; Intel Mac OS X 10_15_2) AppleWebKit/537.36 (KHTML, like Gecko) Chrome/81.0.4044.138 Safari/537.36"
::1 - - [11/May/2020:21:37:47 +0000] "POST /api/auth/checkCookie HTTP/1.1" 200 13 "http://localhost:3000/cnic" "Mozilla/5.0 (Macintosh; Intel Mac OS X 10_15_2) AppleWebKit/537.36 (KHTML, like Gecko) Chrome/81.0.4044.138 Safari/537.36"
::1 - - [11/May/2020:21:37:47 +0000] "GET /api/auth/me HTTP/1.1" 200 2211 "http://localhost:3000/cnic" "Mozilla/5.0 (Macintosh; Intel Mac OS X 10_15_2) AppleWebKit/537.36 (KHTML, like Gecko) Chrome/81.0.4044.138 Safari/537.36"
::1 - - [11/May/2020:21:37:47 +0000] "GET /api/auth/me HTTP/1.1" 200 2211 "http://localhost:3000/cnic" "Mozilla/5.0 (Macintosh; Intel Mac OS X 10_15_2) AppleWebKit/537.36 (KHTML, like Gecko) Chrome/81.0.4044.138 Safari/537.36"
::1 - - [11/May/2020:21:38:47 +0000] "POST /api/auth/checkCookie HTTP/1.1" 200 13 "http://localhost:3000/cnic" "Mozilla/5.0 (Macintosh; Intel Mac OS X 10_15_2) AppleWebKit/537.36 (KHTML, like Gecko) Chrome/81.0.4044.138 Safari/537.36"
::1 - - [11/May/2020:21:38:47 +0000] "GET /api/auth/me HTTP/1.1" 200 2211 "http://localhost:3000/cnic" "Mozilla/5.0 (Macintosh; Intel Mac OS X 10_15_2) AppleWebKit/537.36 (KHTML, like Gecko) Chrome/81.0.4044.138 Safari/537.36"
::1 - - [11/May/2020:21:38:47 +0000] "GET /api/auth/me HTTP/1.1" 200 2211 "http://localhost:3000/cnic" "Mozilla/5.0 (Macintosh; Intel Mac OS X 10_15_2) AppleWebKit/537.36 (KHTML, like Gecko) Chrome/81.0.4044.138 Safari/537.36"
::1 - - [11/May/2020:21:40:39 +0000] "POST /api/auth/checkCookie HTTP/1.1" 200 13 "http://localhost:3000/cnic" "Mozilla/5.0 (Macintosh; Intel Mac OS X 10_15_2) AppleWebKit/537.36 (KHTML, like Gecko) Chrome/81.0.4044.138 Safari/537.36"
::1 - - [11/May/2020:21:40:40 +0000] "GET /api/auth/me HTTP/1.1" 200 2211 "http://localhost:3000/cnic" "Mozilla/5.0 (Macintosh; Intel Mac OS X 10_15_2) AppleWebKit/537.36 (KHTML, like Gecko) Chrome/81.0.4044.138 Safari/537.36"
::1 - - [11/May/2020:21:40:40 +0000] "GET /api/auth/me HTTP/1.1" 200 2211 "http://localhost:3000/cnic" "Mozilla/5.0 (Macintosh; Intel Mac OS X 10_15_2) AppleWebKit/537.36 (KHTML, like Gecko) Chrome/81.0.4044.138 Safari/537.36"
::1 - - [11/May/2020:21:41:01 +0000] "POST /api/auth/checkCookie HTTP/1.1" 200 13 "http://localhost:3000/cnic" "Mozilla/5.0 (Macintosh; Intel Mac OS X 10_15_2) AppleWebKit/537.36 (KHTML, like Gecko) Chrome/81.0.4044.138 Safari/537.36"
::1 - - [11/May/2020:21:41:02 +0000] "GET /api/auth/me HTTP/1.1" 200 2211 "http://localhost:3000/cnic" "Mozilla/5.0 (Macintosh; Intel Mac OS X 10_15_2) AppleWebKit/537.36 (KHTML, like Gecko) Chrome/81.0.4044.138 Safari/537.36"
::1 - - [11/May/2020:21:41:02 +0000] "GET /api/auth/me HTTP/1.1" 200 2211 "http://localhost:3000/cnic" "Mozilla/5.0 (Macintosh; Intel Mac OS X 10_15_2) AppleWebKit/537.36 (KHTML, like Gecko) Chrome/81.0.4044.138 Safari/537.36"
::1 - - [11/May/2020:21:43:45 +0000] "POST /api/auth/checkCookie HTTP/1.1" 200 13 "http://localhost:3000/cnic" "Mozilla/5.0 (Macintosh; Intel Mac OS X 10_15_2) AppleWebKit/537.36 (KHTML, like Gecko) Chrome/81.0.4044.138 Safari/537.36"
::1 - - [11/May/2020:21:43:48 +0000] "GET /api/auth/me HTTP/1.1" 200 2211 "http://localhost:3000/cnic" "Mozilla/5.0 (Macintosh; Intel Mac OS X 10_15_2) AppleWebKit/537.36 (KHTML, like Gecko) Chrome/81.0.4044.138 Safari/537.36"
::1 - - [11/May/2020:21:43:48 +0000] "GET /api/auth/me HTTP/1.1" 200 2211 "http://localhost:3000/cnic" "Mozilla/5.0 (Macintosh; Intel Mac OS X 10_15_2) AppleWebKit/537.36 (KHTML, like Gecko) Chrome/81.0.4044.138 Safari/537.36"
::1 - - [11/May/2020:21:44:07 +0000] "POST /api/auth/checkCookie HTTP/1.1" 200 13 "http://localhost:3000/cnic" "Mozilla/5.0 (Macintosh; Intel Mac OS X 10_15_2) AppleWebKit/537.36 (KHTML, like Gecko) Chrome/81.0.4044.138 Safari/537.36"
::1 - - [11/May/2020:21:44:09 +0000] "GET /api/auth/me HTTP/1.1" 200 2211 "http://localhost:3000/cnic" "Mozilla/5.0 (Macintosh; Intel Mac OS X 10_15_2) AppleWebKit/537.36 (KHTML, like Gecko) Chrome/81.0.4044.138 Safari/537.36"
::1 - - [11/May/2020:21:44:10 +0000] "GET /api/auth/me HTTP/1.1" 200 2211 "http://localhost:3000/cnic" "Mozilla/5.0 (Macintosh; Intel Mac OS X 10_15_2) AppleWebKit/537.36 (KHTML, like Gecko) Chrome/81.0.4044.138 Safari/537.36"
::1 - - [11/May/2020:21:46:22 +0000] "GET /api/info HTTP/1.1" 200 88 "http://localhost:3000/" "Mozilla/5.0 (Macintosh; Intel Mac OS X 10_15_2) AppleWebKit/537.36 (KHTML, like Gecko) Chrome/81.0.4044.138 Safari/537.36"
::1 - - [11/May/2020:21:46:22 +0000] "GET /api/info/featured HTTP/1.1" 200 786 "http://localhost:3000/" "Mozilla/5.0 (Macintosh; Intel Mac OS X 10_15_2) AppleWebKit/537.36 (KHTML, like Gecko) Chrome/81.0.4044.138 Safari/537.36"
::1 - - [11/May/2020:21:48:20 +0000] "GET /api/cnic/786678678678 HTTP/1.1" 500 65 "http://localhost:3000/cnic" "Mozilla/5.0 (Macintosh; Intel Mac OS X 10_15_2) AppleWebKit/537.36 (KHTML, like Gecko) Chrome/81.0.4044.138 Safari/537.36"
::1 - - [11/May/2020:21:48:31 +0000] "POST /api/auth/logout HTTP/1.1" 200 14 "http://localhost:3000/cnic" "Mozilla/5.0 (Macintosh; Intel Mac OS X 10_15_2) AppleWebKit/537.36 (KHTML, like Gecko) Chrome/81.0.4044.138 Safari/537.36"
::1 - - [11/May/2020:21:48:41 +0000] "POST /api/auth/login HTTP/1.1" 200 13 "http://localhost:3000/cnic" "Mozilla/5.0 (Macintosh; Intel Mac OS X 10_15_2) AppleWebKit/537.36 (KHTML, like Gecko) Chrome/81.0.4044.138 Safari/537.36"
::1 - - [11/May/2020:21:48:41 +0000] "POST /api/auth/checkCookie HTTP/1.1" 200 13 "http://localhost:3000/cnic" "Mozilla/5.0 (Macintosh; Intel Mac OS X 10_15_2) AppleWebKit/537.36 (KHTML, like Gecko) Chrome/81.0.4044.138 Safari/537.36"
::1 - - [11/May/2020:21:48:42 +0000] "GET /api/auth/me HTTP/1.1" 304 - "http://localhost:3000/cnic" "Mozilla/5.0 (Macintosh; Intel Mac OS X 10_15_2) AppleWebKit/537.36 (KHTML, like Gecko) Chrome/81.0.4044.138 Safari/537.36"
::1 - - [11/May/2020:21:48:42 +0000] "GET /api/auth/me HTTP/1.1" 304 - "http://localhost:3000/cnic" "Mozilla/5.0 (Macintosh; Intel Mac OS X 10_15_2) AppleWebKit/537.36 (KHTML, like Gecko) Chrome/81.0.4044.138 Safari/537.36"
::1 - - [11/May/2020:21:48:43 +0000] "GET /api/auth/me HTTP/1.1" 304 - "http://localhost:3000/cnic" "Mozilla/5.0 (Macintosh; Intel Mac OS X 10_15_2) AppleWebKit/537.36 (KHTML, like Gecko) Chrome/81.0.4044.138 Safari/537.36"
::1 - - [11/May/2020:21:49:53 +0000] "POST /api/auth/checkCookie HTTP/1.1" 200 13 "http://localhost:3000/cnic" "Mozilla/5.0 (Macintosh; Intel Mac OS X 10_15_2) AppleWebKit/537.36 (KHTML, like Gecko) Chrome/81.0.4044.138 Safari/537.36"
::1 - - [11/May/2020:21:49:54 +0000] "GET /api/auth/me HTTP/1.1" 304 - "http://localhost:3000/cnic" "Mozilla/5.0 (Macintosh; Intel Mac OS X 10_15_2) AppleWebKit/537.36 (KHTML, like Gecko) Chrome/81.0.4044.138 Safari/537.36"
::1 - - [11/May/2020:21:49:55 +0000] "GET /api/auth/me HTTP/1.1" 304 - "http://localhost:3000/cnic" "Mozilla/5.0 (Macintosh; Intel Mac OS X 10_15_2) AppleWebKit/537.36 (KHTML, like Gecko) Chrome/81.0.4044.138 Safari/537.36"
::1 - - [11/May/2020:21:52:29 +0000] "POST /api/auth/checkCookie HTTP/1.1" 200 13 "http://localhost:3000/cnic" "Mozilla/5.0 (Macintosh; Intel Mac OS X 10_15_2) AppleWebKit/537.36 (KHTML, like Gecko) Chrome/81.0.4044.138 Safari/537.36"
::1 - - [11/May/2020:21:52:29 +0000] "GET /api/auth/me HTTP/1.1" 304 - "http://localhost:3000/cnic" "Mozilla/5.0 (Macintosh; Intel Mac OS X 10_15_2) AppleWebKit/537.36 (KHTML, like Gecko) Chrome/81.0.4044.138 Safari/537.36"
::1 - - [11/May/2020:21:52:30 +0000] "GET /api/auth/me HTTP/1.1" 304 - "http://localhost:3000/cnic" "Mozilla/5.0 (Macintosh; Intel Mac OS X 10_15_2) AppleWebKit/537.36 (KHTML, like Gecko) Chrome/81.0.4044.138 Safari/537.36"
::1 - - [11/May/2020:21:54:40 +0000] "POST /api/auth/checkCookie HTTP/1.1" 200 13 "http://localhost:3000/cnic" "Mozilla/5.0 (Macintosh; Intel Mac OS X 10_15_2) AppleWebKit/537.36 (KHTML, like Gecko) Chrome/81.0.4044.138 Safari/537.36"
::1 - - [11/May/2020:21:54:41 +0000] "GET /api/auth/me HTTP/1.1" 304 - "http://localhost:3000/cnic" "Mozilla/5.0 (Macintosh; Intel Mac OS X 10_15_2) AppleWebKit/537.36 (KHTML, like Gecko) Chrome/81.0.4044.138 Safari/537.36"
::1 - - [11/May/2020:21:54:42 +0000] "GET /api/auth/me HTTP/1.1" 304 - "http://localhost:3000/cnic" "Mozilla/5.0 (Macintosh; Intel Mac OS X 10_15_2) AppleWebKit/537.36 (KHTML, like Gecko) Chrome/81.0.4044.138 Safari/537.36"
::1 - - [11/May/2020:21:54:49 +0000] "POST /api/auth/checkCookie HTTP/1.1" 200 13 "http://localhost:3000/cnic" "Mozilla/5.0 (Macintosh; Intel Mac OS X 10_15_2) AppleWebKit/537.36 (KHTML, like Gecko) Chrome/81.0.4044.138 Safari/537.36"
::1 - - [11/May/2020:21:54:49 +0000] "GET /api/auth/me HTTP/1.1" 304 - "http://localhost:3000/cnic" "Mozilla/5.0 (Macintosh; Intel Mac OS X 10_15_2) AppleWebKit/537.36 (KHTML, like Gecko) Chrome/81.0.4044.138 Safari/537.36"
::1 - - [11/May/2020:21:54:50 +0000] "GET /api/auth/me HTTP/1.1" 304 - "http://localhost:3000/cnic" "Mozilla/5.0 (Macintosh; Intel Mac OS X 10_15_2) AppleWebKit/537.36 (KHTML, like Gecko) Chrome/81.0.4044.138 Safari/537.36"
::1 - - [11/May/2020:21:54:57 +0000] "POST /api/auth/checkCookie HTTP/1.1" 200 13 "http://localhost:3000/cnic" "Mozilla/5.0 (Macintosh; Intel Mac OS X 10_15_2) AppleWebKit/537.36 (KHTML, like Gecko) Chrome/81.0.4044.138 Safari/537.36"
::1 - - [11/May/2020:21:54:57 +0000] "GET /api/auth/me HTTP/1.1" 304 - "http://localhost:3000/cnic" "Mozilla/5.0 (Macintosh; Intel Mac OS X 10_15_2) AppleWebKit/537.36 (KHTML, like Gecko) Chrome/81.0.4044.138 Safari/537.36"
::1 - - [11/May/2020:21:54:58 +0000] "GET /api/auth/me HTTP/1.1" 304 - "http://localhost:3000/cnic" "Mozilla/5.0 (Macintosh; Intel Mac OS X 10_15_2) AppleWebKit/537.36 (KHTML, like Gecko) Chrome/81.0.4044.138 Safari/537.36"
::1 - - [12/May/2020:12:33:29 +0000] "POST /api/auth/checkCookie HTTP/1.1" 200 13 "http://localhost:3000/cnic" "Mozilla/5.0 (Macintosh; Intel Mac OS X 10_15_2) AppleWebKit/537.36 (KHTML, like Gecko) Chrome/81.0.4044.138 Safari/537.36"
::1 - - [12/May/2020:12:33:31 +0000] "GET /api/auth/me HTTP/1.1" 304 - "http://localhost:3000/cnic" "Mozilla/5.0 (Macintosh; Intel Mac OS X 10_15_2) AppleWebKit/537.36 (KHTML, like Gecko) Chrome/81.0.4044.138 Safari/537.36"
::1 - - [12/May/2020:12:33:32 +0000] "GET /api/auth/me HTTP/1.1" 304 - "http://localhost:3000/cnic" "Mozilla/5.0 (Macintosh; Intel Mac OS X 10_15_2) AppleWebKit/537.36 (KHTML, like Gecko) Chrome/81.0.4044.138 Safari/537.36"
::1 - - [12/May/2020:13:06:05 +0000] "POST /api/auth/checkCookie HTTP/1.1" 200 13 "http://localhost:3000/cnic" "Mozilla/5.0 (Macintosh; Intel Mac OS X 10_15_2) AppleWebKit/537.36 (KHTML, like Gecko) Chrome/81.0.4044.138 Safari/537.36"
::1 - - [12/May/2020:13:06:08 +0000] "GET /api/auth/me HTTP/1.1" 200 2211 "http://localhost:3000/cnic" "Mozilla/5.0 (Macintosh; Intel Mac OS X 10_15_2) AppleWebKit/537.36 (KHTML, like Gecko) Chrome/81.0.4044.138 Safari/537.36"
::1 - - [12/May/2020:13:06:08 +0000] "GET /api/auth/me HTTP/1.1" 200 2211 "http://localhost:3000/cnic" "Mozilla/5.0 (Macintosh; Intel Mac OS X 10_15_2) AppleWebKit/537.36 (KHTML, like Gecko) Chrome/81.0.4044.138 Safari/537.36"
::1 - - [12/May/2020:13:06:34 +0000] "POST /api/auth/checkCookie HTTP/1.1" 200 13 "http://localhost:3000/cnic" "Mozilla/5.0 (Macintosh; Intel Mac OS X 10_15_2) AppleWebKit/537.36 (KHTML, like Gecko) Chrome/81.0.4044.138 Safari/537.36"
::1 - - [12/May/2020:13:06:35 +0000] "GET /api/auth/me HTTP/1.1" 200 2211 "http://localhost:3000/cnic" "Mozilla/5.0 (Macintosh; Intel Mac OS X 10_15_2) AppleWebKit/537.36 (KHTML, like Gecko) Chrome/81.0.4044.138 Safari/537.36"
::1 - - [12/May/2020:13:06:35 +0000] "GET /api/auth/me HTTP/1.1" 200 2211 "http://localhost:3000/cnic" "Mozilla/5.0 (Macintosh; Intel Mac OS X 10_15_2) AppleWebKit/537.36 (KHTML, like Gecko) Chrome/81.0.4044.138 Safari/537.36"
::1 - - [12/May/2020:13:07:01 +0000] "POST /api/auth/checkCookie HTTP/1.1" 200 13 "http://localhost:3000/cnic" "Mozilla/5.0 (Macintosh; Intel Mac OS X 10_15_2) AppleWebKit/537.36 (KHTML, like Gecko) Chrome/81.0.4044.138 Safari/537.36"
::1 - - [12/May/2020:13:07:02 +0000] "GET /api/auth/me HTTP/1.1" 200 2211 "http://localhost:3000/cnic" "Mozilla/5.0 (Macintosh; Intel Mac OS X 10_15_2) AppleWebKit/537.36 (KHTML, like Gecko) Chrome/81.0.4044.138 Safari/537.36"
::1 - - [12/May/2020:13:07:02 +0000] "GET /api/auth/me HTTP/1.1" 200 2211 "http://localhost:3000/cnic" "Mozilla/5.0 (Macintosh; Intel Mac OS X 10_15_2) AppleWebKit/537.36 (KHTML, like Gecko) Chrome/81.0.4044.138 Safari/537.36"
::1 - - [12/May/2020:13:07:43 +0000] "POST /api/auth/checkCookie HTTP/1.1" 200 13 "http://localhost:3000/cnic" "Mozilla/5.0 (Macintosh; Intel Mac OS X 10_15_2) AppleWebKit/537.36 (KHTML, like Gecko) Chrome/81.0.4044.138 Safari/537.36"
::1 - - [12/May/2020:13:07:44 +0000] "GET /api/auth/me HTTP/1.1" 200 2211 "http://localhost:3000/cnic" "Mozilla/5.0 (Macintosh; Intel Mac OS X 10_15_2) AppleWebKit/537.36 (KHTML, like Gecko) Chrome/81.0.4044.138 Safari/537.36"
::1 - - [12/May/2020:13:07:44 +0000] "GET /api/auth/me HTTP/1.1" 200 2211 "http://localhost:3000/cnic" "Mozilla/5.0 (Macintosh; Intel Mac OS X 10_15_2) AppleWebKit/537.36 (KHTML, like Gecko) Chrome/81.0.4044.138 Safari/537.36"
::1 - - [12/May/2020:13:08:12 +0000] "POST /api/auth/checkCookie HTTP/1.1" 200 13 "http://localhost:3000/cnic" "Mozilla/5.0 (Macintosh; Intel Mac OS X 10_15_2) AppleWebKit/537.36 (KHTML, like Gecko) Chrome/81.0.4044.138 Safari/537.36"
::1 - - [12/May/2020:13:08:13 +0000] "GET /api/auth/me HTTP/1.1" 200 2211 "http://localhost:3000/cnic" "Mozilla/5.0 (Macintosh; Intel Mac OS X 10_15_2) AppleWebKit/537.36 (KHTML, like Gecko) Chrome/81.0.4044.138 Safari/537.36"
::1 - - [12/May/2020:13:08:13 +0000] "GET /api/auth/me HTTP/1.1" 200 2211 "http://localhost:3000/cnic" "Mozilla/5.0 (Macintosh; Intel Mac OS X 10_15_2) AppleWebKit/537.36 (KHTML, like Gecko) Chrome/81.0.4044.138 Safari/537.36"
::1 - - [12/May/2020:13:08:36 +0000] "POST /api/auth/checkCookie HTTP/1.1" 200 13 "http://localhost:3000/cnic" "Mozilla/5.0 (Macintosh; Intel Mac OS X 10_15_2) AppleWebKit/537.36 (KHTML, like Gecko) Chrome/81.0.4044.138 Safari/537.36"
::1 - - [12/May/2020:13:08:37 +0000] "GET /api/auth/me HTTP/1.1" 200 2211 "http://localhost:3000/cnic" "Mozilla/5.0 (Macintosh; Intel Mac OS X 10_15_2) AppleWebKit/537.36 (KHTML, like Gecko) Chrome/81.0.4044.138 Safari/537.36"
::1 - - [12/May/2020:13:08:37 +0000] "GET /api/auth/me HTTP/1.1" 200 2211 "http://localhost:3000/cnic" "Mozilla/5.0 (Macintosh; Intel Mac OS X 10_15_2) AppleWebKit/537.36 (KHTML, like Gecko) Chrome/81.0.4044.138 Safari/537.36"
::1 - - [12/May/2020:13:08:49 +0000] "POST /api/auth/checkCookie HTTP/1.1" 200 13 "http://localhost:3000/cnic" "Mozilla/5.0 (Macintosh; Intel Mac OS X 10_15_2) AppleWebKit/537.36 (KHTML, like Gecko) Chrome/81.0.4044.138 Safari/537.36"
::1 - - [12/May/2020:13:08:50 +0000] "GET /api/auth/me HTTP/1.1" 200 2211 "http://localhost:3000/cnic" "Mozilla/5.0 (Macintosh; Intel Mac OS X 10_15_2) AppleWebKit/537.36 (KHTML, like Gecko) Chrome/81.0.4044.138 Safari/537.36"
::1 - - [12/May/2020:13:08:50 +0000] "GET /api/auth/me HTTP/1.1" 200 2211 "http://localhost:3000/cnic" "Mozilla/5.0 (Macintosh; Intel Mac OS X 10_15_2) AppleWebKit/537.36 (KHTML, like Gecko) Chrome/81.0.4044.138 Safari/537.36"
::1 - - [12/May/2020:13:13:44 +0000] "POST /api/auth/checkCookie HTTP/1.1" 200 13 "http://localhost:3000/cnic" "Mozilla/5.0 (Macintosh; Intel Mac OS X 10_15_2) AppleWebKit/537.36 (KHTML, like Gecko) Chrome/81.0.4044.138 Safari/537.36"
::1 - - [12/May/2020:13:13:45 +0000] "GET /api/auth/me HTTP/1.1" 200 2211 "http://localhost:3000/cnic" "Mozilla/5.0 (Macintosh; Intel Mac OS X 10_15_2) AppleWebKit/537.36 (KHTML, like Gecko) Chrome/81.0.4044.138 Safari/537.36"
::1 - - [12/May/2020:13:13:45 +0000] "GET /api/auth/me HTTP/1.1" 200 2211 "http://localhost:3000/cnic" "Mozilla/5.0 (Macintosh; Intel Mac OS X 10_15_2) AppleWebKit/537.36 (KHTML, like Gecko) Chrome/81.0.4044.138 Safari/537.36"
::1 - - [12/May/2020:13:14:19 +0000] "POST /api/auth/checkCookie HTTP/1.1" 200 13 "http://localhost:3000/cnic" "Mozilla/5.0 (Macintosh; Intel Mac OS X 10_15_2) AppleWebKit/537.36 (KHTML, like Gecko) Chrome/81.0.4044.138 Safari/537.36"
::1 - - [12/May/2020:13:14:20 +0000] "GET /api/auth/me HTTP/1.1" 200 2211 "http://localhost:3000/cnic" "Mozilla/5.0 (Macintosh; Intel Mac OS X 10_15_2) AppleWebKit/537.36 (KHTML, like Gecko) Chrome/81.0.4044.138 Safari/537.36"
::1 - - [12/May/2020:13:14:20 +0000] "GET /api/auth/me HTTP/1.1" 200 2211 "http://localhost:3000/cnic" "Mozilla/5.0 (Macintosh; Intel Mac OS X 10_15_2) AppleWebKit/537.36 (KHTML, like Gecko) Chrome/81.0.4044.138 Safari/537.36"
::1 - - [12/May/2020:13:22:57 +0000] "POST /api/auth/checkCookie HTTP/1.1" 200 13 "http://localhost:3000/cnic" "Mozilla/5.0 (Macintosh; Intel Mac OS X 10_15_2) AppleWebKit/537.36 (KHTML, like Gecko) Chrome/81.0.4044.138 Safari/537.36"
::1 - - [12/May/2020:13:23:00 +0000] "GET /api/auth/me HTTP/1.1" 200 2211 "http://localhost:3000/cnic" "Mozilla/5.0 (Macintosh; Intel Mac OS X 10_15_2) AppleWebKit/537.36 (KHTML, like Gecko) Chrome/81.0.4044.138 Safari/537.36"
::1 - - [12/May/2020:13:23:00 +0000] "GET /api/auth/me HTTP/1.1" 200 2211 "http://localhost:3000/cnic" "Mozilla/5.0 (Macintosh; Intel Mac OS X 10_15_2) AppleWebKit/537.36 (KHTML, like Gecko) Chrome/81.0.4044.138 Safari/537.36"
::1 - - [12/May/2020:13:24:08 +0000] "POST /api/auth/checkCookie HTTP/1.1" 200 13 "http://localhost:3000/cnic" "Mozilla/5.0 (Macintosh; Intel Mac OS X 10_15_2) AppleWebKit/537.36 (KHTML, like Gecko) Chrome/81.0.4044.138 Safari/537.36"
::1 - - [12/May/2020:13:24:09 +0000] "GET /api/auth/me HTTP/1.1" 200 2211 "http://localhost:3000/cnic" "Mozilla/5.0 (Macintosh; Intel Mac OS X 10_15_2) AppleWebKit/537.36 (KHTML, like Gecko) Chrome/81.0.4044.138 Safari/537.36"
::1 - - [12/May/2020:13:24:09 +0000] "GET /api/auth/me HTTP/1.1" 200 2211 "http://localhost:3000/cnic" "Mozilla/5.0 (Macintosh; Intel Mac OS X 10_15_2) AppleWebKit/537.36 (KHTML, like Gecko) Chrome/81.0.4044.138 Safari/537.36"
::1 - - [12/May/2020:13:25:56 +0000] "POST /api/auth/checkCookie HTTP/1.1" 200 13 "http://localhost:3000/cnic" "Mozilla/5.0 (Macintosh; Intel Mac OS X 10_15_2) AppleWebKit/537.36 (KHTML, like Gecko) Chrome/81.0.4044.138 Safari/537.36"
::1 - - [12/May/2020:13:25:57 +0000] "GET /api/auth/me HTTP/1.1" 200 2211 "http://localhost:3000/cnic" "Mozilla/5.0 (Macintosh; Intel Mac OS X 10_15_2) AppleWebKit/537.36 (KHTML, like Gecko) Chrome/81.0.4044.138 Safari/537.36"
::1 - - [12/May/2020:13:25:57 +0000] "GET /api/auth/me HTTP/1.1" 200 2211 "http://localhost:3000/cnic" "Mozilla/5.0 (Macintosh; Intel Mac OS X 10_15_2) AppleWebKit/537.36 (KHTML, like Gecko) Chrome/81.0.4044.138 Safari/537.36"
::1 - - [12/May/2020:13:26:04 +0000] "POST /api/auth/checkCookie HTTP/1.1" 200 13 "http://localhost:3000/cnic" "Mozilla/5.0 (Macintosh; Intel Mac OS X 10_15_2) AppleWebKit/537.36 (KHTML, like Gecko) Chrome/81.0.4044.138 Safari/537.36"
::1 - - [12/May/2020:13:26:04 +0000] "GET /api/auth/me HTTP/1.1" 200 2211 "http://localhost:3000/cnic" "Mozilla/5.0 (Macintosh; Intel Mac OS X 10_15_2) AppleWebKit/537.36 (KHTML, like Gecko) Chrome/81.0.4044.138 Safari/537.36"
::1 - - [12/May/2020:13:26:04 +0000] "GET /api/auth/me HTTP/1.1" 200 2211 "http://localhost:3000/cnic" "Mozilla/5.0 (Macintosh; Intel Mac OS X 10_15_2) AppleWebKit/537.36 (KHTML, like Gecko) Chrome/81.0.4044.138 Safari/537.36"
::1 - - [12/May/2020:13:26:35 +0000] "POST /api/auth/checkCookie HTTP/1.1" 200 13 "http://localhost:3000/cnic" "Mozilla/5.0 (Macintosh; Intel Mac OS X 10_15_2) AppleWebKit/537.36 (KHTML, like Gecko) Chrome/81.0.4044.138 Safari/537.36"
::1 - - [12/May/2020:13:26:36 +0000] "GET /api/auth/me HTTP/1.1" 200 2211 "http://localhost:3000/cnic" "Mozilla/5.0 (Macintosh; Intel Mac OS X 10_15_2) AppleWebKit/537.36 (KHTML, like Gecko) Chrome/81.0.4044.138 Safari/537.36"
::1 - - [12/May/2020:13:26:36 +0000] "GET /api/auth/me HTTP/1.1" 200 2211 "http://localhost:3000/cnic" "Mozilla/5.0 (Macintosh; Intel Mac OS X 10_15_2) AppleWebKit/537.36 (KHTML, like Gecko) Chrome/81.0.4044.138 Safari/537.36"
::1 - - [12/May/2020:13:28:27 +0000] "POST /api/auth/checkCookie HTTP/1.1" 200 13 "http://localhost:3000/cnic" "Mozilla/5.0 (Macintosh; Intel Mac OS X 10_15_2) AppleWebKit/537.36 (KHTML, like Gecko) Chrome/81.0.4044.138 Safari/537.36"
::1 - - [12/May/2020:13:28:28 +0000] "GET /api/auth/me HTTP/1.1" 200 2211 "http://localhost:3000/cnic" "Mozilla/5.0 (Macintosh; Intel Mac OS X 10_15_2) AppleWebKit/537.36 (KHTML, like Gecko) Chrome/81.0.4044.138 Safari/537.36"
::1 - - [12/May/2020:13:28:28 +0000] "GET /api/auth/me HTTP/1.1" 200 2211 "http://localhost:3000/cnic" "Mozilla/5.0 (Macintosh; Intel Mac OS X 10_15_2) AppleWebKit/537.36 (KHTML, like Gecko) Chrome/81.0.4044.138 Safari/537.36"
::1 - - [12/May/2020:13:29:20 +0000] "POST /api/auth/checkCookie HTTP/1.1" 200 13 "http://localhost:3000/cnic" "Mozilla/5.0 (Macintosh; Intel Mac OS X 10_15_2) AppleWebKit/537.36 (KHTML, like Gecko) Chrome/81.0.4044.138 Safari/537.36"
::1 - - [12/May/2020:13:29:21 +0000] "GET /api/auth/me HTTP/1.1" 200 2211 "http://localhost:3000/cnic" "Mozilla/5.0 (Macintosh; Intel Mac OS X 10_15_2) AppleWebKit/537.36 (KHTML, like Gecko) Chrome/81.0.4044.138 Safari/537.36"
::1 - - [12/May/2020:13:29:21 +0000] "GET /api/auth/me HTTP/1.1" 200 2211 "http://localhost:3000/cnic" "Mozilla/5.0 (Macintosh; Intel Mac OS X 10_15_2) AppleWebKit/537.36 (KHTML, like Gecko) Chrome/81.0.4044.138 Safari/537.36"
::1 - - [12/May/2020:13:29:25 +0000] "POST /api/auth/checkCookie HTTP/1.1" 200 13 "http://localhost:3000/cnic" "Mozilla/5.0 (Macintosh; Intel Mac OS X 10_15_2) AppleWebKit/537.36 (KHTML, like Gecko) Chrome/81.0.4044.138 Safari/537.36"
::1 - - [12/May/2020:13:29:26 +0000] "GET /api/auth/me HTTP/1.1" 200 2211 "http://localhost:3000/cnic" "Mozilla/5.0 (Macintosh; Intel Mac OS X 10_15_2) AppleWebKit/537.36 (KHTML, like Gecko) Chrome/81.0.4044.138 Safari/537.36"
::1 - - [12/May/2020:13:29:26 +0000] "GET /api/auth/me HTTP/1.1" 200 2211 "http://localhost:3000/cnic" "Mozilla/5.0 (Macintosh; Intel Mac OS X 10_15_2) AppleWebKit/537.36 (KHTML, like Gecko) Chrome/81.0.4044.138 Safari/537.36"
::1 - - [12/May/2020:13:30:06 +0000] "POST /api/auth/checkCookie HTTP/1.1" 200 13 "http://localhost:3000/cnic" "Mozilla/5.0 (Macintosh; Intel Mac OS X 10_15_2) AppleWebKit/537.36 (KHTML, like Gecko) Chrome/81.0.4044.138 Safari/537.36"
::1 - - [12/May/2020:13:30:06 +0000] "GET /api/auth/me HTTP/1.1" 200 2211 "http://localhost:3000/cnic" "Mozilla/5.0 (Macintosh; Intel Mac OS X 10_15_2) AppleWebKit/537.36 (KHTML, like Gecko) Chrome/81.0.4044.138 Safari/537.36"
::1 - - [12/May/2020:13:30:06 +0000] "GET /api/auth/me HTTP/1.1" 200 2211 "http://localhost:3000/cnic" "Mozilla/5.0 (Macintosh; Intel Mac OS X 10_15_2) AppleWebKit/537.36 (KHTML, like Gecko) Chrome/81.0.4044.138 Safari/537.36"
::1 - - [12/May/2020:13:30:24 +0000] "POST /api/auth/checkCookie HTTP/1.1" 200 13 "http://localhost:3000/cnic" "Mozilla/5.0 (Macintosh; Intel Mac OS X 10_15_2) AppleWebKit/537.36 (KHTML, like Gecko) Chrome/81.0.4044.138 Safari/537.36"
::1 - - [12/May/2020:13:30:24 +0000] "GET /api/auth/me HTTP/1.1" 200 2211 "http://localhost:3000/cnic" "Mozilla/5.0 (Macintosh; Intel Mac OS X 10_15_2) AppleWebKit/537.36 (KHTML, like Gecko) Chrome/81.0.4044.138 Safari/537.36"
::1 - - [12/May/2020:13:30:24 +0000] "GET /api/auth/me HTTP/1.1" 200 2211 "http://localhost:3000/cnic" "Mozilla/5.0 (Macintosh; Intel Mac OS X 10_15_2) AppleWebKit/537.36 (KHTML, like Gecko) Chrome/81.0.4044.138 Safari/537.36"
::1 - - [12/May/2020:13:34:57 +0000] "POST /api/auth/checkCookie HTTP/1.1" 200 13 "http://localhost:3000/cnic" "Mozilla/5.0 (Macintosh; Intel Mac OS X 10_15_2) AppleWebKit/537.36 (KHTML, like Gecko) Chrome/81.0.4044.138 Safari/537.36"
::1 - - [12/May/2020:13:34:58 +0000] "GET /api/auth/me HTTP/1.1" 200 2211 "http://localhost:3000/cnic" "Mozilla/5.0 (Macintosh; Intel Mac OS X 10_15_2) AppleWebKit/537.36 (KHTML, like Gecko) Chrome/81.0.4044.138 Safari/537.36"
::1 - - [12/May/2020:13:34:58 +0000] "GET /api/auth/me HTTP/1.1" 200 2211 "http://localhost:3000/cnic" "Mozilla/5.0 (Macintosh; Intel Mac OS X 10_15_2) AppleWebKit/537.36 (KHTML, like Gecko) Chrome/81.0.4044.138 Safari/537.36"
::1 - - [12/May/2020:13:35:46 +0000] "POST /api/auth/checkCookie HTTP/1.1" 200 13 "http://localhost:3000/cnic" "Mozilla/5.0 (Macintosh; Intel Mac OS X 10_15_2) AppleWebKit/537.36 (KHTML, like Gecko) Chrome/81.0.4044.138 Safari/537.36"
::1 - - [12/May/2020:13:35:46 +0000] "GET /api/auth/me HTTP/1.1" - - "http://localhost:3000/cnic" "Mozilla/5.0 (Macintosh; Intel Mac OS X 10_15_2) AppleWebKit/537.36 (KHTML, like Gecko) Chrome/81.0.4044.138 Safari/537.36"
::1 - - [12/May/2020:13:35:46 +0000] "GET /api/auth/me HTTP/1.1" - - "http://localhost:3000/cnic" "Mozilla/5.0 (Macintosh; Intel Mac OS X 10_15_2) AppleWebKit/537.36 (KHTML, like Gecko) Chrome/81.0.4044.138 Safari/537.36"
::1 - - [12/May/2020:13:35:48 +0000] "POST /api/auth/checkCookie HTTP/1.1" 200 13 "http://localhost:3000/cnic" "Mozilla/5.0 (Macintosh; Intel Mac OS X 10_15_2) AppleWebKit/537.36 (KHTML, like Gecko) Chrome/81.0.4044.138 Safari/537.36"
::1 - - [12/May/2020:13:35:49 +0000] "GET /api/auth/me HTTP/1.1" 200 2211 "http://localhost:3000/cnic" "Mozilla/5.0 (Macintosh; Intel Mac OS X 10_15_2) AppleWebKit/537.36 (KHTML, like Gecko) Chrome/81.0.4044.138 Safari/537.36"
::1 - - [12/May/2020:13:35:49 +0000] "GET /api/auth/me HTTP/1.1" 200 2211 "http://localhost:3000/cnic" "Mozilla/5.0 (Macintosh; Intel Mac OS X 10_15_2) AppleWebKit/537.36 (KHTML, like Gecko) Chrome/81.0.4044.138 Safari/537.36"
::1 - - [12/May/2020:14:54:39 +0000] "POST /api/auth/checkCookie HTTP/1.1" 200 13 "http://localhost:3000/cnic" "Mozilla/5.0 (Macintosh; Intel Mac OS X 10_15_2) AppleWebKit/537.36 (KHTML, like Gecko) Chrome/81.0.4044.138 Safari/537.36"
::1 - - [12/May/2020:14:54:42 +0000] "GET /api/auth/me HTTP/1.1" 200 2211 "http://localhost:3000/cnic" "Mozilla/5.0 (Macintosh; Intel Mac OS X 10_15_2) AppleWebKit/537.36 (KHTML, like Gecko) Chrome/81.0.4044.138 Safari/537.36"
::1 - - [12/May/2020:14:54:42 +0000] "GET /api/auth/me HTTP/1.1" 200 2211 "http://localhost:3000/cnic" "Mozilla/5.0 (Macintosh; Intel Mac OS X 10_15_2) AppleWebKit/537.36 (KHTML, like Gecko) Chrome/81.0.4044.138 Safari/537.36"
::1 - - [12/May/2020:14:55:19 +0000] "POST /api/auth/checkCookie HTTP/1.1" 200 13 "http://localhost:3000/cnic" "Mozilla/5.0 (Macintosh; Intel Mac OS X 10_15_2) AppleWebKit/537.36 (KHTML, like Gecko) Chrome/81.0.4044.138 Safari/537.36"
::1 - - [12/May/2020:14:55:19 +0000] "GET /api/auth/me HTTP/1.1" 200 2211 "http://localhost:3000/cnic" "Mozilla/5.0 (Macintosh; Intel Mac OS X 10_15_2) AppleWebKit/537.36 (KHTML, like Gecko) Chrome/81.0.4044.138 Safari/537.36"
::1 - - [12/May/2020:14:55:19 +0000] "GET /api/auth/me HTTP/1.1" 200 2211 "http://localhost:3000/cnic" "Mozilla/5.0 (Macintosh; Intel Mac OS X 10_15_2) AppleWebKit/537.36 (KHTML, like Gecko) Chrome/81.0.4044.138 Safari/537.36"
::1 - - [12/May/2020:14:56:13 +0000] "POST /api/auth/checkCookie HTTP/1.1" 200 13 "http://localhost:3000/cnic" "Mozilla/5.0 (Macintosh; Intel Mac OS X 10_15_2) AppleWebKit/537.36 (KHTML, like Gecko) Chrome/81.0.4044.138 Safari/537.36"
::1 - - [12/May/2020:14:56:15 +0000] "GET /api/auth/me HTTP/1.1" 200 2211 "http://localhost:3000/cnic" "Mozilla/5.0 (Macintosh; Intel Mac OS X 10_15_2) AppleWebKit/537.36 (KHTML, like Gecko) Chrome/81.0.4044.138 Safari/537.36"
::1 - - [12/May/2020:14:56:15 +0000] "GET /api/auth/me HTTP/1.1" 200 2211 "http://localhost:3000/cnic" "Mozilla/5.0 (Macintosh; Intel Mac OS X 10_15_2) AppleWebKit/537.36 (KHTML, like Gecko) Chrome/81.0.4044.138 Safari/537.36"
::1 - - [12/May/2020:14:57:33 +0000] "POST /api/auth/checkCookie HTTP/1.1" 200 13 "http://localhost:3000/cnic" "Mozilla/5.0 (Macintosh; Intel Mac OS X 10_15_2) AppleWebKit/537.36 (KHTML, like Gecko) Chrome/81.0.4044.138 Safari/537.36"
::1 - - [12/May/2020:14:57:34 +0000] "GET /api/auth/me HTTP/1.1" 200 2211 "http://localhost:3000/cnic" "Mozilla/5.0 (Macintosh; Intel Mac OS X 10_15_2) AppleWebKit/537.36 (KHTML, like Gecko) Chrome/81.0.4044.138 Safari/537.36"
::1 - - [12/May/2020:14:57:34 +0000] "GET /api/auth/me HTTP/1.1" 200 2211 "http://localhost:3000/cnic" "Mozilla/5.0 (Macintosh; Intel Mac OS X 10_15_2) AppleWebKit/537.36 (KHTML, like Gecko) Chrome/81.0.4044.138 Safari/537.36"
::1 - - [12/May/2020:14:58:46 +0000] "POST /api/auth/checkCookie HTTP/1.1" 200 13 "http://localhost:3000/cnic" "Mozilla/5.0 (Macintosh; Intel Mac OS X 10_15_2) AppleWebKit/537.36 (KHTML, like Gecko) Chrome/81.0.4044.138 Safari/537.36"
::1 - - [12/May/2020:14:58:47 +0000] "GET /api/auth/me HTTP/1.1" 200 2211 "http://localhost:3000/cnic" "Mozilla/5.0 (Macintosh; Intel Mac OS X 10_15_2) AppleWebKit/537.36 (KHTML, like Gecko) Chrome/81.0.4044.138 Safari/537.36"
::1 - - [12/May/2020:14:58:47 +0000] "GET /api/auth/me HTTP/1.1" 200 2211 "http://localhost:3000/cnic" "Mozilla/5.0 (Macintosh; Intel Mac OS X 10_15_2) AppleWebKit/537.36 (KHTML, like Gecko) Chrome/81.0.4044.138 Safari/537.36"
::1 - - [12/May/2020:14:59:43 +0000] "POST /api/auth/checkCookie HTTP/1.1" 200 13 "http://localhost:3000/cnic" "Mozilla/5.0 (Macintosh; Intel Mac OS X 10_15_2) AppleWebKit/537.36 (KHTML, like Gecko) Chrome/81.0.4044.138 Safari/537.36"
::1 - - [12/May/2020:14:59:44 +0000] "GET /api/auth/me HTTP/1.1" 200 2211 "http://localhost:3000/cnic" "Mozilla/5.0 (Macintosh; Intel Mac OS X 10_15_2) AppleWebKit/537.36 (KHTML, like Gecko) Chrome/81.0.4044.138 Safari/537.36"
::1 - - [12/May/2020:14:59:44 +0000] "GET /api/auth/me HTTP/1.1" 200 2211 "http://localhost:3000/cnic" "Mozilla/5.0 (Macintosh; Intel Mac OS X 10_15_2) AppleWebKit/537.36 (KHTML, like Gecko) Chrome/81.0.4044.138 Safari/537.36"
::1 - - [12/May/2020:15:01:20 +0000] "POST /api/auth/checkCookie HTTP/1.1" 200 13 "http://localhost:3000/cnic" "Mozilla/5.0 (Macintosh; Intel Mac OS X 10_15_2) AppleWebKit/537.36 (KHTML, like Gecko) Chrome/81.0.4044.138 Safari/537.36"
::1 - - [12/May/2020:15:01:21 +0000] "GET /api/auth/me HTTP/1.1" 200 2211 "http://localhost:3000/cnic" "Mozilla/5.0 (Macintosh; Intel Mac OS X 10_15_2) AppleWebKit/537.36 (KHTML, like Gecko) Chrome/81.0.4044.138 Safari/537.36"
::1 - - [12/May/2020:15:01:21 +0000] "GET /api/auth/me HTTP/1.1" 200 2211 "http://localhost:3000/cnic" "Mozilla/5.0 (Macintosh; Intel Mac OS X 10_15_2) AppleWebKit/537.36 (KHTML, like Gecko) Chrome/81.0.4044.138 Safari/537.36"
::1 - - [12/May/2020:16:00:15 +0000] "POST /api/auth/checkCookie HTTP/1.1" 200 13 "http://localhost:3000/cnic" "Mozilla/5.0 (Macintosh; Intel Mac OS X 10_15_2) AppleWebKit/537.36 (KHTML, like Gecko) Chrome/81.0.4044.138 Safari/537.36"
::1 - - [12/May/2020:16:00:18 +0000] "GET /api/auth/me HTTP/1.1" 200 2211 "http://localhost:3000/cnic" "Mozilla/5.0 (Macintosh; Intel Mac OS X 10_15_2) AppleWebKit/537.36 (KHTML, like Gecko) Chrome/81.0.4044.138 Safari/537.36"
::1 - - [12/May/2020:16:00:18 +0000] "GET /api/auth/me HTTP/1.1" 200 2211 "http://localhost:3000/cnic" "Mozilla/5.0 (Macintosh; Intel Mac OS X 10_15_2) AppleWebKit/537.36 (KHTML, like Gecko) Chrome/81.0.4044.138 Safari/537.36"
::1 - - [12/May/2020:16:00:34 +0000] "POST /api/auth/checkCookie HTTP/1.1" 200 13 "http://localhost:3000/cnic" "Mozilla/5.0 (Macintosh; Intel Mac OS X 10_15_2) AppleWebKit/537.36 (KHTML, like Gecko) Chrome/81.0.4044.138 Safari/537.36"
::1 - - [12/May/2020:16:00:35 +0000] "GET /api/auth/me HTTP/1.1" 200 2211 "http://localhost:3000/cnic" "Mozilla/5.0 (Macintosh; Intel Mac OS X 10_15_2) AppleWebKit/537.36 (KHTML, like Gecko) Chrome/81.0.4044.138 Safari/537.36"
::1 - - [12/May/2020:16:00:35 +0000] "GET /api/auth/me HTTP/1.1" 200 2211 "http://localhost:3000/cnic" "Mozilla/5.0 (Macintosh; Intel Mac OS X 10_15_2) AppleWebKit/537.36 (KHTML, like Gecko) Chrome/81.0.4044.138 Safari/537.36"
::1 - - [12/May/2020:16:01:13 +0000] "POST /api/auth/checkCookie HTTP/1.1" 200 13 "http://localhost:3000/cnic" "Mozilla/5.0 (Macintosh; Intel Mac OS X 10_15_2) AppleWebKit/537.36 (KHTML, like Gecko) Chrome/81.0.4044.138 Safari/537.36"
::1 - - [12/May/2020:16:01:14 +0000] "GET /api/auth/me HTTP/1.1" 200 2211 "http://localhost:3000/cnic" "Mozilla/5.0 (Macintosh; Intel Mac OS X 10_15_2) AppleWebKit/537.36 (KHTML, like Gecko) Chrome/81.0.4044.138 Safari/537.36"
::1 - - [12/May/2020:16:01:14 +0000] "GET /api/auth/me HTTP/1.1" 200 2211 "http://localhost:3000/cnic" "Mozilla/5.0 (Macintosh; Intel Mac OS X 10_15_2) AppleWebKit/537.36 (KHTML, like Gecko) Chrome/81.0.4044.138 Safari/537.36"
::1 - - [12/May/2020:16:03:06 +0000] "POST /api/auth/checkCookie HTTP/1.1" 200 13 "http://localhost:3000/cnic" "Mozilla/5.0 (Macintosh; Intel Mac OS X 10_15_2) AppleWebKit/537.36 (KHTML, like Gecko) Chrome/81.0.4044.138 Safari/537.36"
::1 - - [12/May/2020:16:03:07 +0000] "GET /api/auth/me HTTP/1.1" 200 2211 "http://localhost:3000/cnic" "Mozilla/5.0 (Macintosh; Intel Mac OS X 10_15_2) AppleWebKit/537.36 (KHTML, like Gecko) Chrome/81.0.4044.138 Safari/537.36"
::1 - - [12/May/2020:16:03:07 +0000] "GET /api/auth/me HTTP/1.1" 200 2211 "http://localhost:3000/cnic" "Mozilla/5.0 (Macintosh; Intel Mac OS X 10_15_2) AppleWebKit/537.36 (KHTML, like Gecko) Chrome/81.0.4044.138 Safari/537.36"
::1 - - [12/May/2020:16:04:04 +0000] "POST /api/auth/checkCookie HTTP/1.1" 200 13 "http://localhost:3000/cnic" "Mozilla/5.0 (Macintosh; Intel Mac OS X 10_15_2) AppleWebKit/537.36 (KHTML, like Gecko) Chrome/81.0.4044.138 Safari/537.36"
::1 - - [12/May/2020:16:04:05 +0000] "GET /api/auth/me HTTP/1.1" 200 2211 "http://localhost:3000/cnic" "Mozilla/5.0 (Macintosh; Intel Mac OS X 10_15_2) AppleWebKit/537.36 (KHTML, like Gecko) Chrome/81.0.4044.138 Safari/537.36"
::1 - - [12/May/2020:16:04:05 +0000] "GET /api/auth/me HTTP/1.1" 200 2211 "http://localhost:3000/cnic" "Mozilla/5.0 (Macintosh; Intel Mac OS X 10_15_2) AppleWebKit/537.36 (KHTML, like Gecko) Chrome/81.0.4044.138 Safari/537.36"
::1 - - [12/May/2020:16:07:36 +0000] "POST /api/auth/checkCookie HTTP/1.1" 200 13 "http://localhost:3000/cnic" "Mozilla/5.0 (Macintosh; Intel Mac OS X 10_15_2) AppleWebKit/537.36 (KHTML, like Gecko) Chrome/81.0.4044.138 Safari/537.36"
::1 - - [12/May/2020:16:07:37 +0000] "GET /api/auth/me HTTP/1.1" 200 2211 "http://localhost:3000/cnic" "Mozilla/5.0 (Macintosh; Intel Mac OS X 10_15_2) AppleWebKit/537.36 (KHTML, like Gecko) Chrome/81.0.4044.138 Safari/537.36"
::1 - - [12/May/2020:16:07:37 +0000] "GET /api/auth/me HTTP/1.1" 200 2211 "http://localhost:3000/cnic" "Mozilla/5.0 (Macintosh; Intel Mac OS X 10_15_2) AppleWebKit/537.36 (KHTML, like Gecko) Chrome/81.0.4044.138 Safari/537.36"
::1 - - [12/May/2020:16:07:46 +0000] "POST /api/auth/checkCookie HTTP/1.1" 200 13 "http://localhost:3000/cnic" "Mozilla/5.0 (Macintosh; Intel Mac OS X 10_15_2) AppleWebKit/537.36 (KHTML, like Gecko) Chrome/81.0.4044.138 Safari/537.36"
::1 - - [12/May/2020:16:07:47 +0000] "GET /api/auth/me HTTP/1.1" 200 2211 "http://localhost:3000/cnic" "Mozilla/5.0 (Macintosh; Intel Mac OS X 10_15_2) AppleWebKit/537.36 (KHTML, like Gecko) Chrome/81.0.4044.138 Safari/537.36"
::1 - - [12/May/2020:16:07:47 +0000] "GET /api/auth/me HTTP/1.1" 200 2211 "http://localhost:3000/cnic" "Mozilla/5.0 (Macintosh; Intel Mac OS X 10_15_2) AppleWebKit/537.36 (KHTML, like Gecko) Chrome/81.0.4044.138 Safari/537.36"
::1 - - [12/May/2020:16:08:03 +0000] "POST /api/auth/checkCookie HTTP/1.1" 200 13 "http://localhost:3000/cnic" "Mozilla/5.0 (Macintosh; Intel Mac OS X 10_15_2) AppleWebKit/537.36 (KHTML, like Gecko) Chrome/81.0.4044.138 Safari/537.36"
::1 - - [12/May/2020:16:08:04 +0000] "GET /api/auth/me HTTP/1.1" 200 2211 "http://localhost:3000/cnic" "Mozilla/5.0 (Macintosh; Intel Mac OS X 10_15_2) AppleWebKit/537.36 (KHTML, like Gecko) Chrome/81.0.4044.138 Safari/537.36"
::1 - - [12/May/2020:16:08:04 +0000] "GET /api/auth/me HTTP/1.1" 200 2211 "http://localhost:3000/cnic" "Mozilla/5.0 (Macintosh; Intel Mac OS X 10_15_2) AppleWebKit/537.36 (KHTML, like Gecko) Chrome/81.0.4044.138 Safari/537.36"
::1 - - [12/May/2020:16:08:15 +0000] "POST /api/auth/checkCookie HTTP/1.1" 200 13 "http://localhost:3000/cnic" "Mozilla/5.0 (Macintosh; Intel Mac OS X 10_15_2) AppleWebKit/537.36 (KHTML, like Gecko) Chrome/81.0.4044.138 Safari/537.36"
::1 - - [12/May/2020:16:08:16 +0000] "GET /api/auth/me HTTP/1.1" 200 2211 "http://localhost:3000/cnic" "Mozilla/5.0 (Macintosh; Intel Mac OS X 10_15_2) AppleWebKit/537.36 (KHTML, like Gecko) Chrome/81.0.4044.138 Safari/537.36"
::1 - - [12/May/2020:16:08:16 +0000] "GET /api/auth/me HTTP/1.1" 200 2211 "http://localhost:3000/cnic" "Mozilla/5.0 (Macintosh; Intel Mac OS X 10_15_2) AppleWebKit/537.36 (KHTML, like Gecko) Chrome/81.0.4044.138 Safari/537.36"
::1 - - [12/May/2020:21:58:15 +0000] "POST /api/auth/checkCookie HTTP/1.1" 500 56 "http://localhost:3000/cnic" "Mozilla/5.0 (Macintosh; Intel Mac OS X 10_15_2) AppleWebKit/537.36 (KHTML, like Gecko) Chrome/81.0.4044.138 Safari/537.36"
::1 - - [12/May/2020:21:58:26 +0000] "POST /api/auth/login HTTP/1.1" 200 13 "http://localhost:3000/cnic" "Mozilla/5.0 (Macintosh; Intel Mac OS X 10_15_2) AppleWebKit/537.36 (KHTML, like Gecko) Chrome/81.0.4044.138 Safari/537.36"
::1 - - [12/May/2020:21:58:26 +0000] "POST /api/auth/checkCookie HTTP/1.1" 200 13 "http://localhost:3000/cnic" "Mozilla/5.0 (Macintosh; Intel Mac OS X 10_15_2) AppleWebKit/537.36 (KHTML, like Gecko) Chrome/81.0.4044.138 Safari/537.36"
::1 - - [12/May/2020:21:58:28 +0000] "GET /api/auth/me HTTP/1.1" 200 2211 "http://localhost:3000/cnic" "Mozilla/5.0 (Macintosh; Intel Mac OS X 10_15_2) AppleWebKit/537.36 (KHTML, like Gecko) Chrome/81.0.4044.138 Safari/537.36"
::1 - - [12/May/2020:21:58:28 +0000] "GET /api/auth/me HTTP/1.1" 200 2211 "http://localhost:3000/cnic" "Mozilla/5.0 (Macintosh; Intel Mac OS X 10_15_2) AppleWebKit/537.36 (KHTML, like Gecko) Chrome/81.0.4044.138 Safari/537.36"
::1 - - [12/May/2020:21:58:28 +0000] "GET /api/auth/me HTTP/1.1" 200 2211 "http://localhost:3000/cnic" "Mozilla/5.0 (Macintosh; Intel Mac OS X 10_15_2) AppleWebKit/537.36 (KHTML, like Gecko) Chrome/81.0.4044.138 Safari/537.36"
::1 - - [12/May/2020:22:00:19 +0000] "POST /api/auth/checkCookie HTTP/1.1" 200 13 "http://localhost:3000/cnic" "Mozilla/5.0 (Macintosh; Intel Mac OS X 10_15_2) AppleWebKit/537.36 (KHTML, like Gecko) Chrome/81.0.4044.138 Safari/537.36"
::1 - - [12/May/2020:22:00:20 +0000] "GET /api/auth/me HTTP/1.1" 200 2211 "http://localhost:3000/cnic" "Mozilla/5.0 (Macintosh; Intel Mac OS X 10_15_2) AppleWebKit/537.36 (KHTML, like Gecko) Chrome/81.0.4044.138 Safari/537.36"
::1 - - [12/May/2020:22:00:20 +0000] "GET /api/auth/me HTTP/1.1" 200 2211 "http://localhost:3000/cnic" "Mozilla/5.0 (Macintosh; Intel Mac OS X 10_15_2) AppleWebKit/537.36 (KHTML, like Gecko) Chrome/81.0.4044.138 Safari/537.36"
::1 - - [12/May/2020:22:00:38 +0000] "POST /api/auth/checkCookie HTTP/1.1" 200 13 "http://localhost:3000/cnic" "Mozilla/5.0 (Macintosh; Intel Mac OS X 10_15_2) AppleWebKit/537.36 (KHTML, like Gecko) Chrome/81.0.4044.138 Safari/537.36"
::1 - - [12/May/2020:22:00:39 +0000] "GET /api/auth/me HTTP/1.1" 200 2211 "http://localhost:3000/cnic" "Mozilla/5.0 (Macintosh; Intel Mac OS X 10_15_2) AppleWebKit/537.36 (KHTML, like Gecko) Chrome/81.0.4044.138 Safari/537.36"
::1 - - [12/May/2020:22:00:39 +0000] "GET /api/auth/me HTTP/1.1" 200 2211 "http://localhost:3000/cnic" "Mozilla/5.0 (Macintosh; Intel Mac OS X 10_15_2) AppleWebKit/537.36 (KHTML, like Gecko) Chrome/81.0.4044.138 Safari/537.36"
::1 - - [12/May/2020:22:41:19 +0000] "POST /api/auth/checkCookie HTTP/1.1" 200 13 "http://localhost:3000/cnic" "Mozilla/5.0 (Macintosh; Intel Mac OS X 10_15_2) AppleWebKit/537.36 (KHTML, like Gecko) Chrome/81.0.4044.138 Safari/537.36"
::1 - - [12/May/2020:22:41:22 +0000] "GET /api/auth/me HTTP/1.1" 304 - "http://localhost:3000/cnic" "Mozilla/5.0 (Macintosh; Intel Mac OS X 10_15_2) AppleWebKit/537.36 (KHTML, like Gecko) Chrome/81.0.4044.138 Safari/537.36"
::1 - - [12/May/2020:22:41:22 +0000] "GET /api/auth/me HTTP/1.1" 304 - "http://localhost:3000/cnic" "Mozilla/5.0 (Macintosh; Intel Mac OS X 10_15_2) AppleWebKit/537.36 (KHTML, like Gecko) Chrome/81.0.4044.138 Safari/537.36"
::1 - - [12/May/2020:22:42:09 +0000] "GET /api/info HTTP/1.1" 304 - "http://localhost:3000/" "Mozilla/5.0 (Macintosh; Intel Mac OS X 10_15_2) AppleWebKit/537.36 (KHTML, like Gecko) Chrome/81.0.4044.138 Safari/537.36"
::1 - - [12/May/2020:22:42:09 +0000] "GET /api/info/featured HTTP/1.1" 304 - "http://localhost:3000/" "Mozilla/5.0 (Macintosh; Intel Mac OS X 10_15_2) AppleWebKit/537.36 (KHTML, like Gecko) Chrome/81.0.4044.138 Safari/537.36"
::1 - - [12/May/2020:22:42:31 +0000] "GET /api/supplier/ HTTP/1.1" 304 - "http://localhost:3000/organisations" "Mozilla/5.0 (Macintosh; Intel Mac OS X 10_15_2) AppleWebKit/537.36 (KHTML, like Gecko) Chrome/81.0.4044.138 Safari/537.36"
::1 - - [12/May/2020:22:43:03 +0000] "GET /api/event HTTP/1.1" 304 - "http://localhost:3000/map" "Mozilla/5.0 (Macintosh; Intel Mac OS X 10_15_2) AppleWebKit/537.36 (KHTML, like Gecko) Chrome/81.0.4044.138 Safari/537.36"
::1 - - [12/May/2020:22:43:29 +0000] "GET /api/cnic/6876876 HTTP/1.1" 500 17 "http://localhost:3000/cnic" "Mozilla/5.0 (Macintosh; Intel Mac OS X 10_15_2) AppleWebKit/537.36 (KHTML, like Gecko) Chrome/81.0.4044.138 Safari/537.36"
::1 - - [12/May/2020:23:27:07 +0000] "POST /api/imageUpload HTTP/1.1" 200 562 "http://localhost:3000/createEvent" "Mozilla/5.0 (Macintosh; Intel Mac OS X 10_15_2) AppleWebKit/537.36 (KHTML, like Gecko) Chrome/81.0.4044.138 Safari/537.36"
::1 - - [12/May/2020:23:27:12 +0000] "POST /api/event/create HTTP/1.1" 200 19 "http://localhost:3000/createEvent" "Mozilla/5.0 (Macintosh; Intel Mac OS X 10_15_2) AppleWebKit/537.36 (KHTML, like Gecko) Chrome/81.0.4044.138 Safari/537.36"
::1 - - [12/May/2020:23:27:13 +0000] "GET /api/auth/me HTTP/1.1" 200 2688 "http://localhost:3000/" "Mozilla/5.0 (Macintosh; Intel Mac OS X 10_15_2) AppleWebKit/537.36 (KHTML, like Gecko) Chrome/81.0.4044.138 Safari/537.36"
::1 - - [12/May/2020:23:34:42 +0000] "POST /api/auth/checkCookie HTTP/1.1" 200 13 "http://localhost:3000/" "Mozilla/5.0 (Macintosh; Intel Mac OS X 10_15_2) AppleWebKit/537.36 (KHTML, like Gecko) Chrome/81.0.4044.138 Safari/537.36"
::1 - - [12/May/2020:23:34:43 +0000] "GET /api/info HTTP/1.1" 200 88 "http://localhost:3000/" "Mozilla/5.0 (Macintosh; Intel Mac OS X 10_15_2) AppleWebKit/537.36 (KHTML, like Gecko) Chrome/81.0.4044.138 Safari/537.36"
::1 - - [12/May/2020:23:34:43 +0000] "GET /api/info/featured HTTP/1.1" 200 813 "http://localhost:3000/" "Mozilla/5.0 (Macintosh; Intel Mac OS X 10_15_2) AppleWebKit/537.36 (KHTML, like Gecko) Chrome/81.0.4044.138 Safari/537.36"
::1 - - [12/May/2020:23:34:44 +0000] "GET /api/auth/me HTTP/1.1" 200 2688 "http://localhost:3000/" "Mozilla/5.0 (Macintosh; Intel Mac OS X 10_15_2) AppleWebKit/537.36 (KHTML, like Gecko) Chrome/81.0.4044.138 Safari/537.36"
::1 - - [12/May/2020:23:34:44 +0000] "GET /api/auth/me HTTP/1.1" 200 2688 "http://localhost:3000/" "Mozilla/5.0 (Macintosh; Intel Mac OS X 10_15_2) AppleWebKit/537.36 (KHTML, like Gecko) Chrome/81.0.4044.138 Safari/537.36"
::1 - - [12/May/2020:23:35:18 +0000] "POST /api/imageUpload HTTP/1.1" 200 562 "http://localhost:3000/createEvent" "Mozilla/5.0 (Macintosh; Intel Mac OS X 10_15_2) AppleWebKit/537.36 (KHTML, like Gecko) Chrome/81.0.4044.138 Safari/537.36"
::1 - - [12/May/2020:23:35:24 +0000] "POST /api/event/create HTTP/1.1" 200 19 "http://localhost:3000/createEvent" "Mozilla/5.0 (Macintosh; Intel Mac OS X 10_15_2) AppleWebKit/537.36 (KHTML, like Gecko) Chrome/81.0.4044.138 Safari/537.36"
::1 - - [12/May/2020:23:35:24 +0000] "GET /api/auth/me HTTP/1.1" 200 3193 "http://localhost:3000/" "Mozilla/5.0 (Macintosh; Intel Mac OS X 10_15_2) AppleWebKit/537.36 (KHTML, like Gecko) Chrome/81.0.4044.138 Safari/537.36"
::1 - - [12/May/2020:23:40:19 +0000] "POST /api/imageUpload HTTP/1.1" 200 562 "http://localhost:3000/createEvent" "Mozilla/5.0 (Macintosh; Intel Mac OS X 10_15_2) AppleWebKit/537.36 (KHTML, like Gecko) Chrome/81.0.4044.138 Safari/537.36"
::1 - - [12/May/2020:23:40:21 +0000] "POST /api/event/create HTTP/1.1" 200 19 "http://localhost:3000/createEvent" "Mozilla/5.0 (Macintosh; Intel Mac OS X 10_15_2) AppleWebKit/537.36 (KHTML, like Gecko) Chrome/81.0.4044.138 Safari/537.36"
::1 - - [12/May/2020:23:40:22 +0000] "GET /api/auth/me HTTP/1.1" 200 3670 "http://localhost:3000/" "Mozilla/5.0 (Macintosh; Intel Mac OS X 10_15_2) AppleWebKit/537.36 (KHTML, like Gecko) Chrome/81.0.4044.138 Safari/537.36"
::1 - - [12/May/2020:23:45:53 +0000] "POST /api/imageUpload HTTP/1.1" 200 520 "http://localhost:3000/createEvent" "Mozilla/5.0 (Macintosh; Intel Mac OS X 10_15_2) AppleWebKit/537.36 (KHTML, like Gecko) Chrome/81.0.4044.138 Safari/537.36"
::1 - - [12/May/2020:23:45:58 +0000] "POST /api/event/create HTTP/1.1" 200 19 "http://localhost:3000/createEvent" "Mozilla/5.0 (Macintosh; Intel Mac OS X 10_15_2) AppleWebKit/537.36 (KHTML, like Gecko) Chrome/81.0.4044.138 Safari/537.36"
::1 - - [12/May/2020:23:45:59 +0000] "GET /api/auth/me HTTP/1.1" 200 4148 "http://localhost:3000/" "Mozilla/5.0 (Macintosh; Intel Mac OS X 10_15_2) AppleWebKit/537.36 (KHTML, like Gecko) Chrome/81.0.4044.138 Safari/537.36"
::1 - - [12/May/2020:23:47:21 +0000] "POST /api/imageUpload HTTP/1.1" 200 520 "http://localhost:3000/createEvent" "Mozilla/5.0 (Macintosh; Intel Mac OS X 10_15_2) AppleWebKit/537.36 (KHTML, like Gecko) Chrome/81.0.4044.138 Safari/537.36"
::1 - - [12/May/2020:23:47:26 +0000] "POST /api/event/create HTTP/1.1" 200 19 "http://localhost:3000/createEvent" "Mozilla/5.0 (Macintosh; Intel Mac OS X 10_15_2) AppleWebKit/537.36 (KHTML, like Gecko) Chrome/81.0.4044.138 Safari/537.36"
::1 - - [12/May/2020:23:47:27 +0000] "GET /api/auth/me HTTP/1.1" 200 4627 "http://localhost:3000/" "Mozilla/5.0 (Macintosh; Intel Mac OS X 10_15_2) AppleWebKit/537.36 (KHTML, like Gecko) Chrome/81.0.4044.138 Safari/537.36"
::1 - - [12/May/2020:23:58:09 +0000] "POST /api/auth/checkCookie HTTP/1.1" 200 13 "http://localhost:3000/" "Mozilla/5.0 (Macintosh; Intel Mac OS X 10_15_2) AppleWebKit/537.36 (KHTML, like Gecko) Chrome/81.0.4044.138 Safari/537.36"
::1 - - [12/May/2020:23:58:11 +0000] "GET /api/info/featured HTTP/1.1" 200 921 "http://localhost:3000/" "Mozilla/5.0 (Macintosh; Intel Mac OS X 10_15_2) AppleWebKit/537.36 (KHTML, like Gecko) Chrome/81.0.4044.138 Safari/537.36"
::1 - - [12/May/2020:23:58:11 +0000] "GET /api/info HTTP/1.1" 200 89 "http://localhost:3000/" "Mozilla/5.0 (Macintosh; Intel Mac OS X 10_15_2) AppleWebKit/537.36 (KHTML, like Gecko) Chrome/81.0.4044.138 Safari/537.36"
::1 - - [12/May/2020:23:58:12 +0000] "GET /api/auth/me HTTP/1.1" 304 - "http://localhost:3000/" "Mozilla/5.0 (Macintosh; Intel Mac OS X 10_15_2) AppleWebKit/537.36 (KHTML, like Gecko) Chrome/81.0.4044.138 Safari/537.36"
::1 - - [12/May/2020:23:58:28 +0000] "POST /api/imageUpload HTTP/1.1" 200 566 "http://localhost:3000/createEvent" "Mozilla/5.0 (Macintosh; Intel Mac OS X 10_15_2) AppleWebKit/537.36 (KHTML, like Gecko) Chrome/81.0.4044.138 Safari/537.36"
::1 - - [12/May/2020:23:58:33 +0000] "POST /api/event/create HTTP/1.1" 200 19 "http://localhost:3000/createEvent" "Mozilla/5.0 (Macintosh; Intel Mac OS X 10_15_2) AppleWebKit/537.36 (KHTML, like Gecko) Chrome/81.0.4044.138 Safari/537.36"
::1 - - [12/May/2020:23:58:34 +0000] "GET /api/auth/me HTTP/1.1" 200 5110 "http://localhost:3000/" "Mozilla/5.0 (Macintosh; Intel Mac OS X 10_15_2) AppleWebKit/537.36 (KHTML, like Gecko) Chrome/81.0.4044.138 Safari/537.36"
::1 - - [13/May/2020:00:01:56 +0000] "POST /api/auth/checkCookie HTTP/1.1" 200 13 "http://localhost:3000/" "Mozilla/5.0 (Macintosh; Intel Mac OS X 10_15_2) AppleWebKit/537.36 (KHTML, like Gecko) Chrome/81.0.4044.138 Safari/537.36"
::1 - - [13/May/2020:00:01:57 +0000] "GET /api/info HTTP/1.1" 200 89 "http://localhost:3000/" "Mozilla/5.0 (Macintosh; Intel Mac OS X 10_15_2) AppleWebKit/537.36 (KHTML, like Gecko) Chrome/81.0.4044.138 Safari/537.36"
::1 - - [13/May/2020:00:01:58 +0000] "GET /api/info/featured HTTP/1.1" 200 948 "http://localhost:3000/" "Mozilla/5.0 (Macintosh; Intel Mac OS X 10_15_2) AppleWebKit/537.36 (KHTML, like Gecko) Chrome/81.0.4044.138 Safari/537.36"
::1 - - [13/May/2020:00:01:58 +0000] "GET /api/auth/me HTTP/1.1" 304 - "http://localhost:3000/" "Mozilla/5.0 (Macintosh; Intel Mac OS X 10_15_2) AppleWebKit/537.36 (KHTML, like Gecko) Chrome/81.0.4044.138 Safari/537.36"
::1 - - [13/May/2020:08:55:39 +0000] "DELETE /api/event/5ebb30cf2d168597721acf73 HTTP/1.1" 200 18 "http://localhost:3000/cnic" "Mozilla/5.0 (Macintosh; Intel Mac OS X 10_15_2) AppleWebKit/537.36 (KHTML, like Gecko) Chrome/81.0.4044.138 Safari/537.36"
::1 - - [13/May/2020:08:55:43 +0000] "DELETE /api/event/5ebb32bb0fc07597c3b2151c HTTP/1.1" 200 18 "http://localhost:3000/cnic" "Mozilla/5.0 (Macintosh; Intel Mac OS X 10_15_2) AppleWebKit/537.36 (KHTML, like Gecko) Chrome/81.0.4044.138 Safari/537.36"
::1 - - [13/May/2020:08:55:47 +0000] "DELETE /api/event/5ebb33e4c19b5998515dd6c4 HTTP/1.1" 200 18 "http://localhost:3000/cnic" "Mozilla/5.0 (Macintosh; Intel Mac OS X 10_15_2) AppleWebKit/537.36 (KHTML, like Gecko) Chrome/81.0.4044.138 Safari/537.36"
::1 - - [13/May/2020:08:55:50 +0000] "DELETE /api/event/5ebb353651d3b3988d9ff04b HTTP/1.1" 200 18 "http://localhost:3000/cnic" "Mozilla/5.0 (Macintosh; Intel Mac OS X 10_15_2) AppleWebKit/537.36 (KHTML, like Gecko) Chrome/81.0.4044.138 Safari/537.36"
::1 - - [13/May/2020:08:55:54 +0000] "DELETE /api/event/5ebb358d61b01598a77c03e3 HTTP/1.1" 200 18 "http://localhost:3000/cnic" "Mozilla/5.0 (Macintosh; Intel Mac OS X 10_15_2) AppleWebKit/537.36 (KHTML, like Gecko) Chrome/81.0.4044.138 Safari/537.36"
::1 - - [13/May/2020:08:55:58 +0000] "DELETE /api/event/5ebb38289ad35498d0fe9e4f HTTP/1.1" 200 18 "http://localhost:3000/cnic" "Mozilla/5.0 (Macintosh; Intel Mac OS X 10_15_2) AppleWebKit/537.36 (KHTML, like Gecko) Chrome/81.0.4044.138 Safari/537.36"
::1 - - [13/May/2020:08:56:04 +0000] "POST /api/auth/checkCookie HTTP/1.1" 200 13 "http://localhost:3000/cnic" "Mozilla/5.0 (Macintosh; Intel Mac OS X 10_15_2) AppleWebKit/537.36 (KHTML, like Gecko) Chrome/81.0.4044.138 Safari/537.36"
::1 - - [13/May/2020:08:56:04 +0000] "GET /api/auth/me HTTP/1.1" 200 2212 "http://localhost:3000/cnic" "Mozilla/5.0 (Macintosh; Intel Mac OS X 10_15_2) AppleWebKit/537.36 (KHTML, like Gecko) Chrome/81.0.4044.138 Safari/537.36"
::1 - - [13/May/2020:08:56:05 +0000] "GET /api/auth/me HTTP/1.1" 304 - "http://localhost:3000/cnic" "Mozilla/5.0 (Macintosh; Intel Mac OS X 10_15_2) AppleWebKit/537.36 (KHTML, like Gecko) Chrome/81.0.4044.138 Safari/537.36"
::1 - - [13/May/2020:08:56:40 +0000] "POST /api/auth/checkCookie HTTP/1.1" 200 13 "http://localhost:3000/cnic" "Mozilla/5.0 (Macintosh; Intel Mac OS X 10_15_2) AppleWebKit/537.36 (KHTML, like Gecko) Chrome/81.0.4044.138 Safari/537.36"
::1 - - [13/May/2020:08:56:41 +0000] "GET /api/auth/me HTTP/1.1" 304 - "http://localhost:3000/cnic" "Mozilla/5.0 (Macintosh; Intel Mac OS X 10_15_2) AppleWebKit/537.36 (KHTML, like Gecko) Chrome/81.0.4044.138 Safari/537.36"
::1 - - [13/May/2020:08:56:41 +0000] "GET /api/auth/me HTTP/1.1" 304 - "http://localhost:3000/cnic" "Mozilla/5.0 (Macintosh; Intel Mac OS X 10_15_2) AppleWebKit/537.36 (KHTML, like Gecko) Chrome/81.0.4044.138 Safari/537.36"
::1 - - [13/May/2020:09:01:35 +0000] "POST /api/auth/checkCookie HTTP/1.1" 200 13 "http://localhost:3000/cnic" "Mozilla/5.0 (Macintosh; Intel Mac OS X 10_15_2) AppleWebKit/537.36 (KHTML, like Gecko) Chrome/81.0.4044.138 Safari/537.36"
::1 - - [13/May/2020:09:01:35 +0000] "GET /api/auth/me HTTP/1.1" 304 - "http://localhost:3000/cnic" "Mozilla/5.0 (Macintosh; Intel Mac OS X 10_15_2) AppleWebKit/537.36 (KHTML, like Gecko) Chrome/81.0.4044.138 Safari/537.36"
::1 - - [13/May/2020:09:01:36 +0000] "GET /api/auth/me HTTP/1.1" 304 - "http://localhost:3000/cnic" "Mozilla/5.0 (Macintosh; Intel Mac OS X 10_15_2) AppleWebKit/537.36 (KHTML, like Gecko) Chrome/81.0.4044.138 Safari/537.36"
::1 - - [13/May/2020:09:02:07 +0000] "POST /api/auth/checkCookie HTTP/1.1" 200 13 "http://localhost:3000/cnic" "Mozilla/5.0 (Macintosh; Intel Mac OS X 10_15_2) AppleWebKit/537.36 (KHTML, like Gecko) Chrome/81.0.4044.138 Safari/537.36"
::1 - - [13/May/2020:09:02:08 +0000] "GET /api/auth/me HTTP/1.1" 304 - "http://localhost:3000/cnic" "Mozilla/5.0 (Macintosh; Intel Mac OS X 10_15_2) AppleWebKit/537.36 (KHTML, like Gecko) Chrome/81.0.4044.138 Safari/537.36"
::1 - - [13/May/2020:09:02:09 +0000] "GET /api/auth/me HTTP/1.1" 304 - "http://localhost:3000/cnic" "Mozilla/5.0 (Macintosh; Intel Mac OS X 10_15_2) AppleWebKit/537.36 (KHTML, like Gecko) Chrome/81.0.4044.138 Safari/537.36"
::1 - - [13/May/2020:09:03:21 +0000] "POST /api/auth/checkCookie HTTP/1.1" 200 13 "http://localhost:3000/cnic" "Mozilla/5.0 (Macintosh; Intel Mac OS X 10_15_2) AppleWebKit/537.36 (KHTML, like Gecko) Chrome/81.0.4044.138 Safari/537.36"
::1 - - [13/May/2020:09:03:22 +0000] "GET /api/auth/me HTTP/1.1" 304 - "http://localhost:3000/cnic" "Mozilla/5.0 (Macintosh; Intel Mac OS X 10_15_2) AppleWebKit/537.36 (KHTML, like Gecko) Chrome/81.0.4044.138 Safari/537.36"
::1 - - [13/May/2020:09:03:22 +0000] "GET /api/auth/me HTTP/1.1" 304 - "http://localhost:3000/cnic" "Mozilla/5.0 (Macintosh; Intel Mac OS X 10_15_2) AppleWebKit/537.36 (KHTML, like Gecko) Chrome/81.0.4044.138 Safari/537.36"
::1 - - [13/May/2020:09:04:18 +0000] "POST /api/auth/checkCookie HTTP/1.1" 200 13 "http://localhost:3000/cnic" "Mozilla/5.0 (Macintosh; Intel Mac OS X 10_15_2) AppleWebKit/537.36 (KHTML, like Gecko) Chrome/81.0.4044.138 Safari/537.36"
::1 - - [13/May/2020:09:04:19 +0000] "GET /api/auth/me HTTP/1.1" 304 - "http://localhost:3000/cnic" "Mozilla/5.0 (Macintosh; Intel Mac OS X 10_15_2) AppleWebKit/537.36 (KHTML, like Gecko) Chrome/81.0.4044.138 Safari/537.36"
::1 - - [13/May/2020:09:04:19 +0000] "GET /api/auth/me HTTP/1.1" 304 - "http://localhost:3000/cnic" "Mozilla/5.0 (Macintosh; Intel Mac OS X 10_15_2) AppleWebKit/537.36 (KHTML, like Gecko) Chrome/81.0.4044.138 Safari/537.36"
::1 - - [13/May/2020:09:25:13 +0000] "POST /api/auth/checkCookie HTTP/1.1" 200 13 "http://localhost:3000/cnic" "Mozilla/5.0 (Macintosh; Intel Mac OS X 10_15_2) AppleWebKit/537.36 (KHTML, like Gecko) Chrome/81.0.4044.138 Safari/537.36"
::1 - - [13/May/2020:09:25:14 +0000] "GET /api/auth/me HTTP/1.1" 304 - "http://localhost:3000/cnic" "Mozilla/5.0 (Macintosh; Intel Mac OS X 10_15_2) AppleWebKit/537.36 (KHTML, like Gecko) Chrome/81.0.4044.138 Safari/537.36"
::1 - - [13/May/2020:09:25:14 +0000] "GET /api/auth/me HTTP/1.1" 304 - "http://localhost:3000/cnic" "Mozilla/5.0 (Macintosh; Intel Mac OS X 10_15_2) AppleWebKit/537.36 (KHTML, like Gecko) Chrome/81.0.4044.138 Safari/537.36"
::1 - - [13/May/2020:09:28:41 +0000] "POST /api/auth/checkCookie HTTP/1.1" 200 13 "http://localhost:3000/cnic" "Mozilla/5.0 (Macintosh; Intel Mac OS X 10_15_2) AppleWebKit/537.36 (KHTML, like Gecko) Chrome/81.0.4044.138 Safari/537.36"
::1 - - [13/May/2020:09:28:42 +0000] "GET /api/auth/me HTTP/1.1" 304 - "http://localhost:3000/cnic" "Mozilla/5.0 (Macintosh; Intel Mac OS X 10_15_2) AppleWebKit/537.36 (KHTML, like Gecko) Chrome/81.0.4044.138 Safari/537.36"
::1 - - [13/May/2020:09:28:43 +0000] "GET /api/auth/me HTTP/1.1" 304 - "http://localhost:3000/cnic" "Mozilla/5.0 (Macintosh; Intel Mac OS X 10_15_2) AppleWebKit/537.36 (KHTML, like Gecko) Chrome/81.0.4044.138 Safari/537.36"
::1 - - [13/May/2020:10:38:28 +0000] "POST /api/auth/checkCookie HTTP/1.1" 200 13 "http://localhost:3000/cnic" "Mozilla/5.0 (Macintosh; Intel Mac OS X 10_15_2) AppleWebKit/537.36 (KHTML, like Gecko) Chrome/81.0.4044.138 Safari/537.36"
::1 - - [13/May/2020:10:38:31 +0000] "GET /api/auth/me HTTP/1.1" 304 - "http://localhost:3000/cnic" "Mozilla/5.0 (Macintosh; Intel Mac OS X 10_15_2) AppleWebKit/537.36 (KHTML, like Gecko) Chrome/81.0.4044.138 Safari/537.36"
::1 - - [13/May/2020:10:38:31 +0000] "GET /api/auth/me HTTP/1.1" 304 - "http://localhost:3000/cnic" "Mozilla/5.0 (Macintosh; Intel Mac OS X 10_15_2) AppleWebKit/537.36 (KHTML, like Gecko) Chrome/81.0.4044.138 Safari/537.36"
::1 - - [13/May/2020:10:45:57 +0000] "POST /api/auth/checkCookie HTTP/1.1" 200 13 "http://localhost:3000/cnic" "Mozilla/5.0 (Macintosh; Intel Mac OS X 10_15_2) AppleWebKit/537.36 (KHTML, like Gecko) Chrome/81.0.4044.138 Safari/537.36"
::1 - - [13/May/2020:10:46:00 +0000] "GET /api/auth/me HTTP/1.1" 304 - "http://localhost:3000/cnic" "Mozilla/5.0 (Macintosh; Intel Mac OS X 10_15_2) AppleWebKit/537.36 (KHTML, like Gecko) Chrome/81.0.4044.138 Safari/537.36"
::1 - - [13/May/2020:10:46:01 +0000] "GET /api/auth/me HTTP/1.1" 304 - "http://localhost:3000/cnic" "Mozilla/5.0 (Macintosh; Intel Mac OS X 10_15_2) AppleWebKit/537.36 (KHTML, like Gecko) Chrome/81.0.4044.138 Safari/537.36"
::1 - - [13/May/2020:10:49:50 +0000] "POST /api/auth/checkCookie HTTP/1.1" 200 13 "http://localhost:3000/cnic" "Mozilla/5.0 (Macintosh; Intel Mac OS X 10_15_2) AppleWebKit/537.36 (KHTML, like Gecko) Chrome/81.0.4044.138 Safari/537.36"
::1 - - [13/May/2020:10:49:51 +0000] "GET /api/auth/me HTTP/1.1" 304 - "http://localhost:3000/cnic" "Mozilla/5.0 (Macintosh; Intel Mac OS X 10_15_2) AppleWebKit/537.36 (KHTML, like Gecko) Chrome/81.0.4044.138 Safari/537.36"
::1 - - [13/May/2020:10:49:52 +0000] "GET /api/auth/me HTTP/1.1" 304 - "http://localhost:3000/cnic" "Mozilla/5.0 (Macintosh; Intel Mac OS X 10_15_2) AppleWebKit/537.36 (KHTML, like Gecko) Chrome/81.0.4044.138 Safari/537.36"
::1 - - [13/May/2020:10:52:43 +0000] "POST /api/auth/checkCookie HTTP/1.1" 200 13 "http://localhost:3000/cnic" "Mozilla/5.0 (Macintosh; Intel Mac OS X 10_15_2) AppleWebKit/537.36 (KHTML, like Gecko) Chrome/81.0.4044.138 Safari/537.36"
::1 - - [13/May/2020:10:52:44 +0000] "GET /api/auth/me HTTP/1.1" 304 - "http://localhost:3000/cnic" "Mozilla/5.0 (Macintosh; Intel Mac OS X 10_15_2) AppleWebKit/537.36 (KHTML, like Gecko) Chrome/81.0.4044.138 Safari/537.36"
::1 - - [13/May/2020:10:52:44 +0000] "GET /api/auth/me HTTP/1.1" 304 - "http://localhost:3000/cnic" "Mozilla/5.0 (Macintosh; Intel Mac OS X 10_15_2) AppleWebKit/537.36 (KHTML, like Gecko) Chrome/81.0.4044.138 Safari/537.36"
::1 - - [13/May/2020:10:53:09 +0000] "POST /api/auth/checkCookie HTTP/1.1" 200 13 "http://localhost:3000/cnic" "Mozilla/5.0 (Macintosh; Intel Mac OS X 10_15_2) AppleWebKit/537.36 (KHTML, like Gecko) Chrome/81.0.4044.138 Safari/537.36"
::1 - - [13/May/2020:10:53:10 +0000] "GET /api/auth/me HTTP/1.1" 304 - "http://localhost:3000/cnic" "Mozilla/5.0 (Macintosh; Intel Mac OS X 10_15_2) AppleWebKit/537.36 (KHTML, like Gecko) Chrome/81.0.4044.138 Safari/537.36"
::1 - - [13/May/2020:10:53:11 +0000] "GET /api/auth/me HTTP/1.1" 304 - "http://localhost:3000/cnic" "Mozilla/5.0 (Macintosh; Intel Mac OS X 10_15_2) AppleWebKit/537.36 (KHTML, like Gecko) Chrome/81.0.4044.138 Safari/537.36"
::1 - - [13/May/2020:10:53:22 +0000] "POST /api/auth/checkCookie HTTP/1.1" 200 13 "http://localhost:3000/cnic" "Mozilla/5.0 (Macintosh; Intel Mac OS X 10_15_2) AppleWebKit/537.36 (KHTML, like Gecko) Chrome/81.0.4044.138 Safari/537.36"
::1 - - [13/May/2020:10:53:22 +0000] "GET /api/auth/me HTTP/1.1" 304 - "http://localhost:3000/cnic" "Mozilla/5.0 (Macintosh; Intel Mac OS X 10_15_2) AppleWebKit/537.36 (KHTML, like Gecko) Chrome/81.0.4044.138 Safari/537.36"
::1 - - [13/May/2020:10:53:23 +0000] "GET /api/auth/me HTTP/1.1" 304 - "http://localhost:3000/cnic" "Mozilla/5.0 (Macintosh; Intel Mac OS X 10_15_2) AppleWebKit/537.36 (KHTML, like Gecko) Chrome/81.0.4044.138 Safari/537.36"
::1 - - [13/May/2020:10:54:28 +0000] "GET /api/cnic/upload HTTP/1.1" 500 17 "http://localhost:3000/cnic" "Mozilla/5.0 (Macintosh; Intel Mac OS X 10_15_2) AppleWebKit/537.36 (KHTML, like Gecko) Chrome/81.0.4044.138 Safari/537.36"
::1 - - [13/May/2020:10:55:08 +0000] "GET /api/cnic/upload HTTP/1.1" 500 17 "http://localhost:3000/cnic" "Mozilla/5.0 (Macintosh; Intel Mac OS X 10_15_2) AppleWebKit/537.36 (KHTML, like Gecko) Chrome/81.0.4044.138 Safari/537.36"
::1 - - [13/May/2020:10:55:11 +0000] "GET /api/cnic/upload HTTP/1.1" 500 17 "http://localhost:3000/cnic" "Mozilla/5.0 (Macintosh; Intel Mac OS X 10_15_2) AppleWebKit/537.36 (KHTML, like Gecko) Chrome/81.0.4044.138 Safari/537.36"
::1 - - [13/May/2020:10:55:12 +0000] "GET /api/cnic/upload HTTP/1.1" 500 17 "http://localhost:3000/cnic" "Mozilla/5.0 (Macintosh; Intel Mac OS X 10_15_2) AppleWebKit/537.36 (KHTML, like Gecko) Chrome/81.0.4044.138 Safari/537.36"
::1 - - [13/May/2020:10:55:12 +0000] "GET /api/cnic/upload HTTP/1.1" 500 17 "http://localhost:3000/cnic" "Mozilla/5.0 (Macintosh; Intel Mac OS X 10_15_2) AppleWebKit/537.36 (KHTML, like Gecko) Chrome/81.0.4044.138 Safari/537.36"
::1 - - [13/May/2020:10:55:12 +0000] "GET /api/cnic/upload HTTP/1.1" 500 17 "http://localhost:3000/cnic" "Mozilla/5.0 (Macintosh; Intel Mac OS X 10_15_2) AppleWebKit/537.36 (KHTML, like Gecko) Chrome/81.0.4044.138 Safari/537.36"
::1 - - [13/May/2020:10:55:12 +0000] "GET /api/cnic/upload HTTP/1.1" 500 17 "http://localhost:3000/cnic" "Mozilla/5.0 (Macintosh; Intel Mac OS X 10_15_2) AppleWebKit/537.36 (KHTML, like Gecko) Chrome/81.0.4044.138 Safari/537.36"
::1 - - [13/May/2020:10:55:12 +0000] "GET /api/cnic/upload HTTP/1.1" 500 17 "http://localhost:3000/cnic" "Mozilla/5.0 (Macintosh; Intel Mac OS X 10_15_2) AppleWebKit/537.36 (KHTML, like Gecko) Chrome/81.0.4044.138 Safari/537.36"
::1 - - [13/May/2020:10:55:13 +0000] "GET /api/cnic/upload HTTP/1.1" 500 17 "http://localhost:3000/cnic" "Mozilla/5.0 (Macintosh; Intel Mac OS X 10_15_2) AppleWebKit/537.36 (KHTML, like Gecko) Chrome/81.0.4044.138 Safari/537.36"
::1 - - [13/May/2020:10:55:13 +0000] "GET /api/cnic/upload HTTP/1.1" 500 17 "http://localhost:3000/cnic" "Mozilla/5.0 (Macintosh; Intel Mac OS X 10_15_2) AppleWebKit/537.36 (KHTML, like Gecko) Chrome/81.0.4044.138 Safari/537.36"
::1 - - [13/May/2020:10:55:13 +0000] "GET /api/cnic/upload HTTP/1.1" 500 17 "http://localhost:3000/cnic" "Mozilla/5.0 (Macintosh; Intel Mac OS X 10_15_2) AppleWebKit/537.36 (KHTML, like Gecko) Chrome/81.0.4044.138 Safari/537.36"
::1 - - [13/May/2020:10:55:13 +0000] "GET /api/cnic/upload HTTP/1.1" 500 17 "http://localhost:3000/cnic" "Mozilla/5.0 (Macintosh; Intel Mac OS X 10_15_2) AppleWebKit/537.36 (KHTML, like Gecko) Chrome/81.0.4044.138 Safari/537.36"
::1 - - [13/May/2020:10:55:13 +0000] "GET /api/cnic/upload HTTP/1.1" 500 17 "http://localhost:3000/cnic" "Mozilla/5.0 (Macintosh; Intel Mac OS X 10_15_2) AppleWebKit/537.36 (KHTML, like Gecko) Chrome/81.0.4044.138 Safari/537.36"
::1 - - [13/May/2020:10:55:30 +0000] "POST /api/auth/checkCookie HTTP/1.1" 200 13 "http://localhost:3000/cnic" "Mozilla/5.0 (Macintosh; Intel Mac OS X 10_15_2) AppleWebKit/537.36 (KHTML, like Gecko) Chrome/81.0.4044.138 Safari/537.36"
::1 - - [13/May/2020:10:55:31 +0000] "GET /api/auth/me HTTP/1.1" 200 2212 "http://localhost:3000/cnic" "Mozilla/5.0 (Macintosh; Intel Mac OS X 10_15_2) AppleWebKit/537.36 (KHTML, like Gecko) Chrome/81.0.4044.138 Safari/537.36"
::1 - - [13/May/2020:10:55:31 +0000] "GET /api/auth/me HTTP/1.1" 200 2212 "http://localhost:3000/cnic" "Mozilla/5.0 (Macintosh; Intel Mac OS X 10_15_2) AppleWebKit/537.36 (KHTML, like Gecko) Chrome/81.0.4044.138 Safari/537.36"
::1 - - [13/May/2020:10:56:39 +0000] "POST /api/cnic/upload HTTP/1.1" - - "http://localhost:3000/cnic" "Mozilla/5.0 (Macintosh; Intel Mac OS X 10_15_2) AppleWebKit/537.36 (KHTML, like Gecko) Chrome/81.0.4044.138 Safari/537.36"
::1 - - [13/May/2020:10:56:42 +0000] "POST /api/auth/checkCookie HTTP/1.1" 200 13 "http://localhost:3000/cnic" "Mozilla/5.0 (Macintosh; Intel Mac OS X 10_15_2) AppleWebKit/537.36 (KHTML, like Gecko) Chrome/81.0.4044.138 Safari/537.36"
::1 - - [13/May/2020:10:56:43 +0000] "GET /api/auth/me HTTP/1.1" 200 2212 "http://localhost:3000/cnic" "Mozilla/5.0 (Macintosh; Intel Mac OS X 10_15_2) AppleWebKit/537.36 (KHTML, like Gecko) Chrome/81.0.4044.138 Safari/537.36"
::1 - - [13/May/2020:10:56:43 +0000] "GET /api/auth/me HTTP/1.1" 200 2212 "http://localhost:3000/cnic" "Mozilla/5.0 (Macintosh; Intel Mac OS X 10_15_2) AppleWebKit/537.36 (KHTML, like Gecko) Chrome/81.0.4044.138 Safari/537.36"
::1 - - [13/May/2020:10:56:56 +0000] "POST /api/auth/checkCookie HTTP/1.1" 200 13 "http://localhost:3000/cnic" "Mozilla/5.0 (Macintosh; Intel Mac OS X 10_15_2) AppleWebKit/537.36 (KHTML, like Gecko) Chrome/81.0.4044.138 Safari/537.36"
::1 - - [13/May/2020:10:56:57 +0000] "GET /api/auth/me HTTP/1.1" 200 2212 "http://localhost:3000/cnic" "Mozilla/5.0 (Macintosh; Intel Mac OS X 10_15_2) AppleWebKit/537.36 (KHTML, like Gecko) Chrome/81.0.4044.138 Safari/537.36"
::1 - - [13/May/2020:10:56:57 +0000] "GET /api/auth/me HTTP/1.1" 200 2212 "http://localhost:3000/cnic" "Mozilla/5.0 (Macintosh; Intel Mac OS X 10_15_2) AppleWebKit/537.36 (KHTML, like Gecko) Chrome/81.0.4044.138 Safari/537.36"
::1 - - [13/May/2020:10:59:04 +0000] "POST /api/cnic/upload HTTP/1.1" - - "http://localhost:3000/cnic" "Mozilla/5.0 (Macintosh; Intel Mac OS X 10_15_2) AppleWebKit/537.36 (KHTML, like Gecko) Chrome/81.0.4044.138 Safari/537.36"
::1 - - [13/May/2020:11:00:40 +0000] "POST /api/auth/checkCookie HTTP/1.1" 200 13 "http://localhost:3000/cnic" "Mozilla/5.0 (Macintosh; Intel Mac OS X 10_15_2) AppleWebKit/537.36 (KHTML, like Gecko) Chrome/81.0.4044.138 Safari/537.36"
::1 - - [13/May/2020:11:00:41 +0000] "GET /api/auth/me HTTP/1.1" 200 2212 "http://localhost:3000/cnic" "Mozilla/5.0 (Macintosh; Intel Mac OS X 10_15_2) AppleWebKit/537.36 (KHTML, like Gecko) Chrome/81.0.4044.138 Safari/537.36"
::1 - - [13/May/2020:11:00:42 +0000] "GET /api/auth/me HTTP/1.1" 200 2212 "http://localhost:3000/cnic" "Mozilla/5.0 (Macintosh; Intel Mac OS X 10_15_2) AppleWebKit/537.36 (KHTML, like Gecko) Chrome/81.0.4044.138 Safari/537.36"
::1 - - [13/May/2020:11:00:51 +0000] "POST /api/auth/checkCookie HTTP/1.1" 200 13 "http://localhost:3000/cnic" "Mozilla/5.0 (Macintosh; Intel Mac OS X 10_15_2) AppleWebKit/537.36 (KHTML, like Gecko) Chrome/81.0.4044.138 Safari/537.36"
::1 - - [13/May/2020:11:00:52 +0000] "GET /api/auth/me HTTP/1.1" 200 2212 "http://localhost:3000/cnic" "Mozilla/5.0 (Macintosh; Intel Mac OS X 10_15_2) AppleWebKit/537.36 (KHTML, like Gecko) Chrome/81.0.4044.138 Safari/537.36"
::1 - - [13/May/2020:11:00:52 +0000] "GET /api/auth/me HTTP/1.1" 200 2212 "http://localhost:3000/cnic" "Mozilla/5.0 (Macintosh; Intel Mac OS X 10_15_2) AppleWebKit/537.36 (KHTML, like Gecko) Chrome/81.0.4044.138 Safari/537.36"
::1 - - [13/May/2020:11:05:57 +0000] "POST /api/auth/checkCookie HTTP/1.1" 200 13 "http://localhost:3000/cnic" "Mozilla/5.0 (Macintosh; Intel Mac OS X 10_15_2) AppleWebKit/537.36 (KHTML, like Gecko) Chrome/81.0.4044.138 Safari/537.36"
::1 - - [13/May/2020:11:05:59 +0000] "GET /api/auth/me HTTP/1.1" 200 2212 "http://localhost:3000/cnic" "Mozilla/5.0 (Macintosh; Intel Mac OS X 10_15_2) AppleWebKit/537.36 (KHTML, like Gecko) Chrome/81.0.4044.138 Safari/537.36"
::1 - - [13/May/2020:11:05:59 +0000] "GET /api/auth/me HTTP/1.1" 200 2212 "http://localhost:3000/cnic" "Mozilla/5.0 (Macintosh; Intel Mac OS X 10_15_2) AppleWebKit/537.36 (KHTML, like Gecko) Chrome/81.0.4044.138 Safari/537.36"
::1 - - [13/May/2020:11:06:52 +0000] "POST /api/auth/checkCookie HTTP/1.1" 200 13 "http://localhost:3000/cnic" "Mozilla/5.0 (Macintosh; Intel Mac OS X 10_15_2) AppleWebKit/537.36 (KHTML, like Gecko) Chrome/81.0.4044.138 Safari/537.36"
::1 - - [13/May/2020:11:06:53 +0000] "GET /api/auth/me HTTP/1.1" 200 2212 "http://localhost:3000/cnic" "Mozilla/5.0 (Macintosh; Intel Mac OS X 10_15_2) AppleWebKit/537.36 (KHTML, like Gecko) Chrome/81.0.4044.138 Safari/537.36"
::1 - - [13/May/2020:11:06:53 +0000] "GET /api/auth/me HTTP/1.1" 200 2212 "http://localhost:3000/cnic" "Mozilla/5.0 (Macintosh; Intel Mac OS X 10_15_2) AppleWebKit/537.36 (KHTML, like Gecko) Chrome/81.0.4044.138 Safari/537.36"
::1 - - [13/May/2020:11:07:30 +0000] "POST /api/auth/checkCookie HTTP/1.1" 200 13 "http://localhost:3000/cnic" "Mozilla/5.0 (Macintosh; Intel Mac OS X 10_15_2) AppleWebKit/537.36 (KHTML, like Gecko) Chrome/81.0.4044.138 Safari/537.36"
::1 - - [13/May/2020:11:07:31 +0000] "GET /api/auth/me HTTP/1.1" 200 2212 "http://localhost:3000/cnic" "Mozilla/5.0 (Macintosh; Intel Mac OS X 10_15_2) AppleWebKit/537.36 (KHTML, like Gecko) Chrome/81.0.4044.138 Safari/537.36"
::1 - - [13/May/2020:11:07:31 +0000] "GET /api/auth/me HTTP/1.1" 200 2212 "http://localhost:3000/cnic" "Mozilla/5.0 (Macintosh; Intel Mac OS X 10_15_2) AppleWebKit/537.36 (KHTML, like Gecko) Chrome/81.0.4044.138 Safari/537.36"
::1 - - [13/May/2020:11:43:02 +0000] "POST /api/cnic/upload HTTP/1.1" 500 2347 "http://localhost:3000/cnic" "Mozilla/5.0 (Macintosh; Intel Mac OS X 10_15_2) AppleWebKit/537.36 (KHTML, like Gecko) Chrome/81.0.4044.138 Safari/537.36"
::1 - - [13/May/2020:11:43:17 +0000] "POST /api/cnic/upload HTTP/1.1" 200 29 "http://localhost:3000/cnic" "Mozilla/5.0 (Macintosh; Intel Mac OS X 10_15_2) AppleWebKit/537.36 (KHTML, like Gecko) Chrome/81.0.4044.138 Safari/537.36"
::1 - - [13/May/2020:11:43:22 +0000] "POST /api/cnic/upload HTTP/1.1" 200 29 "http://localhost:3000/cnic" "Mozilla/5.0 (Macintosh; Intel Mac OS X 10_15_2) AppleWebKit/537.36 (KHTML, like Gecko) Chrome/81.0.4044.138 Safari/537.36"
::1 - - [13/May/2020:11:44:43 +0000] "POST /api/cnic/upload HTTP/1.1" 200 29 "http://localhost:3000/cnic" "Mozilla/5.0 (Macintosh; Intel Mac OS X 10_15_2) AppleWebKit/537.36 (KHTML, like Gecko) Chrome/81.0.4044.138 Safari/537.36"
::1 - - [13/May/2020:11:45:47 +0000] "POST /api/auth/checkCookie HTTP/1.1" 200 13 "http://localhost:3000/cnic" "Mozilla/5.0 (Macintosh; Intel Mac OS X 10_15_2) AppleWebKit/537.36 (KHTML, like Gecko) Chrome/81.0.4044.138 Safari/537.36"
::1 - - [13/May/2020:11:45:48 +0000] "GET /api/auth/me HTTP/1.1" 200 2212 "http://localhost:3000/cnic" "Mozilla/5.0 (Macintosh; Intel Mac OS X 10_15_2) AppleWebKit/537.36 (KHTML, like Gecko) Chrome/81.0.4044.138 Safari/537.36"
::1 - - [13/May/2020:11:45:49 +0000] "GET /api/auth/me HTTP/1.1" 200 2212 "http://localhost:3000/cnic" "Mozilla/5.0 (Macintosh; Intel Mac OS X 10_15_2) AppleWebKit/537.36 (KHTML, like Gecko) Chrome/81.0.4044.138 Safari/537.36"
::1 - - [13/May/2020:11:46:01 +0000] "POST /api/cnic/upload HTTP/1.1" 200 29 "http://localhost:3000/cnic" "Mozilla/5.0 (Macintosh; Intel Mac OS X 10_15_2) AppleWebKit/537.36 (KHTML, like Gecko) Chrome/81.0.4044.138 Safari/537.36"
::1 - - [13/May/2020:11:46:32 +0000] "POST /api/cnic/upload HTTP/1.1" 200 29 "http://localhost:3000/cnic" "Mozilla/5.0 (Macintosh; Intel Mac OS X 10_15_2) AppleWebKit/537.36 (KHTML, like Gecko) Chrome/81.0.4044.138 Safari/537.36"
::1 - - [13/May/2020:11:46:52 +0000] "POST /api/cnic/upload HTTP/1.1" 200 29 "http://localhost:3000/cnic" "Mozilla/5.0 (Macintosh; Intel Mac OS X 10_15_2) AppleWebKit/537.36 (KHTML, like Gecko) Chrome/81.0.4044.138 Safari/537.36"
::1 - - [13/May/2020:11:47:13 +0000] "POST /api/cnic/upload HTTP/1.1" 200 29 "http://localhost:3000/cnic" "Mozilla/5.0 (Macintosh; Intel Mac OS X 10_15_2) AppleWebKit/537.36 (KHTML, like Gecko) Chrome/81.0.4044.138 Safari/537.36"
::1 - - [13/May/2020:11:47:40 +0000] "POST /api/cnic/upload HTTP/1.1" 200 29 "http://localhost:3000/cnic" "Mozilla/5.0 (Macintosh; Intel Mac OS X 10_15_2) AppleWebKit/537.36 (KHTML, like Gecko) Chrome/81.0.4044.138 Safari/537.36"
::1 - - [13/May/2020:11:47:44 +0000] "POST /api/cnic/upload HTTP/1.1" 200 29 "http://localhost:3000/cnic" "Mozilla/5.0 (Macintosh; Intel Mac OS X 10_15_2) AppleWebKit/537.36 (KHTML, like Gecko) Chrome/81.0.4044.138 Safari/537.36"
::1 - - [13/May/2020:11:48:37 +0000] "POST /api/cnic/upload HTTP/1.1" 200 29 "http://localhost:3000/cnic" "Mozilla/5.0 (Macintosh; Intel Mac OS X 10_15_2) AppleWebKit/537.36 (KHTML, like Gecko) Chrome/81.0.4044.138 Safari/537.36"
::1 - - [13/May/2020:11:50:29 +0000] "POST /api/cnic/upload HTTP/1.1" 200 29 "http://localhost:3000/cnic" "Mozilla/5.0 (Macintosh; Intel Mac OS X 10_15_2) AppleWebKit/537.36 (KHTML, like Gecko) Chrome/81.0.4044.138 Safari/537.36"
::1 - - [13/May/2020:11:51:31 +0000] "POST /api/cnic/upload HTTP/1.1" 200 29 "http://localhost:3000/cnic" "Mozilla/5.0 (Macintosh; Intel Mac OS X 10_15_2) AppleWebKit/537.36 (KHTML, like Gecko) Chrome/81.0.4044.138 Safari/537.36"
::1 - - [13/May/2020:11:53:13 +0000] "POST /api/cnic/upload HTTP/1.1" 200 29 "http://localhost:3000/cnic" "Mozilla/5.0 (Macintosh; Intel Mac OS X 10_15_2) AppleWebKit/537.36 (KHTML, like Gecko) Chrome/81.0.4044.138 Safari/537.36"
::1 - - [13/May/2020:11:53:20 +0000] "POST /api/cnic/upload HTTP/1.1" 200 29 "http://localhost:3000/cnic" "Mozilla/5.0 (Macintosh; Intel Mac OS X 10_15_2) AppleWebKit/537.36 (KHTML, like Gecko) Chrome/81.0.4044.138 Safari/537.36"
::1 - - [13/May/2020:11:53:38 +0000] "GET /api/cnic/34234234234234234234 HTTP/1.1" 500 17 "http://localhost:3000/cnic" "Mozilla/5.0 (Macintosh; Intel Mac OS X 10_15_2) AppleWebKit/537.36 (KHTML, like Gecko) Chrome/81.0.4044.138 Safari/537.36"
::1 - - [13/May/2020:11:55:04 +0000] "POST /api/auth/checkCookie HTTP/1.1" 200 13 "http://localhost:3000/cnic" "Mozilla/5.0 (Macintosh; Intel Mac OS X 10_15_2) AppleWebKit/537.36 (KHTML, like Gecko) Chrome/81.0.4044.138 Safari/537.36"
::1 - - [13/May/2020:11:55:05 +0000] "GET /api/auth/me HTTP/1.1" 200 2212 "http://localhost:3000/cnic" "Mozilla/5.0 (Macintosh; Intel Mac OS X 10_15_2) AppleWebKit/537.36 (KHTML, like Gecko) Chrome/81.0.4044.138 Safari/537.36"
::1 - - [13/May/2020:11:55:05 +0000] "GET /api/auth/me HTTP/1.1" 200 2212 "http://localhost:3000/cnic" "Mozilla/5.0 (Macintosh; Intel Mac OS X 10_15_2) AppleWebKit/537.36 (KHTML, like Gecko) Chrome/81.0.4044.138 Safari/537.36"
::1 - - [13/May/2020:11:55:29 +0000] "GET /api/cnic/34234234234234234234 HTTP/1.1" 500 17 "http://localhost:3000/cnic" "Mozilla/5.0 (Macintosh; Intel Mac OS X 10_15_2) AppleWebKit/537.36 (KHTML, like Gecko) Chrome/81.0.4044.138 Safari/537.36"
::1 - - [13/May/2020:11:55:52 +0000] "GET /api/cnic/34234234234234234234 HTTP/1.1" 200 38152 "http://localhost:3000/cnic" "Mozilla/5.0 (Macintosh; Intel Mac OS X 10_15_2) AppleWebKit/537.36 (KHTML, like Gecko) Chrome/81.0.4044.138 Safari/537.36"
::1 - - [13/May/2020:11:55:53 +0000] "GET /api/cnic/34234234234234234234 HTTP/1.1" 200 38152 "http://localhost:3000/cnic" "Mozilla/5.0 (Macintosh; Intel Mac OS X 10_15_2) AppleWebKit/537.36 (KHTML, like Gecko) Chrome/81.0.4044.138 Safari/537.36"
::1 - - [13/May/2020:11:55:57 +0000] "GET /api/cnic/34234234234234234234 HTTP/1.1" 200 38152 "http://localhost:3000/cnic" "Mozilla/5.0 (Macintosh; Intel Mac OS X 10_15_2) AppleWebKit/537.36 (KHTML, like Gecko) Chrome/81.0.4044.138 Safari/537.36"
::1 - - [13/May/2020:11:56:00 +0000] "GET /api/cnic/34234234234234234234 HTTP/1.1" 200 38152 "http://localhost:3000/cnic" "Mozilla/5.0 (Macintosh; Intel Mac OS X 10_15_2) AppleWebKit/537.36 (KHTML, like Gecko) Chrome/81.0.4044.138 Safari/537.36"
::1 - - [13/May/2020:11:56:03 +0000] "POST /api/auth/checkCookie HTTP/1.1" 200 13 "http://localhost:3000/cnic" "Mozilla/5.0 (Macintosh; Intel Mac OS X 10_15_2) AppleWebKit/537.36 (KHTML, like Gecko) Chrome/81.0.4044.138 Safari/537.36"
::1 - - [13/May/2020:11:56:04 +0000] "GET /api/auth/me HTTP/1.1" 200 2212 "http://localhost:3000/cnic" "Mozilla/5.0 (Macintosh; Intel Mac OS X 10_15_2) AppleWebKit/537.36 (KHTML, like Gecko) Chrome/81.0.4044.138 Safari/537.36"
::1 - - [13/May/2020:11:56:04 +0000] "GET /api/auth/me HTTP/1.1" 200 2212 "http://localhost:3000/cnic" "Mozilla/5.0 (Macintosh; Intel Mac OS X 10_15_2) AppleWebKit/537.36 (KHTML, like Gecko) Chrome/81.0.4044.138 Safari/537.36"
::1 - - [13/May/2020:11:56:06 +0000] "GET /api/cnic/34234234234234234234 HTTP/1.1" 200 38152 "http://localhost:3000/cnic" "Mozilla/5.0 (Macintosh; Intel Mac OS X 10_15_2) AppleWebKit/537.36 (KHTML, like Gecko) Chrome/81.0.4044.138 Safari/537.36"
::1 - - [13/May/2020:11:58:21 +0000] "GET /api/cnic/34234234234234234234 HTTP/1.1" 200 38152 "http://localhost:3000/cnic" "Mozilla/5.0 (Macintosh; Intel Mac OS X 10_15_2) AppleWebKit/537.36 (KHTML, like Gecko) Chrome/81.0.4044.138 Safari/537.36"
::1 - - [13/May/2020:13:15:22 +0000] "POST /api/auth/checkCookie HTTP/1.1" 200 13 "http://localhost:3000/cnic" "Mozilla/5.0 (Macintosh; Intel Mac OS X 10_15_2) AppleWebKit/537.36 (KHTML, like Gecko) Chrome/81.0.4044.138 Safari/537.36"
::1 - - [13/May/2020:13:15:23 +0000] "GET /api/auth/me HTTP/1.1" 200 2212 "http://localhost:3000/cnic" "Mozilla/5.0 (Macintosh; Intel Mac OS X 10_15_2) AppleWebKit/537.36 (KHTML, like Gecko) Chrome/81.0.4044.138 Safari/537.36"
::1 - - [13/May/2020:13:15:23 +0000] "GET /api/auth/me HTTP/1.1" 200 2212 "http://localhost:3000/cnic" "Mozilla/5.0 (Macintosh; Intel Mac OS X 10_15_2) AppleWebKit/537.36 (KHTML, like Gecko) Chrome/81.0.4044.138 Safari/537.36"
::1 - - [13/May/2020:13:20:02 +0000] "POST /api/cnic/upload HTTP/1.1" - - "http://localhost:3000/cnic" "Mozilla/5.0 (Macintosh; Intel Mac OS X 10_15_2) AppleWebKit/537.36 (KHTML, like Gecko) Chrome/81.0.4044.138 Safari/537.36"
::1 - - [13/May/2020:17:01:26 +0000] "POST /api/cnic/upload HTTP/1.1" - - "http://localhost:3000/cnic" "Mozilla/5.0 (Macintosh; Intel Mac OS X 10_15_2) AppleWebKit/537.36 (KHTML, like Gecko) Chrome/81.0.4044.138 Safari/537.36"
::1 - - [13/May/2020:17:02:15 +0000] "POST /api/cnic/upload HTTP/1.1" - - "http://localhost:3000/cnic" "Mozilla/5.0 (Macintosh; Intel Mac OS X 10_15_2) AppleWebKit/537.36 (KHTML, like Gecko) Chrome/81.0.4044.138 Safari/537.36"
::1 - - [13/May/2020:17:03:15 +0000] "POST /api/cnic/upload HTTP/1.1" - - "http://localhost:3000/cnic" "Mozilla/5.0 (Macintosh; Intel Mac OS X 10_15_2) AppleWebKit/537.36 (KHTML, like Gecko) Chrome/81.0.4044.138 Safari/537.36"
::1 - - [13/May/2020:17:03:43 +0000] "POST /api/cnic/upload HTTP/1.1" - - "http://localhost:3000/cnic" "Mozilla/5.0 (Macintosh; Intel Mac OS X 10_15_2) AppleWebKit/537.36 (KHTML, like Gecko) Chrome/81.0.4044.138 Safari/537.36"
::1 - - [13/May/2020:17:04:22 +0000] "POST /api/cnic/upload HTTP/1.1" 200 7 "http://localhost:3000/cnic" "Mozilla/5.0 (Macintosh; Intel Mac OS X 10_15_2) AppleWebKit/537.36 (KHTML, like Gecko) Chrome/81.0.4044.138 Safari/537.36"
::1 - - [13/May/2020:17:04:43 +0000] "POST /api/cnic/upload HTTP/1.1" 200 7 "http://localhost:3000/cnic" "Mozilla/5.0 (Macintosh; Intel Mac OS X 10_15_2) AppleWebKit/537.36 (KHTML, like Gecko) Chrome/81.0.4044.138 Safari/537.36"
::1 - - [13/May/2020:17:06:54 +0000] "POST /api/auth/checkCookie HTTP/1.1" 200 13 "http://localhost:3000/cnic" "Mozilla/5.0 (Macintosh; Intel Mac OS X 10_15_2) AppleWebKit/537.36 (KHTML, like Gecko) Chrome/81.0.4044.138 Safari/537.36"
::1 - - [13/May/2020:17:06:55 +0000] "GET /api/auth/me HTTP/1.1" 200 2212 "http://localhost:3000/cnic" "Mozilla/5.0 (Macintosh; Intel Mac OS X 10_15_2) AppleWebKit/537.36 (KHTML, like Gecko) Chrome/81.0.4044.138 Safari/537.36"
::1 - - [13/May/2020:17:06:55 +0000] "GET /api/auth/me HTTP/1.1" 200 2212 "http://localhost:3000/cnic" "Mozilla/5.0 (Macintosh; Intel Mac OS X 10_15_2) AppleWebKit/537.36 (KHTML, like Gecko) Chrome/81.0.4044.138 Safari/537.36"
::1 - - [13/May/2020:17:07:07 +0000] "POST /api/cnic/upload HTTP/1.1" 500 2237 "http://localhost:3000/cnic" "Mozilla/5.0 (Macintosh; Intel Mac OS X 10_15_2) AppleWebKit/537.36 (KHTML, like Gecko) Chrome/81.0.4044.138 Safari/537.36"
::1 - - [13/May/2020:17:08:23 +0000] "POST /api/cnic/upload HTTP/1.1" 500 2237 "http://localhost:3000/cnic" "Mozilla/5.0 (Macintosh; Intel Mac OS X 10_15_2) AppleWebKit/537.36 (KHTML, like Gecko) Chrome/81.0.4044.138 Safari/537.36"
::1 - - [13/May/2020:17:17:32 +0000] "POST /api/cnic/upload HTTP/1.1" 200 7 "http://localhost:3000/cnic" "Mozilla/5.0 (Macintosh; Intel Mac OS X 10_15_2) AppleWebKit/537.36 (KHTML, like Gecko) Chrome/81.0.4044.138 Safari/537.36"
::1 - - [13/May/2020:17:18:09 +0000] "POST /api/cnic/upload HTTP/1.1" 200 7 "http://localhost:3000/cnic" "Mozilla/5.0 (Macintosh; Intel Mac OS X 10_15_2) AppleWebKit/537.36 (KHTML, like Gecko) Chrome/81.0.4044.138 Safari/537.36"
::1 - - [13/May/2020:17:20:42 +0000] "POST /api/auth/checkCookie HTTP/1.1" 200 13 "http://localhost:3000/cnic" "Mozilla/5.0 (Macintosh; Intel Mac OS X 10_15_2) AppleWebKit/537.36 (KHTML, like Gecko) Chrome/81.0.4044.138 Safari/537.36"
::1 - - [13/May/2020:17:20:43 +0000] "GET /api/auth/me HTTP/1.1" 200 2212 "http://localhost:3000/cnic" "Mozilla/5.0 (Macintosh; Intel Mac OS X 10_15_2) AppleWebKit/537.36 (KHTML, like Gecko) Chrome/81.0.4044.138 Safari/537.36"
::1 - - [13/May/2020:17:20:43 +0000] "GET /api/auth/me HTTP/1.1" 200 2212 "http://localhost:3000/cnic" "Mozilla/5.0 (Macintosh; Intel Mac OS X 10_15_2) AppleWebKit/537.36 (KHTML, like Gecko) Chrome/81.0.4044.138 Safari/537.36"
::1 - - [13/May/2020:17:21:01 +0000] "POST /api/cnic/upload HTTP/1.1" 500 5 "http://localhost:3000/cnic" "Mozilla/5.0 (Macintosh; Intel Mac OS X 10_15_2) AppleWebKit/537.36 (KHTML, like Gecko) Chrome/81.0.4044.138 Safari/537.36"
::1 - - [13/May/2020:17:21:35 +0000] "POST /api/cnic/upload HTTP/1.1" 500 5 "http://localhost:3000/cnic" "Mozilla/5.0 (Macintosh; Intel Mac OS X 10_15_2) AppleWebKit/537.36 (KHTML, like Gecko) Chrome/81.0.4044.138 Safari/537.36"
::1 - - [13/May/2020:17:22:34 +0000] "POST /api/auth/checkCookie HTTP/1.1" 200 13 "http://localhost:3000/cnic" "Mozilla/5.0 (Macintosh; Intel Mac OS X 10_15_2) AppleWebKit/537.36 (KHTML, like Gecko) Chrome/81.0.4044.138 Safari/537.36"
::1 - - [13/May/2020:17:22:35 +0000] "GET /api/auth/me HTTP/1.1" 200 2212 "http://localhost:3000/cnic" "Mozilla/5.0 (Macintosh; Intel Mac OS X 10_15_2) AppleWebKit/537.36 (KHTML, like Gecko) Chrome/81.0.4044.138 Safari/537.36"
::1 - - [13/May/2020:17:22:35 +0000] "GET /api/auth/me HTTP/1.1" 200 2212 "http://localhost:3000/cnic" "Mozilla/5.0 (Macintosh; Intel Mac OS X 10_15_2) AppleWebKit/537.36 (KHTML, like Gecko) Chrome/81.0.4044.138 Safari/537.36"
::1 - - [13/May/2020:17:23:59 +0000] "POST /api/auth/checkCookie HTTP/1.1" 200 13 "http://localhost:3000/cnic" "Mozilla/5.0 (Macintosh; Intel Mac OS X 10_15_2) AppleWebKit/537.36 (KHTML, like Gecko) Chrome/81.0.4044.138 Safari/537.36"
::1 - - [13/May/2020:17:24:00 +0000] "GET /api/auth/me HTTP/1.1" 200 2212 "http://localhost:3000/cnic" "Mozilla/5.0 (Macintosh; Intel Mac OS X 10_15_2) AppleWebKit/537.36 (KHTML, like Gecko) Chrome/81.0.4044.138 Safari/537.36"
::1 - - [13/May/2020:17:24:00 +0000] "GET /api/auth/me HTTP/1.1" 200 2212 "http://localhost:3000/cnic" "Mozilla/5.0 (Macintosh; Intel Mac OS X 10_15_2) AppleWebKit/537.36 (KHTML, like Gecko) Chrome/81.0.4044.138 Safari/537.36"
::1 - - [13/May/2020:17:25:03 +0000] "POST /api/cnic/upload HTTP/1.1" 500 5 "http://localhost:3000/cnic" "Mozilla/5.0 (Macintosh; Intel Mac OS X 10_15_2) AppleWebKit/537.36 (KHTML, like Gecko) Chrome/81.0.4044.138 Safari/537.36"
