::1 - - [14/May/2020:20:40:16 +0000] "POST /api/auth/checkCookie HTTP/1.1" 200 13 "http://localhost:3000/cnic" "Mozilla/5.0 (Macintosh; Intel Mac OS X 10_15_2) AppleWebKit/537.36 (KHTML, like Gecko) Chrome/81.0.4044.138 Safari/537.36"
::1 - - [14/May/2020:20:40:19 +0000] "GET /api/auth/me HTTP/1.1" 200 2209 "http://localhost:3000/cnic" "Mozilla/5.0 (Macintosh; Intel Mac OS X 10_15_2) AppleWebKit/537.36 (KHTML, like Gecko) Chrome/81.0.4044.138 Safari/537.36"
::1 - - [14/May/2020:20:40:19 +0000] "GET /api/auth/me HTTP/1.1" 200 2209 "http://localhost:3000/cnic" "Mozilla/5.0 (Macintosh; Intel Mac OS X 10_15_2) AppleWebKit/537.36 (KHTML, like Gecko) Chrome/81.0.4044.138 Safari/537.36"
::1 - - [14/May/2020:20:41:47 +0000] "POST /api/auth/checkCookie HTTP/1.1" 200 13 "http://localhost:3000/cnic" "Mozilla/5.0 (Macintosh; Intel Mac OS X 10_15_2) AppleWebKit/537.36 (KHTML, like Gecko) Chrome/81.0.4044.138 Safari/537.36"
::1 - - [14/May/2020:20:41:48 +0000] "GET /api/auth/me HTTP/1.1" 200 2209 "http://localhost:3000/cnic" "Mozilla/5.0 (Macintosh; Intel Mac OS X 10_15_2) AppleWebKit/537.36 (KHTML, like Gecko) Chrome/81.0.4044.138 Safari/537.36"
::1 - - [14/May/2020:20:41:48 +0000] "GET /api/auth/me HTTP/1.1" 200 2209 "http://localhost:3000/cnic" "Mozilla/5.0 (Macintosh; Intel Mac OS X 10_15_2) AppleWebKit/537.36 (KHTML, like Gecko) Chrome/81.0.4044.138 Safari/537.36"
::1 - - [14/May/2020:20:43:41 +0000] "POST /api/auth/checkCookie HTTP/1.1" 200 13 "http://localhost:3000/cnic" "Mozilla/5.0 (Macintosh; Intel Mac OS X 10_15_2) AppleWebKit/537.36 (KHTML, like Gecko) Chrome/81.0.4044.138 Safari/537.36"
::1 - - [14/May/2020:20:43:42 +0000] "GET /api/auth/me HTTP/1.1" 200 2209 "http://localhost:3000/cnic" "Mozilla/5.0 (Macintosh; Intel Mac OS X 10_15_2) AppleWebKit/537.36 (KHTML, like Gecko) Chrome/81.0.4044.138 Safari/537.36"
::1 - - [14/May/2020:20:43:42 +0000] "GET /api/auth/me HTTP/1.1" 200 2209 "http://localhost:3000/cnic" "Mozilla/5.0 (Macintosh; Intel Mac OS X 10_15_2) AppleWebKit/537.36 (KHTML, like Gecko) Chrome/81.0.4044.138 Safari/537.36"
::1 - - [14/May/2020:20:52:17 +0000] "POST /api/auth/checkCookie HTTP/1.1" 200 13 "http://localhost:3000/cnic" "Mozilla/5.0 (Macintosh; Intel Mac OS X 10_15_2) AppleWebKit/537.36 (KHTML, like Gecko) Chrome/81.0.4044.138 Safari/537.36"
::1 - - [14/May/2020:20:52:20 +0000] "GET /api/auth/me HTTP/1.1" 200 2209 "http://localhost:3000/cnic" "Mozilla/5.0 (Macintosh; Intel Mac OS X 10_15_2) AppleWebKit/537.36 (KHTML, like Gecko) Chrome/81.0.4044.138 Safari/537.36"
::1 - - [14/May/2020:20:52:20 +0000] "GET /api/auth/me HTTP/1.1" 200 2209 "http://localhost:3000/cnic" "Mozilla/5.0 (Macintosh; Intel Mac OS X 10_15_2) AppleWebKit/537.36 (KHTML, like Gecko) Chrome/81.0.4044.138 Safari/537.36"
::1 - - [14/May/2020:20:52:41 +0000] "POST /api/auth/checkCookie HTTP/1.1" 200 13 "http://localhost:3000/cnic" "Mozilla/5.0 (Macintosh; Intel Mac OS X 10_15_2) AppleWebKit/537.36 (KHTML, like Gecko) Chrome/81.0.4044.138 Safari/537.36"
::1 - - [14/May/2020:20:52:42 +0000] "GET /api/auth/me HTTP/1.1" 200 2209 "http://localhost:3000/cnic" "Mozilla/5.0 (Macintosh; Intel Mac OS X 10_15_2) AppleWebKit/537.36 (KHTML, like Gecko) Chrome/81.0.4044.138 Safari/537.36"
::1 - - [14/May/2020:20:52:42 +0000] "GET /api/auth/me HTTP/1.1" 200 2209 "http://localhost:3000/cnic" "Mozilla/5.0 (Macintosh; Intel Mac OS X 10_15_2) AppleWebKit/537.36 (KHTML, like Gecko) Chrome/81.0.4044.138 Safari/537.36"
::1 - - [14/May/2020:20:53:23 +0000] "POST /api/auth/checkCookie HTTP/1.1" 200 13 "http://localhost:3000/cnic" "Mozilla/5.0 (Macintosh; Intel Mac OS X 10_15_2) AppleWebKit/537.36 (KHTML, like Gecko) Chrome/81.0.4044.138 Safari/537.36"
::1 - - [14/May/2020:20:53:24 +0000] "GET /api/auth/me HTTP/1.1" 200 2209 "http://localhost:3000/cnic" "Mozilla/5.0 (Macintosh; Intel Mac OS X 10_15_2) AppleWebKit/537.36 (KHTML, like Gecko) Chrome/81.0.4044.138 Safari/537.36"
::1 - - [14/May/2020:20:53:24 +0000] "GET /api/auth/me HTTP/1.1" 200 2209 "http://localhost:3000/cnic" "Mozilla/5.0 (Macintosh; Intel Mac OS X 10_15_2) AppleWebKit/537.36 (KHTML, like Gecko) Chrome/81.0.4044.138 Safari/537.36"
::1 - - [14/May/2020:20:53:36 +0000] "POST /api/auth/checkCookie HTTP/1.1" 200 13 "http://localhost:3000/cnic" "Mozilla/5.0 (Macintosh; Intel Mac OS X 10_15_2) AppleWebKit/537.36 (KHTML, like Gecko) Chrome/81.0.4044.138 Safari/537.36"
::1 - - [14/May/2020:20:53:37 +0000] "GET /api/auth/me HTTP/1.1" 200 2209 "http://localhost:3000/cnic" "Mozilla/5.0 (Macintosh; Intel Mac OS X 10_15_2) AppleWebKit/537.36 (KHTML, like Gecko) Chrome/81.0.4044.138 Safari/537.36"
::1 - - [14/May/2020:20:53:37 +0000] "GET /api/auth/me HTTP/1.1" 200 2209 "http://localhost:3000/cnic" "Mozilla/5.0 (Macintosh; Intel Mac OS X 10_15_2) AppleWebKit/537.36 (KHTML, like Gecko) Chrome/81.0.4044.138 Safari/537.36"
::1 - - [14/May/2020:20:53:47 +0000] "POST /api/auth/checkCookie HTTP/1.1" 200 13 "http://localhost:3000/cnic" "Mozilla/5.0 (Macintosh; Intel Mac OS X 10_15_2) AppleWebKit/537.36 (KHTML, like Gecko) Chrome/81.0.4044.138 Safari/537.36"
::1 - - [14/May/2020:20:53:48 +0000] "GET /api/auth/me HTTP/1.1" 200 2209 "http://localhost:3000/cnic" "Mozilla/5.0 (Macintosh; Intel Mac OS X 10_15_2) AppleWebKit/537.36 (KHTML, like Gecko) Chrome/81.0.4044.138 Safari/537.36"
::1 - - [14/May/2020:20:53:48 +0000] "GET /api/auth/me HTTP/1.1" 200 2209 "http://localhost:3000/cnic" "Mozilla/5.0 (Macintosh; Intel Mac OS X 10_15_2) AppleWebKit/537.36 (KHTML, like Gecko) Chrome/81.0.4044.138 Safari/537.36"
::1 - - [14/May/2020:21:17:27 +0000] "POST /api/auth/checkCookie HTTP/1.1" 200 13 "http://localhost:3000/cnic" "Mozilla/5.0 (Macintosh; Intel Mac OS X 10_15_2) AppleWebKit/537.36 (KHTML, like Gecko) Chrome/81.0.4044.138 Safari/537.36"
::1 - - [14/May/2020:21:17:30 +0000] "GET /api/auth/me HTTP/1.1" 200 2209 "http://localhost:3000/cnic" "Mozilla/5.0 (Macintosh; Intel Mac OS X 10_15_2) AppleWebKit/537.36 (KHTML, like Gecko) Chrome/81.0.4044.138 Safari/537.36"
::1 - - [14/May/2020:21:17:30 +0000] "GET /api/auth/me HTTP/1.1" 200 2209 "http://localhost:3000/cnic" "Mozilla/5.0 (Macintosh; Intel Mac OS X 10_15_2) AppleWebKit/537.36 (KHTML, like Gecko) Chrome/81.0.4044.138 Safari/537.36"
::1 - - [14/May/2020:21:17:55 +0000] "POST /api/auth/checkCookie HTTP/1.1" 200 13 "http://localhost:3000/cnic" "Mozilla/5.0 (Macintosh; Intel Mac OS X 10_15_2) AppleWebKit/537.36 (KHTML, like Gecko) Chrome/81.0.4044.138 Safari/537.36"
::1 - - [14/May/2020:21:17:56 +0000] "GET /api/auth/me HTTP/1.1" 200 2209 "http://localhost:3000/cnic" "Mozilla/5.0 (Macintosh; Intel Mac OS X 10_15_2) AppleWebKit/537.36 (KHTML, like Gecko) Chrome/81.0.4044.138 Safari/537.36"
::1 - - [14/May/2020:21:17:56 +0000] "GET /api/auth/me HTTP/1.1" 200 2209 "http://localhost:3000/cnic" "Mozilla/5.0 (Macintosh; Intel Mac OS X 10_15_2) AppleWebKit/537.36 (KHTML, like Gecko) Chrome/81.0.4044.138 Safari/537.36"
::1 - - [14/May/2020:21:19:38 +0000] "POST /api/auth/checkCookie HTTP/1.1" 200 13 "http://localhost:3000/cnic" "Mozilla/5.0 (Macintosh; Intel Mac OS X 10_15_2) AppleWebKit/537.36 (KHTML, like Gecko) Chrome/81.0.4044.138 Safari/537.36"
::1 - - [14/May/2020:21:19:38 +0000] "GET /api/auth/me HTTP/1.1" 200 2209 "http://localhost:3000/cnic" "Mozilla/5.0 (Macintosh; Intel Mac OS X 10_15_2) AppleWebKit/537.36 (KHTML, like Gecko) Chrome/81.0.4044.138 Safari/537.36"
::1 - - [14/May/2020:21:19:38 +0000] "GET /api/auth/me HTTP/1.1" 200 2209 "http://localhost:3000/cnic" "Mozilla/5.0 (Macintosh; Intel Mac OS X 10_15_2) AppleWebKit/537.36 (KHTML, like Gecko) Chrome/81.0.4044.138 Safari/537.36"
::1 - - [14/May/2020:21:20:37 +0000] "POST /api/auth/checkCookie HTTP/1.1" 200 13 "http://localhost:3000/cnic" "Mozilla/5.0 (Macintosh; Intel Mac OS X 10_15_2) AppleWebKit/537.36 (KHTML, like Gecko) Chrome/81.0.4044.138 Safari/537.36"
::1 - - [14/May/2020:21:20:38 +0000] "GET /api/auth/me HTTP/1.1" 200 2209 "http://localhost:3000/cnic" "Mozilla/5.0 (Macintosh; Intel Mac OS X 10_15_2) AppleWebKit/537.36 (KHTML, like Gecko) Chrome/81.0.4044.138 Safari/537.36"
::1 - - [14/May/2020:21:20:38 +0000] "GET /api/auth/me HTTP/1.1" 200 2209 "http://localhost:3000/cnic" "Mozilla/5.0 (Macintosh; Intel Mac OS X 10_15_2) AppleWebKit/537.36 (KHTML, like Gecko) Chrome/81.0.4044.138 Safari/537.36"
::1 - - [14/May/2020:21:20:50 +0000] "POST /api/auth/checkCookie HTTP/1.1" 200 13 "http://localhost:3000/cnic" "Mozilla/5.0 (Macintosh; Intel Mac OS X 10_15_2) AppleWebKit/537.36 (KHTML, like Gecko) Chrome/81.0.4044.138 Safari/537.36"
::1 - - [14/May/2020:21:20:51 +0000] "GET /api/auth/me HTTP/1.1" 200 2209 "http://localhost:3000/cnic" "Mozilla/5.0 (Macintosh; Intel Mac OS X 10_15_2) AppleWebKit/537.36 (KHTML, like Gecko) Chrome/81.0.4044.138 Safari/537.36"
::1 - - [14/May/2020:21:20:51 +0000] "GET /api/auth/me HTTP/1.1" 200 2209 "http://localhost:3000/cnic" "Mozilla/5.0 (Macintosh; Intel Mac OS X 10_15_2) AppleWebKit/537.36 (KHTML, like Gecko) Chrome/81.0.4044.138 Safari/537.36"
::1 - - [14/May/2020:21:22:32 +0000] "POST /api/auth/checkCookie HTTP/1.1" 200 13 "http://localhost:3000/cnic" "Mozilla/5.0 (Macintosh; Intel Mac OS X 10_15_2) AppleWebKit/537.36 (KHTML, like Gecko) Chrome/81.0.4044.138 Safari/537.36"
::1 - - [14/May/2020:21:22:33 +0000] "GET /api/auth/me HTTP/1.1" 200 2209 "http://localhost:3000/cnic" "Mozilla/5.0 (Macintosh; Intel Mac OS X 10_15_2) AppleWebKit/537.36 (KHTML, like Gecko) Chrome/81.0.4044.138 Safari/537.36"
::1 - - [14/May/2020:21:22:33 +0000] "GET /api/auth/me HTTP/1.1" 200 2209 "http://localhost:3000/cnic" "Mozilla/5.0 (Macintosh; Intel Mac OS X 10_15_2) AppleWebKit/537.36 (KHTML, like Gecko) Chrome/81.0.4044.138 Safari/537.36"
::1 - - [14/May/2020:21:23:03 +0000] "POST /api/auth/checkCookie HTTP/1.1" 200 13 "http://localhost:3000/cnic" "Mozilla/5.0 (Macintosh; Intel Mac OS X 10_15_2) AppleWebKit/537.36 (KHTML, like Gecko) Chrome/81.0.4044.138 Safari/537.36"
::1 - - [14/May/2020:21:23:04 +0000] "GET /api/auth/me HTTP/1.1" 200 2209 "http://localhost:3000/cnic" "Mozilla/5.0 (Macintosh; Intel Mac OS X 10_15_2) AppleWebKit/537.36 (KHTML, like Gecko) Chrome/81.0.4044.138 Safari/537.36"
::1 - - [14/May/2020:21:23:04 +0000] "GET /api/auth/me HTTP/1.1" 200 2209 "http://localhost:3000/cnic" "Mozilla/5.0 (Macintosh; Intel Mac OS X 10_15_2) AppleWebKit/537.36 (KHTML, like Gecko) Chrome/81.0.4044.138 Safari/537.36"
::1 - - [14/May/2020:21:24:25 +0000] "GET /api/cnic/657 HTTP/1.1" 500 101 "http://localhost:3000/cnic" "Mozilla/5.0 (Macintosh; Intel Mac OS X 10_15_2) AppleWebKit/537.36 (KHTML, like Gecko) Chrome/81.0.4044.138 Safari/537.36"
::1 - - [14/May/2020:21:25:08 +0000] "POST /api/auth/checkCookie HTTP/1.1" 200 13 "http://localhost:3000/cnic" "Mozilla/5.0 (Macintosh; Intel Mac OS X 10_15_2) AppleWebKit/537.36 (KHTML, like Gecko) Chrome/81.0.4044.138 Safari/537.36"
::1 - - [14/May/2020:21:25:09 +0000] "GET /api/auth/me HTTP/1.1" 200 2209 "http://localhost:3000/cnic" "Mozilla/5.0 (Macintosh; Intel Mac OS X 10_15_2) AppleWebKit/537.36 (KHTML, like Gecko) Chrome/81.0.4044.138 Safari/537.36"
::1 - - [14/May/2020:21:25:09 +0000] "GET /api/auth/me HTTP/1.1" 200 2209 "http://localhost:3000/cnic" "Mozilla/5.0 (Macintosh; Intel Mac OS X 10_15_2) AppleWebKit/537.36 (KHTML, like Gecko) Chrome/81.0.4044.138 Safari/537.36"
::1 - - [14/May/2020:21:26:01 +0000] "POST /api/auth/checkCookie HTTP/1.1" 200 13 "http://localhost:3000/cnic" "Mozilla/5.0 (Macintosh; Intel Mac OS X 10_15_2) AppleWebKit/537.36 (KHTML, like Gecko) Chrome/81.0.4044.138 Safari/537.36"
::1 - - [14/May/2020:21:26:02 +0000] "GET /api/auth/me HTTP/1.1" 200 2209 "http://localhost:3000/cnic" "Mozilla/5.0 (Macintosh; Intel Mac OS X 10_15_2) AppleWebKit/537.36 (KHTML, like Gecko) Chrome/81.0.4044.138 Safari/537.36"
::1 - - [14/May/2020:21:26:02 +0000] "GET /api/auth/me HTTP/1.1" 200 2209 "http://localhost:3000/cnic" "Mozilla/5.0 (Macintosh; Intel Mac OS X 10_15_2) AppleWebKit/537.36 (KHTML, like Gecko) Chrome/81.0.4044.138 Safari/537.36"
::1 - - [14/May/2020:21:26:59 +0000] "POST /api/auth/checkCookie HTTP/1.1" 200 13 "http://localhost:3000/cnic" "Mozilla/5.0 (Macintosh; Intel Mac OS X 10_15_2) AppleWebKit/537.36 (KHTML, like Gecko) Chrome/81.0.4044.138 Safari/537.36"
::1 - - [14/May/2020:21:27:00 +0000] "GET /api/auth/me HTTP/1.1" 200 2209 "http://localhost:3000/cnic" "Mozilla/5.0 (Macintosh; Intel Mac OS X 10_15_2) AppleWebKit/537.36 (KHTML, like Gecko) Chrome/81.0.4044.138 Safari/537.36"
::1 - - [14/May/2020:21:27:00 +0000] "GET /api/auth/me HTTP/1.1" 200 2209 "http://localhost:3000/cnic" "Mozilla/5.0 (Macintosh; Intel Mac OS X 10_15_2) AppleWebKit/537.36 (KHTML, like Gecko) Chrome/81.0.4044.138 Safari/537.36"
::1 - - [14/May/2020:21:29:41 +0000] "POST /api/auth/checkCookie HTTP/1.1" 200 13 "http://localhost:3000/cnic" "Mozilla/5.0 (Macintosh; Intel Mac OS X 10_15_2) AppleWebKit/537.36 (KHTML, like Gecko) Chrome/81.0.4044.138 Safari/537.36"
::1 - - [14/May/2020:21:29:42 +0000] "GET /api/auth/me HTTP/1.1" 200 2209 "http://localhost:3000/cnic" "Mozilla/5.0 (Macintosh; Intel Mac OS X 10_15_2) AppleWebKit/537.36 (KHTML, like Gecko) Chrome/81.0.4044.138 Safari/537.36"
::1 - - [14/May/2020:21:29:42 +0000] "GET /api/auth/me HTTP/1.1" 200 2209 "http://localhost:3000/cnic" "Mozilla/5.0 (Macintosh; Intel Mac OS X 10_15_2) AppleWebKit/537.36 (KHTML, like Gecko) Chrome/81.0.4044.138 Safari/537.36"
::1 - - [14/May/2020:21:33:18 +0000] "POST /api/auth/checkCookie HTTP/1.1" 200 13 "http://localhost:3000/cnic" "Mozilla/5.0 (Macintosh; Intel Mac OS X 10_15_2) AppleWebKit/537.36 (KHTML, like Gecko) Chrome/81.0.4044.138 Safari/537.36"
::1 - - [14/May/2020:21:33:19 +0000] "GET /api/auth/me HTTP/1.1" 200 2209 "http://localhost:3000/cnic" "Mozilla/5.0 (Macintosh; Intel Mac OS X 10_15_2) AppleWebKit/537.36 (KHTML, like Gecko) Chrome/81.0.4044.138 Safari/537.36"
::1 - - [14/May/2020:21:33:19 +0000] "GET /api/auth/me HTTP/1.1" 200 2209 "http://localhost:3000/cnic" "Mozilla/5.0 (Macintosh; Intel Mac OS X 10_15_2) AppleWebKit/537.36 (KHTML, like Gecko) Chrome/81.0.4044.138 Safari/537.36"
::1 - - [14/May/2020:21:33:23 +0000] "POST /api/auth/checkCookie HTTP/1.1" 200 13 "http://localhost:3000/cnic" "Mozilla/5.0 (Macintosh; Intel Mac OS X 10_15_2) AppleWebKit/537.36 (KHTML, like Gecko) Chrome/81.0.4044.138 Safari/537.36"
::1 - - [14/May/2020:21:33:24 +0000] "GET /api/auth/me HTTP/1.1" 200 2209 "http://localhost:3000/cnic" "Mozilla/5.0 (Macintosh; Intel Mac OS X 10_15_2) AppleWebKit/537.36 (KHTML, like Gecko) Chrome/81.0.4044.138 Safari/537.36"
::1 - - [14/May/2020:21:33:24 +0000] "GET /api/auth/me HTTP/1.1" 200 2209 "http://localhost:3000/cnic" "Mozilla/5.0 (Macintosh; Intel Mac OS X 10_15_2) AppleWebKit/537.36 (KHTML, like Gecko) Chrome/81.0.4044.138 Safari/537.36"
::1 - - [14/May/2020:21:38:17 +0000] "POST /api/auth/checkCookie HTTP/1.1" 200 13 "http://localhost:3000/cnic" "Mozilla/5.0 (Macintosh; Intel Mac OS X 10_15_2) AppleWebKit/537.36 (KHTML, like Gecko) Chrome/81.0.4044.138 Safari/537.36"
::1 - - [14/May/2020:21:38:18 +0000] "GET /api/auth/me HTTP/1.1" 200 2209 "http://localhost:3000/cnic" "Mozilla/5.0 (Macintosh; Intel Mac OS X 10_15_2) AppleWebKit/537.36 (KHTML, like Gecko) Chrome/81.0.4044.138 Safari/537.36"
::1 - - [14/May/2020:21:38:18 +0000] "GET /api/auth/me HTTP/1.1" 200 2209 "http://localhost:3000/cnic" "Mozilla/5.0 (Macintosh; Intel Mac OS X 10_15_2) AppleWebKit/537.36 (KHTML, like Gecko) Chrome/81.0.4044.138 Safari/537.36"
::1 - - [14/May/2020:21:38:44 +0000] "POST /api/auth/checkCookie HTTP/1.1" 200 13 "http://localhost:3000/cnic" "Mozilla/5.0 (Macintosh; Intel Mac OS X 10_15_2) AppleWebKit/537.36 (KHTML, like Gecko) Chrome/81.0.4044.138 Safari/537.36"
::1 - - [14/May/2020:21:38:45 +0000] "GET /api/auth/me HTTP/1.1" 200 2209 "http://localhost:3000/cnic" "Mozilla/5.0 (Macintosh; Intel Mac OS X 10_15_2) AppleWebKit/537.36 (KHTML, like Gecko) Chrome/81.0.4044.138 Safari/537.36"
::1 - - [14/May/2020:21:38:45 +0000] "GET /api/auth/me HTTP/1.1" 200 2209 "http://localhost:3000/cnic" "Mozilla/5.0 (Macintosh; Intel Mac OS X 10_15_2) AppleWebKit/537.36 (KHTML, like Gecko) Chrome/81.0.4044.138 Safari/537.36"
::1 - - [14/May/2020:21:43:21 +0000] "POST /api/auth/checkCookie HTTP/1.1" 200 13 "http://localhost:3000/cnic" "Mozilla/5.0 (Macintosh; Intel Mac OS X 10_15_2) AppleWebKit/537.36 (KHTML, like Gecko) Chrome/81.0.4044.138 Safari/537.36"
::1 - - [14/May/2020:21:43:22 +0000] "GET /api/auth/me HTTP/1.1" 200 2209 "http://localhost:3000/cnic" "Mozilla/5.0 (Macintosh; Intel Mac OS X 10_15_2) AppleWebKit/537.36 (KHTML, like Gecko) Chrome/81.0.4044.138 Safari/537.36"
::1 - - [14/May/2020:21:43:22 +0000] "GET /api/auth/me HTTP/1.1" 200 2209 "http://localhost:3000/cnic" "Mozilla/5.0 (Macintosh; Intel Mac OS X 10_15_2) AppleWebKit/537.36 (KHTML, like Gecko) Chrome/81.0.4044.138 Safari/537.36"
::1 - - [14/May/2020:21:49:52 +0000] "POST /api/auth/checkCookie HTTP/1.1" 200 13 "http://localhost:3000/cnic" "Mozilla/5.0 (Macintosh; Intel Mac OS X 10_15_2) AppleWebKit/537.36 (KHTML, like Gecko) Chrome/81.0.4044.138 Safari/537.36"
::1 - - [14/May/2020:21:49:55 +0000] "GET /api/auth/me HTTP/1.1" 200 2209 "http://localhost:3000/cnic" "Mozilla/5.0 (Macintosh; Intel Mac OS X 10_15_2) AppleWebKit/537.36 (KHTML, like Gecko) Chrome/81.0.4044.138 Safari/537.36"
::1 - - [14/May/2020:21:49:55 +0000] "GET /api/auth/me HTTP/1.1" 200 2209 "http://localhost:3000/cnic" "Mozilla/5.0 (Macintosh; Intel Mac OS X 10_15_2) AppleWebKit/537.36 (KHTML, like Gecko) Chrome/81.0.4044.138 Safari/537.36"
::1 - - [14/May/2020:22:44:36 +0000] "POST /api/auth/checkCookie HTTP/1.1" 200 13 "http://localhost:3000/cnic" "Mozilla/5.0 (Macintosh; Intel Mac OS X 10_15_2) AppleWebKit/537.36 (KHTML, like Gecko) Chrome/81.0.4044.138 Safari/537.36"
::1 - - [14/May/2020:22:44:39 +0000] "GET /api/auth/me HTTP/1.1" 200 2209 "http://localhost:3000/cnic" "Mozilla/5.0 (Macintosh; Intel Mac OS X 10_15_2) AppleWebKit/537.36 (KHTML, like Gecko) Chrome/81.0.4044.138 Safari/537.36"
::1 - - [14/May/2020:22:44:39 +0000] "GET /api/auth/me HTTP/1.1" 200 2209 "http://localhost:3000/cnic" "Mozilla/5.0 (Macintosh; Intel Mac OS X 10_15_2) AppleWebKit/537.36 (KHTML, like Gecko) Chrome/81.0.4044.138 Safari/537.36"
::1 - - [14/May/2020:22:51:16 +0000] "POST /api/auth/checkCookie HTTP/1.1" 200 13 "http://localhost:3000/cnic" "Mozilla/5.0 (Macintosh; Intel Mac OS X 10_15_2) AppleWebKit/537.36 (KHTML, like Gecko) Chrome/81.0.4044.138 Safari/537.36"
::1 - - [14/May/2020:22:51:18 +0000] "GET /api/auth/me HTTP/1.1" 200 2209 "http://localhost:3000/cnic" "Mozilla/5.0 (Macintosh; Intel Mac OS X 10_15_2) AppleWebKit/537.36 (KHTML, like Gecko) Chrome/81.0.4044.138 Safari/537.36"
::1 - - [14/May/2020:22:51:18 +0000] "GET /api/auth/me HTTP/1.1" 200 2209 "http://localhost:3000/cnic" "Mozilla/5.0 (Macintosh; Intel Mac OS X 10_15_2) AppleWebKit/537.36 (KHTML, like Gecko) Chrome/81.0.4044.138 Safari/537.36"
::1 - - [14/May/2020:22:51:23 +0000] "POST /api/auth/checkCookie HTTP/1.1" 200 13 "http://localhost:3000/cnic" "Mozilla/5.0 (Macintosh; Intel Mac OS X 10_15_2) AppleWebKit/537.36 (KHTML, like Gecko) Chrome/81.0.4044.138 Safari/537.36"
::1 - - [14/May/2020:22:51:24 +0000] "GET /api/auth/me HTTP/1.1" 200 2209 "http://localhost:3000/cnic" "Mozilla/5.0 (Macintosh; Intel Mac OS X 10_15_2) AppleWebKit/537.36 (KHTML, like Gecko) Chrome/81.0.4044.138 Safari/537.36"
::1 - - [14/May/2020:22:51:24 +0000] "GET /api/auth/me HTTP/1.1" 200 2209 "http://localhost:3000/cnic" "Mozilla/5.0 (Macintosh; Intel Mac OS X 10_15_2) AppleWebKit/537.36 (KHTML, like Gecko) Chrome/81.0.4044.138 Safari/537.36"
::1 - - [14/May/2020:22:51:52 +0000] "POST /api/auth/checkCookie HTTP/1.1" 200 13 "http://localhost:3000/cnic" "Mozilla/5.0 (Macintosh; Intel Mac OS X 10_15_2) AppleWebKit/537.36 (KHTML, like Gecko) Chrome/81.0.4044.138 Safari/537.36"
::1 - - [14/May/2020:22:51:53 +0000] "GET /api/auth/me HTTP/1.1" 200 2209 "http://localhost:3000/cnic" "Mozilla/5.0 (Macintosh; Intel Mac OS X 10_15_2) AppleWebKit/537.36 (KHTML, like Gecko) Chrome/81.0.4044.138 Safari/537.36"
::1 - - [14/May/2020:22:51:53 +0000] "GET /api/auth/me HTTP/1.1" 200 2209 "http://localhost:3000/cnic" "Mozilla/5.0 (Macintosh; Intel Mac OS X 10_15_2) AppleWebKit/537.36 (KHTML, like Gecko) Chrome/81.0.4044.138 Safari/537.36"
::1 - - [14/May/2020:22:52:12 +0000] "POST /api/auth/checkCookie HTTP/1.1" 200 13 "http://localhost:3000/cnic" "Mozilla/5.0 (Macintosh; Intel Mac OS X 10_15_2) AppleWebKit/537.36 (KHTML, like Gecko) Chrome/81.0.4044.138 Safari/537.36"
::1 - - [14/May/2020:22:52:12 +0000] "GET /api/auth/me HTTP/1.1" 200 2209 "http://localhost:3000/cnic" "Mozilla/5.0 (Macintosh; Intel Mac OS X 10_15_2) AppleWebKit/537.36 (KHTML, like Gecko) Chrome/81.0.4044.138 Safari/537.36"
::1 - - [14/May/2020:22:52:12 +0000] "GET /api/auth/me HTTP/1.1" 200 2209 "http://localhost:3000/cnic" "Mozilla/5.0 (Macintosh; Intel Mac OS X 10_15_2) AppleWebKit/537.36 (KHTML, like Gecko) Chrome/81.0.4044.138 Safari/537.36"
::1 - - [14/May/2020:22:52:31 +0000] "POST /api/auth/checkCookie HTTP/1.1" 200 13 "http://localhost:3000/cnic" "Mozilla/5.0 (Macintosh; Intel Mac OS X 10_15_2) AppleWebKit/537.36 (KHTML, like Gecko) Chrome/81.0.4044.138 Safari/537.36"
::1 - - [14/May/2020:22:52:31 +0000] "GET /api/auth/me HTTP/1.1" 200 2209 "http://localhost:3000/cnic" "Mozilla/5.0 (Macintosh; Intel Mac OS X 10_15_2) AppleWebKit/537.36 (KHTML, like Gecko) Chrome/81.0.4044.138 Safari/537.36"
::1 - - [14/May/2020:22:52:31 +0000] "GET /api/auth/me HTTP/1.1" 200 2209 "http://localhost:3000/cnic" "Mozilla/5.0 (Macintosh; Intel Mac OS X 10_15_2) AppleWebKit/537.36 (KHTML, like Gecko) Chrome/81.0.4044.138 Safari/537.36"
::1 - - [14/May/2020:22:52:58 +0000] "POST /api/auth/checkCookie HTTP/1.1" 200 13 "http://localhost:3000/cnic" "Mozilla/5.0 (Macintosh; Intel Mac OS X 10_15_2) AppleWebKit/537.36 (KHTML, like Gecko) Chrome/81.0.4044.138 Safari/537.36"
::1 - - [14/May/2020:22:52:59 +0000] "GET /api/auth/me HTTP/1.1" 200 2209 "http://localhost:3000/cnic" "Mozilla/5.0 (Macintosh; Intel Mac OS X 10_15_2) AppleWebKit/537.36 (KHTML, like Gecko) Chrome/81.0.4044.138 Safari/537.36"
::1 - - [14/May/2020:22:52:59 +0000] "GET /api/auth/me HTTP/1.1" 200 2209 "http://localhost:3000/cnic" "Mozilla/5.0 (Macintosh; Intel Mac OS X 10_15_2) AppleWebKit/537.36 (KHTML, like Gecko) Chrome/81.0.4044.138 Safari/537.36"
::1 - - [14/May/2020:22:54:15 +0000] "POST /api/auth/checkCookie HTTP/1.1" 200 13 "http://localhost:3000/cnic" "Mozilla/5.0 (Macintosh; Intel Mac OS X 10_15_2) AppleWebKit/537.36 (KHTML, like Gecko) Chrome/81.0.4044.138 Safari/537.36"
::1 - - [14/May/2020:22:54:16 +0000] "GET /api/auth/me HTTP/1.1" 200 2209 "http://localhost:3000/cnic" "Mozilla/5.0 (Macintosh; Intel Mac OS X 10_15_2) AppleWebKit/537.36 (KHTML, like Gecko) Chrome/81.0.4044.138 Safari/537.36"
::1 - - [14/May/2020:22:54:16 +0000] "GET /api/auth/me HTTP/1.1" 200 2209 "http://localhost:3000/cnic" "Mozilla/5.0 (Macintosh; Intel Mac OS X 10_15_2) AppleWebKit/537.36 (KHTML, like Gecko) Chrome/81.0.4044.138 Safari/537.36"
::1 - - [14/May/2020:22:55:11 +0000] "GET /api/cnic/2 HTTP/1.1" 500 101 "http://localhost:3000/cnic" "Mozilla/5.0 (Macintosh; Intel Mac OS X 10_15_2) AppleWebKit/537.36 (KHTML, like Gecko) Chrome/81.0.4044.138 Safari/537.36"
::1 - - [14/May/2020:22:55:11 +0000] "GET /api/cnic/2 HTTP/1.1" 500 101 "http://localhost:3000/cnic" "Mozilla/5.0 (Macintosh; Intel Mac OS X 10_15_2) AppleWebKit/537.36 (KHTML, like Gecko) Chrome/81.0.4044.138 Safari/537.36"
::1 - - [14/May/2020:22:57:04 +0000] "POST /api/auth/checkCookie HTTP/1.1" 200 13 "http://localhost:3000/cnic" "Mozilla/5.0 (Macintosh; Intel Mac OS X 10_15_2) AppleWebKit/537.36 (KHTML, like Gecko) Chrome/81.0.4044.138 Safari/537.36"
::1 - - [14/May/2020:22:57:05 +0000] "GET /api/auth/me HTTP/1.1" 200 2209 "http://localhost:3000/cnic" "Mozilla/5.0 (Macintosh; Intel Mac OS X 10_15_2) AppleWebKit/537.36 (KHTML, like Gecko) Chrome/81.0.4044.138 Safari/537.36"
::1 - - [14/May/2020:22:57:05 +0000] "GET /api/auth/me HTTP/1.1" 200 2209 "http://localhost:3000/cnic" "Mozilla/5.0 (Macintosh; Intel Mac OS X 10_15_2) AppleWebKit/537.36 (KHTML, like Gecko) Chrome/81.0.4044.138 Safari/537.36"
::1 - - [14/May/2020:22:58:18 +0000] "GET /api/cnic/sdfd HTTP/1.1" 500 101 "http://localhost:3000/cnic" "Mozilla/5.0 (Macintosh; Intel Mac OS X 10_15_2) AppleWebKit/537.36 (KHTML, like Gecko) Chrome/81.0.4044.138 Safari/537.36"
::1 - - [14/May/2020:22:58:18 +0000] "GET /api/cnic/sdfd HTTP/1.1" 500 101 "http://localhost:3000/cnic" "Mozilla/5.0 (Macintosh; Intel Mac OS X 10_15_2) AppleWebKit/537.36 (KHTML, like Gecko) Chrome/81.0.4044.138 Safari/537.36"
::1 - - [14/May/2020:22:59:19 +0000] "POST /api/auth/checkCookie HTTP/1.1" 200 13 "http://localhost:3000/cnic" "Mozilla/5.0 (Macintosh; Intel Mac OS X 10_15_2) AppleWebKit/537.36 (KHTML, like Gecko) Chrome/81.0.4044.138 Safari/537.36"
::1 - - [14/May/2020:22:59:19 +0000] "GET /api/auth/me HTTP/1.1" 200 2209 "http://localhost:3000/cnic" "Mozilla/5.0 (Macintosh; Intel Mac OS X 10_15_2) AppleWebKit/537.36 (KHTML, like Gecko) Chrome/81.0.4044.138 Safari/537.36"
::1 - - [14/May/2020:22:59:19 +0000] "GET /api/auth/me HTTP/1.1" 200 2209 "http://localhost:3000/cnic" "Mozilla/5.0 (Macintosh; Intel Mac OS X 10_15_2) AppleWebKit/537.36 (KHTML, like Gecko) Chrome/81.0.4044.138 Safari/537.36"
::1 - - [14/May/2020:23:00:22 +0000] "POST /api/auth/checkCookie HTTP/1.1" 200 13 "http://localhost:3000/cnic" "Mozilla/5.0 (Macintosh; Intel Mac OS X 10_15_2) AppleWebKit/537.36 (KHTML, like Gecko) Chrome/81.0.4044.138 Safari/537.36"
::1 - - [14/May/2020:23:00:22 +0000] "GET /api/auth/me HTTP/1.1" 200 2209 "http://localhost:3000/cnic" "Mozilla/5.0 (Macintosh; Intel Mac OS X 10_15_2) AppleWebKit/537.36 (KHTML, like Gecko) Chrome/81.0.4044.138 Safari/537.36"
::1 - - [14/May/2020:23:00:22 +0000] "GET /api/auth/me HTTP/1.1" 200 2209 "http://localhost:3000/cnic" "Mozilla/5.0 (Macintosh; Intel Mac OS X 10_15_2) AppleWebKit/537.36 (KHTML, like Gecko) Chrome/81.0.4044.138 Safari/537.36"
::1 - - [14/May/2020:23:00:36 +0000] "POST /api/auth/checkCookie HTTP/1.1" 200 13 "http://localhost:3000/cnic" "Mozilla/5.0 (Macintosh; Intel Mac OS X 10_15_2) AppleWebKit/537.36 (KHTML, like Gecko) Chrome/81.0.4044.138 Safari/537.36"
::1 - - [14/May/2020:23:00:36 +0000] "GET /api/auth/me HTTP/1.1" 200 2209 "http://localhost:3000/cnic" "Mozilla/5.0 (Macintosh; Intel Mac OS X 10_15_2) AppleWebKit/537.36 (KHTML, like Gecko) Chrome/81.0.4044.138 Safari/537.36"
::1 - - [14/May/2020:23:00:36 +0000] "GET /api/auth/me HTTP/1.1" 200 2209 "http://localhost:3000/cnic" "Mozilla/5.0 (Macintosh; Intel Mac OS X 10_15_2) AppleWebKit/537.36 (KHTML, like Gecko) Chrome/81.0.4044.138 Safari/537.36"
::1 - - [14/May/2020:23:01:25 +0000] "POST /api/auth/checkCookie HTTP/1.1" 200 13 "http://localhost:3000/cnic" "Mozilla/5.0 (Macintosh; Intel Mac OS X 10_15_2) AppleWebKit/537.36 (KHTML, like Gecko) Chrome/81.0.4044.138 Safari/537.36"
::1 - - [14/May/2020:23:01:26 +0000] "GET /api/auth/me HTTP/1.1" 200 2209 "http://localhost:3000/cnic" "Mozilla/5.0 (Macintosh; Intel Mac OS X 10_15_2) AppleWebKit/537.36 (KHTML, like Gecko) Chrome/81.0.4044.138 Safari/537.36"
::1 - - [14/May/2020:23:01:26 +0000] "GET /api/auth/me HTTP/1.1" 200 2209 "http://localhost:3000/cnic" "Mozilla/5.0 (Macintosh; Intel Mac OS X 10_15_2) AppleWebKit/537.36 (KHTML, like Gecko) Chrome/81.0.4044.138 Safari/537.36"
::1 - - [14/May/2020:23:03:16 +0000] "POST /api/auth/checkCookie HTTP/1.1" 200 13 "http://localhost:3000/cnic" "Mozilla/5.0 (Macintosh; Intel Mac OS X 10_15_2) AppleWebKit/537.36 (KHTML, like Gecko) Chrome/81.0.4044.138 Safari/537.36"
::1 - - [14/May/2020:23:03:17 +0000] "GET /api/auth/me HTTP/1.1" 200 2209 "http://localhost:3000/cnic" "Mozilla/5.0 (Macintosh; Intel Mac OS X 10_15_2) AppleWebKit/537.36 (KHTML, like Gecko) Chrome/81.0.4044.138 Safari/537.36"
::1 - - [14/May/2020:23:03:17 +0000] "GET /api/auth/me HTTP/1.1" 200 2209 "http://localhost:3000/cnic" "Mozilla/5.0 (Macintosh; Intel Mac OS X 10_15_2) AppleWebKit/537.36 (KHTML, like Gecko) Chrome/81.0.4044.138 Safari/537.36"
::1 - - [15/May/2020:09:53:21 +0000] "GET /api/event HTTP/1.1" 200 1818 "http://localhost:3000/map" "Mozilla/5.0 (Macintosh; Intel Mac OS X 10_15_2) AppleWebKit/537.36 (KHTML, like Gecko) Chrome/81.0.4044.138 Safari/537.36"
::1 - - [15/May/2020:09:53:47 +0000] "GET /api/info/featured HTTP/1.1" 200 786 "http://localhost:3000/" "Mozilla/5.0 (Macintosh; Intel Mac OS X 10_15_2) AppleWebKit/537.36 (KHTML, like Gecko) Chrome/81.0.4044.138 Safari/537.36"
::1 - - [15/May/2020:09:53:48 +0000] "GET /api/info HTTP/1.1" 200 89 "http://localhost:3000/" "Mozilla/5.0 (Macintosh; Intel Mac OS X 10_15_2) AppleWebKit/537.36 (KHTML, like Gecko) Chrome/81.0.4044.138 Safari/537.36"
::1 - - [15/May/2020:09:53:55 +0000] "GET /api/supplier/ HTTP/1.1" 200 1998 "http://localhost:3000/organisations/5eb5d2b62b5e4c0b5e137725" "Mozilla/5.0 (Macintosh; Intel Mac OS X 10_15_2) AppleWebKit/537.36 (KHTML, like Gecko) Chrome/81.0.4044.138 Safari/537.36"
::1 - - [15/May/2020:09:56:12 +0000] "GET /api/auth/me HTTP/1.1" 500 56 "http://localhost:3000/" "Mozilla/5.0 (Macintosh; Intel Mac OS X 10_15_2) AppleWebKit/537.36 (KHTML, like Gecko) Chrome/81.0.4044.138 Safari/537.36"
::1 - - [15/May/2020:09:56:12 +0000] "POST /api/auth/checkCookie HTTP/1.1" 500 56 "http://localhost:3000/" "Mozilla/5.0 (Macintosh; Intel Mac OS X 10_15_2) AppleWebKit/537.36 (KHTML, like Gecko) Chrome/81.0.4044.138 Safari/537.36"
::1 - - [15/May/2020:09:56:12 +0000] "GET /api/info HTTP/1.1" 200 89 "http://localhost:3000/" "Mozilla/5.0 (Macintosh; Intel Mac OS X 10_15_2) AppleWebKit/537.36 (KHTML, like Gecko) Chrome/81.0.4044.138 Safari/537.36"
::1 - - [15/May/2020:09:56:12 +0000] "GET /api/info/featured HTTP/1.1" 200 786 "http://localhost:3000/" "Mozilla/5.0 (Macintosh; Intel Mac OS X 10_15_2) AppleWebKit/537.36 (KHTML, like Gecko) Chrome/81.0.4044.138 Safari/537.36"
::1 - - [15/May/2020:09:57:27 +0000] "GET /api/auth/me HTTP/1.1" 500 56 "http://localhost:3000/" "Mozilla/5.0 (Macintosh; Intel Mac OS X 10_15_2) AppleWebKit/537.36 (KHTML, like Gecko) Chrome/81.0.4044.138 Safari/537.36"
::1 - - [15/May/2020:09:57:27 +0000] "POST /api/auth/checkCookie HTTP/1.1" 500 56 "http://localhost:3000/" "Mozilla/5.0 (Macintosh; Intel Mac OS X 10_15_2) AppleWebKit/537.36 (KHTML, like Gecko) Chrome/81.0.4044.138 Safari/537.36"
::1 - - [15/May/2020:09:57:28 +0000] "GET /api/info/featured HTTP/1.1" 304 - "http://localhost:3000/" "Mozilla/5.0 (Macintosh; Intel Mac OS X 10_15_2) AppleWebKit/537.36 (KHTML, like Gecko) Chrome/81.0.4044.138 Safari/537.36"
::1 - - [15/May/2020:09:57:28 +0000] "GET /api/info HTTP/1.1" 200 89 "http://localhost:3000/" "Mozilla/5.0 (Macintosh; Intel Mac OS X 10_15_2) AppleWebKit/537.36 (KHTML, like Gecko) Chrome/81.0.4044.138 Safari/537.36"
::1 - - [15/May/2020:09:57:38 +0000] "GET /api/supplier/ HTTP/1.1" 304 - "http://localhost:3000/organisations" "Mozilla/5.0 (Macintosh; Intel Mac OS X 10_15_2) AppleWebKit/537.36 (KHTML, like Gecko) Chrome/81.0.4044.138 Safari/537.36"
::1 - - [15/May/2020:09:57:39 +0000] "POST /api/auth/checkCookie HTTP/1.1" 500 56 "http://localhost:3000/organisations" "Mozilla/5.0 (Macintosh; Intel Mac OS X 10_15_2) AppleWebKit/537.36 (KHTML, like Gecko) Chrome/81.0.4044.138 Safari/537.36"
::1 - - [15/May/2020:09:57:39 +0000] "GET /api/supplier/ HTTP/1.1" 304 - "http://localhost:3000/organisations" "Mozilla/5.0 (Macintosh; Intel Mac OS X 10_15_2) AppleWebKit/537.36 (KHTML, like Gecko) Chrome/81.0.4044.138 Safari/537.36"
::1 - - [15/May/2020:09:57:40 +0000] "GET /api/auth/me HTTP/1.1" 500 56 "http://localhost:3000/" "Mozilla/5.0 (Macintosh; Intel Mac OS X 10_15_2) AppleWebKit/537.36 (KHTML, like Gecko) Chrome/81.0.4044.138 Safari/537.36"
::1 - - [15/May/2020:09:57:41 +0000] "GET /api/info/featured HTTP/1.1" 304 - "http://localhost:3000/" "Mozilla/5.0 (Macintosh; Intel Mac OS X 10_15_2) AppleWebKit/537.36 (KHTML, like Gecko) Chrome/81.0.4044.138 Safari/537.36"
::1 - - [15/May/2020:09:57:43 +0000] "GET /api/info HTTP/1.1" 200 89 "http://localhost:3000/" "Mozilla/5.0 (Macintosh; Intel Mac OS X 10_15_2) AppleWebKit/537.36 (KHTML, like Gecko) Chrome/81.0.4044.138 Safari/537.36"
::1 - - [15/May/2020:10:00:44 +0000] "POST /api/auth/checkCookie HTTP/1.1" 500 56 "http://localhost:3000/organisations" "Mozilla/5.0 (Macintosh; Intel Mac OS X 10_15_2) AppleWebKit/537.36 (KHTML, like Gecko) Chrome/81.0.4044.138 Safari/537.36"
::1 - - [15/May/2020:10:00:44 +0000] "GET /api/supplier/ HTTP/1.1" 200 1998 "http://localhost:3000/organisations" "Mozilla/5.0 (Macintosh; Intel Mac OS X 10_15_2) AppleWebKit/537.36 (KHTML, like Gecko) Chrome/81.0.4044.138 Safari/537.36"
::1 - - [15/May/2020:10:00:46 +0000] "GET /api/auth/me HTTP/1.1" 500 56 "http://localhost:3000/" "Mozilla/5.0 (Macintosh; Intel Mac OS X 10_15_2) AppleWebKit/537.36 (KHTML, like Gecko) Chrome/81.0.4044.138 Safari/537.36"
::1 - - [15/May/2020:10:00:47 +0000] "GET /api/info HTTP/1.1" 200 89 "http://localhost:3000/" "Mozilla/5.0 (Macintosh; Intel Mac OS X 10_15_2) AppleWebKit/537.36 (KHTML, like Gecko) Chrome/81.0.4044.138 Safari/537.36"
::1 - - [15/May/2020:10:00:47 +0000] "GET /api/info/featured HTTP/1.1" 200 786 "http://localhost:3000/" "Mozilla/5.0 (Macintosh; Intel Mac OS X 10_15_2) AppleWebKit/537.36 (KHTML, like Gecko) Chrome/81.0.4044.138 Safari/537.36"
::1 - - [15/May/2020:10:01:39 +0000] "POST /api/auth/checkCookie HTTP/1.1" 500 56 "http://localhost:3000/organisations" "Mozilla/5.0 (Macintosh; Intel Mac OS X 10_15_2) AppleWebKit/537.36 (KHTML, like Gecko) Chrome/81.0.4044.138 Safari/537.36"
::1 - - [15/May/2020:10:01:40 +0000] "GET /api/supplier/ HTTP/1.1" 200 1998 "http://localhost:3000/organisations" "Mozilla/5.0 (Macintosh; Intel Mac OS X 10_15_2) AppleWebKit/537.36 (KHTML, like Gecko) Chrome/81.0.4044.138 Safari/537.36"
::1 - - [15/May/2020:10:01:43 +0000] "GET /api/auth/me HTTP/1.1" 500 56 "http://localhost:3000/" "Mozilla/5.0 (Macintosh; Intel Mac OS X 10_15_2) AppleWebKit/537.36 (KHTML, like Gecko) Chrome/81.0.4044.138 Safari/537.36"
::1 - - [15/May/2020:10:01:44 +0000] "GET /api/info HTTP/1.1" 200 89 "http://localhost:3000/" "Mozilla/5.0 (Macintosh; Intel Mac OS X 10_15_2) AppleWebKit/537.36 (KHTML, like Gecko) Chrome/81.0.4044.138 Safari/537.36"
::1 - - [15/May/2020:10:01:44 +0000] "GET /api/info/featured HTTP/1.1" 200 786 "http://localhost:3000/" "Mozilla/5.0 (Macintosh; Intel Mac OS X 10_15_2) AppleWebKit/537.36 (KHTML, like Gecko) Chrome/81.0.4044.138 Safari/537.36"
::1 - - [15/May/2020:10:02:06 +0000] "POST /api/auth/login HTTP/1.1" 200 13 "http://localhost:3000/" "Mozilla/5.0 (Macintosh; Intel Mac OS X 10_15_2) AppleWebKit/537.36 (KHTML, like Gecko) Chrome/81.0.4044.138 Safari/537.36"
::1 - - [15/May/2020:10:02:06 +0000] "POST /api/auth/checkCookie HTTP/1.1" 200 13 "http://localhost:3000/" "Mozilla/5.0 (Macintosh; Intel Mac OS X 10_15_2) AppleWebKit/537.36 (KHTML, like Gecko) Chrome/81.0.4044.138 Safari/537.36"
::1 - - [15/May/2020:10:02:07 +0000] "GET /api/auth/me HTTP/1.1" 200 2209 "http://localhost:3000/" "Mozilla/5.0 (Macintosh; Intel Mac OS X 10_15_2) AppleWebKit/537.36 (KHTML, like Gecko) Chrome/81.0.4044.138 Safari/537.36"
::1 - - [15/May/2020:10:02:16 +0000] "POST /api/auth/checkCookie HTTP/1.1" 200 13 "http://localhost:3000/" "Mozilla/5.0 (Macintosh; Intel Mac OS X 10_15_2) AppleWebKit/537.36 (KHTML, like Gecko) Chrome/81.0.4044.138 Safari/537.36"
::1 - - [15/May/2020:10:02:16 +0000] "GET /api/info HTTP/1.1" 200 89 "http://localhost:3000/" "Mozilla/5.0 (Macintosh; Intel Mac OS X 10_15_2) AppleWebKit/537.36 (KHTML, like Gecko) Chrome/81.0.4044.138 Safari/537.36"
::1 - - [15/May/2020:10:02:16 +0000] "GET /api/info/featured HTTP/1.1" 200 786 "http://localhost:3000/" "Mozilla/5.0 (Macintosh; Intel Mac OS X 10_15_2) AppleWebKit/537.36 (KHTML, like Gecko) Chrome/81.0.4044.138 Safari/537.36"
::1 - - [15/May/2020:10:02:17 +0000] "GET /api/auth/me HTTP/1.1" 200 2209 "http://localhost:3000/" "Mozilla/5.0 (Macintosh; Intel Mac OS X 10_15_2) AppleWebKit/537.36 (KHTML, like Gecko) Chrome/81.0.4044.138 Safari/537.36"
::1 - - [15/May/2020:10:02:27 +0000] "POST /api/auth/checkCookie HTTP/1.1" 200 13 "http://localhost:3000/" "Mozilla/5.0 (Macintosh; Intel Mac OS X 10_15_2) AppleWebKit/537.36 (KHTML, like Gecko) Chrome/81.0.4044.138 Safari/537.36"
::1 - - [15/May/2020:10:02:27 +0000] "GET /api/info/featured HTTP/1.1" 200 786 "http://localhost:3000/" "Mozilla/5.0 (Macintosh; Intel Mac OS X 10_15_2) AppleWebKit/537.36 (KHTML, like Gecko) Chrome/81.0.4044.138 Safari/537.36"
::1 - - [15/May/2020:10:02:27 +0000] "GET /api/info HTTP/1.1" 200 89 "http://localhost:3000/" "Mozilla/5.0 (Macintosh; Intel Mac OS X 10_15_2) AppleWebKit/537.36 (KHTML, like Gecko) Chrome/81.0.4044.138 Safari/537.36"
::1 - - [15/May/2020:10:02:27 +0000] "GET /api/auth/me HTTP/1.1" 200 2209 "http://localhost:3000/" "Mozilla/5.0 (Macintosh; Intel Mac OS X 10_15_2) AppleWebKit/537.36 (KHTML, like Gecko) Chrome/81.0.4044.138 Safari/537.36"
::1 - - [15/May/2020:10:02:33 +0000] "POST /api/auth/checkCookie HTTP/1.1" 200 13 "http://localhost:3000/" "Mozilla/5.0 (Macintosh; Intel Mac OS X 10_15_2) AppleWebKit/537.36 (KHTML, like Gecko) Chrome/81.0.4044.138 Safari/537.36"
::1 - - [15/May/2020:10:02:33 +0000] "GET /api/info HTTP/1.1" 200 89 "http://localhost:3000/" "Mozilla/5.0 (Macintosh; Intel Mac OS X 10_15_2) AppleWebKit/537.36 (KHTML, like Gecko) Chrome/81.0.4044.138 Safari/537.36"
::1 - - [15/May/2020:10:02:33 +0000] "GET /api/info/featured HTTP/1.1" 200 786 "http://localhost:3000/" "Mozilla/5.0 (Macintosh; Intel Mac OS X 10_15_2) AppleWebKit/537.36 (KHTML, like Gecko) Chrome/81.0.4044.138 Safari/537.36"
::1 - - [15/May/2020:10:02:33 +0000] "GET /api/auth/me HTTP/1.1" 200 2209 "http://localhost:3000/" "Mozilla/5.0 (Macintosh; Intel Mac OS X 10_15_2) AppleWebKit/537.36 (KHTML, like Gecko) Chrome/81.0.4044.138 Safari/537.36"
::1 - - [15/May/2020:10:03:08 +0000] "POST /api/event/create HTTP/1.1" 500 36 "http://localhost:3000/createEvent" "Mozilla/5.0 (Macintosh; Intel Mac OS X 10_15_2) AppleWebKit/537.36 (KHTML, like Gecko) Chrome/81.0.4044.138 Safari/537.36"
::1 - - [15/May/2020:10:05:08 +0000] "POST /api/event/create HTTP/1.1" 500 36 "http://localhost:3000/createEvent" "Mozilla/5.0 (Macintosh; Intel Mac OS X 10_15_2) AppleWebKit/537.36 (KHTML, like Gecko) Chrome/81.0.4044.138 Safari/537.36"
::1 - - [15/May/2020:10:05:38 +0000] "POST /api/event/create HTTP/1.1" 500 36 "http://localhost:3000/createEvent" "Mozilla/5.0 (Macintosh; Intel Mac OS X 10_15_2) AppleWebKit/537.36 (KHTML, like Gecko) Chrome/81.0.4044.138 Safari/537.36"
::1 - - [15/May/2020:10:12:43 +0000] "POST /api/event/create HTTP/1.1" 200 19 "http://localhost:3000/createEvent" "Mozilla/5.0 (Macintosh; Intel Mac OS X 10_15_2) AppleWebKit/537.36 (KHTML, like Gecko) Chrome/81.0.4044.138 Safari/537.36"
::1 - - [15/May/2020:10:12:44 +0000] "GET /api/auth/me HTTP/1.1" 200 2618 "http://localhost:3000/" "Mozilla/5.0 (Macintosh; Intel Mac OS X 10_15_2) AppleWebKit/537.36 (KHTML, like Gecko) Chrome/81.0.4044.138 Safari/537.36"
::1 - - [15/May/2020:10:12:51 +0000] "POST /api/auth/checkCookie HTTP/1.1" 200 13 "http://localhost:3000/" "Mozilla/5.0 (Macintosh; Intel Mac OS X 10_15_2) AppleWebKit/537.36 (KHTML, like Gecko) Chrome/81.0.4044.138 Safari/537.36"
::1 - - [15/May/2020:10:12:52 +0000] "GET /api/info HTTP/1.1" 200 89 "http://localhost:3000/" "Mozilla/5.0 (Macintosh; Intel Mac OS X 10_15_2) AppleWebKit/537.36 (KHTML, like Gecko) Chrome/81.0.4044.138 Safari/537.36"
::1 - - [15/May/2020:10:12:53 +0000] "GET /api/info/featured HTTP/1.1" 200 813 "http://localhost:3000/" "Mozilla/5.0 (Macintosh; Intel Mac OS X 10_15_2) AppleWebKit/537.36 (KHTML, like Gecko) Chrome/81.0.4044.138 Safari/537.36"
::1 - - [15/May/2020:10:12:53 +0000] "GET /api/auth/me HTTP/1.1" 200 2618 "http://localhost:3000/" "Mozilla/5.0 (Macintosh; Intel Mac OS X 10_15_2) AppleWebKit/537.36 (KHTML, like Gecko) Chrome/81.0.4044.138 Safari/537.36"
::1 - - [15/May/2020:10:13:42 +0000] "DELETE /api/event/5ebe6b1b137b4de8860ee8ad HTTP/1.1" 200 18 "http://localhost:3000/createEvent" "Mozilla/5.0 (Macintosh; Intel Mac OS X 10_15_2) AppleWebKit/537.36 (KHTML, like Gecko) Chrome/81.0.4044.138 Safari/537.36"
::1 - - [15/May/2020:10:13:50 +0000] "POST /api/auth/checkCookie HTTP/1.1" 200 13 "http://localhost:3000/" "Mozilla/5.0 (Macintosh; Intel Mac OS X 10_15_2) AppleWebKit/537.36 (KHTML, like Gecko) Chrome/81.0.4044.138 Safari/537.36"
::1 - - [15/May/2020:10:13:50 +0000] "GET /api/info HTTP/1.1" 200 89 "http://localhost:3000/" "Mozilla/5.0 (Macintosh; Intel Mac OS X 10_15_2) AppleWebKit/537.36 (KHTML, like Gecko) Chrome/81.0.4044.138 Safari/537.36"
::1 - - [15/May/2020:10:13:50 +0000] "GET /api/info/featured HTTP/1.1" 200 786 "http://localhost:3000/" "Mozilla/5.0 (Macintosh; Intel Mac OS X 10_15_2) AppleWebKit/537.36 (KHTML, like Gecko) Chrome/81.0.4044.138 Safari/537.36"
::1 - - [15/May/2020:10:13:50 +0000] "GET /api/auth/me HTTP/1.1" 200 2209 "http://localhost:3000/" "Mozilla/5.0 (Macintosh; Intel Mac OS X 10_15_2) AppleWebKit/537.36 (KHTML, like Gecko) Chrome/81.0.4044.138 Safari/537.36"
::1 - - [15/May/2020:10:14:45 +0000] "POST /api/auth/checkCookie HTTP/1.1" 200 13 "http://localhost:3000/" "Mozilla/5.0 (Macintosh; Intel Mac OS X 10_15_2) AppleWebKit/537.36 (KHTML, like Gecko) Chrome/81.0.4044.138 Safari/537.36"
::1 - - [15/May/2020:10:14:46 +0000] "GET /api/info/featured HTTP/1.1" 200 786 "http://localhost:3000/" "Mozilla/5.0 (Macintosh; Intel Mac OS X 10_15_2) AppleWebKit/537.36 (KHTML, like Gecko) Chrome/81.0.4044.138 Safari/537.36"
::1 - - [15/May/2020:10:14:46 +0000] "GET /api/info HTTP/1.1" 200 89 "http://localhost:3000/" "Mozilla/5.0 (Macintosh; Intel Mac OS X 10_15_2) AppleWebKit/537.36 (KHTML, like Gecko) Chrome/81.0.4044.138 Safari/537.36"
::1 - - [15/May/2020:10:14:46 +0000] "GET /api/auth/me HTTP/1.1" 200 2209 "http://localhost:3000/" "Mozilla/5.0 (Macintosh; Intel Mac OS X 10_15_2) AppleWebKit/537.36 (KHTML, like Gecko) Chrome/81.0.4044.138 Safari/537.36"
::1 - - [15/May/2020:10:19:50 +0000] "POST /api/event/create HTTP/1.1" 200 19 "http://localhost:3000/createEvent" "Mozilla/5.0 (Macintosh; Intel Mac OS X 10_15_2) AppleWebKit/537.36 (KHTML, like Gecko) Chrome/81.0.4044.138 Safari/537.36"
::1 - - [15/May/2020:10:19:51 +0000] "GET /api/auth/me HTTP/1.1" 200 2588 "http://localhost:3000/" "Mozilla/5.0 (Macintosh; Intel Mac OS X 10_15_2) AppleWebKit/537.36 (KHTML, like Gecko) Chrome/81.0.4044.138 Safari/537.36"
::1 - - [15/May/2020:10:20:06 +0000] "GET /api/supplier/ HTTP/1.1" 200 2377 "http://localhost:3000/organisations" "Mozilla/5.0 (Macintosh; Intel Mac OS X 10_15_2) AppleWebKit/537.36 (KHTML, like Gecko) Chrome/81.0.4044.138 Safari/537.36"
::1 - - [15/May/2020:10:20:07 +0000] "GET /api/event HTTP/1.1" 200 1818 "http://localhost:3000/map" "Mozilla/5.0 (Macintosh; Intel Mac OS X 10_15_2) AppleWebKit/537.36 (KHTML, like Gecko) Chrome/81.0.4044.138 Safari/537.36"
::1 - - [15/May/2020:10:20:19 +0000] "POST /api/auth/checkCookie HTTP/1.1" 200 13 "http://localhost:3000/map" "Mozilla/5.0 (Macintosh; Intel Mac OS X 10_15_2) AppleWebKit/537.36 (KHTML, like Gecko) Chrome/81.0.4044.138 Safari/537.36"
::1 - - [15/May/2020:10:20:20 +0000] "GET /api/event HTTP/1.1" 200 1818 "http://localhost:3000/map" "Mozilla/5.0 (Macintosh; Intel Mac OS X 10_15_2) AppleWebKit/537.36 (KHTML, like Gecko) Chrome/81.0.4044.138 Safari/537.36"
::1 - - [15/May/2020:10:20:29 +0000] "GET /api/auth/me HTTP/1.1" 200 2588 "http://localhost:3000/map" "Mozilla/5.0 (Macintosh; Intel Mac OS X 10_15_2) AppleWebKit/537.36 (KHTML, like Gecko) Chrome/81.0.4044.138 Safari/537.36"
::1 - - [15/May/2020:10:20:40 +0000] "POST /api/event/create HTTP/1.1" 200 19 "http://localhost:3000/createEvent" "Mozilla/5.0 (Macintosh; Intel Mac OS X 10_15_2) AppleWebKit/537.36 (KHTML, like Gecko) Chrome/81.0.4044.138 Safari/537.36"
::1 - - [15/May/2020:10:20:41 +0000] "GET /api/info HTTP/1.1" 200 89 "http://localhost:3000/" "Mozilla/5.0 (Macintosh; Intel Mac OS X 10_15_2) AppleWebKit/537.36 (KHTML, like Gecko) Chrome/81.0.4044.138 Safari/537.36"
::1 - - [15/May/2020:10:20:41 +0000] "GET /api/info/featured HTTP/1.1" 200 840 "http://localhost:3000/" "Mozilla/5.0 (Macintosh; Intel Mac OS X 10_15_2) AppleWebKit/537.36 (KHTML, like Gecko) Chrome/81.0.4044.138 Safari/537.36"
::1 - - [15/May/2020:10:20:41 +0000] "GET /api/auth/me HTTP/1.1" 200 2989 "http://localhost:3000/" "Mozilla/5.0 (Macintosh; Intel Mac OS X 10_15_2) AppleWebKit/537.36 (KHTML, like Gecko) Chrome/81.0.4044.138 Safari/537.36"
::1 - - [15/May/2020:10:21:01 +0000] "POST /api/auth/logout HTTP/1.1" 200 14 "http://localhost:3000/" "Mozilla/5.0 (Macintosh; Intel Mac OS X 10_15_2) AppleWebKit/537.36 (KHTML, like Gecko) Chrome/81.0.4044.138 Safari/537.36"
::1 - - [15/May/2020:10:21:01 +0000] "GET /api/auth/me HTTP/1.1" 401 44 "http://localhost:3000/" "Mozilla/5.0 (Macintosh; Intel Mac OS X 10_15_2) AppleWebKit/537.36 (KHTML, like Gecko) Chrome/81.0.4044.138 Safari/537.36"
::1 - - [15/May/2020:10:21:21 +0000] "POST /api/auth/login HTTP/1.1" 200 13 "http://localhost:3000/" "Mozilla/5.0 (Macintosh; Intel Mac OS X 10_15_2) AppleWebKit/537.36 (KHTML, like Gecko) Chrome/81.0.4044.138 Safari/537.36"
::1 - - [15/May/2020:10:21:21 +0000] "POST /api/auth/checkCookie HTTP/1.1" 200 13 "http://localhost:3000/" "Mozilla/5.0 (Macintosh; Intel Mac OS X 10_15_2) AppleWebKit/537.36 (KHTML, like Gecko) Chrome/81.0.4044.138 Safari/537.36"
::1 - - [15/May/2020:10:21:21 +0000] "GET /api/auth/me HTTP/1.1" 200 2990 "http://localhost:3000/" "Mozilla/5.0 (Macintosh; Intel Mac OS X 10_15_2) AppleWebKit/537.36 (KHTML, like Gecko) Chrome/81.0.4044.138 Safari/537.36"
::1 - - [15/May/2020:10:21:28 +0000] "POST /api/emailVerification HTTP/1.1" 200 27 "http://localhost:3000/" "Mozilla/5.0 (Macintosh; Intel Mac OS X 10_15_2) AppleWebKit/537.36 (KHTML, like Gecko) Chrome/81.0.4044.138 Safari/537.36"
::1 - - [15/May/2020:10:23:22 +0000] "POST /api/emailVerification HTTP/1.1" 200 27 "http://localhost:3000/" "Mozilla/5.0 (Macintosh; Intel Mac OS X 10_15_2) AppleWebKit/537.36 (KHTML, like Gecko) Chrome/81.0.4044.138 Safari/537.36"
::1 - - [15/May/2020:10:24:04 +0000] "POST /api/imageUpload HTTP/1.1" 200 562 "http://localhost:3000/createEvent" "Mozilla/5.0 (Macintosh; Intel Mac OS X 10_15_2) AppleWebKit/537.36 (KHTML, like Gecko) Chrome/81.0.4044.138 Safari/537.36"
::1 - - [15/May/2020:10:24:10 +0000] "POST /api/event/create HTTP/1.1" 200 19 "http://localhost:3000/createEvent" "Mozilla/5.0 (Macintosh; Intel Mac OS X 10_15_2) AppleWebKit/537.36 (KHTML, like Gecko) Chrome/81.0.4044.138 Safari/537.36"
::1 - - [15/May/2020:10:24:10 +0000] "GET /api/auth/me HTTP/1.1" 200 3484 "http://localhost:3000/" "Mozilla/5.0 (Macintosh; Intel Mac OS X 10_15_2) AppleWebKit/537.36 (KHTML, like Gecko) Chrome/81.0.4044.138 Safari/537.36"
::1 - - [15/May/2020:10:24:32 +0000] "DELETE /api/event/5ebe6cc5137b4de8860ee8c6 HTTP/1.1" 200 18 "http://localhost:3000/" "Mozilla/5.0 (Macintosh; Intel Mac OS X 10_15_2) AppleWebKit/537.36 (KHTML, like Gecko) Chrome/81.0.4044.138 Safari/537.36"
::1 - - [15/May/2020:10:24:56 +0000] "POST /api/event/update/5ebe6cf8137b4de8860ee8cd HTTP/1.1" 200 23 "http://localhost:3000/updateEvent/5ebe6cf8137b4de8860ee8cd" "Mozilla/5.0 (Macintosh; Intel Mac OS X 10_15_2) AppleWebKit/537.36 (KHTML, like Gecko) Chrome/81.0.4044.138 Safari/537.36"
::1 - - [15/May/2020:10:24:57 +0000] "GET /api/auth/me HTTP/1.1" 200 3114 "http://localhost:3000/" "Mozilla/5.0 (Macintosh; Intel Mac OS X 10_15_2) AppleWebKit/537.36 (KHTML, like Gecko) Chrome/81.0.4044.138 Safari/537.36"
::1 - - [15/May/2020:10:25:19 +0000] "DELETE /api/event/5ebe6cf8137b4de8860ee8cd HTTP/1.1" 200 18 "http://localhost:3000/" "Mozilla/5.0 (Macintosh; Intel Mac OS X 10_15_2) AppleWebKit/537.36 (KHTML, like Gecko) Chrome/81.0.4044.138 Safari/537.36"
::1 - - [15/May/2020:10:26:07 +0000] "POST /api/emailVerification HTTP/1.1" 200 27 "http://localhost:3000/" "Mozilla/5.0 (Macintosh; Intel Mac OS X 10_15_2) AppleWebKit/537.36 (KHTML, like Gecko) Chrome/81.0.4044.138 Safari/537.36"
::1 - - [15/May/2020:10:26:07 +0000] "POST /api/emailVerification HTTP/1.1" 200 27 "http://localhost:3000/" "Mozilla/5.0 (Macintosh; Intel Mac OS X 10_15_2) AppleWebKit/537.36 (KHTML, like Gecko) Chrome/81.0.4044.138 Safari/537.36"
::1 - - [15/May/2020:10:26:07 +0000] "POST /api/emailVerification HTTP/1.1" 200 27 "http://localhost:3000/" "Mozilla/5.0 (Macintosh; Intel Mac OS X 10_15_2) AppleWebKit/537.36 (KHTML, like Gecko) Chrome/81.0.4044.138 Safari/537.36"
::1 - - [15/May/2020:10:26:36 +0000] "POST /api/auth/logout HTTP/1.1" 200 14 "http://localhost:3000/" "Mozilla/5.0 (Macintosh; Intel Mac OS X 10_15_2) AppleWebKit/537.36 (KHTML, like Gecko) Chrome/81.0.4044.138 Safari/537.36"
::1 - - [15/May/2020:10:26:36 +0000] "GET /api/auth/me HTTP/1.1" 401 44 "http://localhost:3000/" "Mozilla/5.0 (Macintosh; Intel Mac OS X 10_15_2) AppleWebKit/537.36 (KHTML, like Gecko) Chrome/81.0.4044.138 Safari/537.36"
::1 - - [15/May/2020:10:26:39 +0000] "POST /api/reset/password HTTP/1.1" 200 2 "http://localhost:3000/reset" "Mozilla/5.0 (Macintosh; Intel Mac OS X 10_15_2) AppleWebKit/537.36 (KHTML, like Gecko) Chrome/81.0.4044.138 Safari/537.36"
::1 - - [15/May/2020:10:29:44 +0000] "POST /api/reset/password HTTP/1.1" 200 2 "http://localhost:3000/reset" "Mozilla/5.0 (Macintosh; Intel Mac OS X 10_15_2) AppleWebKit/537.36 (KHTML, like Gecko) Chrome/81.0.4044.138 Safari/537.36"
::1 - - [15/May/2020:10:30:40 +0000] "POST /api/reset/password HTTP/1.1" 200 2 "http://localhost:3000/reset" "Mozilla/5.0 (Macintosh; Intel Mac OS X 10_15_2) AppleWebKit/537.36 (KHTML, like Gecko) Chrome/81.0.4044.138 Safari/537.36"
::1 - - [15/May/2020:10:32:40 +0000] "POST /api/reset/password HTTP/1.1" 200 2 "http://localhost:3000/reset" "Mozilla/5.0 (Macintosh; Intel Mac OS X 10_15_2) AppleWebKit/537.36 (KHTML, like Gecko) Chrome/81.0.4044.138 Safari/537.36"
::1 - - [15/May/2020:10:32:56 +0000] "POST /api/reset/password HTTP/1.1" 200 2 "http://localhost:3000/reset" "Mozilla/5.0 (Macintosh; Intel Mac OS X 10_15_2) AppleWebKit/537.36 (KHTML, like Gecko) Chrome/81.0.4044.138 Safari/537.36"
::1 - - [15/May/2020:10:32:59 +0000] "POST /api/reset/password HTTP/1.1" 200 2 "http://localhost:3000/reset" "Mozilla/5.0 (Macintosh; Intel Mac OS X 10_15_2) AppleWebKit/537.36 (KHTML, like Gecko) Chrome/81.0.4044.138 Safari/537.36"
::1 - - [15/May/2020:10:33:53 +0000] "POST /api/auth/login HTTP/1.1" 200 13 "http://localhost:3000/reset" "Mozilla/5.0 (Macintosh; Intel Mac OS X 10_15_2) AppleWebKit/537.36 (KHTML, like Gecko) Chrome/81.0.4044.138 Safari/537.36"
::1 - - [15/May/2020:10:33:53 +0000] "POST /api/auth/checkCookie HTTP/1.1" 200 13 "http://localhost:3000/reset" "Mozilla/5.0 (Macintosh; Intel Mac OS X 10_15_2) AppleWebKit/537.36 (KHTML, like Gecko) Chrome/81.0.4044.138 Safari/537.36"
::1 - - [15/May/2020:10:33:53 +0000] "GET /api/auth/me HTTP/1.1" 200 2703 "http://localhost:3000/reset" "Mozilla/5.0 (Macintosh; Intel Mac OS X 10_15_2) AppleWebKit/537.36 (KHTML, like Gecko) Chrome/81.0.4044.138 Safari/537.36"
::1 - - [15/May/2020:10:33:59 +0000] "POST /api/auth/logout HTTP/1.1" 200 14 "http://localhost:3000/reset" "Mozilla/5.0 (Macintosh; Intel Mac OS X 10_15_2) AppleWebKit/537.36 (KHTML, like Gecko) Chrome/81.0.4044.138 Safari/537.36"
::1 - - [15/May/2020:10:34:43 +0000] "POST /api/reset/password HTTP/1.1" 200 2 "http://localhost:3000/reset" "Mozilla/5.0 (Macintosh; Intel Mac OS X 10_15_2) AppleWebKit/537.36 (KHTML, like Gecko) Chrome/81.0.4044.138 Safari/537.36"
::1 - - [15/May/2020:10:41:14 +0000] "POST /api/auth/checkCookie HTTP/1.1" 401 44 "http://localhost:3000/reset" "Mozilla/5.0 (Macintosh; Intel Mac OS X 10_15_2) AppleWebKit/537.36 (KHTML, like Gecko) Chrome/81.0.4044.138 Safari/537.36"
::1 - - [15/May/2020:10:41:37 +0000] "POST /api/auth/checkCookie HTTP/1.1" 401 44 "http://localhost:3000/resetPassword/5eb5d2b62b5e4c0b5e137727/eyJhbGciOiJIUzI1NiIsInR5cCI6IkpXVCJ9.eyJwYXNzd29yZCI6bnVsbCwiaWF0IjoxNTg5NTM4ODgzfQ.2IeQBAw156c3x_vHbF0SoWZh9KVuGIndrewr5AUXwGg" "Mozilla/5.0 (Macintosh; Intel Mac OS X 10_15_2) AppleWebKit/537.36 (KHTML, like Gecko) Chrome/81.0.4044.138 Safari/537.36"
::1 - - [15/May/2020:10:41:45 +0000] "POST /api/reset/resetPassword HTTP/1.1" 200 16 "http://localhost:3000/resetPassword/5eb5d2b62b5e4c0b5e137727/eyJhbGciOiJIUzI1NiIsInR5cCI6IkpXVCJ9.eyJwYXNzd29yZCI6bnVsbCwiaWF0IjoxNTg5NTM4ODgzfQ.2IeQBAw156c3x_vHbF0SoWZh9KVuGIndrewr5AUXwGg" "Mozilla/5.0 (Macintosh; Intel Mac OS X 10_15_2) AppleWebKit/537.36 (KHTML, like Gecko) Chrome/81.0.4044.138 Safari/537.36"
::1 - - [15/May/2020:10:42:41 +0000] "GET /api/event HTTP/1.1" 200 1818 "http://localhost:3000/map" "Mozilla/5.0 (Macintosh; Intel Mac OS X 10_15_2) AppleWebKit/537.36 (KHTML, like Gecko) Chrome/81.0.4044.138 Safari/537.36"
::1 - - [15/May/2020:10:42:47 +0000] "POST /api/auth/login HTTP/1.1" 200 13 "http://localhost:3000/map" "Mozilla/5.0 (Macintosh; Intel Mac OS X 10_15_2) AppleWebKit/537.36 (KHTML, like Gecko) Chrome/81.0.4044.138 Safari/537.36"
::1 - - [15/May/2020:10:42:47 +0000] "POST /api/auth/checkCookie HTTP/1.1" 200 13 "http://localhost:3000/map" "Mozilla/5.0 (Macintosh; Intel Mac OS X 10_15_2) AppleWebKit/537.36 (KHTML, like Gecko) Chrome/81.0.4044.138 Safari/537.36"
::1 - - [15/May/2020:10:42:48 +0000] "GET /api/auth/me HTTP/1.1" 200 2703 "http://localhost:3000/map" "Mozilla/5.0 (Macintosh; Intel Mac OS X 10_15_2) AppleWebKit/537.36 (KHTML, like Gecko) Chrome/81.0.4044.138 Safari/537.36"
::1 - - [15/May/2020:10:42:55 +0000] "GET /api/supplier/ HTTP/1.1" 200 2492 "http://localhost:3000/organisations" "Mozilla/5.0 (Macintosh; Intel Mac OS X 10_15_2) AppleWebKit/537.36 (KHTML, like Gecko) Chrome/81.0.4044.138 Safari/537.36"
::1 - - [15/May/2020:10:43:04 +0000] "GET /api/info HTTP/1.1" 200 89 "http://localhost:3000/" "Mozilla/5.0 (Macintosh; Intel Mac OS X 10_15_2) AppleWebKit/537.36 (KHTML, like Gecko) Chrome/81.0.4044.138 Safari/537.36"
::1 - - [15/May/2020:10:43:04 +0000] "GET /api/info/featured HTTP/1.1" 200 813 "http://localhost:3000/" "Mozilla/5.0 (Macintosh; Intel Mac OS X 10_15_2) AppleWebKit/537.36 (KHTML, like Gecko) Chrome/81.0.4044.138 Safari/537.36"
::1 - - [15/May/2020:12:04:15 +0000] "POST /api/auth/checkCookie HTTP/1.1" 200 13 "http://localhost:3000/reset" "Mozilla/5.0 (Macintosh; Intel Mac OS X 10_15_2) AppleWebKit/537.36 (KHTML, like Gecko) Chrome/81.0.4044.138 Safari/537.36"
::1 - - [15/May/2020:12:04:15 +0000] "POST /api/auth/checkCookie HTTP/1.1" 200 13 "http://localhost:3000/cnic" "Mozilla/5.0 (Macintosh; Intel Mac OS X 10_15_2) AppleWebKit/537.36 (KHTML, like Gecko) Chrome/81.0.4044.138 Safari/537.36"
::1 - - [15/May/2020:12:04:19 +0000] "GET /api/auth/me HTTP/1.1" 304 - "http://localhost:3000/cnic" "Mozilla/5.0 (Macintosh; Intel Mac OS X 10_15_2) AppleWebKit/537.36 (KHTML, like Gecko) Chrome/81.0.4044.138 Safari/537.36"
::1 - - [15/May/2020:12:04:19 +0000] "GET /api/auth/me HTTP/1.1" 304 - "http://localhost:3000/cnic" "Mozilla/5.0 (Macintosh; Intel Mac OS X 10_15_2) AppleWebKit/537.36 (KHTML, like Gecko) Chrome/81.0.4044.138 Safari/537.36"
::1 - - [15/May/2020:12:04:26 +0000] "POST /api/auth/checkCookie HTTP/1.1" 200 13 "http://localhost:3000/cnic" "Mozilla/5.0 (Macintosh; Intel Mac OS X 10_15_2) AppleWebKit/537.36 (KHTML, like Gecko) Chrome/81.0.4044.138 Safari/537.36"
::1 - - [15/May/2020:12:04:27 +0000] "GET /api/auth/me HTTP/1.1" 304 - "http://localhost:3000/cnic" "Mozilla/5.0 (Macintosh; Intel Mac OS X 10_15_2) AppleWebKit/537.36 (KHTML, like Gecko) Chrome/81.0.4044.138 Safari/537.36"
::1 - - [15/May/2020:12:04:27 +0000] "GET /api/auth/me HTTP/1.1" 304 - "http://localhost:3000/cnic" "Mozilla/5.0 (Macintosh; Intel Mac OS X 10_15_2) AppleWebKit/537.36 (KHTML, like Gecko) Chrome/81.0.4044.138 Safari/537.36"
::1 - - [15/May/2020:12:19:53 +0000] "POST /api/auth/checkCookie HTTP/1.1" 200 13 "http://localhost:3000/cnic" "Mozilla/5.0 (Macintosh; Intel Mac OS X 10_15_2) AppleWebKit/537.36 (KHTML, like Gecko) Chrome/81.0.4044.138 Safari/537.36"
::1 - - [15/May/2020:12:19:53 +0000] "POST /api/auth/checkCookie HTTP/1.1" 200 13 "http://localhost:3000/cnic" "Mozilla/5.0 (Macintosh; Intel Mac OS X 10_15_2) AppleWebKit/537.36 (KHTML, like Gecko) Chrome/81.0.4044.138 Safari/537.36"
::1 - - [15/May/2020:12:19:54 +0000] "POST /api/auth/checkCookie HTTP/1.1" 200 13 "http://localhost:3000/reset" "Mozilla/5.0 (Macintosh; Intel Mac OS X 10_15_2) AppleWebKit/537.36 (KHTML, like Gecko) Chrome/81.0.4044.138 Safari/537.36"
::1 - - [15/May/2020:12:19:58 +0000] "GET /api/auth/me HTTP/1.1" 304 - "http://localhost:3000/cnic" "Mozilla/5.0 (Macintosh; Intel Mac OS X 10_15_2) AppleWebKit/537.36 (KHTML, like Gecko) Chrome/81.0.4044.138 Safari/537.36"
::1 - - [15/May/2020:12:20:00 +0000] "GET /api/auth/me HTTP/1.1" 304 - "http://localhost:3000/cnic" "Mozilla/5.0 (Macintosh; Intel Mac OS X 10_15_2) AppleWebKit/537.36 (KHTML, like Gecko) Chrome/81.0.4044.138 Safari/537.36"
::1 - - [15/May/2020:12:20:00 +0000] "GET /api/auth/me HTTP/1.1" 304 - "http://localhost:3000/cnic" "Mozilla/5.0 (Macintosh; Intel Mac OS X 10_15_2) AppleWebKit/537.36 (KHTML, like Gecko) Chrome/81.0.4044.138 Safari/537.36"
::1 - - [15/May/2020:12:20:01 +0000] "GET /api/auth/me HTTP/1.1" 304 - "http://localhost:3000/cnic" "Mozilla/5.0 (Macintosh; Intel Mac OS X 10_15_2) AppleWebKit/537.36 (KHTML, like Gecko) Chrome/81.0.4044.138 Safari/537.36"
::1 - - [15/May/2020:12:49:17 +0000] "POST /api/auth/checkCookie HTTP/1.1" 200 13 "http://localhost:3000/reset" "Mozilla/5.0 (Macintosh; Intel Mac OS X 10_15_2) AppleWebKit/537.36 (KHTML, like Gecko) Chrome/81.0.4044.138 Safari/537.36"
::1 - - [15/May/2020:12:49:17 +0000] "POST /api/auth/checkCookie HTTP/1.1" 200 13 "http://localhost:3000/cnic" "Mozilla/5.0 (Macintosh; Intel Mac OS X 10_15_2) AppleWebKit/537.36 (KHTML, like Gecko) Chrome/81.0.4044.138 Safari/537.36"
::1 - - [15/May/2020:12:49:20 +0000] "GET /api/auth/me HTTP/1.1" 304 - "http://localhost:3000/cnic" "Mozilla/5.0 (Macintosh; Intel Mac OS X 10_15_2) AppleWebKit/537.36 (KHTML, like Gecko) Chrome/81.0.4044.138 Safari/537.36"
::1 - - [15/May/2020:12:49:20 +0000] "GET /api/auth/me HTTP/1.1" 304 - "http://localhost:3000/cnic" "Mozilla/5.0 (Macintosh; Intel Mac OS X 10_15_2) AppleWebKit/537.36 (KHTML, like Gecko) Chrome/81.0.4044.138 Safari/537.36"
::1 - - [15/May/2020:12:51:06 +0000] "POST /api/auth/checkCookie HTTP/1.1" 200 13 "http://localhost:3000/reset" "Mozilla/5.0 (Macintosh; Intel Mac OS X 10_15_2) AppleWebKit/537.36 (KHTML, like Gecko) Chrome/81.0.4044.138 Safari/537.36"
::1 - - [15/May/2020:12:51:06 +0000] "POST /api/auth/checkCookie HTTP/1.1" 200 13 "http://localhost:3000/cnic" "Mozilla/5.0 (Macintosh; Intel Mac OS X 10_15_2) AppleWebKit/537.36 (KHTML, like Gecko) Chrome/81.0.4044.138 Safari/537.36"
::1 - - [15/May/2020:12:51:07 +0000] "GET /api/auth/me HTTP/1.1" 304 - "http://localhost:3000/cnic" "Mozilla/5.0 (Macintosh; Intel Mac OS X 10_15_2) AppleWebKit/537.36 (KHTML, like Gecko) Chrome/81.0.4044.138 Safari/537.36"
::1 - - [15/May/2020:12:51:07 +0000] "GET /api/auth/me HTTP/1.1" 304 - "http://localhost:3000/cnic" "Mozilla/5.0 (Macintosh; Intel Mac OS X 10_15_2) AppleWebKit/537.36 (KHTML, like Gecko) Chrome/81.0.4044.138 Safari/537.36"
::1 - - [15/May/2020:12:52:21 +0000] "POST /api/auth/checkCookie HTTP/1.1" 200 13 "http://localhost:3000/cnic" "Mozilla/5.0 (Macintosh; Intel Mac OS X 10_15_2) AppleWebKit/537.36 (KHTML, like Gecko) Chrome/81.0.4044.138 Safari/537.36"
::1 - - [15/May/2020:12:52:21 +0000] "POST /api/auth/checkCookie HTTP/1.1" 200 13 "http://localhost:3000/reset" "Mozilla/5.0 (Macintosh; Intel Mac OS X 10_15_2) AppleWebKit/537.36 (KHTML, like Gecko) Chrome/81.0.4044.138 Safari/537.36"
::1 - - [15/May/2020:12:52:22 +0000] "GET /api/auth/me HTTP/1.1" 304 - "http://localhost:3000/cnic" "Mozilla/5.0 (Macintosh; Intel Mac OS X 10_15_2) AppleWebKit/537.36 (KHTML, like Gecko) Chrome/81.0.4044.138 Safari/537.36"
::1 - - [15/May/2020:12:52:22 +0000] "GET /api/auth/me HTTP/1.1" 304 - "http://localhost:3000/cnic" "Mozilla/5.0 (Macintosh; Intel Mac OS X 10_15_2) AppleWebKit/537.36 (KHTML, like Gecko) Chrome/81.0.4044.138 Safari/537.36"
::1 - - [15/May/2020:13:21:11 +0000] "POST /api/auth/checkCookie HTTP/1.1" 200 13 "http://localhost:3000/cnic" "Mozilla/5.0 (Macintosh; Intel Mac OS X 10_15_2) AppleWebKit/537.36 (KHTML, like Gecko) Chrome/81.0.4044.138 Safari/537.36"
::1 - - [15/May/2020:13:21:15 +0000] "GET /api/auth/me HTTP/1.1" 200 2703 "http://localhost:3000/cnic" "Mozilla/5.0 (Macintosh; Intel Mac OS X 10_15_2) AppleWebKit/537.36 (KHTML, like Gecko) Chrome/81.0.4044.138 Safari/537.36"
::1 - - [15/May/2020:13:21:15 +0000] "GET /api/auth/me HTTP/1.1" 200 2703 "http://localhost:3000/cnic" "Mozilla/5.0 (Macintosh; Intel Mac OS X 10_15_2) AppleWebKit/537.36 (KHTML, like Gecko) Chrome/81.0.4044.138 Safari/537.36"
::1 - - [15/May/2020:13:22:02 +0000] "POST /api/auth/checkCookie HTTP/1.1" 200 13 "http://localhost:3000/cnic" "Mozilla/5.0 (Macintosh; Intel Mac OS X 10_15_2) AppleWebKit/537.36 (KHTML, like Gecko) Chrome/81.0.4044.138 Safari/537.36"
::1 - - [15/May/2020:13:22:03 +0000] "GET /api/auth/me HTTP/1.1" 200 2703 "http://localhost:3000/cnic" "Mozilla/5.0 (Macintosh; Intel Mac OS X 10_15_2) AppleWebKit/537.36 (KHTML, like Gecko) Chrome/81.0.4044.138 Safari/537.36"
::1 - - [15/May/2020:13:22:03 +0000] "GET /api/auth/me HTTP/1.1" 200 2703 "http://localhost:3000/cnic" "Mozilla/5.0 (Macintosh; Intel Mac OS X 10_15_2) AppleWebKit/537.36 (KHTML, like Gecko) Chrome/81.0.4044.138 Safari/537.36"
::1 - - [15/May/2020:13:23:06 +0000] "POST /api/auth/checkCookie HTTP/1.1" 200 13 "http://localhost:3000/cnic" "Mozilla/5.0 (Macintosh; Intel Mac OS X 10_15_2) AppleWebKit/537.36 (KHTML, like Gecko) Chrome/81.0.4044.138 Safari/537.36"
::1 - - [15/May/2020:13:23:06 +0000] "GET /api/auth/me HTTP/1.1" 200 2703 "http://localhost:3000/cnic" "Mozilla/5.0 (Macintosh; Intel Mac OS X 10_15_2) AppleWebKit/537.36 (KHTML, like Gecko) Chrome/81.0.4044.138 Safari/537.36"
::1 - - [15/May/2020:13:23:06 +0000] "GET /api/auth/me HTTP/1.1" 200 2703 "http://localhost:3000/cnic" "Mozilla/5.0 (Macintosh; Intel Mac OS X 10_15_2) AppleWebKit/537.36 (KHTML, like Gecko) Chrome/81.0.4044.138 Safari/537.36"
::1 - - [15/May/2020:13:23:13 +0000] "POST /api/auth/checkCookie HTTP/1.1" 200 13 "http://localhost:3000/cnic" "Mozilla/5.0 (Macintosh; Intel Mac OS X 10_15_2) AppleWebKit/537.36 (KHTML, like Gecko) Chrome/81.0.4044.138 Safari/537.36"
::1 - - [15/May/2020:13:23:13 +0000] "GET /api/auth/me HTTP/1.1" 200 2703 "http://localhost:3000/cnic" "Mozilla/5.0 (Macintosh; Intel Mac OS X 10_15_2) AppleWebKit/537.36 (KHTML, like Gecko) Chrome/81.0.4044.138 Safari/537.36"
::1 - - [15/May/2020:13:23:13 +0000] "GET /api/auth/me HTTP/1.1" 200 2703 "http://localhost:3000/cnic" "Mozilla/5.0 (Macintosh; Intel Mac OS X 10_15_2) AppleWebKit/537.36 (KHTML, like Gecko) Chrome/81.0.4044.138 Safari/537.36"
::1 - - [15/May/2020:13:23:47 +0000] "POST /api/auth/checkCookie HTTP/1.1" 200 13 "http://localhost:3000/cnic" "Mozilla/5.0 (Macintosh; Intel Mac OS X 10_15_2) AppleWebKit/537.36 (KHTML, like Gecko) Chrome/81.0.4044.138 Safari/537.36"
::1 - - [15/May/2020:13:23:48 +0000] "GET /api/auth/me HTTP/1.1" 200 2703 "http://localhost:3000/cnic" "Mozilla/5.0 (Macintosh; Intel Mac OS X 10_15_2) AppleWebKit/537.36 (KHTML, like Gecko) Chrome/81.0.4044.138 Safari/537.36"
::1 - - [15/May/2020:13:23:48 +0000] "GET /api/auth/me HTTP/1.1" 200 2703 "http://localhost:3000/cnic" "Mozilla/5.0 (Macintosh; Intel Mac OS X 10_15_2) AppleWebKit/537.36 (KHTML, like Gecko) Chrome/81.0.4044.138 Safari/537.36"
::1 - - [15/May/2020:13:23:52 +0000] "POST /api/auth/checkCookie HTTP/1.1" 200 13 "http://localhost:3000/cnic" "Mozilla/5.0 (Macintosh; Intel Mac OS X 10_15_2) AppleWebKit/537.36 (KHTML, like Gecko) Chrome/81.0.4044.138 Safari/537.36"
::1 - - [15/May/2020:13:23:53 +0000] "GET /api/auth/me HTTP/1.1" 200 2703 "http://localhost:3000/cnic" "Mozilla/5.0 (Macintosh; Intel Mac OS X 10_15_2) AppleWebKit/537.36 (KHTML, like Gecko) Chrome/81.0.4044.138 Safari/537.36"
::1 - - [15/May/2020:13:23:53 +0000] "GET /api/auth/me HTTP/1.1" 200 2703 "http://localhost:3000/cnic" "Mozilla/5.0 (Macintosh; Intel Mac OS X 10_15_2) AppleWebKit/537.36 (KHTML, like Gecko) Chrome/81.0.4044.138 Safari/537.36"
::1 - - [15/May/2020:13:28:06 +0000] "POST /api/auth/checkCookie HTTP/1.1" 200 13 "http://localhost:3000/cnic" "Mozilla/5.0 (Macintosh; Intel Mac OS X 10_15_2) AppleWebKit/537.36 (KHTML, like Gecko) Chrome/81.0.4044.138 Safari/537.36"
::1 - - [15/May/2020:13:28:07 +0000] "GET /api/auth/me HTTP/1.1" 200 2703 "http://localhost:3000/cnic" "Mozilla/5.0 (Macintosh; Intel Mac OS X 10_15_2) AppleWebKit/537.36 (KHTML, like Gecko) Chrome/81.0.4044.138 Safari/537.36"
::1 - - [15/May/2020:13:28:07 +0000] "GET /api/auth/me HTTP/1.1" 200 2703 "http://localhost:3000/cnic" "Mozilla/5.0 (Macintosh; Intel Mac OS X 10_15_2) AppleWebKit/537.36 (KHTML, like Gecko) Chrome/81.0.4044.138 Safari/537.36"
::1 - - [15/May/2020:17:59:52 +0000] "POST /api/auth/checkCookie HTTP/1.1" 200 13 "http://localhost:3000/cnic" "Mozilla/5.0 (Macintosh; Intel Mac OS X 10_15_2) AppleWebKit/537.36 (KHTML, like Gecko) Chrome/81.0.4044.138 Safari/537.36"
::1 - - [15/May/2020:17:59:57 +0000] "GET /api/auth/me HTTP/1.1" 200 2703 "http://localhost:3000/cnic" "Mozilla/5.0 (Macintosh; Intel Mac OS X 10_15_2) AppleWebKit/537.36 (KHTML, like Gecko) Chrome/81.0.4044.138 Safari/537.36"
::1 - - [15/May/2020:17:59:57 +0000] "GET /api/auth/me HTTP/1.1" 200 2703 "http://localhost:3000/cnic" "Mozilla/5.0 (Macintosh; Intel Mac OS X 10_15_2) AppleWebKit/537.36 (KHTML, like Gecko) Chrome/81.0.4044.138 Safari/537.36"
::1 - - [15/May/2020:18:03:06 +0000] "POST /api/auth/checkCookie HTTP/1.1" 200 13 "http://localhost:3000/cnic" "Mozilla/5.0 (Macintosh; Intel Mac OS X 10_15_2) AppleWebKit/537.36 (KHTML, like Gecko) Chrome/81.0.4044.138 Safari/537.36"
::1 - - [15/May/2020:18:03:07 +0000] "GET /api/auth/me HTTP/1.1" 200 2703 "http://localhost:3000/cnic" "Mozilla/5.0 (Macintosh; Intel Mac OS X 10_15_2) AppleWebKit/537.36 (KHTML, like Gecko) Chrome/81.0.4044.138 Safari/537.36"
::1 - - [15/May/2020:18:03:07 +0000] "GET /api/auth/me HTTP/1.1" 200 2703 "http://localhost:3000/cnic" "Mozilla/5.0 (Macintosh; Intel Mac OS X 10_15_2) AppleWebKit/537.36 (KHTML, like Gecko) Chrome/81.0.4044.138 Safari/537.36"
::1 - - [15/May/2020:18:03:36 +0000] "POST /api/auth/checkCookie HTTP/1.1" 200 13 "http://localhost:3000/cnic" "Mozilla/5.0 (Macintosh; Intel Mac OS X 10_15_2) AppleWebKit/537.36 (KHTML, like Gecko) Chrome/81.0.4044.138 Safari/537.36"
::1 - - [15/May/2020:18:03:38 +0000] "GET /api/auth/me HTTP/1.1" 200 2703 "http://localhost:3000/cnic" "Mozilla/5.0 (Macintosh; Intel Mac OS X 10_15_2) AppleWebKit/537.36 (KHTML, like Gecko) Chrome/81.0.4044.138 Safari/537.36"
::1 - - [15/May/2020:18:03:38 +0000] "GET /api/auth/me HTTP/1.1" 200 2703 "http://localhost:3000/cnic" "Mozilla/5.0 (Macintosh; Intel Mac OS X 10_15_2) AppleWebKit/537.36 (KHTML, like Gecko) Chrome/81.0.4044.138 Safari/537.36"
::1 - - [15/May/2020:18:03:54 +0000] "POST /api/auth/checkCookie HTTP/1.1" 200 13 "http://localhost:3000/cnic" "Mozilla/5.0 (Macintosh; Intel Mac OS X 10_15_2) AppleWebKit/537.36 (KHTML, like Gecko) Chrome/81.0.4044.138 Safari/537.36"
::1 - - [15/May/2020:18:03:54 +0000] "GET /api/auth/me HTTP/1.1" 200 2703 "http://localhost:3000/cnic" "Mozilla/5.0 (Macintosh; Intel Mac OS X 10_15_2) AppleWebKit/537.36 (KHTML, like Gecko) Chrome/81.0.4044.138 Safari/537.36"
::1 - - [15/May/2020:18:03:54 +0000] "GET /api/auth/me HTTP/1.1" 200 2703 "http://localhost:3000/cnic" "Mozilla/5.0 (Macintosh; Intel Mac OS X 10_15_2) AppleWebKit/537.36 (KHTML, like Gecko) Chrome/81.0.4044.138 Safari/537.36"
::1 - - [15/May/2020:18:04:42 +0000] "POST /api/auth/checkCookie HTTP/1.1" 200 13 "http://localhost:3000/cnic" "Mozilla/5.0 (Macintosh; Intel Mac OS X 10_15_2) AppleWebKit/537.36 (KHTML, like Gecko) Chrome/81.0.4044.138 Safari/537.36"
::1 - - [15/May/2020:18:04:43 +0000] "GET /api/auth/me HTTP/1.1" 200 2703 "http://localhost:3000/cnic" "Mozilla/5.0 (Macintosh; Intel Mac OS X 10_15_2) AppleWebKit/537.36 (KHTML, like Gecko) Chrome/81.0.4044.138 Safari/537.36"
::1 - - [15/May/2020:18:04:43 +0000] "GET /api/auth/me HTTP/1.1" 200 2703 "http://localhost:3000/cnic" "Mozilla/5.0 (Macintosh; Intel Mac OS X 10_15_2) AppleWebKit/537.36 (KHTML, like Gecko) Chrome/81.0.4044.138 Safari/537.36"
::1 - - [15/May/2020:18:05:03 +0000] "POST /api/auth/checkCookie HTTP/1.1" 200 13 "http://localhost:3000/cnic" "Mozilla/5.0 (Macintosh; Intel Mac OS X 10_15_2) AppleWebKit/537.36 (KHTML, like Gecko) Chrome/81.0.4044.138 Safari/537.36"
::1 - - [15/May/2020:18:05:04 +0000] "GET /api/auth/me HTTP/1.1" 200 2703 "http://localhost:3000/cnic" "Mozilla/5.0 (Macintosh; Intel Mac OS X 10_15_2) AppleWebKit/537.36 (KHTML, like Gecko) Chrome/81.0.4044.138 Safari/537.36"
::1 - - [15/May/2020:18:05:04 +0000] "GET /api/auth/me HTTP/1.1" 200 2703 "http://localhost:3000/cnic" "Mozilla/5.0 (Macintosh; Intel Mac OS X 10_15_2) AppleWebKit/537.36 (KHTML, like Gecko) Chrome/81.0.4044.138 Safari/537.36"
::1 - - [15/May/2020:18:05:17 +0000] "POST /api/auth/checkCookie HTTP/1.1" 200 13 "http://localhost:3000/cnic" "Mozilla/5.0 (Macintosh; Intel Mac OS X 10_15_2) AppleWebKit/537.36 (KHTML, like Gecko) Chrome/81.0.4044.138 Safari/537.36"
::1 - - [15/May/2020:18:05:19 +0000] "GET /api/auth/me HTTP/1.1" 200 2703 "http://localhost:3000/cnic" "Mozilla/5.0 (Macintosh; Intel Mac OS X 10_15_2) AppleWebKit/537.36 (KHTML, like Gecko) Chrome/81.0.4044.138 Safari/537.36"
::1 - - [15/May/2020:18:05:20 +0000] "GET /api/auth/me HTTP/1.1" 200 2703 "http://localhost:3000/cnic" "Mozilla/5.0 (Macintosh; Intel Mac OS X 10_15_2) AppleWebKit/537.36 (KHTML, like Gecko) Chrome/81.0.4044.138 Safari/537.36"
::1 - - [15/May/2020:18:06:37 +0000] "POST /api/auth/checkCookie HTTP/1.1" 200 13 "http://localhost:3000/cnic" "Mozilla/5.0 (Macintosh; Intel Mac OS X 10_15_2) AppleWebKit/537.36 (KHTML, like Gecko) Chrome/81.0.4044.138 Safari/537.36"
::1 - - [15/May/2020:18:06:38 +0000] "GET /api/auth/me HTTP/1.1" 200 2703 "http://localhost:3000/cnic" "Mozilla/5.0 (Macintosh; Intel Mac OS X 10_15_2) AppleWebKit/537.36 (KHTML, like Gecko) Chrome/81.0.4044.138 Safari/537.36"
::1 - - [15/May/2020:18:06:38 +0000] "GET /api/auth/me HTTP/1.1" 200 2703 "http://localhost:3000/cnic" "Mozilla/5.0 (Macintosh; Intel Mac OS X 10_15_2) AppleWebKit/537.36 (KHTML, like Gecko) Chrome/81.0.4044.138 Safari/537.36"
::1 - - [15/May/2020:18:06:59 +0000] "POST /api/auth/checkCookie HTTP/1.1" 200 13 "http://localhost:3000/cnic" "Mozilla/5.0 (Macintosh; Intel Mac OS X 10_15_2) AppleWebKit/537.36 (KHTML, like Gecko) Chrome/81.0.4044.138 Safari/537.36"
::1 - - [15/May/2020:18:07:00 +0000] "GET /api/auth/me HTTP/1.1" 200 2703 "http://localhost:3000/cnic" "Mozilla/5.0 (Macintosh; Intel Mac OS X 10_15_2) AppleWebKit/537.36 (KHTML, like Gecko) Chrome/81.0.4044.138 Safari/537.36"
::1 - - [15/May/2020:18:07:00 +0000] "GET /api/auth/me HTTP/1.1" 200 2703 "http://localhost:3000/cnic" "Mozilla/5.0 (Macintosh; Intel Mac OS X 10_15_2) AppleWebKit/537.36 (KHTML, like Gecko) Chrome/81.0.4044.138 Safari/537.36"
::1 - - [15/May/2020:18:08:03 +0000] "POST /api/auth/checkCookie HTTP/1.1" 200 13 "http://localhost:3000/cnic" "Mozilla/5.0 (Macintosh; Intel Mac OS X 10_15_2) AppleWebKit/537.36 (KHTML, like Gecko) Chrome/81.0.4044.138 Safari/537.36"
::1 - - [15/May/2020:18:08:04 +0000] "GET /api/auth/me HTTP/1.1" 200 2703 "http://localhost:3000/cnic" "Mozilla/5.0 (Macintosh; Intel Mac OS X 10_15_2) AppleWebKit/537.36 (KHTML, like Gecko) Chrome/81.0.4044.138 Safari/537.36"
::1 - - [15/May/2020:18:08:04 +0000] "GET /api/auth/me HTTP/1.1" 200 2703 "http://localhost:3000/cnic" "Mozilla/5.0 (Macintosh; Intel Mac OS X 10_15_2) AppleWebKit/537.36 (KHTML, like Gecko) Chrome/81.0.4044.138 Safari/537.36"
::1 - - [15/May/2020:18:10:22 +0000] "POST /api/auth/checkCookie HTTP/1.1" 200 13 "http://localhost:3000/cnic" "Mozilla/5.0 (Macintosh; Intel Mac OS X 10_15_2) AppleWebKit/537.36 (KHTML, like Gecko) Chrome/81.0.4044.138 Safari/537.36"
::1 - - [15/May/2020:18:10:23 +0000] "GET /api/auth/me HTTP/1.1" 200 2703 "http://localhost:3000/cnic" "Mozilla/5.0 (Macintosh; Intel Mac OS X 10_15_2) AppleWebKit/537.36 (KHTML, like Gecko) Chrome/81.0.4044.138 Safari/537.36"
::1 - - [15/May/2020:18:10:23 +0000] "GET /api/auth/me HTTP/1.1" 200 2703 "http://localhost:3000/cnic" "Mozilla/5.0 (Macintosh; Intel Mac OS X 10_15_2) AppleWebKit/537.36 (KHTML, like Gecko) Chrome/81.0.4044.138 Safari/537.36"
::1 - - [15/May/2020:18:12:28 +0000] "POST /api/auth/checkCookie HTTP/1.1" 200 13 "http://localhost:3000/cnic" "Mozilla/5.0 (Macintosh; Intel Mac OS X 10_15_2) AppleWebKit/537.36 (KHTML, like Gecko) Chrome/81.0.4044.138 Safari/537.36"
::1 - - [15/May/2020:18:12:29 +0000] "GET /api/auth/me HTTP/1.1" 200 2703 "http://localhost:3000/cnic" "Mozilla/5.0 (Macintosh; Intel Mac OS X 10_15_2) AppleWebKit/537.36 (KHTML, like Gecko) Chrome/81.0.4044.138 Safari/537.36"
::1 - - [15/May/2020:18:12:29 +0000] "GET /api/auth/me HTTP/1.1" 200 2703 "http://localhost:3000/cnic" "Mozilla/5.0 (Macintosh; Intel Mac OS X 10_15_2) AppleWebKit/537.36 (KHTML, like Gecko) Chrome/81.0.4044.138 Safari/537.36"
::1 - - [15/May/2020:18:12:37 +0000] "POST /api/auth/checkCookie HTTP/1.1" 200 13 "http://localhost:3000/cnic" "Mozilla/5.0 (Macintosh; Intel Mac OS X 10_15_2) AppleWebKit/537.36 (KHTML, like Gecko) Chrome/81.0.4044.138 Safari/537.36"
::1 - - [15/May/2020:18:12:38 +0000] "GET /api/auth/me HTTP/1.1" 200 2703 "http://localhost:3000/cnic" "Mozilla/5.0 (Macintosh; Intel Mac OS X 10_15_2) AppleWebKit/537.36 (KHTML, like Gecko) Chrome/81.0.4044.138 Safari/537.36"
::1 - - [15/May/2020:18:12:38 +0000] "GET /api/auth/me HTTP/1.1" 200 2703 "http://localhost:3000/cnic" "Mozilla/5.0 (Macintosh; Intel Mac OS X 10_15_2) AppleWebKit/537.36 (KHTML, like Gecko) Chrome/81.0.4044.138 Safari/537.36"
::1 - - [15/May/2020:18:18:53 +0000] "POST /api/auth/checkCookie HTTP/1.1" 200 13 "http://localhost:3000/cnic" "Mozilla/5.0 (Macintosh; Intel Mac OS X 10_15_2) AppleWebKit/537.36 (KHTML, like Gecko) Chrome/81.0.4044.138 Safari/537.36"
::1 - - [15/May/2020:18:18:59 +0000] "GET /api/auth/me HTTP/1.1" 200 2703 "http://localhost:3000/cnic" "Mozilla/5.0 (Macintosh; Intel Mac OS X 10_15_2) AppleWebKit/537.36 (KHTML, like Gecko) Chrome/81.0.4044.138 Safari/537.36"
::1 - - [15/May/2020:18:18:59 +0000] "GET /api/auth/me HTTP/1.1" 200 2703 "http://localhost:3000/cnic" "Mozilla/5.0 (Macintosh; Intel Mac OS X 10_15_2) AppleWebKit/537.36 (KHTML, like Gecko) Chrome/81.0.4044.138 Safari/537.36"
::1 - - [15/May/2020:18:23:22 +0000] "POST /api/auth/checkCookie HTTP/1.1" 200 13 "http://localhost:3000/cnic" "Mozilla/5.0 (Macintosh; Intel Mac OS X 10_15_2) AppleWebKit/537.36 (KHTML, like Gecko) Chrome/81.0.4044.138 Safari/537.36"
::1 - - [15/May/2020:18:23:23 +0000] "GET /api/auth/me HTTP/1.1" 200 2703 "http://localhost:3000/cnic" "Mozilla/5.0 (Macintosh; Intel Mac OS X 10_15_2) AppleWebKit/537.36 (KHTML, like Gecko) Chrome/81.0.4044.138 Safari/537.36"
::1 - - [15/May/2020:18:23:23 +0000] "GET /api/auth/me HTTP/1.1" 200 2703 "http://localhost:3000/cnic" "Mozilla/5.0 (Macintosh; Intel Mac OS X 10_15_2) AppleWebKit/537.36 (KHTML, like Gecko) Chrome/81.0.4044.138 Safari/537.36"
::1 - - [15/May/2020:18:23:50 +0000] "POST /api/auth/checkCookie HTTP/1.1" 200 13 "http://localhost:3000/cnic" "Mozilla/5.0 (Macintosh; Intel Mac OS X 10_15_2) AppleWebKit/537.36 (KHTML, like Gecko) Chrome/81.0.4044.138 Safari/537.36"
::1 - - [15/May/2020:18:23:51 +0000] "GET /api/auth/me HTTP/1.1" 200 2703 "http://localhost:3000/cnic" "Mozilla/5.0 (Macintosh; Intel Mac OS X 10_15_2) AppleWebKit/537.36 (KHTML, like Gecko) Chrome/81.0.4044.138 Safari/537.36"
::1 - - [15/May/2020:18:23:51 +0000] "GET /api/auth/me HTTP/1.1" 200 2703 "http://localhost:3000/cnic" "Mozilla/5.0 (Macintosh; Intel Mac OS X 10_15_2) AppleWebKit/537.36 (KHTML, like Gecko) Chrome/81.0.4044.138 Safari/537.36"
::1 - - [15/May/2020:18:25:36 +0000] "GET /api/cnic/asdasd HTTP/1.1" 500 101 "http://localhost:3000/cnic" "Mozilla/5.0 (Macintosh; Intel Mac OS X 10_15_2) AppleWebKit/537.36 (KHTML, like Gecko) Chrome/81.0.4044.138 Safari/537.36"
::1 - - [15/May/2020:18:25:36 +0000] "GET /api/cnic/asdasd HTTP/1.1" 500 101 "http://localhost:3000/cnic" "Mozilla/5.0 (Macintosh; Intel Mac OS X 10_15_2) AppleWebKit/537.36 (KHTML, like Gecko) Chrome/81.0.4044.138 Safari/537.36"
::1 - - [15/May/2020:18:32:37 +0000] "POST /api/auth/checkCookie HTTP/1.1" 200 13 "http://localhost:3000/cnic" "Mozilla/5.0 (Macintosh; Intel Mac OS X 10_15_2) AppleWebKit/537.36 (KHTML, like Gecko) Chrome/81.0.4044.138 Safari/537.36"
::1 - - [15/May/2020:18:32:42 +0000] "GET /api/auth/me HTTP/1.1" 200 2703 "http://localhost:3000/cnic" "Mozilla/5.0 (Macintosh; Intel Mac OS X 10_15_2) AppleWebKit/537.36 (KHTML, like Gecko) Chrome/81.0.4044.138 Safari/537.36"
::1 - - [15/May/2020:18:32:42 +0000] "GET /api/auth/me HTTP/1.1" 200 2703 "http://localhost:3000/cnic" "Mozilla/5.0 (Macintosh; Intel Mac OS X 10_15_2) AppleWebKit/537.36 (KHTML, like Gecko) Chrome/81.0.4044.138 Safari/537.36"
::1 - - [15/May/2020:18:35:02 +0000] "POST /api/auth/checkCookie HTTP/1.1" 200 13 "http://localhost:3000/cnic" "Mozilla/5.0 (Macintosh; Intel Mac OS X 10_15_2) AppleWebKit/537.36 (KHTML, like Gecko) Chrome/81.0.4044.138 Safari/537.36"
::1 - - [15/May/2020:18:35:02 +0000] "GET /api/auth/me HTTP/1.1" 200 2703 "http://localhost:3000/cnic" "Mozilla/5.0 (Macintosh; Intel Mac OS X 10_15_2) AppleWebKit/537.36 (KHTML, like Gecko) Chrome/81.0.4044.138 Safari/537.36"
::1 - - [15/May/2020:18:35:02 +0000] "GET /api/auth/me HTTP/1.1" 200 2703 "http://localhost:3000/cnic" "Mozilla/5.0 (Macintosh; Intel Mac OS X 10_15_2) AppleWebKit/537.36 (KHTML, like Gecko) Chrome/81.0.4044.138 Safari/537.36"
::1 - - [15/May/2020:18:38:16 +0000] "POST /api/auth/checkCookie HTTP/1.1" 200 13 "http://localhost:3000/cnic" "Mozilla/5.0 (Macintosh; Intel Mac OS X 10_15_2) AppleWebKit/537.36 (KHTML, like Gecko) Chrome/81.0.4044.138 Safari/537.36"
::1 - - [15/May/2020:18:38:17 +0000] "GET /api/auth/me HTTP/1.1" 200 2703 "http://localhost:3000/cnic" "Mozilla/5.0 (Macintosh; Intel Mac OS X 10_15_2) AppleWebKit/537.36 (KHTML, like Gecko) Chrome/81.0.4044.138 Safari/537.36"
::1 - - [15/May/2020:18:38:17 +0000] "GET /api/auth/me HTTP/1.1" 200 2703 "http://localhost:3000/cnic" "Mozilla/5.0 (Macintosh; Intel Mac OS X 10_15_2) AppleWebKit/537.36 (KHTML, like Gecko) Chrome/81.0.4044.138 Safari/537.36"
::1 - - [15/May/2020:18:39:00 +0000] "POST /api/auth/checkCookie HTTP/1.1" 200 13 "http://localhost:3000/cnic" "Mozilla/5.0 (Macintosh; Intel Mac OS X 10_15_2) AppleWebKit/537.36 (KHTML, like Gecko) Chrome/81.0.4044.138 Safari/537.36"
::1 - - [15/May/2020:18:39:01 +0000] "GET /api/auth/me HTTP/1.1" 200 2703 "http://localhost:3000/cnic" "Mozilla/5.0 (Macintosh; Intel Mac OS X 10_15_2) AppleWebKit/537.36 (KHTML, like Gecko) Chrome/81.0.4044.138 Safari/537.36"
::1 - - [15/May/2020:18:39:01 +0000] "GET /api/auth/me HTTP/1.1" 200 2703 "http://localhost:3000/cnic" "Mozilla/5.0 (Macintosh; Intel Mac OS X 10_15_2) AppleWebKit/537.36 (KHTML, like Gecko) Chrome/81.0.4044.138 Safari/537.36"
::1 - - [15/May/2020:18:39:06 +0000] "POST /api/auth/checkCookie HTTP/1.1" 200 13 "http://localhost:3000/cnic" "Mozilla/5.0 (Macintosh; Intel Mac OS X 10_15_2) AppleWebKit/537.36 (KHTML, like Gecko) Chrome/81.0.4044.138 Safari/537.36"
::1 - - [15/May/2020:18:39:07 +0000] "GET /api/auth/me HTTP/1.1" 200 2703 "http://localhost:3000/cnic" "Mozilla/5.0 (Macintosh; Intel Mac OS X 10_15_2) AppleWebKit/537.36 (KHTML, like Gecko) Chrome/81.0.4044.138 Safari/537.36"
::1 - - [15/May/2020:18:39:07 +0000] "GET /api/auth/me HTTP/1.1" 200 2703 "http://localhost:3000/cnic" "Mozilla/5.0 (Macintosh; Intel Mac OS X 10_15_2) AppleWebKit/537.36 (KHTML, like Gecko) Chrome/81.0.4044.138 Safari/537.36"
::1 - - [15/May/2020:18:43:19 +0000] "POST /api/auth/checkCookie HTTP/1.1" 200 13 "http://localhost:3000/cnic" "Mozilla/5.0 (Macintosh; Intel Mac OS X 10_15_2) AppleWebKit/537.36 (KHTML, like Gecko) Chrome/81.0.4044.138 Safari/537.36"
::1 - - [15/May/2020:18:43:20 +0000] "GET /api/auth/me HTTP/1.1" 200 2703 "http://localhost:3000/cnic" "Mozilla/5.0 (Macintosh; Intel Mac OS X 10_15_2) AppleWebKit/537.36 (KHTML, like Gecko) Chrome/81.0.4044.138 Safari/537.36"
::1 - - [15/May/2020:18:43:20 +0000] "GET /api/auth/me HTTP/1.1" 200 2703 "http://localhost:3000/cnic" "Mozilla/5.0 (Macintosh; Intel Mac OS X 10_15_2) AppleWebKit/537.36 (KHTML, like Gecko) Chrome/81.0.4044.138 Safari/537.36"
::1 - - [15/May/2020:18:44:10 +0000] "GET /api/cnic/sdfsdf HTTP/1.1" 500 101 "http://localhost:3000/cnic" "Mozilla/5.0 (Macintosh; Intel Mac OS X 10_15_2) AppleWebKit/537.36 (KHTML, like Gecko) Chrome/81.0.4044.138 Safari/537.36"
::1 - - [15/May/2020:18:44:10 +0000] "GET /api/cnic/sdfsdf HTTP/1.1" 500 101 "http://localhost:3000/cnic" "Mozilla/5.0 (Macintosh; Intel Mac OS X 10_15_2) AppleWebKit/537.36 (KHTML, like Gecko) Chrome/81.0.4044.138 Safari/537.36"
::1 - - [15/May/2020:18:45:25 +0000] "POST /api/auth/checkCookie HTTP/1.1" 200 13 "http://localhost:3000/cnic" "Mozilla/5.0 (Macintosh; Intel Mac OS X 10_15_2) AppleWebKit/537.36 (KHTML, like Gecko) Chrome/81.0.4044.138 Safari/537.36"
::1 - - [15/May/2020:18:45:25 +0000] "GET /api/auth/me HTTP/1.1" 200 2703 "http://localhost:3000/cnic" "Mozilla/5.0 (Macintosh; Intel Mac OS X 10_15_2) AppleWebKit/537.36 (KHTML, like Gecko) Chrome/81.0.4044.138 Safari/537.36"
::1 - - [15/May/2020:18:45:25 +0000] "GET /api/auth/me HTTP/1.1" 200 2703 "http://localhost:3000/cnic" "Mozilla/5.0 (Macintosh; Intel Mac OS X 10_15_2) AppleWebKit/537.36 (KHTML, like Gecko) Chrome/81.0.4044.138 Safari/537.36"
::1 - - [15/May/2020:18:53:20 +0000] "POST /api/auth/checkCookie HTTP/1.1" 200 13 "http://localhost:3000/cnic" "Mozilla/5.0 (Macintosh; Intel Mac OS X 10_15_2) AppleWebKit/537.36 (KHTML, like Gecko) Chrome/81.0.4044.138 Safari/537.36"
::1 - - [15/May/2020:18:53:24 +0000] "GET /api/auth/me HTTP/1.1" 200 2703 "http://localhost:3000/cnic" "Mozilla/5.0 (Macintosh; Intel Mac OS X 10_15_2) AppleWebKit/537.36 (KHTML, like Gecko) Chrome/81.0.4044.138 Safari/537.36"
::1 - - [15/May/2020:18:54:02 +0000] "POST /api/auth/checkCookie HTTP/1.1" 200 13 "http://localhost:3000/cnic" "Mozilla/5.0 (Macintosh; Intel Mac OS X 10_15_2) AppleWebKit/537.36 (KHTML, like Gecko) Chrome/81.0.4044.138 Safari/537.36"
::1 - - [15/May/2020:18:54:03 +0000] "GET /api/auth/me HTTP/1.1" 200 2703 "http://localhost:3000/cnic" "Mozilla/5.0 (Macintosh; Intel Mac OS X 10_15_2) AppleWebKit/537.36 (KHTML, like Gecko) Chrome/81.0.4044.138 Safari/537.36"
::1 - - [15/May/2020:18:54:03 +0000] "GET /api/auth/me HTTP/1.1" 200 2703 "http://localhost:3000/cnic" "Mozilla/5.0 (Macintosh; Intel Mac OS X 10_15_2) AppleWebKit/537.36 (KHTML, like Gecko) Chrome/81.0.4044.138 Safari/537.36"
::1 - - [15/May/2020:18:54:04 +0000] "GET /api/auth/me HTTP/1.1" 200 2703 "http://localhost:3000/cnic" "Mozilla/5.0 (Macintosh; Intel Mac OS X 10_15_2) AppleWebKit/537.36 (KHTML, like Gecko) Chrome/81.0.4044.138 Safari/537.36"
::1 - - [15/May/2020:18:54:54 +0000] "POST /api/auth/checkCookie HTTP/1.1" 200 13 "http://localhost:3000/cnic" "Mozilla/5.0 (Macintosh; Intel Mac OS X 10_15_2) AppleWebKit/537.36 (KHTML, like Gecko) Chrome/81.0.4044.138 Safari/537.36"
::1 - - [15/May/2020:18:54:54 +0000] "GET /api/auth/me HTTP/1.1" 200 2703 "http://localhost:3000/cnic" "Mozilla/5.0 (Macintosh; Intel Mac OS X 10_15_2) AppleWebKit/537.36 (KHTML, like Gecko) Chrome/81.0.4044.138 Safari/537.36"
::1 - - [15/May/2020:18:54:54 +0000] "GET /api/auth/me HTTP/1.1" 200 2703 "http://localhost:3000/cnic" "Mozilla/5.0 (Macintosh; Intel Mac OS X 10_15_2) AppleWebKit/537.36 (KHTML, like Gecko) Chrome/81.0.4044.138 Safari/537.36"
::1 - - [15/May/2020:18:57:32 +0000] "POST /api/auth/checkCookie HTTP/1.1" 200 13 "http://localhost:3000/cnic" "Mozilla/5.0 (Macintosh; Intel Mac OS X 10_15_2) AppleWebKit/537.36 (KHTML, like Gecko) Chrome/81.0.4044.138 Safari/537.36"
::1 - - [15/May/2020:18:57:32 +0000] "GET /api/auth/me HTTP/1.1" 200 2703 "http://localhost:3000/cnic" "Mozilla/5.0 (Macintosh; Intel Mac OS X 10_15_2) AppleWebKit/537.36 (KHTML, like Gecko) Chrome/81.0.4044.138 Safari/537.36"
::1 - - [15/May/2020:18:57:32 +0000] "GET /api/auth/me HTTP/1.1" 200 2703 "http://localhost:3000/cnic" "Mozilla/5.0 (Macintosh; Intel Mac OS X 10_15_2) AppleWebKit/537.36 (KHTML, like Gecko) Chrome/81.0.4044.138 Safari/537.36"
::1 - - [15/May/2020:18:58:55 +0000] "POST /api/auth/checkCookie HTTP/1.1" 200 13 "http://localhost:3000/cnic" "Mozilla/5.0 (Macintosh; Intel Mac OS X 10_15_2) AppleWebKit/537.36 (KHTML, like Gecko) Chrome/81.0.4044.138 Safari/537.36"
::1 - - [15/May/2020:18:58:55 +0000] "GET /api/auth/me HTTP/1.1" 304 - "http://localhost:3000/cnic" "Mozilla/5.0 (Macintosh; Intel Mac OS X 10_15_2) AppleWebKit/537.36 (KHTML, like Gecko) Chrome/81.0.4044.138 Safari/537.36"
::1 - - [15/May/2020:18:58:56 +0000] "GET /api/auth/me HTTP/1.1" 304 - "http://localhost:3000/cnic" "Mozilla/5.0 (Macintosh; Intel Mac OS X 10_15_2) AppleWebKit/537.36 (KHTML, like Gecko) Chrome/81.0.4044.138 Safari/537.36"
