::1 - - [04/May/2020:20:20:49 +0000] "POST /api/auth/checkCookie HTTP/1.1" 401 44 "http://localhost:3000/" "Mozilla/5.0 (Macintosh; Intel Mac OS X 10_15_2) AppleWebKit/537.36 (KHTML, like Gecko) Chrome/81.0.4044.129 Safari/537.36"
::1 - - [04/May/2020:20:20:51 +0000] "GET /api/info HTTP/1.1" 304 - "http://localhost:3000/" "Mozilla/5.0 (Macintosh; Intel Mac OS X 10_15_2) AppleWebKit/537.36 (KHTML, like Gecko) Chrome/81.0.4044.129 Safari/537.36"
::1 - - [04/May/2020:20:21:33 +0000] "POST /api/auth/checkCookie HTTP/1.1" 401 44 "http://localhost:3000/" "Mozilla/5.0 (Macintosh; Intel Mac OS X 10_15_2) AppleWebKit/537.36 (KHTML, like Gecko) Chrome/81.0.4044.129 Safari/537.36"
::1 - - [04/May/2020:20:21:34 +0000] "GET /api/info HTTP/1.1" 304 - "http://localhost:3000/" "Mozilla/5.0 (Macintosh; Intel Mac OS X 10_15_2) AppleWebKit/537.36 (KHTML, like Gecko) Chrome/81.0.4044.129 Safari/537.36"
::1 - - [04/May/2020:20:22:58 +0000] "POST /api/auth/checkCookie HTTP/1.1" 401 44 "http://localhost:3000/" "Mozilla/5.0 (Macintosh; Intel Mac OS X 10_15_2) AppleWebKit/537.36 (KHTML, like Gecko) Chrome/81.0.4044.129 Safari/537.36"
::1 - - [04/May/2020:20:22:59 +0000] "GET /api/info HTTP/1.1" 304 - "http://localhost:3000/" "Mozilla/5.0 (Macintosh; Intel Mac OS X 10_15_2) AppleWebKit/537.36 (KHTML, like Gecko) Chrome/81.0.4044.129 Safari/537.36"
::1 - - [04/May/2020:20:23:38 +0000] "POST /api/auth/checkCookie HTTP/1.1" 401 44 "http://localhost:3000/" "Mozilla/5.0 (Macintosh; Intel Mac OS X 10_15_2) AppleWebKit/537.36 (KHTML, like Gecko) Chrome/81.0.4044.129 Safari/537.36"
::1 - - [04/May/2020:20:23:38 +0000] "GET /api/info HTTP/1.1" 304 - "http://localhost:3000/" "Mozilla/5.0 (Macintosh; Intel Mac OS X 10_15_2) AppleWebKit/537.36 (KHTML, like Gecko) Chrome/81.0.4044.129 Safari/537.36"
::1 - - [04/May/2020:20:24:49 +0000] "GET /api/rationEvent HTTP/1.1" 304 - "http://localhost:3000/map" "Mozilla/5.0 (Macintosh; Intel Mac OS X 10_15_2) AppleWebKit/537.36 (KHTML, like Gecko) Chrome/81.0.4044.129 Safari/537.36"
::1 - - [04/May/2020:20:25:22 +0000] "GET /api/supplier/ HTTP/1.1" 304 - "http://localhost:3000/organisations" "Mozilla/5.0 (Macintosh; Intel Mac OS X 10_15_2) AppleWebKit/537.36 (KHTML, like Gecko) Chrome/81.0.4044.129 Safari/537.36"
::1 - - [04/May/2020:20:28:59 +0000] "POST /api/auth/login HTTP/1.1" 200 13 "http://localhost:3000/about" "Mozilla/5.0 (iPhone; CPU iPhone OS 13_2_3 like Mac OS X) AppleWebKit/605.1.15 (KHTML, like Gecko) Version/13.0.3 Mobile/15E148 Safari/604.1"
::1 - - [04/May/2020:20:28:59 +0000] "GET /api/auth/me HTTP/1.1" 200 6868 "http://localhost:3000/about" "Mozilla/5.0 (iPhone; CPU iPhone OS 13_2_3 like Mac OS X) AppleWebKit/605.1.15 (KHTML, like Gecko) Version/13.0.3 Mobile/15E148 Safari/604.1"
::1 - - [04/May/2020:20:29:35 +0000] "POST /api/auth/checkCookie HTTP/1.1" 200 13 "http://localhost:3000/" "Mozilla/5.0 (iPhone; CPU iPhone OS 13_2_3 like Mac OS X) AppleWebKit/605.1.15 (KHTML, like Gecko) Version/13.0.3 Mobile/15E148 Safari/604.1"
::1 - - [04/May/2020:20:29:36 +0000] "GET /api/auth/me HTTP/1.1" 200 6868 "http://localhost:3000/" "Mozilla/5.0 (iPhone; CPU iPhone OS 13_2_3 like Mac OS X) AppleWebKit/605.1.15 (KHTML, like Gecko) Version/13.0.3 Mobile/15E148 Safari/604.1"
::1 - - [04/May/2020:20:29:38 +0000] "POST /api/auth/checkCookie HTTP/1.1" 200 13 "http://localhost:3000/" "Mozilla/5.0 (iPhone; CPU iPhone OS 13_2_3 like Mac OS X) AppleWebKit/605.1.15 (KHTML, like Gecko) Version/13.0.3 Mobile/15E148 Safari/604.1"
::1 - - [04/May/2020:20:29:38 +0000] "GET /api/auth/me HTTP/1.1" 200 6868 "http://localhost:3000/" "Mozilla/5.0 (iPhone; CPU iPhone OS 13_2_3 like Mac OS X) AppleWebKit/605.1.15 (KHTML, like Gecko) Version/13.0.3 Mobile/15E148 Safari/604.1"
::1 - - [04/May/2020:20:37:28 +0000] "POST /api/auth/checkCookie HTTP/1.1" 401 44 "http://localhost:3000/" "Mozilla/5.0 (Macintosh; Intel Mac OS X 10_15_2) AppleWebKit/537.36 (KHTML, like Gecko) Chrome/81.0.4044.129 Safari/537.36"
::1 - - [04/May/2020:20:37:29 +0000] "GET /api/info HTTP/1.1" 304 - "http://localhost:3000/" "Mozilla/5.0 (Macintosh; Intel Mac OS X 10_15_2) AppleWebKit/537.36 (KHTML, like Gecko) Chrome/81.0.4044.129 Safari/537.36"
::1 - - [04/May/2020:20:38:19 +0000] "POST /api/auth/checkCookie HTTP/1.1" 401 44 "http://localhost:3000/" "Mozilla/5.0 (Macintosh; Intel Mac OS X 10_15_2) AppleWebKit/537.36 (KHTML, like Gecko) Chrome/81.0.4044.129 Safari/537.36"
::1 - - [04/May/2020:20:38:19 +0000] "GET /api/info HTTP/1.1" 304 - "http://localhost:3000/" "Mozilla/5.0 (Macintosh; Intel Mac OS X 10_15_2) AppleWebKit/537.36 (KHTML, like Gecko) Chrome/81.0.4044.129 Safari/537.36"
::1 - - [04/May/2020:20:39:04 +0000] "POST /api/auth/checkCookie HTTP/1.1" 401 44 "http://localhost:3000/" "Mozilla/5.0 (Macintosh; Intel Mac OS X 10_15_2) AppleWebKit/537.36 (KHTML, like Gecko) Chrome/81.0.4044.129 Safari/537.36"
::1 - - [04/May/2020:20:39:05 +0000] "GET /api/info HTTP/1.1" 304 - "http://localhost:3000/" "Mozilla/5.0 (Macintosh; Intel Mac OS X 10_15_2) AppleWebKit/537.36 (KHTML, like Gecko) Chrome/81.0.4044.129 Safari/537.36"
::1 - - [04/May/2020:20:39:11 +0000] "POST /api/auth/login HTTP/1.1" 200 13 "http://localhost:3000/" "Mozilla/5.0 (Macintosh; Intel Mac OS X 10_15_2) AppleWebKit/537.36 (KHTML, like Gecko) Chrome/81.0.4044.129 Safari/537.36"
::1 - - [04/May/2020:20:39:11 +0000] "GET /api/auth/me HTTP/1.1" 304 - "http://localhost:3000/" "Mozilla/5.0 (Macintosh; Intel Mac OS X 10_15_2) AppleWebKit/537.36 (KHTML, like Gecko) Chrome/81.0.4044.129 Safari/537.36"
::1 - - [04/May/2020:20:39:14 +0000] "POST /api/auth/checkCookie HTTP/1.1" 200 13 "http://localhost:3000/" "Mozilla/5.0 (Macintosh; Intel Mac OS X 10_15_2) AppleWebKit/537.36 (KHTML, like Gecko) Chrome/81.0.4044.129 Safari/537.36"
::1 - - [04/May/2020:20:39:14 +0000] "GET /api/info HTTP/1.1" 304 - "http://localhost:3000/" "Mozilla/5.0 (Macintosh; Intel Mac OS X 10_15_2) AppleWebKit/537.36 (KHTML, like Gecko) Chrome/81.0.4044.129 Safari/537.36"
::1 - - [04/May/2020:20:39:16 +0000] "GET /api/auth/me HTTP/1.1" 304 - "http://localhost:3000/" "Mozilla/5.0 (Macintosh; Intel Mac OS X 10_15_2) AppleWebKit/537.36 (KHTML, like Gecko) Chrome/81.0.4044.129 Safari/537.36"
::1 - - [04/May/2020:20:40:44 +0000] "POST /api/auth/checkCookie HTTP/1.1" 401 44 "http://localhost:3000/" "Mozilla/5.0 (Macintosh; Intel Mac OS X 10_15_2) AppleWebKit/537.36 (KHTML, like Gecko) Chrome/81.0.4044.129 Safari/537.36"
::1 - - [04/May/2020:20:40:44 +0000] "GET /api/info HTTP/1.1" 304 - "http://localhost:3000/" "Mozilla/5.0 (Macintosh; Intel Mac OS X 10_15_2) AppleWebKit/537.36 (KHTML, like Gecko) Chrome/81.0.4044.129 Safari/537.36"
::1 - - [04/May/2020:20:40:50 +0000] "POST /api/auth/login HTTP/1.1" 200 13 "http://localhost:3000/" "Mozilla/5.0 (Macintosh; Intel Mac OS X 10_15_2) AppleWebKit/537.36 (KHTML, like Gecko) Chrome/81.0.4044.129 Safari/537.36"
::1 - - [04/May/2020:20:40:50 +0000] "GET /api/auth/me HTTP/1.1" 304 - "http://localhost:3000/" "Mozilla/5.0 (Macintosh; Intel Mac OS X 10_15_2) AppleWebKit/537.36 (KHTML, like Gecko) Chrome/81.0.4044.129 Safari/537.36"
::1 - - [04/May/2020:20:41:34 +0000] "POST /api/auth/checkCookie HTTP/1.1" 200 13 "http://localhost:3000/" "Mozilla/5.0 (Macintosh; Intel Mac OS X 10_15_2) AppleWebKit/537.36 (KHTML, like Gecko) Chrome/81.0.4044.129 Safari/537.36"
::1 - - [04/May/2020:20:41:35 +0000] "GET /api/info HTTP/1.1" 200 8811 "http://localhost:3000/" "Mozilla/5.0 (Macintosh; Intel Mac OS X 10_15_2) AppleWebKit/537.36 (KHTML, like Gecko) Chrome/81.0.4044.129 Safari/537.36"
::1 - - [04/May/2020:20:41:35 +0000] "GET /api/auth/me HTTP/1.1" 200 6868 "http://localhost:3000/" "Mozilla/5.0 (Macintosh; Intel Mac OS X 10_15_2) AppleWebKit/537.36 (KHTML, like Gecko) Chrome/81.0.4044.129 Safari/537.36"
::1 - - [04/May/2020:20:41:36 +0000] "POST /api/auth/logout HTTP/1.1" 200 27 "http://localhost:3000/" "Mozilla/5.0 (Macintosh; Intel Mac OS X 10_15_2) AppleWebKit/537.36 (KHTML, like Gecko) Chrome/81.0.4044.129 Safari/537.36"
::1 - - [04/May/2020:20:42:28 +0000] "POST /api/auth/checkCookie HTTP/1.1" 401 44 "http://localhost:3000/" "Mozilla/5.0 (Macintosh; Intel Mac OS X 10_15_2) AppleWebKit/537.36 (KHTML, like Gecko) Chrome/81.0.4044.129 Safari/537.36"
::1 - - [04/May/2020:20:42:29 +0000] "GET /api/info HTTP/1.1" 200 8811 "http://localhost:3000/" "Mozilla/5.0 (Macintosh; Intel Mac OS X 10_15_2) AppleWebKit/537.36 (KHTML, like Gecko) Chrome/81.0.4044.129 Safari/537.36"
::1 - - [04/May/2020:20:42:40 +0000] "POST /api/auth/checkCookie HTTP/1.1" 401 44 "http://localhost:3000/" "Mozilla/5.0 (Macintosh; Intel Mac OS X 10_15_2) AppleWebKit/537.36 (KHTML, like Gecko) Chrome/81.0.4044.129 Safari/537.36"
::1 - - [04/May/2020:20:42:40 +0000] "GET /api/info HTTP/1.1" 200 8811 "http://localhost:3000/" "Mozilla/5.0 (Macintosh; Intel Mac OS X 10_15_2) AppleWebKit/537.36 (KHTML, like Gecko) Chrome/81.0.4044.129 Safari/537.36"
::1 - - [04/May/2020:20:44:04 +0000] "POST /api/auth/checkCookie HTTP/1.1" 401 44 "http://localhost:3000/" "Mozilla/5.0 (Macintosh; Intel Mac OS X 10_15_2) AppleWebKit/537.36 (KHTML, like Gecko) Chrome/81.0.4044.129 Safari/537.36"
::1 - - [04/May/2020:20:44:05 +0000] "GET /api/info HTTP/1.1" 200 8811 "http://localhost:3000/" "Mozilla/5.0 (Macintosh; Intel Mac OS X 10_15_2) AppleWebKit/537.36 (KHTML, like Gecko) Chrome/81.0.4044.129 Safari/537.36"
::1 - - [04/May/2020:20:44:30 +0000] "POST /api/auth/checkCookie HTTP/1.1" 401 44 "http://localhost:3000/" "Mozilla/5.0 (Macintosh; Intel Mac OS X 10_15_2) AppleWebKit/537.36 (KHTML, like Gecko) Chrome/81.0.4044.129 Safari/537.36"
::1 - - [04/May/2020:20:44:31 +0000] "GET /api/info HTTP/1.1" 200 8811 "http://localhost:3000/" "Mozilla/5.0 (Macintosh; Intel Mac OS X 10_15_2) AppleWebKit/537.36 (KHTML, like Gecko) Chrome/81.0.4044.129 Safari/537.36"
::1 - - [04/May/2020:20:45:31 +0000] "POST /api/auth/checkCookie HTTP/1.1" 401 44 "http://localhost:3000/" "Mozilla/5.0 (Macintosh; Intel Mac OS X 10_15_2) AppleWebKit/537.36 (KHTML, like Gecko) Chrome/81.0.4044.129 Safari/537.36"
::1 - - [04/May/2020:20:45:32 +0000] "GET /api/info HTTP/1.1" 200 8811 "http://localhost:3000/" "Mozilla/5.0 (Macintosh; Intel Mac OS X 10_15_2) AppleWebKit/537.36 (KHTML, like Gecko) Chrome/81.0.4044.129 Safari/537.36"
::1 - - [04/May/2020:20:46:09 +0000] "POST /api/auth/checkCookie HTTP/1.1" 401 44 "http://localhost:3000/" "Mozilla/5.0 (Macintosh; Intel Mac OS X 10_15_2) AppleWebKit/537.36 (KHTML, like Gecko) Chrome/81.0.4044.129 Safari/537.36"
::1 - - [04/May/2020:20:46:10 +0000] "GET /api/info HTTP/1.1" 200 8811 "http://localhost:3000/" "Mozilla/5.0 (Macintosh; Intel Mac OS X 10_15_2) AppleWebKit/537.36 (KHTML, like Gecko) Chrome/81.0.4044.129 Safari/537.36"
::1 - - [04/May/2020:20:46:17 +0000] "POST /api/auth/checkCookie HTTP/1.1" 401 44 "http://localhost:3000/" "Mozilla/5.0 (Macintosh; Intel Mac OS X 10_15_2) AppleWebKit/537.36 (KHTML, like Gecko) Chrome/81.0.4044.129 Safari/537.36"
::1 - - [04/May/2020:20:46:18 +0000] "GET /api/info HTTP/1.1" 200 8811 "http://localhost:3000/" "Mozilla/5.0 (Macintosh; Intel Mac OS X 10_15_2) AppleWebKit/537.36 (KHTML, like Gecko) Chrome/81.0.4044.129 Safari/537.36"
::1 - - [04/May/2020:20:46:31 +0000] "POST /api/auth/login HTTP/1.1" 200 13 "http://localhost:3000/" "Mozilla/5.0 (Macintosh; Intel Mac OS X 10_15_2) AppleWebKit/537.36 (KHTML, like Gecko) Chrome/81.0.4044.129 Safari/537.36"
::1 - - [04/May/2020:20:46:32 +0000] "GET /api/auth/me HTTP/1.1" 200 6868 "http://localhost:3000/" "Mozilla/5.0 (Macintosh; Intel Mac OS X 10_15_2) AppleWebKit/537.36 (KHTML, like Gecko) Chrome/81.0.4044.129 Safari/537.36"
::1 - - [04/May/2020:20:46:38 +0000] "POST /api/auth/checkCookie HTTP/1.1" 200 13 "http://localhost:3000/" "Mozilla/5.0 (Macintosh; Intel Mac OS X 10_15_2) AppleWebKit/537.36 (KHTML, like Gecko) Chrome/81.0.4044.129 Safari/537.36"
::1 - - [04/May/2020:20:46:41 +0000] "GET /api/info HTTP/1.1" 200 8811 "http://localhost:3000/" "Mozilla/5.0 (Macintosh; Intel Mac OS X 10_15_2) AppleWebKit/537.36 (KHTML, like Gecko) Chrome/81.0.4044.129 Safari/537.36"
::1 - - [04/May/2020:20:46:41 +0000] "GET /api/auth/me HTTP/1.1" 200 6868 "http://localhost:3000/" "Mozilla/5.0 (Macintosh; Intel Mac OS X 10_15_2) AppleWebKit/537.36 (KHTML, like Gecko) Chrome/81.0.4044.129 Safari/537.36"
::1 - - [04/May/2020:20:46:43 +0000] "POST /api/auth/logout HTTP/1.1" 200 27 "http://localhost:3000/" "Mozilla/5.0 (Macintosh; Intel Mac OS X 10_15_2) AppleWebKit/537.36 (KHTML, like Gecko) Chrome/81.0.4044.129 Safari/537.36"
::1 - - [04/May/2020:20:46:54 +0000] "POST /api/auth/logout HTTP/1.1" 401 44 "http://localhost:3000/" "Mozilla/5.0 (Macintosh; Intel Mac OS X 10_15_2) AppleWebKit/537.36 (KHTML, like Gecko) Chrome/81.0.4044.129 Safari/537.36"
::1 - - [04/May/2020:20:48:53 +0000] "POST /api/auth/checkCookie HTTP/1.1" 401 44 "http://localhost:3000/" "Mozilla/5.0 (Macintosh; Intel Mac OS X 10_15_2) AppleWebKit/537.36 (KHTML, like Gecko) Chrome/81.0.4044.129 Safari/537.36"
::1 - - [04/May/2020:20:48:53 +0000] "GET /api/info HTTP/1.1" 200 8811 "http://localhost:3000/" "Mozilla/5.0 (Macintosh; Intel Mac OS X 10_15_2) AppleWebKit/537.36 (KHTML, like Gecko) Chrome/81.0.4044.129 Safari/537.36"
::1 - - [04/May/2020:20:49:44 +0000] "POST /api/auth/checkCookie HTTP/1.1" 401 44 "http://localhost:3000/" "Mozilla/5.0 (Macintosh; Intel Mac OS X 10_15_2) AppleWebKit/537.36 (KHTML, like Gecko) Chrome/81.0.4044.129 Safari/537.36"
::1 - - [04/May/2020:20:49:44 +0000] "GET /api/info HTTP/1.1" 200 8811 "http://localhost:3000/" "Mozilla/5.0 (Macintosh; Intel Mac OS X 10_15_2) AppleWebKit/537.36 (KHTML, like Gecko) Chrome/81.0.4044.129 Safari/537.36"
::1 - - [04/May/2020:20:49:56 +0000] "POST /api/auth/checkCookie HTTP/1.1" 401 44 "http://localhost:3000/" "Mozilla/5.0 (Macintosh; Intel Mac OS X 10_15_2) AppleWebKit/537.36 (KHTML, like Gecko) Chrome/81.0.4044.129 Safari/537.36"
::1 - - [04/May/2020:20:49:57 +0000] "GET /api/info HTTP/1.1" 200 8811 "http://localhost:3000/" "Mozilla/5.0 (Macintosh; Intel Mac OS X 10_15_2) AppleWebKit/537.36 (KHTML, like Gecko) Chrome/81.0.4044.129 Safari/537.36"
::1 - - [04/May/2020:20:50:15 +0000] "POST /api/auth/login HTTP/1.1" 200 13 "http://localhost:3000/" "Mozilla/5.0 (Macintosh; Intel Mac OS X 10_15_2) AppleWebKit/537.36 (KHTML, like Gecko) Chrome/81.0.4044.129 Safari/537.36"
::1 - - [04/May/2020:20:50:16 +0000] "GET /api/auth/me HTTP/1.1" 200 6868 "http://localhost:3000/" "Mozilla/5.0 (Macintosh; Intel Mac OS X 10_15_2) AppleWebKit/537.36 (KHTML, like Gecko) Chrome/81.0.4044.129 Safari/537.36"
::1 - - [04/May/2020:20:50:20 +0000] "POST /api/auth/logout HTTP/1.1" 200 14 "http://localhost:3000/" "Mozilla/5.0 (Macintosh; Intel Mac OS X 10_15_2) AppleWebKit/537.36 (KHTML, like Gecko) Chrome/81.0.4044.129 Safari/537.36"
::1 - - [04/May/2020:20:51:18 +0000] "POST /api/auth/checkCookie HTTP/1.1" 401 44 "http://localhost:3000/" "Mozilla/5.0 (Macintosh; Intel Mac OS X 10_15_2) AppleWebKit/537.36 (KHTML, like Gecko) Chrome/81.0.4044.129 Safari/537.36"
::1 - - [04/May/2020:20:51:18 +0000] "GET /api/info HTTP/1.1" 200 8811 "http://localhost:3000/" "Mozilla/5.0 (Macintosh; Intel Mac OS X 10_15_2) AppleWebKit/537.36 (KHTML, like Gecko) Chrome/81.0.4044.129 Safari/537.36"
::1 - - [04/May/2020:20:51:23 +0000] "POST /api/auth/login HTTP/1.1" 200 13 "http://localhost:3000/" "Mozilla/5.0 (Macintosh; Intel Mac OS X 10_15_2) AppleWebKit/537.36 (KHTML, like Gecko) Chrome/81.0.4044.129 Safari/537.36"
::1 - - [04/May/2020:20:51:24 +0000] "GET /api/auth/me HTTP/1.1" 200 6868 "http://localhost:3000/" "Mozilla/5.0 (Macintosh; Intel Mac OS X 10_15_2) AppleWebKit/537.36 (KHTML, like Gecko) Chrome/81.0.4044.129 Safari/537.36"
::1 - - [04/May/2020:20:51:25 +0000] "POST /api/auth/logout HTTP/1.1" 200 14 "http://localhost:3000/" "Mozilla/5.0 (Macintosh; Intel Mac OS X 10_15_2) AppleWebKit/537.36 (KHTML, like Gecko) Chrome/81.0.4044.129 Safari/537.36"
::1 - - [04/May/2020:20:51:53 +0000] "POST /api/auth/checkCookie HTTP/1.1" 401 44 "http://localhost:3000/" "Mozilla/5.0 (Macintosh; Intel Mac OS X 10_15_2) AppleWebKit/537.36 (KHTML, like Gecko) Chrome/81.0.4044.129 Safari/537.36"
::1 - - [04/May/2020:20:51:54 +0000] "GET /api/info HTTP/1.1" 200 8811 "http://localhost:3000/" "Mozilla/5.0 (Macintosh; Intel Mac OS X 10_15_2) AppleWebKit/537.36 (KHTML, like Gecko) Chrome/81.0.4044.129 Safari/537.36"
::1 - - [04/May/2020:20:51:58 +0000] "POST /api/auth/login HTTP/1.1" 200 13 "http://localhost:3000/" "Mozilla/5.0 (Macintosh; Intel Mac OS X 10_15_2) AppleWebKit/537.36 (KHTML, like Gecko) Chrome/81.0.4044.129 Safari/537.36"
::1 - - [04/May/2020:20:51:58 +0000] "GET /api/auth/me HTTP/1.1" 200 6868 "http://localhost:3000/" "Mozilla/5.0 (Macintosh; Intel Mac OS X 10_15_2) AppleWebKit/537.36 (KHTML, like Gecko) Chrome/81.0.4044.129 Safari/537.36"
::1 - - [04/May/2020:20:52:00 +0000] "POST /api/auth/logout HTTP/1.1" 200 14 "http://localhost:3000/" "Mozilla/5.0 (Macintosh; Intel Mac OS X 10_15_2) AppleWebKit/537.36 (KHTML, like Gecko) Chrome/81.0.4044.129 Safari/537.36"
::1 - - [04/May/2020:20:52:25 +0000] "POST /api/auth/checkCookie HTTP/1.1" 401 44 "http://localhost:3000/" "Mozilla/5.0 (Macintosh; Intel Mac OS X 10_15_2) AppleWebKit/537.36 (KHTML, like Gecko) Chrome/81.0.4044.129 Safari/537.36"
::1 - - [04/May/2020:20:52:25 +0000] "GET /api/info HTTP/1.1" 200 8811 "http://localhost:3000/" "Mozilla/5.0 (Macintosh; Intel Mac OS X 10_15_2) AppleWebKit/537.36 (KHTML, like Gecko) Chrome/81.0.4044.129 Safari/537.36"
::1 - - [04/May/2020:20:52:32 +0000] "POST /api/auth/login HTTP/1.1" 200 13 "http://localhost:3000/" "Mozilla/5.0 (Macintosh; Intel Mac OS X 10_15_2) AppleWebKit/537.36 (KHTML, like Gecko) Chrome/81.0.4044.129 Safari/537.36"
::1 - - [04/May/2020:20:52:32 +0000] "GET /api/auth/me HTTP/1.1" 200 6868 "http://localhost:3000/" "Mozilla/5.0 (Macintosh; Intel Mac OS X 10_15_2) AppleWebKit/537.36 (KHTML, like Gecko) Chrome/81.0.4044.129 Safari/537.36"
::1 - - [04/May/2020:20:52:33 +0000] "POST /api/auth/logout HTTP/1.1" 200 14 "http://localhost:3000/" "Mozilla/5.0 (Macintosh; Intel Mac OS X 10_15_2) AppleWebKit/537.36 (KHTML, like Gecko) Chrome/81.0.4044.129 Safari/537.36"
::1 - - [04/May/2020:20:53:26 +0000] "POST /api/auth/checkCookie HTTP/1.1" 401 44 "http://localhost:3000/" "Mozilla/5.0 (Macintosh; Intel Mac OS X 10_15_2) AppleWebKit/537.36 (KHTML, like Gecko) Chrome/81.0.4044.129 Safari/537.36"
::1 - - [04/May/2020:20:53:27 +0000] "GET /api/info HTTP/1.1" 200 8811 "http://localhost:3000/" "Mozilla/5.0 (Macintosh; Intel Mac OS X 10_15_2) AppleWebKit/537.36 (KHTML, like Gecko) Chrome/81.0.4044.129 Safari/537.36"
::1 - - [04/May/2020:20:53:31 +0000] "POST /api/auth/checkCookie HTTP/1.1" 401 44 "http://localhost:3000/" "Mozilla/5.0 (Macintosh; Intel Mac OS X 10_15_2) AppleWebKit/537.36 (KHTML, like Gecko) Chrome/81.0.4044.129 Safari/537.36"
::1 - - [04/May/2020:20:53:31 +0000] "GET /api/info HTTP/1.1" 200 8811 "http://localhost:3000/" "Mozilla/5.0 (Macintosh; Intel Mac OS X 10_15_2) AppleWebKit/537.36 (KHTML, like Gecko) Chrome/81.0.4044.129 Safari/537.36"
::1 - - [04/May/2020:20:53:48 +0000] "POST /api/auth/checkCookie HTTP/1.1" 401 44 "http://localhost:3000/" "Mozilla/5.0 (Macintosh; Intel Mac OS X 10_15_2) AppleWebKit/537.36 (KHTML, like Gecko) Chrome/81.0.4044.129 Safari/537.36"
::1 - - [04/May/2020:20:53:48 +0000] "GET /api/info HTTP/1.1" 200 8811 "http://localhost:3000/" "Mozilla/5.0 (Macintosh; Intel Mac OS X 10_15_2) AppleWebKit/537.36 (KHTML, like Gecko) Chrome/81.0.4044.129 Safari/537.36"
::1 - - [04/May/2020:20:53:53 +0000] "POST /api/auth/login HTTP/1.1" 200 13 "http://localhost:3000/" "Mozilla/5.0 (Macintosh; Intel Mac OS X 10_15_2) AppleWebKit/537.36 (KHTML, like Gecko) Chrome/81.0.4044.129 Safari/537.36"
::1 - - [04/May/2020:20:53:54 +0000] "GET /api/auth/me HTTP/1.1" 200 6868 "http://localhost:3000/" "Mozilla/5.0 (Macintosh; Intel Mac OS X 10_15_2) AppleWebKit/537.36 (KHTML, like Gecko) Chrome/81.0.4044.129 Safari/537.36"
::1 - - [04/May/2020:20:53:59 +0000] "POST /api/auth/logout HTTP/1.1" 200 14 "http://localhost:3000/" "Mozilla/5.0 (Macintosh; Intel Mac OS X 10_15_2) AppleWebKit/537.36 (KHTML, like Gecko) Chrome/81.0.4044.129 Safari/537.36"
::1 - - [04/May/2020:20:54:17 +0000] "POST /api/auth/login HTTP/1.1" 200 13 "http://localhost:3000/" "Mozilla/5.0 (Macintosh; Intel Mac OS X 10_15_2) AppleWebKit/537.36 (KHTML, like Gecko) Chrome/81.0.4044.129 Safari/537.36"
::1 - - [04/May/2020:20:54:18 +0000] "GET /api/auth/me HTTP/1.1" 200 6868 "http://localhost:3000/" "Mozilla/5.0 (Macintosh; Intel Mac OS X 10_15_2) AppleWebKit/537.36 (KHTML, like Gecko) Chrome/81.0.4044.129 Safari/537.36"
::1 - - [04/May/2020:20:54:22 +0000] "POST /api/auth/checkCookie HTTP/1.1" 200 13 "http://localhost:3000/" "Mozilla/5.0 (Macintosh; Intel Mac OS X 10_15_2) AppleWebKit/537.36 (KHTML, like Gecko) Chrome/81.0.4044.129 Safari/537.36"
::1 - - [04/May/2020:20:54:22 +0000] "GET /api/info HTTP/1.1" 200 8811 "http://localhost:3000/" "Mozilla/5.0 (Macintosh; Intel Mac OS X 10_15_2) AppleWebKit/537.36 (KHTML, like Gecko) Chrome/81.0.4044.129 Safari/537.36"
::1 - - [04/May/2020:20:54:28 +0000] "POST /api/auth/checkCookie HTTP/1.1" 200 13 "http://localhost:3000/" "Mozilla/5.0 (Macintosh; Intel Mac OS X 10_15_2) AppleWebKit/537.36 (KHTML, like Gecko) Chrome/81.0.4044.129 Safari/537.36"
::1 - - [04/May/2020:20:54:32 +0000] "POST /api/auth/checkCookie HTTP/1.1" 200 13 "http://localhost:3000/" "Mozilla/5.0 (Macintosh; Intel Mac OS X 10_15_2) AppleWebKit/537.36 (KHTML, like Gecko) Chrome/81.0.4044.129 Safari/537.36"
::1 - - [04/May/2020:20:54:32 +0000] "GET /api/info HTTP/1.1" 200 8811 "http://localhost:3000/" "Mozilla/5.0 (Macintosh; Intel Mac OS X 10_15_2) AppleWebKit/537.36 (KHTML, like Gecko) Chrome/81.0.4044.129 Safari/537.36"
::1 - - [04/May/2020:20:54:33 +0000] "GET /api/info HTTP/1.1" 304 - "http://localhost:3000/" "Mozilla/5.0 (Macintosh; Intel Mac OS X 10_15_2) AppleWebKit/537.36 (KHTML, like Gecko) Chrome/81.0.4044.129 Safari/537.36"
::1 - - [04/May/2020:20:54:34 +0000] "GET /api/auth/me HTTP/1.1" 304 - "http://localhost:3000/" "Mozilla/5.0 (Macintosh; Intel Mac OS X 10_15_2) AppleWebKit/537.36 (KHTML, like Gecko) Chrome/81.0.4044.129 Safari/537.36"
::1 - - [04/May/2020:20:54:38 +0000] "GET /api/auth/me HTTP/1.1" 200 6868 "http://localhost:3000/" "Mozilla/5.0 (Macintosh; Intel Mac OS X 10_15_2) AppleWebKit/537.36 (KHTML, like Gecko) Chrome/81.0.4044.129 Safari/537.36"
::1 - - [04/May/2020:20:54:39 +0000] "POST /api/auth/logout HTTP/1.1" 200 14 "http://localhost:3000/" "Mozilla/5.0 (Macintosh; Intel Mac OS X 10_15_2) AppleWebKit/537.36 (KHTML, like Gecko) Chrome/81.0.4044.129 Safari/537.36"
